2024-03-07 13:46:10.378 | INFO     | __main__:main:194 - Directory where outputs will be saved: C://Users//rafaelo//OneDrive - NTNU//Documents//Projects//preprocessing//preprocessing//preprocessing\reports\PipelineRun_2024_03_07-01_46_10_PM
2024-03-07 13:46:10.380 | WARNING  | __main__:run_PreProcessor:68 - Note: It is important that numerical columns are pre-processed first, before categorical ones. This is to avoid OneHotEncoded columns (binary 0 and 1) to be seen as numerical during numerical pre-processing.
2024-03-07 13:46:10.383 | INFO     | preprocessing:NA_solver:163 - Running NaN solver
2024-03-07 13:49:02.009 | INFO     | preprocessing:encoders:38 - Pre-processing numerical columns
2024-03-07 13:49:02.009 | INFO     | preprocessing:encoders:110 - Column patient_id will now start being processed using MinMaxScaler
2024-03-07 13:49:02.033 | INFO     | preprocessing:encoders:110 - Column age_at_diagnosis will now start being processed using MinMaxScaler
2024-03-07 13:49:02.033 | INFO     | preprocessing:encoders:110 - Column type_of_breast_surgery will now start being processed using MinMaxScaler
2024-03-07 13:49:02.042 | INFO     | preprocessing:encoders:110 - Column cancer_type will now start being processed using MinMaxScaler
2024-03-07 13:49:02.047 | INFO     | preprocessing:encoders:110 - Column cancer_type_detailed will now start being processed using MinMaxScaler
2024-03-07 13:49:02.052 | INFO     | preprocessing:encoders:110 - Column cellularity will now start being processed using MinMaxScaler
2024-03-07 13:49:02.053 | INFO     | preprocessing:encoders:110 - Column chemotherapy will now start being processed using MinMaxScaler
2024-03-07 13:49:02.061 | INFO     | preprocessing:encoders:110 - Column pam50_+_claudin-low_subtype will now start being processed using MinMaxScaler
2024-03-07 13:49:02.066 | INFO     | preprocessing:encoders:110 - Column cohort will now start being processed using MinMaxScaler
2024-03-07 13:49:02.072 | INFO     | preprocessing:encoders:110 - Column er_status_measured_by_ihc will now start being processed using MinMaxScaler
2024-03-07 13:49:02.074 | INFO     | preprocessing:encoders:110 - Column er_status will now start being processed using MinMaxScaler
2024-03-07 13:49:02.081 | INFO     | preprocessing:encoders:110 - Column neoplasm_histologic_grade will now start being processed using MinMaxScaler
2024-03-07 13:49:02.086 | INFO     | preprocessing:encoders:110 - Column her2_status_measured_by_snp6 will now start being processed using MinMaxScaler
2024-03-07 13:49:02.089 | INFO     | preprocessing:encoders:110 - Column her2_status will now start being processed using MinMaxScaler
2024-03-07 13:49:02.095 | INFO     | preprocessing:encoders:110 - Column tumor_other_histologic_subtype will now start being processed using MinMaxScaler
2024-03-07 13:49:02.101 | INFO     | preprocessing:encoders:110 - Column hormone_therapy will now start being processed using MinMaxScaler
2024-03-07 13:49:02.104 | INFO     | preprocessing:encoders:110 - Column inferred_menopausal_state will now start being processed using MinMaxScaler
2024-03-07 13:49:02.111 | INFO     | preprocessing:encoders:110 - Column integrative_cluster will now start being processed using MinMaxScaler
2024-03-07 13:49:02.117 | INFO     | preprocessing:encoders:110 - Column primary_tumor_laterality will now start being processed using MinMaxScaler
2024-03-07 13:49:02.121 | INFO     | preprocessing:encoders:110 - Column lymph_nodes_examined_positive will now start being processed using MinMaxScaler
2024-03-07 13:49:02.127 | INFO     | preprocessing:encoders:110 - Column mutation_count will now start being processed using MinMaxScaler
2024-03-07 13:49:02.133 | INFO     | preprocessing:encoders:110 - Column nottingham_prognostic_index will now start being processed using MinMaxScaler
2024-03-07 13:49:02.138 | INFO     | preprocessing:encoders:110 - Column oncotree_code will now start being processed using MinMaxScaler
2024-03-07 13:49:02.141 | INFO     | preprocessing:encoders:110 - Column overall_survival_months will now start being processed using MinMaxScaler
2024-03-07 13:49:02.149 | INFO     | preprocessing:encoders:110 - Column overall_survival will now start being processed using MinMaxScaler
2024-03-07 13:49:02.154 | INFO     | preprocessing:encoders:110 - Column pr_status will now start being processed using MinMaxScaler
2024-03-07 13:49:02.155 | INFO     | preprocessing:encoders:110 - Column radio_therapy will now start being processed using MinMaxScaler
2024-03-07 13:49:02.164 | INFO     | preprocessing:encoders:110 - Column 3-gene_classifier_subtype will now start being processed using MinMaxScaler
2024-03-07 13:49:02.169 | INFO     | preprocessing:encoders:110 - Column tumor_size will now start being processed using MinMaxScaler
2024-03-07 13:49:02.173 | INFO     | preprocessing:encoders:110 - Column tumor_stage will now start being processed using MinMaxScaler
2024-03-07 13:49:02.178 | INFO     | preprocessing:encoders:110 - Column death_from_cancer will now start being processed using MinMaxScaler
2024-03-07 13:49:02.184 | INFO     | preprocessing:encoders:110 - Column brca1 will now start being processed using MinMaxScaler
2024-03-07 13:49:02.188 | INFO     | preprocessing:encoders:110 - Column brca2 will now start being processed using MinMaxScaler
2024-03-07 13:49:02.188 | INFO     | preprocessing:encoders:110 - Column palb2 will now start being processed using MinMaxScaler
2024-03-07 13:49:02.197 | INFO     | preprocessing:encoders:110 - Column pten will now start being processed using MinMaxScaler
2024-03-07 13:49:02.202 | INFO     | preprocessing:encoders:110 - Column tp53 will now start being processed using MinMaxScaler
2024-03-07 13:49:02.206 | INFO     | preprocessing:encoders:110 - Column atm will now start being processed using MinMaxScaler
2024-03-07 13:49:02.207 | INFO     | preprocessing:encoders:110 - Column cdh1 will now start being processed using MinMaxScaler
2024-03-07 13:49:02.214 | INFO     | preprocessing:encoders:110 - Column chek2 will now start being processed using MinMaxScaler
2024-03-07 13:49:02.219 | INFO     | preprocessing:encoders:110 - Column nbn will now start being processed using MinMaxScaler
2024-03-07 13:49:02.221 | INFO     | preprocessing:encoders:110 - Column nf1 will now start being processed using MinMaxScaler
2024-03-07 13:49:02.228 | INFO     | preprocessing:encoders:110 - Column stk11 will now start being processed using MinMaxScaler
2024-03-07 13:49:02.233 | INFO     | preprocessing:encoders:110 - Column bard1 will now start being processed using MinMaxScaler
2024-03-07 13:49:02.233 | INFO     | preprocessing:encoders:110 - Column mlh1 will now start being processed using MinMaxScaler
2024-03-07 13:49:02.242 | INFO     | preprocessing:encoders:110 - Column msh2 will now start being processed using MinMaxScaler
2024-03-07 13:49:02.246 | INFO     | preprocessing:encoders:110 - Column msh6 will now start being processed using MinMaxScaler
2024-03-07 13:49:02.251 | INFO     | preprocessing:encoders:110 - Column pms2 will now start being processed using MinMaxScaler
2024-03-07 13:49:02.254 | INFO     | preprocessing:encoders:110 - Column epcam will now start being processed using MinMaxScaler
2024-03-07 13:49:02.259 | INFO     | preprocessing:encoders:110 - Column rad51c will now start being processed using MinMaxScaler
2024-03-07 13:49:02.263 | INFO     | preprocessing:encoders:110 - Column rad51d will now start being processed using MinMaxScaler
2024-03-07 13:49:02.268 | INFO     | preprocessing:encoders:110 - Column rad50 will now start being processed using MinMaxScaler
2024-03-07 13:49:02.270 | INFO     | preprocessing:encoders:110 - Column rb1 will now start being processed using MinMaxScaler
2024-03-07 13:49:02.270 | INFO     | preprocessing:encoders:110 - Column rbl1 will now start being processed using MinMaxScaler
2024-03-07 13:49:02.282 | INFO     | preprocessing:encoders:110 - Column rbl2 will now start being processed using MinMaxScaler
2024-03-07 13:49:02.284 | INFO     | preprocessing:encoders:110 - Column ccna1 will now start being processed using MinMaxScaler
2024-03-07 13:49:02.291 | INFO     | preprocessing:encoders:110 - Column ccnb1 will now start being processed using MinMaxScaler
2024-03-07 13:49:02.296 | INFO     | preprocessing:encoders:110 - Column cdk1 will now start being processed using MinMaxScaler
2024-03-07 13:49:02.301 | INFO     | preprocessing:encoders:110 - Column ccne1 will now start being processed using MinMaxScaler
2024-03-07 13:49:02.304 | INFO     | preprocessing:encoders:110 - Column cdk2 will now start being processed using MinMaxScaler
2024-03-07 13:49:02.309 | INFO     | preprocessing:encoders:110 - Column cdc25a will now start being processed using MinMaxScaler
2024-03-07 13:49:02.314 | INFO     | preprocessing:encoders:110 - Column ccnd1 will now start being processed using MinMaxScaler
2024-03-07 13:49:02.321 | INFO     | preprocessing:encoders:110 - Column cdk4 will now start being processed using MinMaxScaler
2024-03-07 13:49:02.325 | INFO     | preprocessing:encoders:110 - Column cdk6 will now start being processed using MinMaxScaler
2024-03-07 13:49:02.330 | INFO     | preprocessing:encoders:110 - Column ccnd2 will now start being processed using MinMaxScaler
2024-03-07 13:49:02.335 | INFO     | preprocessing:encoders:110 - Column cdkn2a will now start being processed using MinMaxScaler
2024-03-07 13:49:02.337 | INFO     | preprocessing:encoders:110 - Column cdkn2b will now start being processed using MinMaxScaler
2024-03-07 13:49:02.337 | INFO     | preprocessing:encoders:110 - Column myc will now start being processed using MinMaxScaler
2024-03-07 13:49:02.348 | INFO     | preprocessing:encoders:110 - Column cdkn1a will now start being processed using MinMaxScaler
2024-03-07 13:49:02.353 | INFO     | preprocessing:encoders:110 - Column cdkn1b will now start being processed using MinMaxScaler
2024-03-07 13:49:02.355 | INFO     | preprocessing:encoders:110 - Column e2f1 will now start being processed using MinMaxScaler
2024-03-07 13:49:02.362 | INFO     | preprocessing:encoders:110 - Column e2f2 will now start being processed using MinMaxScaler
2024-03-07 13:49:02.366 | INFO     | preprocessing:encoders:110 - Column e2f3 will now start being processed using MinMaxScaler
2024-03-07 13:49:02.371 | INFO     | preprocessing:encoders:110 - Column e2f4 will now start being processed using MinMaxScaler
2024-03-07 13:49:02.375 | INFO     | preprocessing:encoders:110 - Column e2f5 will now start being processed using MinMaxScaler
2024-03-07 13:49:02.380 | INFO     | preprocessing:encoders:110 - Column e2f6 will now start being processed using MinMaxScaler
2024-03-07 13:49:02.384 | INFO     | preprocessing:encoders:110 - Column e2f7 will now start being processed using MinMaxScaler
2024-03-07 13:49:02.387 | INFO     | preprocessing:encoders:110 - Column e2f8 will now start being processed using MinMaxScaler
2024-03-07 13:49:02.393 | INFO     | preprocessing:encoders:110 - Column src will now start being processed using MinMaxScaler
2024-03-07 13:49:02.398 | INFO     | preprocessing:encoders:110 - Column jak1 will now start being processed using MinMaxScaler
2024-03-07 13:49:02.399 | INFO     | preprocessing:encoders:110 - Column jak2 will now start being processed using MinMaxScaler
2024-03-07 13:49:02.406 | INFO     | preprocessing:encoders:110 - Column stat1 will now start being processed using MinMaxScaler
2024-03-07 13:49:02.408 | INFO     | preprocessing:encoders:110 - Column stat2 will now start being processed using MinMaxScaler
2024-03-07 13:49:02.415 | INFO     | preprocessing:encoders:110 - Column stat3 will now start being processed using MinMaxScaler
2024-03-07 13:49:02.420 | INFO     | preprocessing:encoders:110 - Column stat5a will now start being processed using MinMaxScaler
2024-03-07 13:49:02.421 | INFO     | preprocessing:encoders:110 - Column stat5b will now start being processed using MinMaxScaler
2024-03-07 13:49:02.428 | INFO     | preprocessing:encoders:110 - Column mdm2 will now start being processed using MinMaxScaler
2024-03-07 13:49:02.433 | INFO     | preprocessing:encoders:110 - Column tp53bp1 will now start being processed using MinMaxScaler
2024-03-07 13:49:02.437 | INFO     | preprocessing:encoders:110 - Column adam10 will now start being processed using MinMaxScaler
2024-03-07 13:49:02.442 | INFO     | preprocessing:encoders:110 - Column adam17 will now start being processed using MinMaxScaler
2024-03-07 13:49:02.446 | INFO     | preprocessing:encoders:110 - Column aph1a will now start being processed using MinMaxScaler
2024-03-07 13:49:02.451 | INFO     | preprocessing:encoders:110 - Column aph1b will now start being processed using MinMaxScaler
2024-03-07 13:49:02.455 | INFO     | preprocessing:encoders:110 - Column arrdc1 will now start being processed using MinMaxScaler
2024-03-07 13:49:02.460 | INFO     | preprocessing:encoders:110 - Column cir1 will now start being processed using MinMaxScaler
2024-03-07 13:49:02.465 | INFO     | preprocessing:encoders:110 - Column ctbp1 will now start being processed using MinMaxScaler
2024-03-07 13:49:02.466 | INFO     | preprocessing:encoders:110 - Column ctbp2 will now start being processed using MinMaxScaler
2024-03-07 13:49:02.474 | INFO     | preprocessing:encoders:110 - Column cul1 will now start being processed using MinMaxScaler
2024-03-07 13:49:02.479 | INFO     | preprocessing:encoders:110 - Column dll1 will now start being processed using MinMaxScaler
2024-03-07 13:49:02.484 | INFO     | preprocessing:encoders:110 - Column dll3 will now start being processed using MinMaxScaler
2024-03-07 13:49:02.487 | INFO     | preprocessing:encoders:110 - Column dll4 will now start being processed using MinMaxScaler
2024-03-07 13:49:02.492 | INFO     | preprocessing:encoders:110 - Column dtx1 will now start being processed using MinMaxScaler
2024-03-07 13:49:02.496 | INFO     | preprocessing:encoders:110 - Column dtx2 will now start being processed using MinMaxScaler
2024-03-07 13:49:02.501 | INFO     | preprocessing:encoders:110 - Column dtx3 will now start being processed using MinMaxScaler
2024-03-07 13:49:02.505 | INFO     | preprocessing:encoders:110 - Column dtx4 will now start being processed using MinMaxScaler
2024-03-07 13:49:02.510 | INFO     | preprocessing:encoders:110 - Column ep300 will now start being processed using MinMaxScaler
2024-03-07 13:49:02.515 | INFO     | preprocessing:encoders:110 - Column fbxw7 will now start being processed using MinMaxScaler
2024-03-07 13:49:02.515 | INFO     | preprocessing:encoders:110 - Column hdac1 will now start being processed using MinMaxScaler
2024-03-07 13:49:02.524 | INFO     | preprocessing:encoders:110 - Column hdac2 will now start being processed using MinMaxScaler
2024-03-07 13:49:02.528 | INFO     | preprocessing:encoders:110 - Column hes1 will now start being processed using MinMaxScaler
2024-03-07 13:49:02.532 | INFO     | preprocessing:encoders:110 - Column hes5 will now start being processed using MinMaxScaler
2024-03-07 13:49:02.532 | INFO     | preprocessing:encoders:110 - Column heyl will now start being processed using MinMaxScaler
2024-03-07 13:49:02.541 | INFO     | preprocessing:encoders:110 - Column itch will now start being processed using MinMaxScaler
2024-03-07 13:49:02.545 | INFO     | preprocessing:encoders:110 - Column jag1 will now start being processed using MinMaxScaler
2024-03-07 13:49:02.550 | INFO     | preprocessing:encoders:110 - Column jag2 will now start being processed using MinMaxScaler
2024-03-07 13:49:02.553 | INFO     | preprocessing:encoders:110 - Column kdm5a will now start being processed using MinMaxScaler
2024-03-07 13:49:02.553 | INFO     | preprocessing:encoders:110 - Column lfng will now start being processed using MinMaxScaler
2024-03-07 13:49:02.563 | INFO     | preprocessing:encoders:110 - Column maml1 will now start being processed using MinMaxScaler
2024-03-07 13:49:02.565 | INFO     | preprocessing:encoders:110 - Column maml2 will now start being processed using MinMaxScaler
2024-03-07 13:49:02.572 | INFO     | preprocessing:encoders:110 - Column maml3 will now start being processed using MinMaxScaler
2024-03-07 13:49:02.575 | INFO     | preprocessing:encoders:110 - Column ncor2 will now start being processed using MinMaxScaler
2024-03-07 13:49:02.582 | INFO     | preprocessing:encoders:110 - Column ncstn will now start being processed using MinMaxScaler
2024-03-07 13:49:02.583 | INFO     | preprocessing:encoders:110 - Column notch1 will now start being processed using MinMaxScaler
2024-03-07 13:49:02.583 | INFO     | preprocessing:encoders:110 - Column notch2 will now start being processed using MinMaxScaler
2024-03-07 13:49:02.595 | INFO     | preprocessing:encoders:110 - Column notch3 will now start being processed using MinMaxScaler
2024-03-07 13:49:02.601 | INFO     | preprocessing:encoders:110 - Column nrarp will now start being processed using MinMaxScaler
2024-03-07 13:49:02.604 | INFO     | preprocessing:encoders:110 - Column numb will now start being processed using MinMaxScaler
2024-03-07 13:49:02.610 | INFO     | preprocessing:encoders:110 - Column numbl will now start being processed using MinMaxScaler
2024-03-07 13:49:02.615 | INFO     | preprocessing:encoders:110 - Column psen1 will now start being processed using MinMaxScaler
2024-03-07 13:49:02.620 | INFO     | preprocessing:encoders:110 - Column psen2 will now start being processed using MinMaxScaler
2024-03-07 13:49:02.621 | INFO     | preprocessing:encoders:110 - Column psenen will now start being processed using MinMaxScaler
2024-03-07 13:49:02.629 | INFO     | preprocessing:encoders:110 - Column rbpj will now start being processed using MinMaxScaler
2024-03-07 13:49:02.634 | INFO     | preprocessing:encoders:110 - Column rbpjl will now start being processed using MinMaxScaler
2024-03-07 13:49:02.638 | INFO     | preprocessing:encoders:110 - Column rfng will now start being processed using MinMaxScaler
2024-03-07 13:49:02.642 | INFO     | preprocessing:encoders:110 - Column snw1 will now start being processed using MinMaxScaler
2024-03-07 13:49:02.647 | INFO     | preprocessing:encoders:110 - Column spen will now start being processed using MinMaxScaler
2024-03-07 13:49:02.649 | INFO     | preprocessing:encoders:110 - Column hes2 will now start being processed using MinMaxScaler
2024-03-07 13:49:02.657 | INFO     | preprocessing:encoders:110 - Column hes4 will now start being processed using MinMaxScaler
2024-03-07 13:49:02.662 | INFO     | preprocessing:encoders:110 - Column hes7 will now start being processed using MinMaxScaler
2024-03-07 13:49:02.668 | INFO     | preprocessing:encoders:110 - Column hey1 will now start being processed using MinMaxScaler
2024-03-07 13:49:02.671 | INFO     | preprocessing:encoders:110 - Column hey2 will now start being processed using MinMaxScaler
2024-03-07 13:49:02.671 | INFO     | preprocessing:encoders:110 - Column acvr1 will now start being processed using MinMaxScaler
2024-03-07 13:49:02.683 | INFO     | preprocessing:encoders:110 - Column acvr1b will now start being processed using MinMaxScaler
2024-03-07 13:49:02.688 | INFO     | preprocessing:encoders:110 - Column acvr1c will now start being processed using MinMaxScaler
2024-03-07 13:49:02.688 | INFO     | preprocessing:encoders:110 - Column acvr2a will now start being processed using MinMaxScaler
2024-03-07 13:49:02.697 | INFO     | preprocessing:encoders:110 - Column acvr2b will now start being processed using MinMaxScaler
2024-03-07 13:49:02.703 | INFO     | preprocessing:encoders:110 - Column acvrl1 will now start being processed using MinMaxScaler
2024-03-07 13:49:02.704 | INFO     | preprocessing:encoders:110 - Column akt1 will now start being processed using MinMaxScaler
2024-03-07 13:49:02.712 | INFO     | preprocessing:encoders:110 - Column akt1s1 will now start being processed using MinMaxScaler
2024-03-07 13:49:02.717 | INFO     | preprocessing:encoders:110 - Column akt2 will now start being processed using MinMaxScaler
2024-03-07 13:49:02.722 | INFO     | preprocessing:encoders:110 - Column apaf1 will now start being processed using MinMaxScaler
2024-03-07 13:49:02.723 | INFO     | preprocessing:encoders:110 - Column arl11 will now start being processed using MinMaxScaler
2024-03-07 13:49:02.730 | INFO     | preprocessing:encoders:110 - Column atr will now start being processed using MinMaxScaler
2024-03-07 13:49:02.735 | INFO     | preprocessing:encoders:110 - Column aurka will now start being processed using MinMaxScaler
2024-03-07 13:49:02.738 | INFO     | preprocessing:encoders:110 - Column bad will now start being processed using MinMaxScaler
2024-03-07 13:49:02.744 | INFO     | preprocessing:encoders:110 - Column bcl2 will now start being processed using MinMaxScaler
2024-03-07 13:49:02.749 | INFO     | preprocessing:encoders:110 - Column bcl2l1 will now start being processed using MinMaxScaler
2024-03-07 13:49:02.754 | INFO     | preprocessing:encoders:110 - Column bmp10 will now start being processed using MinMaxScaler
2024-03-07 13:49:02.757 | INFO     | preprocessing:encoders:110 - Column bmp15 will now start being processed using MinMaxScaler
2024-03-07 13:49:02.762 | INFO     | preprocessing:encoders:110 - Column bmp2 will now start being processed using MinMaxScaler
2024-03-07 13:49:02.766 | INFO     | preprocessing:encoders:110 - Column bmp3 will now start being processed using MinMaxScaler
2024-03-07 13:49:02.766 | INFO     | preprocessing:encoders:110 - Column bmp4 will now start being processed using MinMaxScaler
2024-03-07 13:49:02.786 | INFO     | preprocessing:encoders:110 - Column bmp5 will now start being processed using MinMaxScaler
2024-03-07 13:49:02.786 | INFO     | preprocessing:encoders:110 - Column bmp6 will now start being processed using MinMaxScaler
2024-03-07 13:49:02.798 | INFO     | preprocessing:encoders:110 - Column bmp7 will now start being processed using MinMaxScaler
2024-03-07 13:49:02.803 | INFO     | preprocessing:encoders:110 - Column bmpr1a will now start being processed using MinMaxScaler
2024-03-07 13:49:02.804 | INFO     | preprocessing:encoders:110 - Column bmpr1b will now start being processed using MinMaxScaler
2024-03-07 13:49:02.812 | INFO     | preprocessing:encoders:110 - Column bmpr2 will now start being processed using MinMaxScaler
2024-03-07 13:49:02.817 | INFO     | preprocessing:encoders:110 - Column braf will now start being processed using MinMaxScaler
2024-03-07 13:49:02.821 | INFO     | preprocessing:encoders:110 - Column casp10 will now start being processed using MinMaxScaler
2024-03-07 13:49:02.825 | INFO     | preprocessing:encoders:110 - Column casp3 will now start being processed using MinMaxScaler
2024-03-07 13:49:02.829 | INFO     | preprocessing:encoders:110 - Column casp6 will now start being processed using MinMaxScaler
2024-03-07 13:49:02.834 | INFO     | preprocessing:encoders:110 - Column casp7 will now start being processed using MinMaxScaler
2024-03-07 13:49:02.837 | INFO     | preprocessing:encoders:110 - Column casp8 will now start being processed using MinMaxScaler
2024-03-07 13:49:02.837 | INFO     | preprocessing:encoders:110 - Column casp9 will now start being processed using MinMaxScaler
2024-03-07 13:49:02.847 | INFO     | preprocessing:encoders:110 - Column chek1 will now start being processed using MinMaxScaler
2024-03-07 13:49:02.849 | INFO     | preprocessing:encoders:110 - Column csf1 will now start being processed using MinMaxScaler
2024-03-07 13:49:02.856 | INFO     | preprocessing:encoders:110 - Column csf1r will now start being processed using MinMaxScaler
2024-03-07 13:49:02.859 | INFO     | preprocessing:encoders:110 - Column cxcl8 will now start being processed using MinMaxScaler
2024-03-07 13:49:02.865 | INFO     | preprocessing:encoders:110 - Column cxcr1 will now start being processed using MinMaxScaler
2024-03-07 13:49:02.869 | INFO     | preprocessing:encoders:110 - Column cxcr2 will now start being processed using MinMaxScaler
2024-03-07 13:49:02.874 | INFO     | preprocessing:encoders:110 - Column dab2 will now start being processed using MinMaxScaler
2024-03-07 13:49:02.878 | INFO     | preprocessing:encoders:110 - Column diras3 will now start being processed using MinMaxScaler
2024-03-07 13:49:02.882 | INFO     | preprocessing:encoders:110 - Column dlec1 will now start being processed using MinMaxScaler
2024-03-07 13:49:02.886 | INFO     | preprocessing:encoders:110 - Column dph1 will now start being processed using MinMaxScaler
2024-03-07 13:49:02.891 | INFO     | preprocessing:encoders:110 - Column egfr will now start being processed using MinMaxScaler
2024-03-07 13:49:02.896 | INFO     | preprocessing:encoders:110 - Column eif4e will now start being processed using MinMaxScaler
2024-03-07 13:49:02.900 | INFO     | preprocessing:encoders:110 - Column eif4ebp1 will now start being processed using MinMaxScaler
2024-03-07 13:49:02.903 | INFO     | preprocessing:encoders:110 - Column eif5a2 will now start being processed using MinMaxScaler
2024-03-07 13:49:02.903 | INFO     | preprocessing:encoders:110 - Column erbb2 will now start being processed using MinMaxScaler
2024-03-07 13:49:02.913 | INFO     | preprocessing:encoders:110 - Column erbb3 will now start being processed using MinMaxScaler
2024-03-07 13:49:02.915 | INFO     | preprocessing:encoders:110 - Column erbb4 will now start being processed using MinMaxScaler
2024-03-07 13:49:02.915 | INFO     | preprocessing:encoders:110 - Column fas will now start being processed using MinMaxScaler
2024-03-07 13:49:02.926 | INFO     | preprocessing:encoders:110 - Column fgf1 will now start being processed using MinMaxScaler
2024-03-07 13:49:02.930 | INFO     | preprocessing:encoders:110 - Column fgfr1 will now start being processed using MinMaxScaler
2024-03-07 13:49:02.932 | INFO     | preprocessing:encoders:110 - Column folr1 will now start being processed using MinMaxScaler
2024-03-07 13:49:02.932 | INFO     | preprocessing:encoders:110 - Column folr2 will now start being processed using MinMaxScaler
2024-03-07 13:49:02.943 | INFO     | preprocessing:encoders:110 - Column folr3 will now start being processed using MinMaxScaler
2024-03-07 13:49:02.948 | INFO     | preprocessing:encoders:110 - Column foxo1 will now start being processed using MinMaxScaler
2024-03-07 13:49:02.949 | INFO     | preprocessing:encoders:110 - Column foxo3 will now start being processed using MinMaxScaler
2024-03-07 13:49:02.957 | INFO     | preprocessing:encoders:110 - Column gdf11 will now start being processed using MinMaxScaler
2024-03-07 13:49:02.962 | INFO     | preprocessing:encoders:110 - Column gdf2 will now start being processed using MinMaxScaler
2024-03-07 13:49:02.968 | INFO     | preprocessing:encoders:110 - Column gsk3b will now start being processed using MinMaxScaler
2024-03-07 13:49:02.971 | INFO     | preprocessing:encoders:110 - Column hif1a will now start being processed using MinMaxScaler
2024-03-07 13:49:02.976 | INFO     | preprocessing:encoders:110 - Column hla-g will now start being processed using MinMaxScaler
2024-03-07 13:49:02.981 | INFO     | preprocessing:encoders:110 - Column hras will now start being processed using MinMaxScaler
2024-03-07 13:49:02.982 | INFO     | preprocessing:encoders:110 - Column igf1 will now start being processed using MinMaxScaler
2024-03-07 13:49:02.990 | INFO     | preprocessing:encoders:110 - Column igf1r will now start being processed using MinMaxScaler
2024-03-07 13:49:02.994 | INFO     | preprocessing:encoders:110 - Column inha will now start being processed using MinMaxScaler
2024-03-07 13:49:02.999 | INFO     | preprocessing:encoders:110 - Column inhba will now start being processed using MinMaxScaler
2024-03-07 13:49:03.003 | INFO     | preprocessing:encoders:110 - Column inhbc will now start being processed using MinMaxScaler
2024-03-07 13:49:03.003 | INFO     | preprocessing:encoders:110 - Column itgav will now start being processed using MinMaxScaler
2024-03-07 13:49:03.012 | INFO     | preprocessing:encoders:110 - Column itgb3 will now start being processed using MinMaxScaler
2024-03-07 13:49:03.017 | INFO     | preprocessing:encoders:110 - Column izumo1r will now start being processed using MinMaxScaler
2024-03-07 13:49:03.020 | INFO     | preprocessing:encoders:110 - Column kdr will now start being processed using MinMaxScaler
2024-03-07 13:49:03.020 | INFO     | preprocessing:encoders:110 - Column kit will now start being processed using MinMaxScaler
2024-03-07 13:49:03.030 | INFO     | preprocessing:encoders:110 - Column kras will now start being processed using MinMaxScaler
2024-03-07 13:49:03.032 | INFO     | preprocessing:encoders:110 - Column map2k1 will now start being processed using MinMaxScaler
2024-03-07 13:49:03.039 | INFO     | preprocessing:encoders:110 - Column map2k2 will now start being processed using MinMaxScaler
2024-03-07 13:49:03.044 | INFO     | preprocessing:encoders:110 - Column map2k3 will now start being processed using MinMaxScaler
2024-03-07 13:49:03.050 | INFO     | preprocessing:encoders:110 - Column map2k4 will now start being processed using MinMaxScaler
2024-03-07 13:49:03.054 | INFO     | preprocessing:encoders:110 - Column map2k5 will now start being processed using MinMaxScaler
2024-03-07 13:49:03.058 | INFO     | preprocessing:encoders:110 - Column map3k1 will now start being processed using MinMaxScaler
2024-03-07 13:49:03.062 | INFO     | preprocessing:encoders:110 - Column map3k3 will now start being processed using MinMaxScaler
2024-03-07 13:49:03.066 | INFO     | preprocessing:encoders:110 - Column map3k4 will now start being processed using MinMaxScaler
2024-03-07 13:49:03.071 | INFO     | preprocessing:encoders:110 - Column map3k5 will now start being processed using MinMaxScaler
2024-03-07 13:49:03.071 | INFO     | preprocessing:encoders:110 - Column mapk1 will now start being processed using MinMaxScaler
2024-03-07 13:49:03.079 | INFO     | preprocessing:encoders:110 - Column mapk12 will now start being processed using MinMaxScaler
2024-03-07 13:49:03.081 | INFO     | preprocessing:encoders:110 - Column mapk14 will now start being processed using MinMaxScaler
2024-03-07 13:49:03.081 | INFO     | preprocessing:encoders:110 - Column mapk3 will now start being processed using MinMaxScaler
2024-03-07 13:49:03.092 | INFO     | preprocessing:encoders:110 - Column mapk4 will now start being processed using MinMaxScaler
2024-03-07 13:49:03.096 | INFO     | preprocessing:encoders:110 - Column mapk6 will now start being processed using MinMaxScaler
2024-03-07 13:49:03.101 | INFO     | preprocessing:encoders:110 - Column mapk7 will now start being processed using MinMaxScaler
2024-03-07 13:49:03.103 | INFO     | preprocessing:encoders:110 - Column mapk8 will now start being processed using MinMaxScaler
2024-03-07 13:49:03.110 | INFO     | preprocessing:encoders:110 - Column mapk9 will now start being processed using MinMaxScaler
2024-03-07 13:49:03.115 | INFO     | preprocessing:encoders:110 - Column mdc1 will now start being processed using MinMaxScaler
2024-03-07 13:49:03.115 | INFO     | preprocessing:encoders:110 - Column mlst8 will now start being processed using MinMaxScaler
2024-03-07 13:49:03.124 | INFO     | preprocessing:encoders:110 - Column mmp1 will now start being processed using MinMaxScaler
2024-03-07 13:49:03.127 | INFO     | preprocessing:encoders:110 - Column mmp10 will now start being processed using MinMaxScaler
2024-03-07 13:49:03.132 | INFO     | preprocessing:encoders:110 - Column mmp11 will now start being processed using MinMaxScaler
2024-03-07 13:49:03.137 | INFO     | preprocessing:encoders:110 - Column mmp12 will now start being processed using MinMaxScaler
2024-03-07 13:49:03.137 | INFO     | preprocessing:encoders:110 - Column mmp13 will now start being processed using MinMaxScaler
2024-03-07 13:49:03.146 | INFO     | preprocessing:encoders:110 - Column mmp14 will now start being processed using MinMaxScaler
2024-03-07 13:49:03.148 | INFO     | preprocessing:encoders:110 - Column mmp15 will now start being processed using MinMaxScaler
2024-03-07 13:49:03.156 | INFO     | preprocessing:encoders:110 - Column mmp16 will now start being processed using MinMaxScaler
2024-03-07 13:49:03.160 | INFO     | preprocessing:encoders:110 - Column mmp17 will now start being processed using MinMaxScaler
2024-03-07 13:49:03.166 | INFO     | preprocessing:encoders:110 - Column mmp19 will now start being processed using MinMaxScaler
2024-03-07 13:49:03.170 | INFO     | preprocessing:encoders:110 - Column mmp2 will now start being processed using MinMaxScaler
2024-03-07 13:49:03.171 | INFO     | preprocessing:encoders:110 - Column mmp21 will now start being processed using MinMaxScaler
2024-03-07 13:49:03.179 | INFO     | preprocessing:encoders:110 - Column mmp23b will now start being processed using MinMaxScaler
2024-03-07 13:49:03.181 | INFO     | preprocessing:encoders:110 - Column mmp24 will now start being processed using MinMaxScaler
2024-03-07 13:49:03.190 | INFO     | preprocessing:encoders:110 - Column mmp25 will now start being processed using MinMaxScaler
2024-03-07 13:49:03.195 | INFO     | preprocessing:encoders:110 - Column mmp26 will now start being processed using MinMaxScaler
2024-03-07 13:49:03.200 | INFO     | preprocessing:encoders:110 - Column mmp27 will now start being processed using MinMaxScaler
2024-03-07 13:49:03.203 | INFO     | preprocessing:encoders:110 - Column mmp28 will now start being processed using MinMaxScaler
2024-03-07 13:49:03.209 | INFO     | preprocessing:encoders:110 - Column mmp3 will now start being processed using MinMaxScaler
2024-03-07 13:49:03.214 | INFO     | preprocessing:encoders:110 - Column mmp7 will now start being processed using MinMaxScaler
2024-03-07 13:49:03.218 | INFO     | preprocessing:encoders:110 - Column mmp9 will now start being processed using MinMaxScaler
2024-03-07 13:49:03.220 | INFO     | preprocessing:encoders:110 - Column mtor will now start being processed using MinMaxScaler
2024-03-07 13:49:03.227 | INFO     | preprocessing:encoders:110 - Column nfkb1 will now start being processed using MinMaxScaler
2024-03-07 13:49:03.232 | INFO     | preprocessing:encoders:110 - Column nfkb2 will now start being processed using MinMaxScaler
2024-03-07 13:49:03.236 | INFO     | preprocessing:encoders:110 - Column opcml will now start being processed using MinMaxScaler
2024-03-07 13:49:03.236 | INFO     | preprocessing:encoders:110 - Column pdgfa will now start being processed using MinMaxScaler
2024-03-07 13:49:03.245 | INFO     | preprocessing:encoders:110 - Column pdgfb will now start being processed using MinMaxScaler
2024-03-07 13:49:03.251 | INFO     | preprocessing:encoders:110 - Column pdgfra will now start being processed using MinMaxScaler
2024-03-07 13:49:03.254 | INFO     | preprocessing:encoders:110 - Column pdgfrb will now start being processed using MinMaxScaler
2024-03-07 13:49:03.260 | INFO     | preprocessing:encoders:110 - Column pdpk1 will now start being processed using MinMaxScaler
2024-03-07 13:49:03.265 | INFO     | preprocessing:encoders:110 - Column peg3 will now start being processed using MinMaxScaler
2024-03-07 13:49:03.270 | INFO     | preprocessing:encoders:110 - Column pik3ca will now start being processed using MinMaxScaler
2024-03-07 13:49:03.274 | INFO     | preprocessing:encoders:110 - Column pik3r1 will now start being processed using MinMaxScaler
2024-03-07 13:49:03.279 | INFO     | preprocessing:encoders:110 - Column pik3r2 will now start being processed using MinMaxScaler
2024-03-07 13:49:03.284 | INFO     | preprocessing:encoders:110 - Column plagl1 will now start being processed using MinMaxScaler
2024-03-07 13:49:03.287 | INFO     | preprocessing:encoders:110 - Column ptk2 will now start being processed using MinMaxScaler
2024-03-07 13:49:03.287 | INFO     | preprocessing:encoders:110 - Column rab25 will now start being processed using MinMaxScaler
2024-03-07 13:49:03.299 | INFO     | preprocessing:encoders:110 - Column rad51 will now start being processed using MinMaxScaler
2024-03-07 13:49:03.304 | INFO     | preprocessing:encoders:110 - Column raf1 will now start being processed using MinMaxScaler
2024-03-07 13:49:03.307 | INFO     | preprocessing:encoders:110 - Column rassf1 will now start being processed using MinMaxScaler
2024-03-07 13:49:03.315 | INFO     | preprocessing:encoders:110 - Column rheb will now start being processed using MinMaxScaler
2024-03-07 13:49:03.319 | INFO     | preprocessing:encoders:110 - Column rictor will now start being processed using MinMaxScaler
2024-03-07 13:49:03.325 | INFO     | preprocessing:encoders:110 - Column rps6 will now start being processed using MinMaxScaler
2024-03-07 13:49:03.330 | INFO     | preprocessing:encoders:110 - Column rps6ka1 will now start being processed using MinMaxScaler
2024-03-07 13:49:03.335 | INFO     | preprocessing:encoders:110 - Column rps6ka2 will now start being processed using MinMaxScaler
2024-03-07 13:49:03.337 | INFO     | preprocessing:encoders:110 - Column rps6kb1 will now start being processed using MinMaxScaler
2024-03-07 13:49:03.344 | INFO     | preprocessing:encoders:110 - Column rps6kb2 will now start being processed using MinMaxScaler
2024-03-07 13:49:03.350 | INFO     | preprocessing:encoders:110 - Column rptor will now start being processed using MinMaxScaler
2024-03-07 13:49:03.354 | INFO     | preprocessing:encoders:110 - Column slc19a1 will now start being processed using MinMaxScaler
2024-03-07 13:49:03.359 | INFO     | preprocessing:encoders:110 - Column smad1 will now start being processed using MinMaxScaler
2024-03-07 13:49:03.365 | INFO     | preprocessing:encoders:110 - Column smad2 will now start being processed using MinMaxScaler
2024-03-07 13:49:03.370 | INFO     | preprocessing:encoders:110 - Column smad3 will now start being processed using MinMaxScaler
2024-03-07 13:49:03.371 | INFO     | preprocessing:encoders:110 - Column smad4 will now start being processed using MinMaxScaler
2024-03-07 13:49:03.379 | INFO     | preprocessing:encoders:110 - Column smad5 will now start being processed using MinMaxScaler
2024-03-07 13:49:03.385 | INFO     | preprocessing:encoders:110 - Column smad6 will now start being processed using MinMaxScaler
2024-03-07 13:49:03.386 | INFO     | preprocessing:encoders:110 - Column smad7 will now start being processed using MinMaxScaler
2024-03-07 13:49:03.394 | INFO     | preprocessing:encoders:110 - Column smad9 will now start being processed using MinMaxScaler
2024-03-07 13:49:03.399 | INFO     | preprocessing:encoders:110 - Column sptbn1 will now start being processed using MinMaxScaler
2024-03-07 13:49:03.403 | INFO     | preprocessing:encoders:110 - Column terc will now start being processed using MinMaxScaler
2024-03-07 13:49:03.403 | INFO     | preprocessing:encoders:110 - Column tert will now start being processed using MinMaxScaler
2024-03-07 13:49:03.412 | INFO     | preprocessing:encoders:110 - Column tgfb1 will now start being processed using MinMaxScaler
2024-03-07 13:49:03.415 | INFO     | preprocessing:encoders:110 - Column tgfb2 will now start being processed using MinMaxScaler
2024-03-07 13:49:03.415 | INFO     | preprocessing:encoders:110 - Column tgfb3 will now start being processed using MinMaxScaler
2024-03-07 13:49:03.426 | INFO     | preprocessing:encoders:110 - Column tgfbr1 will now start being processed using MinMaxScaler
2024-03-07 13:49:03.432 | INFO     | preprocessing:encoders:110 - Column tgfbr2 will now start being processed using MinMaxScaler
2024-03-07 13:49:03.437 | INFO     | preprocessing:encoders:110 - Column tgfbr3 will now start being processed using MinMaxScaler
2024-03-07 13:49:03.441 | INFO     | preprocessing:encoders:110 - Column tsc1 will now start being processed using MinMaxScaler
2024-03-07 13:49:03.445 | INFO     | preprocessing:encoders:110 - Column tsc2 will now start being processed using MinMaxScaler
2024-03-07 13:49:03.451 | INFO     | preprocessing:encoders:110 - Column vegfa will now start being processed using MinMaxScaler
2024-03-07 13:49:03.452 | INFO     | preprocessing:encoders:110 - Column vegfb will now start being processed using MinMaxScaler
2024-03-07 13:49:03.460 | INFO     | preprocessing:encoders:110 - Column wfdc2 will now start being processed using MinMaxScaler
2024-03-07 13:49:03.466 | INFO     | preprocessing:encoders:110 - Column wwox will now start being processed using MinMaxScaler
2024-03-07 13:49:03.470 | INFO     | preprocessing:encoders:110 - Column zfyve9 will now start being processed using MinMaxScaler
2024-03-07 13:49:03.474 | INFO     | preprocessing:encoders:110 - Column arid1a will now start being processed using MinMaxScaler
2024-03-07 13:49:03.479 | INFO     | preprocessing:encoders:110 - Column arid1b will now start being processed using MinMaxScaler
2024-03-07 13:49:03.485 | INFO     | preprocessing:encoders:110 - Column cbfb will now start being processed using MinMaxScaler
2024-03-07 13:49:03.487 | INFO     | preprocessing:encoders:110 - Column gata3 will now start being processed using MinMaxScaler
2024-03-07 13:49:03.493 | INFO     | preprocessing:encoders:110 - Column kmt2c will now start being processed using MinMaxScaler
2024-03-07 13:49:03.497 | INFO     | preprocessing:encoders:110 - Column kmt2d will now start being processed using MinMaxScaler
2024-03-07 13:49:03.497 | INFO     | preprocessing:encoders:110 - Column myh9 will now start being processed using MinMaxScaler
2024-03-07 13:49:03.507 | INFO     | preprocessing:encoders:110 - Column ncor1 will now start being processed using MinMaxScaler
2024-03-07 13:49:03.512 | INFO     | preprocessing:encoders:110 - Column pde4dip will now start being processed using MinMaxScaler
2024-03-07 13:49:03.518 | INFO     | preprocessing:encoders:110 - Column ptprd will now start being processed using MinMaxScaler
2024-03-07 13:49:03.519 | INFO     | preprocessing:encoders:110 - Column ros1 will now start being processed using MinMaxScaler
2024-03-07 13:49:03.527 | INFO     | preprocessing:encoders:110 - Column runx1 will now start being processed using MinMaxScaler
2024-03-07 13:49:03.532 | INFO     | preprocessing:encoders:110 - Column tbx3 will now start being processed using MinMaxScaler
2024-03-07 13:49:03.536 | INFO     | preprocessing:encoders:110 - Column abcb1 will now start being processed using MinMaxScaler
2024-03-07 13:49:03.536 | INFO     | preprocessing:encoders:110 - Column abcb11 will now start being processed using MinMaxScaler
2024-03-07 13:49:03.545 | INFO     | preprocessing:encoders:110 - Column abcc1 will now start being processed using MinMaxScaler
2024-03-07 13:49:03.552 | INFO     | preprocessing:encoders:110 - Column abcc10 will now start being processed using MinMaxScaler
2024-03-07 13:49:03.553 | INFO     | preprocessing:encoders:110 - Column bbc3 will now start being processed using MinMaxScaler
2024-03-07 13:49:03.567 | INFO     | preprocessing:encoders:110 - Column bmf will now start being processed using MinMaxScaler
2024-03-07 13:49:03.569 | INFO     | preprocessing:encoders:110 - Column cyp2c8 will now start being processed using MinMaxScaler
2024-03-07 13:49:03.576 | INFO     | preprocessing:encoders:110 - Column cyp3a4 will now start being processed using MinMaxScaler
2024-03-07 13:49:03.581 | INFO     | preprocessing:encoders:110 - Column fgf2 will now start being processed using MinMaxScaler
2024-03-07 13:49:03.586 | INFO     | preprocessing:encoders:110 - Column fn1 will now start being processed using MinMaxScaler
2024-03-07 13:49:03.588 | INFO     | preprocessing:encoders:110 - Column map2 will now start being processed using MinMaxScaler
2024-03-07 13:49:03.595 | INFO     | preprocessing:encoders:110 - Column map4 will now start being processed using MinMaxScaler
2024-03-07 13:49:03.598 | INFO     | preprocessing:encoders:110 - Column mapt will now start being processed using MinMaxScaler
2024-03-07 13:49:03.605 | INFO     | preprocessing:encoders:110 - Column nr1i2 will now start being processed using MinMaxScaler
2024-03-07 13:49:03.607 | INFO     | preprocessing:encoders:110 - Column slco1b3 will now start being processed using MinMaxScaler
2024-03-07 13:49:03.615 | INFO     | preprocessing:encoders:110 - Column tubb1 will now start being processed using MinMaxScaler
2024-03-07 13:49:03.619 | INFO     | preprocessing:encoders:110 - Column tubb4a will now start being processed using MinMaxScaler
2024-03-07 13:49:03.624 | INFO     | preprocessing:encoders:110 - Column tubb4b will now start being processed using MinMaxScaler
2024-03-07 13:49:03.630 | INFO     | preprocessing:encoders:110 - Column twist1 will now start being processed using MinMaxScaler
2024-03-07 13:49:03.635 | INFO     | preprocessing:encoders:110 - Column adgra2 will now start being processed using MinMaxScaler
2024-03-07 13:49:03.636 | INFO     | preprocessing:encoders:110 - Column afdn will now start being processed using MinMaxScaler
2024-03-07 13:49:03.643 | INFO     | preprocessing:encoders:110 - Column aff2 will now start being processed using MinMaxScaler
2024-03-07 13:49:03.648 | INFO     | preprocessing:encoders:110 - Column agmo will now start being processed using MinMaxScaler
2024-03-07 13:49:03.653 | INFO     | preprocessing:encoders:110 - Column agtr2 will now start being processed using MinMaxScaler
2024-03-07 13:49:03.654 | INFO     | preprocessing:encoders:110 - Column ahnak will now start being processed using MinMaxScaler
2024-03-07 13:49:03.662 | INFO     | preprocessing:encoders:110 - Column ahnak2 will now start being processed using MinMaxScaler
2024-03-07 13:49:03.667 | INFO     | preprocessing:encoders:110 - Column akap9 will now start being processed using MinMaxScaler
2024-03-07 13:49:03.669 | INFO     | preprocessing:encoders:110 - Column alk will now start being processed using MinMaxScaler
2024-03-07 13:49:03.677 | INFO     | preprocessing:encoders:110 - Column apc will now start being processed using MinMaxScaler
2024-03-07 13:49:03.681 | INFO     | preprocessing:encoders:110 - Column arid2 will now start being processed using MinMaxScaler
2024-03-07 13:49:03.687 | INFO     | preprocessing:encoders:110 - Column arid5b will now start being processed using MinMaxScaler
2024-03-07 13:49:03.690 | INFO     | preprocessing:encoders:110 - Column asxl1 will now start being processed using MinMaxScaler
2024-03-07 13:49:03.697 | INFO     | preprocessing:encoders:110 - Column asxl2 will now start being processed using MinMaxScaler
2024-03-07 13:49:03.698 | INFO     | preprocessing:encoders:110 - Column bap1 will now start being processed using MinMaxScaler
2024-03-07 13:49:03.706 | INFO     | preprocessing:encoders:110 - Column bcas3 will now start being processed using MinMaxScaler
2024-03-07 13:49:03.710 | INFO     | preprocessing:encoders:110 - Column birc6 will now start being processed using MinMaxScaler
2024-03-07 13:49:03.716 | INFO     | preprocessing:encoders:110 - Column cacna2d3 will now start being processed using MinMaxScaler
2024-03-07 13:49:03.720 | INFO     | preprocessing:encoders:110 - Column ccnd3 will now start being processed using MinMaxScaler
2024-03-07 13:49:03.721 | INFO     | preprocessing:encoders:110 - Column chd1 will now start being processed using MinMaxScaler
2024-03-07 13:49:03.729 | INFO     | preprocessing:encoders:110 - Column clk3 will now start being processed using MinMaxScaler
2024-03-07 13:49:03.731 | INFO     | preprocessing:encoders:110 - Column clrn2 will now start being processed using MinMaxScaler
2024-03-07 13:49:03.739 | INFO     | preprocessing:encoders:110 - Column col12a1 will now start being processed using MinMaxScaler
2024-03-07 13:49:03.743 | INFO     | preprocessing:encoders:110 - Column col22a1 will now start being processed using MinMaxScaler
2024-03-07 13:49:03.748 | INFO     | preprocessing:encoders:110 - Column col6a3 will now start being processed using MinMaxScaler
2024-03-07 13:49:03.753 | INFO     | preprocessing:encoders:110 - Column ctcf will now start being processed using MinMaxScaler
2024-03-07 13:49:03.757 | INFO     | preprocessing:encoders:110 - Column ctnna1 will now start being processed using MinMaxScaler
2024-03-07 13:49:03.762 | INFO     | preprocessing:encoders:110 - Column ctnna3 will now start being processed using MinMaxScaler
2024-03-07 13:49:03.768 | INFO     | preprocessing:encoders:110 - Column dnah11 will now start being processed using MinMaxScaler
2024-03-07 13:49:03.769 | INFO     | preprocessing:encoders:110 - Column dnah2 will now start being processed using MinMaxScaler
2024-03-07 13:49:03.777 | INFO     | preprocessing:encoders:110 - Column dnah5 will now start being processed using MinMaxScaler
2024-03-07 13:49:03.781 | INFO     | preprocessing:encoders:110 - Column dtwd2 will now start being processed using MinMaxScaler
2024-03-07 13:49:03.781 | INFO     | preprocessing:encoders:110 - Column fam20c will now start being processed using MinMaxScaler
2024-03-07 13:49:03.790 | INFO     | preprocessing:encoders:110 - Column fanca will now start being processed using MinMaxScaler
2024-03-07 13:49:03.795 | INFO     | preprocessing:encoders:110 - Column fancd2 will now start being processed using MinMaxScaler
2024-03-07 13:49:03.800 | INFO     | preprocessing:encoders:110 - Column flt3 will now start being processed using MinMaxScaler
2024-03-07 13:49:03.803 | INFO     | preprocessing:encoders:110 - Column foxp1 will now start being processed using MinMaxScaler
2024-03-07 13:49:03.803 | INFO     | preprocessing:encoders:110 - Column frmd3 will now start being processed using MinMaxScaler
2024-03-07 13:49:03.814 | INFO     | preprocessing:encoders:110 - Column gh1 will now start being processed using MinMaxScaler
2024-03-07 13:49:03.819 | INFO     | preprocessing:encoders:110 - Column gldc will now start being processed using MinMaxScaler
2024-03-07 13:49:03.820 | INFO     | preprocessing:encoders:110 - Column gpr32 will now start being processed using MinMaxScaler
2024-03-07 13:49:03.828 | INFO     | preprocessing:encoders:110 - Column gps2 will now start being processed using MinMaxScaler
2024-03-07 13:49:03.831 | INFO     | preprocessing:encoders:110 - Column hdac9 will now start being processed using MinMaxScaler
2024-03-07 13:49:03.837 | INFO     | preprocessing:encoders:110 - Column herc2 will now start being processed using MinMaxScaler
2024-03-07 13:49:03.839 | INFO     | preprocessing:encoders:110 - Column hist1h2bc will now start being processed using MinMaxScaler
2024-03-07 13:49:03.847 | INFO     | preprocessing:encoders:110 - Column kdm3a will now start being processed using MinMaxScaler
2024-03-07 13:49:03.852 | INFO     | preprocessing:encoders:110 - Column kdm6a will now start being processed using MinMaxScaler
2024-03-07 13:49:03.854 | INFO     | preprocessing:encoders:110 - Column klrg1 will now start being processed using MinMaxScaler
2024-03-07 13:49:03.861 | INFO     | preprocessing:encoders:110 - Column l1cam will now start being processed using MinMaxScaler
2024-03-07 13:49:03.866 | INFO     | preprocessing:encoders:110 - Column lama2 will now start being processed using MinMaxScaler
2024-03-07 13:49:03.869 | INFO     | preprocessing:encoders:110 - Column lamb3 will now start being processed using MinMaxScaler
2024-03-07 13:49:03.876 | INFO     | preprocessing:encoders:110 - Column large1 will now start being processed using MinMaxScaler
2024-03-07 13:49:03.881 | INFO     | preprocessing:encoders:110 - Column ldlrap1 will now start being processed using MinMaxScaler
2024-03-07 13:49:03.881 | INFO     | preprocessing:encoders:110 - Column lifr will now start being processed using MinMaxScaler
2024-03-07 13:49:03.890 | INFO     | preprocessing:encoders:110 - Column lipi will now start being processed using MinMaxScaler
2024-03-07 13:49:03.894 | INFO     | preprocessing:encoders:110 - Column magea8 will now start being processed using MinMaxScaler
2024-03-07 13:49:03.899 | INFO     | preprocessing:encoders:110 - Column map3k10 will now start being processed using MinMaxScaler
2024-03-07 13:49:03.902 | INFO     | preprocessing:encoders:110 - Column map3k13 will now start being processed using MinMaxScaler
2024-03-07 13:49:03.908 | INFO     | preprocessing:encoders:110 - Column men1 will now start being processed using MinMaxScaler
2024-03-07 13:49:03.913 | INFO     | preprocessing:encoders:110 - Column mtap will now start being processed using MinMaxScaler
2024-03-07 13:49:03.914 | INFO     | preprocessing:encoders:110 - Column muc16 will now start being processed using MinMaxScaler
2024-03-07 13:49:03.922 | INFO     | preprocessing:encoders:110 - Column myo1a will now start being processed using MinMaxScaler
2024-03-07 13:49:03.926 | INFO     | preprocessing:encoders:110 - Column myo3a will now start being processed using MinMaxScaler
2024-03-07 13:49:03.932 | INFO     | preprocessing:encoders:110 - Column ncoa3 will now start being processed using MinMaxScaler
2024-03-07 13:49:03.936 | INFO     | preprocessing:encoders:110 - Column nek1 will now start being processed using MinMaxScaler
2024-03-07 13:49:03.941 | INFO     | preprocessing:encoders:110 - Column nf2 will now start being processed using MinMaxScaler
2024-03-07 13:49:03.946 | INFO     | preprocessing:encoders:110 - Column npnt will now start being processed using MinMaxScaler
2024-03-07 13:49:03.947 | INFO     | preprocessing:encoders:110 - Column nr2f1 will now start being processed using MinMaxScaler
2024-03-07 13:49:03.956 | INFO     | preprocessing:encoders:110 - Column nr3c1 will now start being processed using MinMaxScaler
2024-03-07 13:49:03.961 | INFO     | preprocessing:encoders:110 - Column nras will now start being processed using MinMaxScaler
2024-03-07 13:49:03.966 | INFO     | preprocessing:encoders:110 - Column nrg3 will now start being processed using MinMaxScaler
2024-03-07 13:49:03.969 | INFO     | preprocessing:encoders:110 - Column nt5e will now start being processed using MinMaxScaler
2024-03-07 13:49:03.975 | INFO     | preprocessing:encoders:110 - Column or6a2 will now start being processed using MinMaxScaler
2024-03-07 13:49:03.981 | INFO     | preprocessing:encoders:110 - Column palld will now start being processed using MinMaxScaler
2024-03-07 13:49:03.986 | INFO     | preprocessing:encoders:110 - Column pbrm1 will now start being processed using MinMaxScaler
2024-03-07 13:49:03.988 | INFO     | preprocessing:encoders:110 - Column ppp2cb will now start being processed using MinMaxScaler
2024-03-07 13:49:03.995 | INFO     | preprocessing:encoders:110 - Column ppp2r2a will now start being processed using MinMaxScaler
2024-03-07 13:49:03.998 | INFO     | preprocessing:encoders:110 - Column prkacg will now start being processed using MinMaxScaler
2024-03-07 13:49:03.998 | INFO     | preprocessing:encoders:110 - Column prkce will now start being processed using MinMaxScaler
2024-03-07 13:49:04.010 | INFO     | preprocessing:encoders:110 - Column prkcq will now start being processed using MinMaxScaler
2024-03-07 13:49:04.014 | INFO     | preprocessing:encoders:110 - Column prkcz will now start being processed using MinMaxScaler
2024-03-07 13:49:04.014 | INFO     | preprocessing:encoders:110 - Column prkg1 will now start being processed using MinMaxScaler
2024-03-07 13:49:04.024 | INFO     | preprocessing:encoders:110 - Column prps2 will now start being processed using MinMaxScaler
2024-03-07 13:49:04.028 | INFO     | preprocessing:encoders:110 - Column prr16 will now start being processed using MinMaxScaler
2024-03-07 13:49:04.034 | INFO     | preprocessing:encoders:110 - Column ptpn22 will now start being processed using MinMaxScaler
2024-03-07 13:49:04.039 | INFO     | preprocessing:encoders:110 - Column ptprm will now start being processed using MinMaxScaler
2024-03-07 13:49:04.044 | INFO     | preprocessing:encoders:110 - Column rasgef1b will now start being processed using MinMaxScaler
2024-03-07 13:49:04.049 | INFO     | preprocessing:encoders:110 - Column rpgr will now start being processed using MinMaxScaler
2024-03-07 13:49:04.054 | INFO     | preprocessing:encoders:110 - Column ryr2 will now start being processed using MinMaxScaler
2024-03-07 13:49:04.058 | INFO     | preprocessing:encoders:110 - Column sbno1 will now start being processed using MinMaxScaler
2024-03-07 13:49:04.064 | INFO     | preprocessing:encoders:110 - Column setd1a will now start being processed using MinMaxScaler
2024-03-07 13:49:04.068 | INFO     | preprocessing:encoders:110 - Column setd2 will now start being processed using MinMaxScaler
2024-03-07 13:49:04.071 | INFO     | preprocessing:encoders:110 - Column setdb1 will now start being processed using MinMaxScaler
2024-03-07 13:49:04.077 | INFO     | preprocessing:encoders:110 - Column sf3b1 will now start being processed using MinMaxScaler
2024-03-07 13:49:04.083 | INFO     | preprocessing:encoders:110 - Column sgcd will now start being processed using MinMaxScaler
2024-03-07 13:49:04.086 | INFO     | preprocessing:encoders:110 - Column shank2 will now start being processed using MinMaxScaler
2024-03-07 13:49:04.092 | INFO     | preprocessing:encoders:110 - Column siah1 will now start being processed using MinMaxScaler
2024-03-07 13:49:04.098 | INFO     | preprocessing:encoders:110 - Column sik1 will now start being processed using MinMaxScaler
2024-03-07 13:49:04.102 | INFO     | preprocessing:encoders:110 - Column sik2 will now start being processed using MinMaxScaler
2024-03-07 13:49:04.105 | INFO     | preprocessing:encoders:110 - Column smarcb1 will now start being processed using MinMaxScaler
2024-03-07 13:49:04.112 | INFO     | preprocessing:encoders:110 - Column smarcc1 will now start being processed using MinMaxScaler
2024-03-07 13:49:04.114 | INFO     | preprocessing:encoders:110 - Column smarcc2 will now start being processed using MinMaxScaler
2024-03-07 13:49:04.131 | INFO     | preprocessing:encoders:110 - Column smarcd1 will now start being processed using MinMaxScaler
2024-03-07 13:49:04.132 | INFO     | preprocessing:encoders:110 - Column spaca1 will now start being processed using MinMaxScaler
2024-03-07 13:49:04.144 | INFO     | preprocessing:encoders:110 - Column stab2 will now start being processed using MinMaxScaler
2024-03-07 13:49:04.150 | INFO     | preprocessing:encoders:110 - Column stmn2 will now start being processed using MinMaxScaler
2024-03-07 13:49:04.153 | INFO     | preprocessing:encoders:110 - Column syne1 will now start being processed using MinMaxScaler
2024-03-07 13:49:04.159 | INFO     | preprocessing:encoders:110 - Column taf1 will now start being processed using MinMaxScaler
2024-03-07 13:49:04.165 | INFO     | preprocessing:encoders:110 - Column taf4b will now start being processed using MinMaxScaler
2024-03-07 13:49:04.170 | INFO     | preprocessing:encoders:110 - Column tbl1xr1 will now start being processed using MinMaxScaler
2024-03-07 13:49:04.174 | INFO     | preprocessing:encoders:110 - Column tg will now start being processed using MinMaxScaler
2024-03-07 13:49:04.179 | INFO     | preprocessing:encoders:110 - Column thada will now start being processed using MinMaxScaler
2024-03-07 13:49:04.185 | INFO     | preprocessing:encoders:110 - Column thsd7a will now start being processed using MinMaxScaler
2024-03-07 13:49:04.186 | INFO     | preprocessing:encoders:110 - Column ttyh1 will now start being processed using MinMaxScaler
2024-03-07 13:49:04.195 | INFO     | preprocessing:encoders:110 - Column ubr5 will now start being processed using MinMaxScaler
2024-03-07 13:49:04.197 | INFO     | preprocessing:encoders:110 - Column ush2a will now start being processed using MinMaxScaler
2024-03-07 13:49:04.205 | INFO     | preprocessing:encoders:110 - Column usp9x will now start being processed using MinMaxScaler
2024-03-07 13:49:04.210 | INFO     | preprocessing:encoders:110 - Column utrn will now start being processed using MinMaxScaler
2024-03-07 13:49:04.216 | INFO     | preprocessing:encoders:110 - Column zfp36l1 will now start being processed using MinMaxScaler
2024-03-07 13:49:04.220 | INFO     | preprocessing:encoders:110 - Column ackr3 will now start being processed using MinMaxScaler
2024-03-07 13:49:04.225 | INFO     | preprocessing:encoders:110 - Column akr1c1 will now start being processed using MinMaxScaler
2024-03-07 13:49:04.230 | INFO     | preprocessing:encoders:110 - Column akr1c2 will now start being processed using MinMaxScaler
2024-03-07 13:49:04.235 | INFO     | preprocessing:encoders:110 - Column akr1c3 will now start being processed using MinMaxScaler
2024-03-07 13:49:04.239 | INFO     | preprocessing:encoders:110 - Column akr1c4 will now start being processed using MinMaxScaler
2024-03-07 13:49:04.245 | INFO     | preprocessing:encoders:110 - Column akt3 will now start being processed using MinMaxScaler
2024-03-07 13:49:04.250 | INFO     | preprocessing:encoders:110 - Column ar will now start being processed using MinMaxScaler
2024-03-07 13:49:04.253 | INFO     | preprocessing:encoders:110 - Column bche will now start being processed using MinMaxScaler
2024-03-07 13:49:04.259 | INFO     | preprocessing:encoders:110 - Column cdk8 will now start being processed using MinMaxScaler
2024-03-07 13:49:04.264 | INFO     | preprocessing:encoders:110 - Column cdkn2c will now start being processed using MinMaxScaler
2024-03-07 13:49:04.269 | INFO     | preprocessing:encoders:110 - Column cyb5a will now start being processed using MinMaxScaler
2024-03-07 13:49:04.274 | INFO     | preprocessing:encoders:110 - Column cyp11a1 will now start being processed using MinMaxScaler
2024-03-07 13:49:04.281 | INFO     | preprocessing:encoders:110 - Column cyp11b2 will now start being processed using MinMaxScaler
2024-03-07 13:49:04.286 | INFO     | preprocessing:encoders:110 - Column cyp17a1 will now start being processed using MinMaxScaler
2024-03-07 13:49:04.287 | INFO     | preprocessing:encoders:110 - Column cyp19a1 will now start being processed using MinMaxScaler
2024-03-07 13:49:04.295 | INFO     | preprocessing:encoders:110 - Column cyp21a2 will now start being processed using MinMaxScaler
2024-03-07 13:49:04.301 | INFO     | preprocessing:encoders:110 - Column cyp3a43 will now start being processed using MinMaxScaler
2024-03-07 13:49:04.307 | INFO     | preprocessing:encoders:110 - Column cyp3a5 will now start being processed using MinMaxScaler
2024-03-07 13:49:04.312 | INFO     | preprocessing:encoders:110 - Column cyp3a7 will now start being processed using MinMaxScaler
2024-03-07 13:49:04.319 | INFO     | preprocessing:encoders:110 - Column ddc will now start being processed using MinMaxScaler
2024-03-07 13:49:04.324 | INFO     | preprocessing:encoders:110 - Column hes6 will now start being processed using MinMaxScaler
2024-03-07 13:49:04.331 | INFO     | preprocessing:encoders:110 - Column hsd17b1 will now start being processed using MinMaxScaler
2024-03-07 13:49:04.337 | INFO     | preprocessing:encoders:110 - Column hsd17b10 will now start being processed using MinMaxScaler
2024-03-07 13:49:04.340 | INFO     | preprocessing:encoders:110 - Column hsd17b11 will now start being processed using MinMaxScaler
2024-03-07 13:49:04.346 | INFO     | preprocessing:encoders:110 - Column hsd17b12 will now start being processed using MinMaxScaler
2024-03-07 13:49:04.351 | INFO     | preprocessing:encoders:110 - Column hsd17b13 will now start being processed using MinMaxScaler
2024-03-07 13:49:04.356 | INFO     | preprocessing:encoders:110 - Column hsd17b14 will now start being processed using MinMaxScaler
2024-03-07 13:49:04.360 | INFO     | preprocessing:encoders:110 - Column hsd17b2 will now start being processed using MinMaxScaler
2024-03-07 13:49:04.366 | INFO     | preprocessing:encoders:110 - Column hsd17b3 will now start being processed using MinMaxScaler
2024-03-07 13:49:04.369 | INFO     | preprocessing:encoders:110 - Column hsd17b4 will now start being processed using MinMaxScaler
2024-03-07 13:49:04.375 | INFO     | preprocessing:encoders:110 - Column hsd17b6 will now start being processed using MinMaxScaler
2024-03-07 13:49:04.381 | INFO     | preprocessing:encoders:110 - Column hsd17b7 will now start being processed using MinMaxScaler
2024-03-07 13:49:04.387 | INFO     | preprocessing:encoders:110 - Column hsd17b8 will now start being processed using MinMaxScaler
2024-03-07 13:49:04.388 | INFO     | preprocessing:encoders:110 - Column hsd3b1 will now start being processed using MinMaxScaler
2024-03-07 13:49:04.396 | INFO     | preprocessing:encoders:110 - Column hsd3b2 will now start being processed using MinMaxScaler
2024-03-07 13:49:04.397 | INFO     | preprocessing:encoders:110 - Column hsd3b7 will now start being processed using MinMaxScaler
2024-03-07 13:49:04.406 | INFO     | preprocessing:encoders:110 - Column mecom will now start being processed using MinMaxScaler
2024-03-07 13:49:04.411 | INFO     | preprocessing:encoders:110 - Column met will now start being processed using MinMaxScaler
2024-03-07 13:49:04.416 | INFO     | preprocessing:encoders:110 - Column ncoa2 will now start being processed using MinMaxScaler
2024-03-07 13:49:04.418 | INFO     | preprocessing:encoders:110 - Column nrip1 will now start being processed using MinMaxScaler
2024-03-07 13:49:04.425 | INFO     | preprocessing:encoders:110 - Column pik3r3 will now start being processed using MinMaxScaler
2024-03-07 13:49:04.430 | INFO     | preprocessing:encoders:110 - Column prkci will now start being processed using MinMaxScaler
2024-03-07 13:49:04.437 | INFO     | preprocessing:encoders:110 - Column prkd1 will now start being processed using MinMaxScaler
2024-03-07 13:49:04.439 | INFO     | preprocessing:encoders:110 - Column ran will now start being processed using MinMaxScaler
2024-03-07 13:49:04.446 | INFO     | preprocessing:encoders:110 - Column rdh5 will now start being processed using MinMaxScaler
2024-03-07 13:49:04.448 | INFO     | preprocessing:encoders:110 - Column sdc4 will now start being processed using MinMaxScaler
2024-03-07 13:49:04.456 | INFO     | preprocessing:encoders:110 - Column serpini1 will now start being processed using MinMaxScaler
2024-03-07 13:49:04.460 | INFO     | preprocessing:encoders:110 - Column shbg will now start being processed using MinMaxScaler
2024-03-07 13:49:04.466 | INFO     | preprocessing:encoders:110 - Column slc29a1 will now start being processed using MinMaxScaler
2024-03-07 13:49:04.469 | INFO     | preprocessing:encoders:110 - Column sox9 will now start being processed using MinMaxScaler
2024-03-07 13:49:04.475 | INFO     | preprocessing:encoders:110 - Column spry2 will now start being processed using MinMaxScaler
2024-03-07 13:49:04.481 | INFO     | preprocessing:encoders:110 - Column srd5a1 will now start being processed using MinMaxScaler
2024-03-07 13:49:04.486 | INFO     | preprocessing:encoders:110 - Column srd5a2 will now start being processed using MinMaxScaler
2024-03-07 13:49:04.489 | INFO     | preprocessing:encoders:110 - Column srd5a3 will now start being processed using MinMaxScaler
2024-03-07 13:49:04.496 | INFO     | preprocessing:encoders:110 - Column st7 will now start being processed using MinMaxScaler
2024-03-07 13:49:04.497 | INFO     | preprocessing:encoders:110 - Column star will now start being processed using MinMaxScaler
2024-03-07 13:49:04.506 | INFO     | preprocessing:encoders:110 - Column tnk2 will now start being processed using MinMaxScaler
2024-03-07 13:49:04.511 | INFO     | preprocessing:encoders:110 - Column tulp4 will now start being processed using MinMaxScaler
2024-03-07 13:49:04.516 | INFO     | preprocessing:encoders:110 - Column ugt2b15 will now start being processed using MinMaxScaler
2024-03-07 13:49:04.520 | INFO     | preprocessing:encoders:110 - Column ugt2b17 will now start being processed using MinMaxScaler
2024-03-07 13:49:04.525 | INFO     | preprocessing:encoders:110 - Column ugt2b7 will now start being processed using MinMaxScaler
2024-03-07 13:49:04.531 | INFO     | preprocessing:encoders:38 - Pre-processing categorical columns
2024-03-07 13:49:04.552 | INFO     | preprocessing:encoders:110 - Column pik3ca_mut will now start being processed using OrdinalEncoder
2024-03-07 13:49:04.567 | INFO     | preprocessing:encoders:110 - Column tp53_mut will now start being processed using OrdinalEncoder
2024-03-07 13:49:04.582 | INFO     | preprocessing:encoders:110 - Column muc16_mut will now start being processed using OrdinalEncoder
2024-03-07 13:49:04.597 | INFO     | preprocessing:encoders:110 - Column ahnak2_mut will now start being processed using OrdinalEncoder
2024-03-07 13:49:04.613 | INFO     | preprocessing:encoders:110 - Column kmt2c_mut will now start being processed using OrdinalEncoder
2024-03-07 13:49:04.629 | INFO     | preprocessing:encoders:110 - Column syne1_mut will now start being processed using OrdinalEncoder
2024-03-07 13:49:04.646 | INFO     | preprocessing:encoders:110 - Column gata3_mut will now start being processed using OrdinalEncoder
2024-03-07 13:49:04.661 | INFO     | preprocessing:encoders:110 - Column map3k1_mut will now start being processed using OrdinalEncoder
2024-03-07 13:49:04.676 | INFO     | preprocessing:encoders:110 - Column ahnak_mut will now start being processed using OrdinalEncoder
2024-03-07 13:49:04.683 | INFO     | preprocessing:encoders:110 - Column dnah11_mut will now start being processed using OrdinalEncoder
2024-03-07 13:49:04.712 | INFO     | preprocessing:encoders:110 - Column cdh1_mut will now start being processed using OrdinalEncoder
2024-03-07 13:49:04.728 | INFO     | preprocessing:encoders:110 - Column dnah2_mut will now start being processed using OrdinalEncoder
2024-03-07 13:49:04.745 | INFO     | preprocessing:encoders:110 - Column kmt2d_mut will now start being processed using OrdinalEncoder
2024-03-07 13:49:04.761 | INFO     | preprocessing:encoders:110 - Column ush2a_mut will now start being processed using OrdinalEncoder
2024-03-07 13:49:04.777 | INFO     | preprocessing:encoders:110 - Column ryr2_mut will now start being processed using OrdinalEncoder
2024-03-07 13:49:04.785 | INFO     | preprocessing:encoders:110 - Column dnah5_mut will now start being processed using OrdinalEncoder
2024-03-07 13:49:04.802 | INFO     | preprocessing:encoders:110 - Column herc2_mut will now start being processed using OrdinalEncoder
2024-03-07 13:49:04.815 | INFO     | preprocessing:encoders:110 - Column pde4dip_mut will now start being processed using OrdinalEncoder
2024-03-07 13:49:04.832 | INFO     | preprocessing:encoders:110 - Column akap9_mut will now start being processed using OrdinalEncoder
2024-03-07 13:49:04.851 | INFO     | preprocessing:encoders:110 - Column tg_mut will now start being processed using OrdinalEncoder
2024-03-07 13:49:04.870 | INFO     | preprocessing:encoders:110 - Column birc6_mut will now start being processed using OrdinalEncoder
2024-03-07 13:49:04.892 | INFO     | preprocessing:encoders:110 - Column utrn_mut will now start being processed using OrdinalEncoder
2024-03-07 13:49:04.899 | INFO     | preprocessing:encoders:110 - Column tbx3_mut will now start being processed using OrdinalEncoder
2024-03-07 13:49:04.918 | INFO     | preprocessing:encoders:110 - Column col6a3_mut will now start being processed using OrdinalEncoder
2024-03-07 13:49:04.936 | INFO     | preprocessing:encoders:110 - Column arid1a_mut will now start being processed using OrdinalEncoder
2024-03-07 13:49:04.948 | INFO     | preprocessing:encoders:110 - Column lama2_mut will now start being processed using OrdinalEncoder
2024-03-07 13:49:04.966 | INFO     | preprocessing:encoders:110 - Column notch1_mut will now start being processed using OrdinalEncoder
2024-03-07 13:49:04.983 | INFO     | preprocessing:encoders:110 - Column cbfb_mut will now start being processed using OrdinalEncoder
2024-03-07 13:49:04.999 | INFO     | preprocessing:encoders:110 - Column ncor2_mut will now start being processed using OrdinalEncoder
2024-03-07 13:49:05.016 | INFO     | preprocessing:encoders:110 - Column col12a1_mut will now start being processed using OrdinalEncoder
2024-03-07 13:49:05.033 | INFO     | preprocessing:encoders:110 - Column col22a1_mut will now start being processed using OrdinalEncoder
2024-03-07 13:49:05.049 | INFO     | preprocessing:encoders:110 - Column pten_mut will now start being processed using OrdinalEncoder
2024-03-07 13:49:05.065 | INFO     | preprocessing:encoders:110 - Column akt1_mut will now start being processed using OrdinalEncoder
2024-03-07 13:49:05.085 | INFO     | preprocessing:encoders:110 - Column atr_mut will now start being processed using OrdinalEncoder
2024-03-07 13:49:05.101 | INFO     | preprocessing:encoders:110 - Column thada_mut will now start being processed using OrdinalEncoder
2024-03-07 13:49:05.125 | INFO     | preprocessing:encoders:110 - Column ncor1_mut will now start being processed using OrdinalEncoder
2024-03-07 13:49:05.142 | INFO     | preprocessing:encoders:110 - Column stab2_mut will now start being processed using OrdinalEncoder
2024-03-07 13:49:05.159 | INFO     | preprocessing:encoders:110 - Column myh9_mut will now start being processed using OrdinalEncoder
2024-03-07 13:49:05.175 | INFO     | preprocessing:encoders:110 - Column runx1_mut will now start being processed using OrdinalEncoder
2024-03-07 13:49:05.193 | INFO     | preprocessing:encoders:110 - Column nf1_mut will now start being processed using OrdinalEncoder
2024-03-07 13:49:05.218 | INFO     | preprocessing:encoders:110 - Column map2k4_mut will now start being processed using OrdinalEncoder
2024-03-07 13:49:05.236 | INFO     | preprocessing:encoders:110 - Column ros1_mut will now start being processed using OrdinalEncoder
2024-03-07 13:49:05.252 | INFO     | preprocessing:encoders:110 - Column lamb3_mut will now start being processed using OrdinalEncoder
2024-03-07 13:49:05.267 | INFO     | preprocessing:encoders:110 - Column arid1b_mut will now start being processed using OrdinalEncoder
2024-03-07 13:49:05.293 | INFO     | preprocessing:encoders:110 - Column erbb2_mut will now start being processed using OrdinalEncoder
2024-03-07 13:49:05.317 | INFO     | preprocessing:encoders:110 - Column sf3b1_mut will now start being processed using OrdinalEncoder
2024-03-07 13:49:05.333 | INFO     | preprocessing:encoders:110 - Column shank2_mut will now start being processed using OrdinalEncoder
2024-03-07 13:49:05.350 | INFO     | preprocessing:encoders:110 - Column ep300_mut will now start being processed using OrdinalEncoder
2024-03-07 13:49:05.367 | INFO     | preprocessing:encoders:110 - Column ptprd_mut will now start being processed using OrdinalEncoder
2024-03-07 13:49:05.384 | INFO     | preprocessing:encoders:110 - Column usp9x_mut will now start being processed using OrdinalEncoder
2024-03-07 13:49:05.402 | INFO     | preprocessing:encoders:110 - Column setd2_mut will now start being processed using OrdinalEncoder
2024-03-07 13:49:05.413 | INFO     | preprocessing:encoders:110 - Column setd1a_mut will now start being processed using OrdinalEncoder
2024-03-07 13:49:05.436 | INFO     | preprocessing:encoders:110 - Column thsd7a_mut will now start being processed using OrdinalEncoder
2024-03-07 13:49:05.452 | INFO     | preprocessing:encoders:110 - Column afdn_mut will now start being processed using OrdinalEncoder
2024-03-07 13:49:05.476 | INFO     | preprocessing:encoders:110 - Column erbb3_mut will now start being processed using OrdinalEncoder
2024-03-07 13:49:05.496 | INFO     | preprocessing:encoders:110 - Column rb1_mut will now start being processed using OrdinalEncoder
2024-03-07 13:49:05.514 | INFO     | preprocessing:encoders:110 - Column myo1a_mut will now start being processed using OrdinalEncoder
2024-03-07 13:49:05.533 | INFO     | preprocessing:encoders:110 - Column alk_mut will now start being processed using OrdinalEncoder
2024-03-07 13:49:05.551 | INFO     | preprocessing:encoders:110 - Column fanca_mut will now start being processed using OrdinalEncoder
2024-03-07 13:49:05.563 | INFO     | preprocessing:encoders:110 - Column adgra2_mut will now start being processed using OrdinalEncoder
2024-03-07 13:49:05.585 | INFO     | preprocessing:encoders:110 - Column ubr5_mut will now start being processed using OrdinalEncoder
2024-03-07 13:49:05.596 | INFO     | preprocessing:encoders:110 - Column pik3r1_mut will now start being processed using OrdinalEncoder
2024-03-07 13:49:05.627 | INFO     | preprocessing:encoders:110 - Column myo3a_mut will now start being processed using OrdinalEncoder
2024-03-07 13:49:05.646 | INFO     | preprocessing:encoders:110 - Column asxl2_mut will now start being processed using OrdinalEncoder
2024-03-07 13:49:05.665 | INFO     | preprocessing:encoders:110 - Column apc_mut will now start being processed using OrdinalEncoder
2024-03-07 13:49:05.684 | INFO     | preprocessing:encoders:110 - Column ctcf_mut will now start being processed using OrdinalEncoder
2024-03-07 13:49:05.703 | INFO     | preprocessing:encoders:110 - Column asxl1_mut will now start being processed using OrdinalEncoder
2024-03-07 13:49:05.719 | INFO     | preprocessing:encoders:110 - Column fancd2_mut will now start being processed using OrdinalEncoder
2024-03-07 13:49:05.742 | INFO     | preprocessing:encoders:110 - Column taf1_mut will now start being processed using OrdinalEncoder
2024-03-07 13:49:05.760 | INFO     | preprocessing:encoders:110 - Column kdm6a_mut will now start being processed using OrdinalEncoder
2024-03-07 13:49:05.780 | INFO     | preprocessing:encoders:110 - Column ctnna3_mut will now start being processed using OrdinalEncoder
2024-03-07 13:49:05.800 | INFO     | preprocessing:encoders:110 - Column brca1_mut will now start being processed using OrdinalEncoder
2024-03-07 13:49:05.819 | INFO     | preprocessing:encoders:110 - Column ptprm_mut will now start being processed using OrdinalEncoder
2024-03-07 13:49:05.835 | INFO     | preprocessing:encoders:110 - Column foxo3_mut will now start being processed using OrdinalEncoder
2024-03-07 13:49:05.859 | INFO     | preprocessing:encoders:110 - Column usp28_mut will now start being processed using OrdinalEncoder
2024-03-07 13:49:05.879 | INFO     | preprocessing:encoders:110 - Column gldc_mut will now start being processed using OrdinalEncoder
2024-03-07 13:49:05.900 | INFO     | preprocessing:encoders:110 - Column brca2_mut will now start being processed using OrdinalEncoder
2024-03-07 13:49:05.919 | INFO     | preprocessing:encoders:110 - Column cacna2d3_mut will now start being processed using OrdinalEncoder
2024-03-07 13:49:05.935 | INFO     | preprocessing:encoders:110 - Column arid2_mut will now start being processed using OrdinalEncoder
2024-03-07 13:49:05.958 | INFO     | preprocessing:encoders:110 - Column aff2_mut will now start being processed using OrdinalEncoder
2024-03-07 13:49:05.978 | INFO     | preprocessing:encoders:110 - Column lifr_mut will now start being processed using OrdinalEncoder
2024-03-07 13:49:05.998 | INFO     | preprocessing:encoders:110 - Column sbno1_mut will now start being processed using OrdinalEncoder
2024-03-07 13:49:06.017 | INFO     | preprocessing:encoders:110 - Column kdm3a_mut will now start being processed using OrdinalEncoder
2024-03-07 13:49:06.037 | INFO     | preprocessing:encoders:110 - Column ncoa3_mut will now start being processed using OrdinalEncoder
2024-03-07 13:49:06.053 | INFO     | preprocessing:encoders:110 - Column bap1_mut will now start being processed using OrdinalEncoder
2024-03-07 13:49:06.079 | INFO     | preprocessing:encoders:110 - Column l1cam_mut will now start being processed using OrdinalEncoder
2024-03-07 13:49:06.096 | INFO     | preprocessing:encoders:110 - Column pbrm1_mut will now start being processed using OrdinalEncoder
2024-03-07 13:49:06.126 | INFO     | preprocessing:encoders:110 - Column chd1_mut will now start being processed using OrdinalEncoder
2024-03-07 13:49:06.146 | INFO     | preprocessing:encoders:110 - Column jak1_mut will now start being processed using OrdinalEncoder
2024-03-07 13:49:06.168 | INFO     | preprocessing:encoders:110 - Column setdb1_mut will now start being processed using OrdinalEncoder
2024-03-07 13:49:06.185 | INFO     | preprocessing:encoders:110 - Column fam20c_mut will now start being processed using OrdinalEncoder
2024-03-07 13:49:06.208 | INFO     | preprocessing:encoders:110 - Column arid5b_mut will now start being processed using OrdinalEncoder
2024-03-07 13:49:06.230 | INFO     | preprocessing:encoders:110 - Column egfr_mut will now start being processed using OrdinalEncoder
2024-03-07 13:49:06.250 | INFO     | preprocessing:encoders:110 - Column map3k10_mut will now start being processed using OrdinalEncoder
2024-03-07 13:49:06.358 | INFO     | preprocessing:encoders:110 - Column smarcc2_mut will now start being processed using OrdinalEncoder
2024-03-07 13:49:06.376 | INFO     | preprocessing:encoders:110 - Column erbb4_mut will now start being processed using OrdinalEncoder
2024-03-07 13:49:06.395 | INFO     | preprocessing:encoders:110 - Column npnt_mut will now start being processed using OrdinalEncoder
2024-03-07 13:49:06.416 | INFO     | preprocessing:encoders:110 - Column nek1_mut will now start being processed using OrdinalEncoder
2024-03-07 13:49:06.435 | INFO     | preprocessing:encoders:110 - Column agmo_mut will now start being processed using OrdinalEncoder
2024-03-07 13:49:06.457 | INFO     | preprocessing:encoders:110 - Column zfp36l1_mut will now start being processed using OrdinalEncoder
2024-03-07 13:49:06.480 | INFO     | preprocessing:encoders:110 - Column smad4_mut will now start being processed using OrdinalEncoder
2024-03-07 13:49:06.500 | INFO     | preprocessing:encoders:110 - Column sik1_mut will now start being processed using OrdinalEncoder
2024-03-07 13:49:06.517 | INFO     | preprocessing:encoders:110 - Column casp8_mut will now start being processed using OrdinalEncoder
2024-03-07 13:49:06.543 | INFO     | preprocessing:encoders:110 - Column prkcq_mut will now start being processed using OrdinalEncoder
2024-03-07 13:49:06.565 | INFO     | preprocessing:encoders:110 - Column smarcc1_mut will now start being processed using OrdinalEncoder
2024-03-07 13:49:06.587 | INFO     | preprocessing:encoders:110 - Column palld_mut will now start being processed using OrdinalEncoder
2024-03-07 13:49:06.609 | INFO     | preprocessing:encoders:110 - Column dcaf4l2_mut will now start being processed using OrdinalEncoder
2024-03-07 13:49:06.630 | INFO     | preprocessing:encoders:110 - Column bcas3_mut will now start being processed using OrdinalEncoder
2024-03-07 13:49:06.652 | INFO     | preprocessing:encoders:110 - Column cdkn1b_mut will now start being processed using OrdinalEncoder
2024-03-07 13:49:06.668 | INFO     | preprocessing:encoders:110 - Column gps2_mut will now start being processed using OrdinalEncoder
2024-03-07 13:49:06.695 | INFO     | preprocessing:encoders:110 - Column men1_mut will now start being processed using OrdinalEncoder
2024-03-07 13:49:06.717 | INFO     | preprocessing:encoders:110 - Column stk11_mut will now start being processed using OrdinalEncoder
2024-03-07 13:49:06.734 | INFO     | preprocessing:encoders:110 - Column sik2_mut will now start being processed using OrdinalEncoder
2024-03-07 13:49:06.760 | INFO     | preprocessing:encoders:110 - Column ptpn22_mut will now start being processed using OrdinalEncoder
2024-03-07 13:49:06.781 | INFO     | preprocessing:encoders:110 - Column brip1_mut will now start being processed using OrdinalEncoder
2024-03-07 13:49:06.801 | INFO     | preprocessing:encoders:110 - Column flt3_mut will now start being processed using OrdinalEncoder
2024-03-07 13:49:06.819 | INFO     | preprocessing:encoders:110 - Column nrg3_mut will now start being processed using OrdinalEncoder
2024-03-07 13:49:06.843 | INFO     | preprocessing:encoders:110 - Column fbxw7_mut will now start being processed using OrdinalEncoder
2024-03-07 13:49:06.864 | INFO     | preprocessing:encoders:110 - Column ttyh1_mut will now start being processed using OrdinalEncoder
2024-03-07 13:49:06.885 | INFO     | preprocessing:encoders:110 - Column taf4b_mut will now start being processed using OrdinalEncoder
2024-03-07 13:49:06.908 | INFO     | preprocessing:encoders:110 - Column or6a2_mut will now start being processed using OrdinalEncoder
2024-03-07 13:49:06.930 | INFO     | preprocessing:encoders:110 - Column map3k13_mut will now start being processed using OrdinalEncoder
2024-03-07 13:49:06.950 | INFO     | preprocessing:encoders:110 - Column hdac9_mut will now start being processed using OrdinalEncoder
2024-03-07 13:49:06.967 | INFO     | preprocessing:encoders:110 - Column prkacg_mut will now start being processed using OrdinalEncoder
2024-03-07 13:49:06.994 | INFO     | preprocessing:encoders:110 - Column rpgr_mut will now start being processed using OrdinalEncoder
2024-03-07 13:49:07.014 | INFO     | preprocessing:encoders:110 - Column large1_mut will now start being processed using OrdinalEncoder
2024-03-07 13:49:07.033 | INFO     | preprocessing:encoders:110 - Column foxp1_mut will now start being processed using OrdinalEncoder
2024-03-07 13:49:07.057 | INFO     | preprocessing:encoders:110 - Column clk3_mut will now start being processed using OrdinalEncoder
2024-03-07 13:49:07.081 | INFO     | preprocessing:encoders:110 - Column prkcz_mut will now start being processed using OrdinalEncoder
2024-03-07 13:49:07.101 | INFO     | preprocessing:encoders:110 - Column lipi_mut will now start being processed using OrdinalEncoder
2024-03-07 13:49:07.126 | INFO     | preprocessing:encoders:110 - Column ppp2r2a_mut will now start being processed using OrdinalEncoder
2024-03-07 13:49:07.147 | INFO     | preprocessing:encoders:110 - Column prkce_mut will now start being processed using OrdinalEncoder
2024-03-07 13:49:07.167 | INFO     | preprocessing:encoders:110 - Column gh1_mut will now start being processed using OrdinalEncoder
2024-03-07 13:49:07.194 | INFO     | preprocessing:encoders:110 - Column gpr32_mut will now start being processed using OrdinalEncoder
2024-03-07 13:49:07.216 | INFO     | preprocessing:encoders:110 - Column kras_mut will now start being processed using OrdinalEncoder
2024-03-07 13:49:07.248 | INFO     | preprocessing:encoders:110 - Column nf2_mut will now start being processed using OrdinalEncoder
2024-03-07 13:49:07.276 | INFO     | preprocessing:encoders:110 - Column chek2_mut will now start being processed using OrdinalEncoder
2024-03-07 13:49:07.302 | INFO     | preprocessing:encoders:110 - Column ldlrap1_mut will now start being processed using OrdinalEncoder
2024-03-07 13:49:07.326 | INFO     | preprocessing:encoders:110 - Column clrn2_mut will now start being processed using OrdinalEncoder
2024-03-07 13:49:07.347 | INFO     | preprocessing:encoders:110 - Column acvrl1_mut will now start being processed using OrdinalEncoder
2024-03-07 13:49:07.366 | INFO     | preprocessing:encoders:110 - Column agtr2_mut will now start being processed using OrdinalEncoder
2024-03-07 13:49:07.392 | INFO     | preprocessing:encoders:110 - Column cdkn2a_mut will now start being processed using OrdinalEncoder
2024-03-07 13:49:07.415 | INFO     | preprocessing:encoders:110 - Column ctnna1_mut will now start being processed using OrdinalEncoder
2024-03-07 13:49:07.434 | INFO     | preprocessing:encoders:110 - Column magea8_mut will now start being processed using OrdinalEncoder
2024-03-07 13:49:07.462 | INFO     | preprocessing:encoders:110 - Column prr16_mut will now start being processed using OrdinalEncoder
2024-03-07 13:49:07.483 | INFO     | preprocessing:encoders:110 - Column dtwd2_mut will now start being processed using OrdinalEncoder
2024-03-07 13:49:07.512 | INFO     | preprocessing:encoders:110 - Column akt2_mut will now start being processed using OrdinalEncoder
2024-03-07 13:49:07.532 | INFO     | preprocessing:encoders:110 - Column braf_mut will now start being processed using OrdinalEncoder
2024-03-07 13:49:07.564 | INFO     | preprocessing:encoders:110 - Column foxo1_mut will now start being processed using OrdinalEncoder
2024-03-07 13:49:07.583 | INFO     | preprocessing:encoders:110 - Column nt5e_mut will now start being processed using OrdinalEncoder
2024-03-07 13:49:07.611 | INFO     | preprocessing:encoders:110 - Column ccnd3_mut will now start being processed using OrdinalEncoder
2024-03-07 13:49:07.632 | INFO     | preprocessing:encoders:110 - Column nr3c1_mut will now start being processed using OrdinalEncoder
2024-03-07 13:49:07.659 | INFO     | preprocessing:encoders:110 - Column prkg1_mut will now start being processed using OrdinalEncoder
2024-03-07 13:49:07.683 | INFO     | preprocessing:encoders:110 - Column tbl1xr1_mut will now start being processed using OrdinalEncoder
2024-03-07 13:49:07.712 | INFO     | preprocessing:encoders:110 - Column frmd3_mut will now start being processed using OrdinalEncoder
2024-03-07 13:49:07.742 | INFO     | preprocessing:encoders:110 - Column smad2_mut will now start being processed using OrdinalEncoder
2024-03-07 13:49:07.761 | INFO     | preprocessing:encoders:110 - Column sgcd_mut will now start being processed using OrdinalEncoder
2024-03-07 13:49:07.792 | INFO     | preprocessing:encoders:110 - Column spaca1_mut will now start being processed using OrdinalEncoder
2024-03-07 13:49:07.811 | INFO     | preprocessing:encoders:110 - Column rasgef1b_mut will now start being processed using OrdinalEncoder
2024-03-07 13:49:07.840 | INFO     | preprocessing:encoders:110 - Column hist1h2bc_mut will now start being processed using OrdinalEncoder
2024-03-07 13:49:07.865 | INFO     | preprocessing:encoders:110 - Column nr2f1_mut will now start being processed using OrdinalEncoder
2024-03-07 13:49:07.890 | INFO     | preprocessing:encoders:110 - Column klrg1_mut will now start being processed using OrdinalEncoder
2024-03-07 13:49:07.916 | INFO     | preprocessing:encoders:110 - Column mbl2_mut will now start being processed using OrdinalEncoder
2024-03-07 13:49:07.944 | INFO     | preprocessing:encoders:110 - Column mtap_mut will now start being processed using OrdinalEncoder
2024-03-07 13:49:07.966 | INFO     | preprocessing:encoders:110 - Column ppp2cb_mut will now start being processed using OrdinalEncoder
2024-03-07 13:49:07.994 | INFO     | preprocessing:encoders:110 - Column smarcd1_mut will now start being processed using OrdinalEncoder
2024-03-07 13:49:08.016 | INFO     | preprocessing:encoders:110 - Column nras_mut will now start being processed using OrdinalEncoder
2024-03-07 13:49:08.043 | INFO     | preprocessing:encoders:110 - Column ndfip1_mut will now start being processed using OrdinalEncoder
2024-03-07 13:49:08.065 | INFO     | preprocessing:encoders:110 - Column hras_mut will now start being processed using OrdinalEncoder
2024-03-07 13:49:08.092 | INFO     | preprocessing:encoders:110 - Column prps2_mut will now start being processed using OrdinalEncoder
2024-03-07 13:49:08.116 | INFO     | preprocessing:encoders:110 - Column smarcb1_mut will now start being processed using OrdinalEncoder
2024-03-07 13:49:08.142 | INFO     | preprocessing:encoders:110 - Column stmn2_mut will now start being processed using OrdinalEncoder
2024-03-07 13:49:08.166 | INFO     | preprocessing:encoders:110 - Column siah1_mut will now start being processed using OrdinalEncoder
2024-03-07 13:49:08.211 | INFO     | train_model:tabular_data_split:93 - Creating data splits for model training.
2024-03-07 13:49:08.223 | INFO     | train_model:tabular_data_split:94 - Data shape: (1904, 687)
2024-03-07 13:49:08.229 | INFO     | train_model:tabular_data_split:95 - Label distribution:
overall_survival
0                   1103
1                    801
dtype: int64
2024-03-07 13:49:08.229 | WARNING  | train_model:tabular_data_split:108 - Shuffle is currently set to True. If you're using time-series data, this is not advisable.
2024-03-07 13:49:08.241 | INFO     | train_model:tabular_data_split:161 - 
Shape of training data: (1523, 687). 
Shape of test data: (381, 687)
Using a split with a validation size of 0.3 out of 0.7 training split - 0.21 is the real hold-out/validation set size.
The actual test size is 0.2 (1 -  training split).
2024-03-07 13:49:08.245 | INFO     | train_model:train_and_optimize_clf:176 - Finding best baseline classifier.
2024-03-07 13:49:08.249 | INFO     | train_model:train_and_optimize_clf:198 - DummyClassifier with most_frequent was used to compute the baseline score for baseline model search. The DummyClassifier score is: 0.5791201575837164. NOTE: The score for the dummy classifier is 'accuracy'.
2024-03-07 13:49:08.253 | INFO     | utils:_return_cross_validation:26 - 

Loading cross-validation strategy 'StratifiedKFold' with the following parameters:
{'n_splits': 10, 'shuffle': True, 'random_state': 0}. 
2024-03-07 13:49:08.254 | INFO     | train_model:train_and_optimize_clf:232 - Running LGBMClassifier. 
2024-03-07 13:49:08.257 | INFO     | train_model:train_and_optimize_clf:294 - Optimizing baseline model using 'optuna'. 
 Baseline model is LGBMClassifier and it will be optimized with the following parameters: 
{'n_estimators': [10, 50, 100, 200, 300], 'max_depth': [3, 5, 7, 9, 12], 'learning_rate': [0.01, 0.05, 0.1, 0.2, 0.3], 'num_leaves': [15, 31, 63, 127, 255]}
2024-03-07 13:56:13.152 | INFO     | train_model:predict_clf:542 - Calculating classification report on the unseen test dataset with the best optimized model: LGBMClassifier.
2024-03-07 13:56:13.520 | INFO     | train_model:train_and_optimize_clf:407 - 

- Score being used to attain the best model is 'accuracy'.

- The scores for the optimized version with 'optuna' of the 'LGBMClassifier' model are:

- Validation score:
0.701  0.046.

- Training score:
0.831  0.005. 

- Test score:
0.693
2024-03-07 13:56:13.522 | INFO     | train_model:train_and_optimize_clf:429 - Best model is: LGBMClassifier and it has the following optimized parameters:

 <bound method LGBMModel.get_params of LGBMClassifier(learning_rate=0.01, max_depth=3, n_estimators=300,
               num_leaves=127)>

... with a test 'accuracy' of 0.693
2024-03-07 13:56:14.373 | INFO     | train_model:save_best_model:583 - Saving the best model:

LGBMClassifier(learning_rate=0.01, max_depth=3, n_estimators=300,
               num_leaves=127)
