2024-03-10 20:19:26.512 | INFO     | __main__:main:194 - Directory where outputs will be saved: C://Users//rafaelo//OneDrive - NTNU//Documents//Projects//preprocessing//preprocessing//preprocessing\reports\PipelineRun_2024_03_10-08_19_26_PM
2024-03-10 20:19:26.527 | WARNING  | __main__:run_PreProcessor:68 - Note: It is important that numerical columns are pre-processed first, before categorical ones. This is to avoid OneHotEncoded columns (binary 0 and 1) to be seen as numerical during numerical pre-processing.
2024-03-10 20:19:26.535 | INFO     | preprocessing:NA_solver:163 - Running NaN solver
2024-03-10 20:25:28.812 | INFO     | preprocessing:encoders:38 - Pre-processing numerical columns
2024-03-10 20:25:28.822 | INFO     | preprocessing:encoders:110 - Column patient_id will now start being processed using MinMaxScaler
2024-03-10 20:25:28.840 | INFO     | preprocessing:encoders:110 - Column age_at_diagnosis will now start being processed using MinMaxScaler
2024-03-10 20:25:28.850 | INFO     | preprocessing:encoders:110 - Column type_of_breast_surgery will now start being processed using MinMaxScaler
2024-03-10 20:25:28.864 | INFO     | preprocessing:encoders:110 - Column cancer_type will now start being processed using MinMaxScaler
2024-03-10 20:25:28.873 | INFO     | preprocessing:encoders:110 - Column cancer_type_detailed will now start being processed using MinMaxScaler
2024-03-10 20:25:28.895 | INFO     | preprocessing:encoders:110 - Column cellularity will now start being processed using MinMaxScaler
2024-03-10 20:25:28.911 | INFO     | preprocessing:encoders:110 - Column chemotherapy will now start being processed using MinMaxScaler
2024-03-10 20:25:28.923 | INFO     | preprocessing:encoders:110 - Column pam50_+_claudin-low_subtype will now start being processed using MinMaxScaler
2024-03-10 20:25:28.950 | INFO     | preprocessing:encoders:110 - Column cohort will now start being processed using MinMaxScaler
2024-03-10 20:25:28.977 | INFO     | preprocessing:encoders:110 - Column er_status_measured_by_ihc will now start being processed using MinMaxScaler
2024-03-10 20:25:28.996 | INFO     | preprocessing:encoders:110 - Column er_status will now start being processed using MinMaxScaler
2024-03-10 20:25:29.019 | INFO     | preprocessing:encoders:110 - Column neoplasm_histologic_grade will now start being processed using MinMaxScaler
2024-03-10 20:25:29.028 | INFO     | preprocessing:encoders:110 - Column her2_status_measured_by_snp6 will now start being processed using MinMaxScaler
2024-03-10 20:25:29.045 | INFO     | preprocessing:encoders:110 - Column her2_status will now start being processed using MinMaxScaler
2024-03-10 20:25:29.061 | INFO     | preprocessing:encoders:110 - Column tumor_other_histologic_subtype will now start being processed using MinMaxScaler
2024-03-10 20:25:29.079 | INFO     | preprocessing:encoders:110 - Column hormone_therapy will now start being processed using MinMaxScaler
2024-03-10 20:25:29.094 | INFO     | preprocessing:encoders:110 - Column inferred_menopausal_state will now start being processed using MinMaxScaler
2024-03-10 20:25:29.104 | INFO     | preprocessing:encoders:110 - Column integrative_cluster will now start being processed using MinMaxScaler
2024-03-10 20:25:29.121 | INFO     | preprocessing:encoders:110 - Column primary_tumor_laterality will now start being processed using MinMaxScaler
2024-03-10 20:25:29.131 | INFO     | preprocessing:encoders:110 - Column lymph_nodes_examined_positive will now start being processed using MinMaxScaler
2024-03-10 20:25:29.139 | INFO     | preprocessing:encoders:110 - Column mutation_count will now start being processed using MinMaxScaler
2024-03-10 20:25:29.157 | INFO     | preprocessing:encoders:110 - Column nottingham_prognostic_index will now start being processed using MinMaxScaler
2024-03-10 20:25:29.170 | INFO     | preprocessing:encoders:110 - Column oncotree_code will now start being processed using MinMaxScaler
2024-03-10 20:25:29.179 | INFO     | preprocessing:encoders:110 - Column overall_survival_months will now start being processed using MinMaxScaler
2024-03-10 20:25:29.194 | INFO     | preprocessing:encoders:110 - Column overall_survival will now start being processed using MinMaxScaler
2024-03-10 20:25:29.212 | INFO     | preprocessing:encoders:110 - Column pr_status will now start being processed using MinMaxScaler
2024-03-10 20:25:29.228 | INFO     | preprocessing:encoders:110 - Column radio_therapy will now start being processed using MinMaxScaler
2024-03-10 20:25:29.236 | INFO     | preprocessing:encoders:110 - Column 3-gene_classifier_subtype will now start being processed using MinMaxScaler
2024-03-10 20:25:29.244 | INFO     | preprocessing:encoders:110 - Column tumor_size will now start being processed using MinMaxScaler
2024-03-10 20:25:29.254 | INFO     | preprocessing:encoders:110 - Column tumor_stage will now start being processed using MinMaxScaler
2024-03-10 20:25:29.272 | INFO     | preprocessing:encoders:110 - Column death_from_cancer will now start being processed using MinMaxScaler
2024-03-10 20:25:29.288 | INFO     | preprocessing:encoders:110 - Column brca1 will now start being processed using MinMaxScaler
2024-03-10 20:25:29.301 | INFO     | preprocessing:encoders:110 - Column brca2 will now start being processed using MinMaxScaler
2024-03-10 20:25:29.314 | INFO     | preprocessing:encoders:110 - Column palb2 will now start being processed using MinMaxScaler
2024-03-10 20:25:29.319 | INFO     | preprocessing:encoders:110 - Column pten will now start being processed using MinMaxScaler
2024-03-10 20:25:29.337 | INFO     | preprocessing:encoders:110 - Column tp53 will now start being processed using MinMaxScaler
2024-03-10 20:25:29.346 | INFO     | preprocessing:encoders:110 - Column atm will now start being processed using MinMaxScaler
2024-03-10 20:25:29.354 | INFO     | preprocessing:encoders:110 - Column cdh1 will now start being processed using MinMaxScaler
2024-03-10 20:25:29.371 | INFO     | preprocessing:encoders:110 - Column chek2 will now start being processed using MinMaxScaler
2024-03-10 20:25:29.380 | INFO     | preprocessing:encoders:110 - Column nbn will now start being processed using MinMaxScaler
2024-03-10 20:25:29.396 | INFO     | preprocessing:encoders:110 - Column nf1 will now start being processed using MinMaxScaler
2024-03-10 20:25:29.404 | INFO     | preprocessing:encoders:110 - Column stk11 will now start being processed using MinMaxScaler
2024-03-10 20:25:29.419 | INFO     | preprocessing:encoders:110 - Column bard1 will now start being processed using MinMaxScaler
2024-03-10 20:25:29.428 | INFO     | preprocessing:encoders:110 - Column mlh1 will now start being processed using MinMaxScaler
2024-03-10 20:25:29.436 | INFO     | preprocessing:encoders:110 - Column msh2 will now start being processed using MinMaxScaler
2024-03-10 20:25:29.444 | INFO     | preprocessing:encoders:110 - Column msh6 will now start being processed using MinMaxScaler
2024-03-10 20:25:29.468 | INFO     | preprocessing:encoders:110 - Column pms2 will now start being processed using MinMaxScaler
2024-03-10 20:25:29.478 | INFO     | preprocessing:encoders:110 - Column epcam will now start being processed using MinMaxScaler
2024-03-10 20:25:29.495 | INFO     | preprocessing:encoders:110 - Column rad51c will now start being processed using MinMaxScaler
2024-03-10 20:25:29.506 | INFO     | preprocessing:encoders:110 - Column rad51d will now start being processed using MinMaxScaler
2024-03-10 20:25:29.519 | INFO     | preprocessing:encoders:110 - Column rad50 will now start being processed using MinMaxScaler
2024-03-10 20:25:29.522 | INFO     | preprocessing:encoders:110 - Column rb1 will now start being processed using MinMaxScaler
2024-03-10 20:25:29.535 | INFO     | preprocessing:encoders:110 - Column rbl1 will now start being processed using MinMaxScaler
2024-03-10 20:25:29.551 | INFO     | preprocessing:encoders:110 - Column rbl2 will now start being processed using MinMaxScaler
2024-03-10 20:25:29.561 | INFO     | preprocessing:encoders:110 - Column ccna1 will now start being processed using MinMaxScaler
2024-03-10 20:25:29.568 | INFO     | preprocessing:encoders:110 - Column ccnb1 will now start being processed using MinMaxScaler
2024-03-10 20:25:29.579 | INFO     | preprocessing:encoders:110 - Column cdk1 will now start being processed using MinMaxScaler
2024-03-10 20:25:29.588 | INFO     | preprocessing:encoders:110 - Column ccne1 will now start being processed using MinMaxScaler
2024-03-10 20:25:29.605 | INFO     | preprocessing:encoders:110 - Column cdk2 will now start being processed using MinMaxScaler
2024-03-10 20:25:29.613 | INFO     | preprocessing:encoders:110 - Column cdc25a will now start being processed using MinMaxScaler
2024-03-10 20:25:29.633 | INFO     | preprocessing:encoders:110 - Column ccnd1 will now start being processed using MinMaxScaler
2024-03-10 20:25:29.642 | INFO     | preprocessing:encoders:110 - Column cdk4 will now start being processed using MinMaxScaler
2024-03-10 20:25:29.660 | INFO     | preprocessing:encoders:110 - Column cdk6 will now start being processed using MinMaxScaler
2024-03-10 20:25:29.669 | INFO     | preprocessing:encoders:110 - Column ccnd2 will now start being processed using MinMaxScaler
2024-03-10 20:25:29.677 | INFO     | preprocessing:encoders:110 - Column cdkn2a will now start being processed using MinMaxScaler
2024-03-10 20:25:29.690 | INFO     | preprocessing:encoders:110 - Column cdkn2b will now start being processed using MinMaxScaler
2024-03-10 20:25:29.701 | INFO     | preprocessing:encoders:110 - Column myc will now start being processed using MinMaxScaler
2024-03-10 20:25:29.709 | INFO     | preprocessing:encoders:110 - Column cdkn1a will now start being processed using MinMaxScaler
2024-03-10 20:25:29.718 | INFO     | preprocessing:encoders:110 - Column cdkn1b will now start being processed using MinMaxScaler
2024-03-10 20:25:29.736 | INFO     | preprocessing:encoders:110 - Column e2f1 will now start being processed using MinMaxScaler
2024-03-10 20:25:29.758 | INFO     | preprocessing:encoders:110 - Column e2f2 will now start being processed using MinMaxScaler
2024-03-10 20:25:29.787 | INFO     | preprocessing:encoders:110 - Column e2f3 will now start being processed using MinMaxScaler
2024-03-10 20:25:29.797 | INFO     | preprocessing:encoders:110 - Column e2f4 will now start being processed using MinMaxScaler
2024-03-10 20:25:29.811 | INFO     | preprocessing:encoders:110 - Column e2f5 will now start being processed using MinMaxScaler
2024-03-10 20:25:29.828 | INFO     | preprocessing:encoders:110 - Column e2f6 will now start being processed using MinMaxScaler
2024-03-10 20:25:29.852 | INFO     | preprocessing:encoders:110 - Column e2f7 will now start being processed using MinMaxScaler
2024-03-10 20:25:29.859 | INFO     | preprocessing:encoders:110 - Column e2f8 will now start being processed using MinMaxScaler
2024-03-10 20:25:29.876 | INFO     | preprocessing:encoders:110 - Column src will now start being processed using MinMaxScaler
2024-03-10 20:25:29.894 | INFO     | preprocessing:encoders:110 - Column jak1 will now start being processed using MinMaxScaler
2024-03-10 20:25:29.905 | INFO     | preprocessing:encoders:110 - Column jak2 will now start being processed using MinMaxScaler
2024-03-10 20:25:29.915 | INFO     | preprocessing:encoders:110 - Column stat1 will now start being processed using MinMaxScaler
2024-03-10 20:25:29.928 | INFO     | preprocessing:encoders:110 - Column stat2 will now start being processed using MinMaxScaler
2024-03-10 20:25:29.936 | INFO     | preprocessing:encoders:110 - Column stat3 will now start being processed using MinMaxScaler
2024-03-10 20:25:29.954 | INFO     | preprocessing:encoders:110 - Column stat5a will now start being processed using MinMaxScaler
2024-03-10 20:25:29.972 | INFO     | preprocessing:encoders:110 - Column stat5b will now start being processed using MinMaxScaler
2024-03-10 20:25:29.981 | INFO     | preprocessing:encoders:110 - Column mdm2 will now start being processed using MinMaxScaler
2024-03-10 20:25:29.997 | INFO     | preprocessing:encoders:110 - Column tp53bp1 will now start being processed using MinMaxScaler
2024-03-10 20:25:30.013 | INFO     | preprocessing:encoders:110 - Column adam10 will now start being processed using MinMaxScaler
2024-03-10 20:25:30.022 | INFO     | preprocessing:encoders:110 - Column adam17 will now start being processed using MinMaxScaler
2024-03-10 20:25:30.032 | INFO     | preprocessing:encoders:110 - Column aph1a will now start being processed using MinMaxScaler
2024-03-10 20:25:30.040 | INFO     | preprocessing:encoders:110 - Column aph1b will now start being processed using MinMaxScaler
2024-03-10 20:25:30.057 | INFO     | preprocessing:encoders:110 - Column arrdc1 will now start being processed using MinMaxScaler
2024-03-10 20:25:30.072 | INFO     | preprocessing:encoders:110 - Column cir1 will now start being processed using MinMaxScaler
2024-03-10 20:25:30.081 | INFO     | preprocessing:encoders:110 - Column ctbp1 will now start being processed using MinMaxScaler
2024-03-10 20:25:30.094 | INFO     | preprocessing:encoders:110 - Column ctbp2 will now start being processed using MinMaxScaler
2024-03-10 20:25:30.102 | INFO     | preprocessing:encoders:110 - Column cul1 will now start being processed using MinMaxScaler
2024-03-10 20:25:30.119 | INFO     | preprocessing:encoders:110 - Column dll1 will now start being processed using MinMaxScaler
2024-03-10 20:25:30.136 | INFO     | preprocessing:encoders:110 - Column dll3 will now start being processed using MinMaxScaler
2024-03-10 20:25:30.149 | INFO     | preprocessing:encoders:110 - Column dll4 will now start being processed using MinMaxScaler
2024-03-10 20:25:30.153 | INFO     | preprocessing:encoders:110 - Column dtx1 will now start being processed using MinMaxScaler
2024-03-10 20:25:30.168 | INFO     | preprocessing:encoders:110 - Column dtx2 will now start being processed using MinMaxScaler
2024-03-10 20:25:30.185 | INFO     | preprocessing:encoders:110 - Column dtx3 will now start being processed using MinMaxScaler
2024-03-10 20:25:30.194 | INFO     | preprocessing:encoders:110 - Column dtx4 will now start being processed using MinMaxScaler
2024-03-10 20:25:30.203 | INFO     | preprocessing:encoders:110 - Column ep300 will now start being processed using MinMaxScaler
2024-03-10 20:25:30.223 | INFO     | preprocessing:encoders:110 - Column fbxw7 will now start being processed using MinMaxScaler
2024-03-10 20:25:30.236 | INFO     | preprocessing:encoders:110 - Column hdac1 will now start being processed using MinMaxScaler
2024-03-10 20:25:30.244 | INFO     | preprocessing:encoders:110 - Column hdac2 will now start being processed using MinMaxScaler
2024-03-10 20:25:30.261 | INFO     | preprocessing:encoders:110 - Column hes1 will now start being processed using MinMaxScaler
2024-03-10 20:25:30.265 | INFO     | preprocessing:encoders:110 - Column hes5 will now start being processed using MinMaxScaler
2024-03-10 20:25:30.281 | INFO     | preprocessing:encoders:110 - Column heyl will now start being processed using MinMaxScaler
2024-03-10 20:25:30.290 | INFO     | preprocessing:encoders:110 - Column itch will now start being processed using MinMaxScaler
2024-03-10 20:25:30.303 | INFO     | preprocessing:encoders:110 - Column jag1 will now start being processed using MinMaxScaler
2024-03-10 20:25:30.311 | INFO     | preprocessing:encoders:110 - Column jag2 will now start being processed using MinMaxScaler
2024-03-10 20:25:30.326 | INFO     | preprocessing:encoders:110 - Column kdm5a will now start being processed using MinMaxScaler
2024-03-10 20:25:30.335 | INFO     | preprocessing:encoders:110 - Column lfng will now start being processed using MinMaxScaler
2024-03-10 20:25:30.351 | INFO     | preprocessing:encoders:110 - Column maml1 will now start being processed using MinMaxScaler
2024-03-10 20:25:30.365 | INFO     | preprocessing:encoders:110 - Column maml2 will now start being processed using MinMaxScaler
2024-03-10 20:25:30.378 | INFO     | preprocessing:encoders:110 - Column maml3 will now start being processed using MinMaxScaler
2024-03-10 20:25:30.390 | INFO     | preprocessing:encoders:110 - Column ncor2 will now start being processed using MinMaxScaler
2024-03-10 20:25:30.401 | INFO     | preprocessing:encoders:110 - Column ncstn will now start being processed using MinMaxScaler
2024-03-10 20:25:30.408 | INFO     | preprocessing:encoders:110 - Column notch1 will now start being processed using MinMaxScaler
2024-03-10 20:25:30.418 | INFO     | preprocessing:encoders:110 - Column notch2 will now start being processed using MinMaxScaler
2024-03-10 20:25:30.434 | INFO     | preprocessing:encoders:110 - Column notch3 will now start being processed using MinMaxScaler
2024-03-10 20:25:30.454 | INFO     | preprocessing:encoders:110 - Column nrarp will now start being processed using MinMaxScaler
2024-03-10 20:25:30.493 | INFO     | preprocessing:encoders:110 - Column numb will now start being processed using MinMaxScaler
2024-03-10 20:25:30.509 | INFO     | preprocessing:encoders:110 - Column numbl will now start being processed using MinMaxScaler
2024-03-10 20:25:30.525 | INFO     | preprocessing:encoders:110 - Column psen1 will now start being processed using MinMaxScaler
2024-03-10 20:25:30.536 | INFO     | preprocessing:encoders:110 - Column psen2 will now start being processed using MinMaxScaler
2024-03-10 20:25:30.543 | INFO     | preprocessing:encoders:110 - Column psenen will now start being processed using MinMaxScaler
2024-03-10 20:25:30.560 | INFO     | preprocessing:encoders:110 - Column rbpj will now start being processed using MinMaxScaler
2024-03-10 20:25:30.577 | INFO     | preprocessing:encoders:110 - Column rbpjl will now start being processed using MinMaxScaler
2024-03-10 20:25:30.590 | INFO     | preprocessing:encoders:110 - Column rfng will now start being processed using MinMaxScaler
2024-03-10 20:25:30.603 | INFO     | preprocessing:encoders:110 - Column snw1 will now start being processed using MinMaxScaler
2024-03-10 20:25:30.610 | INFO     | preprocessing:encoders:110 - Column spen will now start being processed using MinMaxScaler
2024-03-10 20:25:30.627 | INFO     | preprocessing:encoders:110 - Column hes2 will now start being processed using MinMaxScaler
2024-03-10 20:25:30.634 | INFO     | preprocessing:encoders:110 - Column hes4 will now start being processed using MinMaxScaler
2024-03-10 20:25:30.643 | INFO     | preprocessing:encoders:110 - Column hes7 will now start being processed using MinMaxScaler
2024-03-10 20:25:30.663 | INFO     | preprocessing:encoders:110 - Column hey1 will now start being processed using MinMaxScaler
2024-03-10 20:25:30.670 | INFO     | preprocessing:encoders:110 - Column hey2 will now start being processed using MinMaxScaler
2024-03-10 20:25:30.693 | INFO     | preprocessing:encoders:110 - Column acvr1 will now start being processed using MinMaxScaler
2024-03-10 20:25:30.709 | INFO     | preprocessing:encoders:110 - Column acvr1b will now start being processed using MinMaxScaler
2024-03-10 20:25:30.723 | INFO     | preprocessing:encoders:110 - Column acvr1c will now start being processed using MinMaxScaler
2024-03-10 20:25:30.731 | INFO     | preprocessing:encoders:110 - Column acvr2a will now start being processed using MinMaxScaler
2024-03-10 20:25:30.747 | INFO     | preprocessing:encoders:110 - Column acvr2b will now start being processed using MinMaxScaler
2024-03-10 20:25:30.755 | INFO     | preprocessing:encoders:110 - Column acvrl1 will now start being processed using MinMaxScaler
2024-03-10 20:25:30.770 | INFO     | preprocessing:encoders:110 - Column akt1 will now start being processed using MinMaxScaler
2024-03-10 20:25:30.778 | INFO     | preprocessing:encoders:110 - Column akt1s1 will now start being processed using MinMaxScaler
2024-03-10 20:25:30.794 | INFO     | preprocessing:encoders:110 - Column akt2 will now start being processed using MinMaxScaler
2024-03-10 20:25:30.802 | INFO     | preprocessing:encoders:110 - Column apaf1 will now start being processed using MinMaxScaler
2024-03-10 20:25:30.811 | INFO     | preprocessing:encoders:110 - Column arl11 will now start being processed using MinMaxScaler
2024-03-10 20:25:30.829 | INFO     | preprocessing:encoders:110 - Column atr will now start being processed using MinMaxScaler
2024-03-10 20:25:30.837 | INFO     | preprocessing:encoders:110 - Column aurka will now start being processed using MinMaxScaler
2024-03-10 20:25:30.851 | INFO     | preprocessing:encoders:110 - Column bad will now start being processed using MinMaxScaler
2024-03-10 20:25:30.860 | INFO     | preprocessing:encoders:110 - Column bcl2 will now start being processed using MinMaxScaler
2024-03-10 20:25:30.870 | INFO     | preprocessing:encoders:110 - Column bcl2l1 will now start being processed using MinMaxScaler
2024-03-10 20:25:30.885 | INFO     | preprocessing:encoders:110 - Column bmp10 will now start being processed using MinMaxScaler
2024-03-10 20:25:30.895 | INFO     | preprocessing:encoders:110 - Column bmp15 will now start being processed using MinMaxScaler
2024-03-10 20:25:30.904 | INFO     | preprocessing:encoders:110 - Column bmp2 will now start being processed using MinMaxScaler
2024-03-10 20:25:30.919 | INFO     | preprocessing:encoders:110 - Column bmp3 will now start being processed using MinMaxScaler
2024-03-10 20:25:30.927 | INFO     | preprocessing:encoders:110 - Column bmp4 will now start being processed using MinMaxScaler
2024-03-10 20:25:30.940 | INFO     | preprocessing:encoders:110 - Column bmp5 will now start being processed using MinMaxScaler
2024-03-10 20:25:30.953 | INFO     | preprocessing:encoders:110 - Column bmp6 will now start being processed using MinMaxScaler
2024-03-10 20:25:30.958 | INFO     | preprocessing:encoders:110 - Column bmp7 will now start being processed using MinMaxScaler
2024-03-10 20:25:30.970 | INFO     | preprocessing:encoders:110 - Column bmpr1a will now start being processed using MinMaxScaler
2024-03-10 20:25:30.986 | INFO     | preprocessing:encoders:110 - Column bmpr1b will now start being processed using MinMaxScaler
2024-03-10 20:25:30.995 | INFO     | preprocessing:encoders:110 - Column bmpr2 will now start being processed using MinMaxScaler
2024-03-10 20:25:31.012 | INFO     | preprocessing:encoders:110 - Column braf will now start being processed using MinMaxScaler
2024-03-10 20:25:31.031 | INFO     | preprocessing:encoders:110 - Column casp10 will now start being processed using MinMaxScaler
2024-03-10 20:25:31.051 | INFO     | preprocessing:encoders:110 - Column casp3 will now start being processed using MinMaxScaler
2024-03-10 20:25:31.060 | INFO     | preprocessing:encoders:110 - Column casp6 will now start being processed using MinMaxScaler
2024-03-10 20:25:31.065 | INFO     | preprocessing:encoders:110 - Column casp7 will now start being processed using MinMaxScaler
2024-03-10 20:25:31.083 | INFO     | preprocessing:encoders:110 - Column casp8 will now start being processed using MinMaxScaler
2024-03-10 20:25:31.096 | INFO     | preprocessing:encoders:110 - Column casp9 will now start being processed using MinMaxScaler
2024-03-10 20:25:31.109 | INFO     | preprocessing:encoders:110 - Column chek1 will now start being processed using MinMaxScaler
2024-03-10 20:25:31.133 | INFO     | preprocessing:encoders:110 - Column csf1 will now start being processed using MinMaxScaler
2024-03-10 20:25:31.153 | INFO     | preprocessing:encoders:110 - Column csf1r will now start being processed using MinMaxScaler
2024-03-10 20:25:31.169 | INFO     | preprocessing:encoders:110 - Column cxcl8 will now start being processed using MinMaxScaler
2024-03-10 20:25:31.188 | INFO     | preprocessing:encoders:110 - Column cxcr1 will now start being processed using MinMaxScaler
2024-03-10 20:25:31.221 | INFO     | preprocessing:encoders:110 - Column cxcr2 will now start being processed using MinMaxScaler
2024-03-10 20:25:31.235 | INFO     | preprocessing:encoders:110 - Column dab2 will now start being processed using MinMaxScaler
2024-03-10 20:25:31.259 | INFO     | preprocessing:encoders:110 - Column diras3 will now start being processed using MinMaxScaler
2024-03-10 20:25:31.267 | INFO     | preprocessing:encoders:110 - Column dlec1 will now start being processed using MinMaxScaler
2024-03-10 20:25:31.277 | INFO     | preprocessing:encoders:110 - Column dph1 will now start being processed using MinMaxScaler
2024-03-10 20:25:31.295 | INFO     | preprocessing:encoders:110 - Column egfr will now start being processed using MinMaxScaler
2024-03-10 20:25:31.312 | INFO     | preprocessing:encoders:110 - Column eif4e will now start being processed using MinMaxScaler
2024-03-10 20:25:31.318 | INFO     | preprocessing:encoders:110 - Column eif4ebp1 will now start being processed using MinMaxScaler
2024-03-10 20:25:31.325 | INFO     | preprocessing:encoders:110 - Column eif5a2 will now start being processed using MinMaxScaler
2024-03-10 20:25:31.342 | INFO     | preprocessing:encoders:110 - Column erbb2 will now start being processed using MinMaxScaler
2024-03-10 20:25:31.354 | INFO     | preprocessing:encoders:110 - Column erbb3 will now start being processed using MinMaxScaler
2024-03-10 20:25:31.368 | INFO     | preprocessing:encoders:110 - Column erbb4 will now start being processed using MinMaxScaler
2024-03-10 20:25:31.374 | INFO     | preprocessing:encoders:110 - Column fas will now start being processed using MinMaxScaler
2024-03-10 20:25:31.395 | INFO     | preprocessing:encoders:110 - Column fgf1 will now start being processed using MinMaxScaler
2024-03-10 20:25:31.403 | INFO     | preprocessing:encoders:110 - Column fgfr1 will now start being processed using MinMaxScaler
2024-03-10 20:25:31.417 | INFO     | preprocessing:encoders:110 - Column folr1 will now start being processed using MinMaxScaler
2024-03-10 20:25:31.429 | INFO     | preprocessing:encoders:110 - Column folr2 will now start being processed using MinMaxScaler
2024-03-10 20:25:31.444 | INFO     | preprocessing:encoders:110 - Column folr3 will now start being processed using MinMaxScaler
2024-03-10 20:25:31.453 | INFO     | preprocessing:encoders:110 - Column foxo1 will now start being processed using MinMaxScaler
2024-03-10 20:25:31.478 | INFO     | preprocessing:encoders:110 - Column foxo3 will now start being processed using MinMaxScaler
2024-03-10 20:25:31.499 | INFO     | preprocessing:encoders:110 - Column gdf11 will now start being processed using MinMaxScaler
2024-03-10 20:25:31.521 | INFO     | preprocessing:encoders:110 - Column gdf2 will now start being processed using MinMaxScaler
2024-03-10 20:25:31.539 | INFO     | preprocessing:encoders:110 - Column gsk3b will now start being processed using MinMaxScaler
2024-03-10 20:25:31.545 | INFO     | preprocessing:encoders:110 - Column hif1a will now start being processed using MinMaxScaler
2024-03-10 20:25:31.565 | INFO     | preprocessing:encoders:110 - Column hla-g will now start being processed using MinMaxScaler
2024-03-10 20:25:31.569 | INFO     | preprocessing:encoders:110 - Column hras will now start being processed using MinMaxScaler
2024-03-10 20:25:31.591 | INFO     | preprocessing:encoders:110 - Column igf1 will now start being processed using MinMaxScaler
2024-03-10 20:25:31.601 | INFO     | preprocessing:encoders:110 - Column igf1r will now start being processed using MinMaxScaler
2024-03-10 20:25:31.617 | INFO     | preprocessing:encoders:110 - Column inha will now start being processed using MinMaxScaler
2024-03-10 20:25:31.633 | INFO     | preprocessing:encoders:110 - Column inhba will now start being processed using MinMaxScaler
2024-03-10 20:25:31.646 | INFO     | preprocessing:encoders:110 - Column inhbc will now start being processed using MinMaxScaler
2024-03-10 20:25:31.659 | INFO     | preprocessing:encoders:110 - Column itgav will now start being processed using MinMaxScaler
2024-03-10 20:25:31.676 | INFO     | preprocessing:encoders:110 - Column itgb3 will now start being processed using MinMaxScaler
2024-03-10 20:25:31.690 | INFO     | preprocessing:encoders:110 - Column izumo1r will now start being processed using MinMaxScaler
2024-03-10 20:25:31.695 | INFO     | preprocessing:encoders:110 - Column kdr will now start being processed using MinMaxScaler
2024-03-10 20:25:31.707 | INFO     | preprocessing:encoders:110 - Column kit will now start being processed using MinMaxScaler
2024-03-10 20:25:31.726 | INFO     | preprocessing:encoders:110 - Column kras will now start being processed using MinMaxScaler
2024-03-10 20:25:31.735 | INFO     | preprocessing:encoders:110 - Column map2k1 will now start being processed using MinMaxScaler
2024-03-10 20:25:31.746 | INFO     | preprocessing:encoders:110 - Column map2k2 will now start being processed using MinMaxScaler
2024-03-10 20:25:31.761 | INFO     | preprocessing:encoders:110 - Column map2k3 will now start being processed using MinMaxScaler
2024-03-10 20:25:31.769 | INFO     | preprocessing:encoders:110 - Column map2k4 will now start being processed using MinMaxScaler
2024-03-10 20:25:31.785 | INFO     | preprocessing:encoders:110 - Column map2k5 will now start being processed using MinMaxScaler
2024-03-10 20:25:31.795 | INFO     | preprocessing:encoders:110 - Column map3k1 will now start being processed using MinMaxScaler
2024-03-10 20:25:31.811 | INFO     | preprocessing:encoders:110 - Column map3k3 will now start being processed using MinMaxScaler
2024-03-10 20:25:31.826 | INFO     | preprocessing:encoders:110 - Column map3k4 will now start being processed using MinMaxScaler
2024-03-10 20:25:31.836 | INFO     | preprocessing:encoders:110 - Column map3k5 will now start being processed using MinMaxScaler
2024-03-10 20:25:31.846 | INFO     | preprocessing:encoders:110 - Column mapk1 will now start being processed using MinMaxScaler
2024-03-10 20:25:31.857 | INFO     | preprocessing:encoders:110 - Column mapk12 will now start being processed using MinMaxScaler
2024-03-10 20:25:31.869 | INFO     | preprocessing:encoders:110 - Column mapk14 will now start being processed using MinMaxScaler
2024-03-10 20:25:31.876 | INFO     | preprocessing:encoders:110 - Column mapk3 will now start being processed using MinMaxScaler
2024-03-10 20:25:31.887 | INFO     | preprocessing:encoders:110 - Column mapk4 will now start being processed using MinMaxScaler
2024-03-10 20:25:31.901 | INFO     | preprocessing:encoders:110 - Column mapk6 will now start being processed using MinMaxScaler
2024-03-10 20:25:31.909 | INFO     | preprocessing:encoders:110 - Column mapk7 will now start being processed using MinMaxScaler
2024-03-10 20:25:31.925 | INFO     | preprocessing:encoders:110 - Column mapk8 will now start being processed using MinMaxScaler
2024-03-10 20:25:31.946 | INFO     | preprocessing:encoders:110 - Column mapk9 will now start being processed using MinMaxScaler
2024-03-10 20:25:31.960 | INFO     | preprocessing:encoders:110 - Column mdc1 will now start being processed using MinMaxScaler
2024-03-10 20:25:31.968 | INFO     | preprocessing:encoders:110 - Column mlst8 will now start being processed using MinMaxScaler
2024-03-10 20:25:31.974 | INFO     | preprocessing:encoders:110 - Column mmp1 will now start being processed using MinMaxScaler
2024-03-10 20:25:31.990 | INFO     | preprocessing:encoders:110 - Column mmp10 will now start being processed using MinMaxScaler
2024-03-10 20:25:32.008 | INFO     | preprocessing:encoders:110 - Column mmp11 will now start being processed using MinMaxScaler
2024-03-10 20:25:32.017 | INFO     | preprocessing:encoders:110 - Column mmp12 will now start being processed using MinMaxScaler
2024-03-10 20:25:32.028 | INFO     | preprocessing:encoders:110 - Column mmp13 will now start being processed using MinMaxScaler
2024-03-10 20:25:32.042 | INFO     | preprocessing:encoders:110 - Column mmp14 will now start being processed using MinMaxScaler
2024-03-10 20:25:32.058 | INFO     | preprocessing:encoders:110 - Column mmp15 will now start being processed using MinMaxScaler
2024-03-10 20:25:32.068 | INFO     | preprocessing:encoders:110 - Column mmp16 will now start being processed using MinMaxScaler
2024-03-10 20:25:32.084 | INFO     | preprocessing:encoders:110 - Column mmp17 will now start being processed using MinMaxScaler
2024-03-10 20:25:32.090 | INFO     | preprocessing:encoders:110 - Column mmp19 will now start being processed using MinMaxScaler
2024-03-10 20:25:32.104 | INFO     | preprocessing:encoders:110 - Column mmp2 will now start being processed using MinMaxScaler
2024-03-10 20:25:32.126 | INFO     | preprocessing:encoders:110 - Column mmp21 will now start being processed using MinMaxScaler
2024-03-10 20:25:32.141 | INFO     | preprocessing:encoders:110 - Column mmp23b will now start being processed using MinMaxScaler
2024-03-10 20:25:32.155 | INFO     | preprocessing:encoders:110 - Column mmp24 will now start being processed using MinMaxScaler
2024-03-10 20:25:32.174 | INFO     | preprocessing:encoders:110 - Column mmp25 will now start being processed using MinMaxScaler
2024-03-10 20:25:32.184 | INFO     | preprocessing:encoders:110 - Column mmp26 will now start being processed using MinMaxScaler
2024-03-10 20:25:32.200 | INFO     | preprocessing:encoders:110 - Column mmp27 will now start being processed using MinMaxScaler
2024-03-10 20:25:32.200 | INFO     | preprocessing:encoders:110 - Column mmp28 will now start being processed using MinMaxScaler
2024-03-10 20:25:32.223 | INFO     | preprocessing:encoders:110 - Column mmp3 will now start being processed using MinMaxScaler
2024-03-10 20:25:32.236 | INFO     | preprocessing:encoders:110 - Column mmp7 will now start being processed using MinMaxScaler
2024-03-10 20:25:32.244 | INFO     | preprocessing:encoders:110 - Column mmp9 will now start being processed using MinMaxScaler
2024-03-10 20:25:32.256 | INFO     | preprocessing:encoders:110 - Column mtor will now start being processed using MinMaxScaler
2024-03-10 20:25:32.262 | INFO     | preprocessing:encoders:110 - Column nfkb1 will now start being processed using MinMaxScaler
2024-03-10 20:25:32.280 | INFO     | preprocessing:encoders:110 - Column nfkb2 will now start being processed using MinMaxScaler
2024-03-10 20:25:32.292 | INFO     | preprocessing:encoders:110 - Column opcml will now start being processed using MinMaxScaler
2024-03-10 20:25:32.309 | INFO     | preprocessing:encoders:110 - Column pdgfa will now start being processed using MinMaxScaler
2024-03-10 20:25:32.323 | INFO     | preprocessing:encoders:110 - Column pdgfb will now start being processed using MinMaxScaler
2024-03-10 20:25:32.326 | INFO     | preprocessing:encoders:110 - Column pdgfra will now start being processed using MinMaxScaler
2024-03-10 20:25:32.343 | INFO     | preprocessing:encoders:110 - Column pdgfrb will now start being processed using MinMaxScaler
2024-03-10 20:25:32.351 | INFO     | preprocessing:encoders:110 - Column pdpk1 will now start being processed using MinMaxScaler
2024-03-10 20:25:32.360 | INFO     | preprocessing:encoders:110 - Column peg3 will now start being processed using MinMaxScaler
2024-03-10 20:25:32.375 | INFO     | preprocessing:encoders:110 - Column pik3ca will now start being processed using MinMaxScaler
2024-03-10 20:25:32.385 | INFO     | preprocessing:encoders:110 - Column pik3r1 will now start being processed using MinMaxScaler
2024-03-10 20:25:32.406 | INFO     | preprocessing:encoders:110 - Column pik3r2 will now start being processed using MinMaxScaler
2024-03-10 20:25:32.419 | INFO     | preprocessing:encoders:110 - Column plagl1 will now start being processed using MinMaxScaler
2024-03-10 20:25:32.434 | INFO     | preprocessing:encoders:110 - Column ptk2 will now start being processed using MinMaxScaler
2024-03-10 20:25:32.434 | INFO     | preprocessing:encoders:110 - Column rab25 will now start being processed using MinMaxScaler
2024-03-10 20:25:32.452 | INFO     | preprocessing:encoders:110 - Column rad51 will now start being processed using MinMaxScaler
2024-03-10 20:25:32.484 | INFO     | preprocessing:encoders:110 - Column raf1 will now start being processed using MinMaxScaler
2024-03-10 20:25:32.504 | INFO     | preprocessing:encoders:110 - Column rassf1 will now start being processed using MinMaxScaler
2024-03-10 20:25:32.515 | INFO     | preprocessing:encoders:110 - Column rheb will now start being processed using MinMaxScaler
2024-03-10 20:25:32.526 | INFO     | preprocessing:encoders:110 - Column rictor will now start being processed using MinMaxScaler
2024-03-10 20:25:32.539 | INFO     | preprocessing:encoders:110 - Column rps6 will now start being processed using MinMaxScaler
2024-03-10 20:25:32.554 | INFO     | preprocessing:encoders:110 - Column rps6ka1 will now start being processed using MinMaxScaler
2024-03-10 20:25:32.559 | INFO     | preprocessing:encoders:110 - Column rps6ka2 will now start being processed using MinMaxScaler
2024-03-10 20:25:32.573 | INFO     | preprocessing:encoders:110 - Column rps6kb1 will now start being processed using MinMaxScaler
2024-03-10 20:25:32.590 | INFO     | preprocessing:encoders:110 - Column rps6kb2 will now start being processed using MinMaxScaler
2024-03-10 20:25:32.601 | INFO     | preprocessing:encoders:110 - Column rptor will now start being processed using MinMaxScaler
2024-03-10 20:25:32.652 | INFO     | preprocessing:encoders:110 - Column slc19a1 will now start being processed using MinMaxScaler
2024-03-10 20:25:32.670 | INFO     | preprocessing:encoders:110 - Column smad1 will now start being processed using MinMaxScaler
2024-03-10 20:25:32.683 | INFO     | preprocessing:encoders:110 - Column smad2 will now start being processed using MinMaxScaler
2024-03-10 20:25:32.692 | INFO     | preprocessing:encoders:110 - Column smad3 will now start being processed using MinMaxScaler
2024-03-10 20:25:32.705 | INFO     | preprocessing:encoders:110 - Column smad4 will now start being processed using MinMaxScaler
2024-03-10 20:25:32.712 | INFO     | preprocessing:encoders:110 - Column smad5 will now start being processed using MinMaxScaler
2024-03-10 20:25:32.723 | INFO     | preprocessing:encoders:110 - Column smad6 will now start being processed using MinMaxScaler
2024-03-10 20:25:32.733 | INFO     | preprocessing:encoders:110 - Column smad7 will now start being processed using MinMaxScaler
2024-03-10 20:25:32.741 | INFO     | preprocessing:encoders:110 - Column smad9 will now start being processed using MinMaxScaler
2024-03-10 20:25:32.753 | INFO     | preprocessing:encoders:110 - Column sptbn1 will now start being processed using MinMaxScaler
2024-03-10 20:25:32.771 | INFO     | preprocessing:encoders:110 - Column terc will now start being processed using MinMaxScaler
2024-03-10 20:25:32.781 | INFO     | preprocessing:encoders:110 - Column tert will now start being processed using MinMaxScaler
2024-03-10 20:25:32.791 | INFO     | preprocessing:encoders:110 - Column tgfb1 will now start being processed using MinMaxScaler
2024-03-10 20:25:32.809 | INFO     | preprocessing:encoders:110 - Column tgfb2 will now start being processed using MinMaxScaler
2024-03-10 20:25:32.824 | INFO     | preprocessing:encoders:110 - Column tgfb3 will now start being processed using MinMaxScaler
2024-03-10 20:25:32.842 | INFO     | preprocessing:encoders:110 - Column tgfbr1 will now start being processed using MinMaxScaler
2024-03-10 20:25:32.859 | INFO     | preprocessing:encoders:110 - Column tgfbr2 will now start being processed using MinMaxScaler
2024-03-10 20:25:32.879 | INFO     | preprocessing:encoders:110 - Column tgfbr3 will now start being processed using MinMaxScaler
2024-03-10 20:25:32.890 | INFO     | preprocessing:encoders:110 - Column tsc1 will now start being processed using MinMaxScaler
2024-03-10 20:25:32.908 | INFO     | preprocessing:encoders:110 - Column tsc2 will now start being processed using MinMaxScaler
2024-03-10 20:25:32.920 | INFO     | preprocessing:encoders:110 - Column vegfa will now start being processed using MinMaxScaler
2024-03-10 20:25:32.935 | INFO     | preprocessing:encoders:110 - Column vegfb will now start being processed using MinMaxScaler
2024-03-10 20:25:32.957 | INFO     | preprocessing:encoders:110 - Column wfdc2 will now start being processed using MinMaxScaler
2024-03-10 20:25:32.967 | INFO     | preprocessing:encoders:110 - Column wwox will now start being processed using MinMaxScaler
2024-03-10 20:25:32.973 | INFO     | preprocessing:encoders:110 - Column zfyve9 will now start being processed using MinMaxScaler
2024-03-10 20:25:32.989 | INFO     | preprocessing:encoders:110 - Column arid1a will now start being processed using MinMaxScaler
2024-03-10 20:25:33.003 | INFO     | preprocessing:encoders:110 - Column arid1b will now start being processed using MinMaxScaler
2024-03-10 20:25:33.006 | INFO     | preprocessing:encoders:110 - Column cbfb will now start being processed using MinMaxScaler
2024-03-10 20:25:33.021 | INFO     | preprocessing:encoders:110 - Column gata3 will now start being processed using MinMaxScaler
2024-03-10 20:25:33.032 | INFO     | preprocessing:encoders:110 - Column kmt2c will now start being processed using MinMaxScaler
2024-03-10 20:25:33.046 | INFO     | preprocessing:encoders:110 - Column kmt2d will now start being processed using MinMaxScaler
2024-03-10 20:25:33.060 | INFO     | preprocessing:encoders:110 - Column myh9 will now start being processed using MinMaxScaler
2024-03-10 20:25:33.067 | INFO     | preprocessing:encoders:110 - Column ncor1 will now start being processed using MinMaxScaler
2024-03-10 20:25:33.084 | INFO     | preprocessing:encoders:110 - Column pde4dip will now start being processed using MinMaxScaler
2024-03-10 20:25:33.093 | INFO     | preprocessing:encoders:110 - Column ptprd will now start being processed using MinMaxScaler
2024-03-10 20:25:33.106 | INFO     | preprocessing:encoders:110 - Column ros1 will now start being processed using MinMaxScaler
2024-03-10 20:25:33.116 | INFO     | preprocessing:encoders:110 - Column runx1 will now start being processed using MinMaxScaler
2024-03-10 20:25:33.127 | INFO     | preprocessing:encoders:110 - Column tbx3 will now start being processed using MinMaxScaler
2024-03-10 20:25:33.133 | INFO     | preprocessing:encoders:110 - Column abcb1 will now start being processed using MinMaxScaler
2024-03-10 20:25:33.139 | INFO     | preprocessing:encoders:110 - Column abcb11 will now start being processed using MinMaxScaler
2024-03-10 20:25:33.152 | INFO     | preprocessing:encoders:110 - Column abcc1 will now start being processed using MinMaxScaler
2024-03-10 20:25:33.163 | INFO     | preprocessing:encoders:110 - Column abcc10 will now start being processed using MinMaxScaler
2024-03-10 20:25:33.172 | INFO     | preprocessing:encoders:110 - Column bbc3 will now start being processed using MinMaxScaler
2024-03-10 20:25:33.188 | INFO     | preprocessing:encoders:110 - Column bmf will now start being processed using MinMaxScaler
2024-03-10 20:25:33.191 | INFO     | preprocessing:encoders:110 - Column cyp2c8 will now start being processed using MinMaxScaler
2024-03-10 20:25:33.208 | INFO     | preprocessing:encoders:110 - Column cyp3a4 will now start being processed using MinMaxScaler
2024-03-10 20:25:33.217 | INFO     | preprocessing:encoders:110 - Column fgf2 will now start being processed using MinMaxScaler
2024-03-10 20:25:33.225 | INFO     | preprocessing:encoders:110 - Column fn1 will now start being processed using MinMaxScaler
2024-03-10 20:25:33.241 | INFO     | preprocessing:encoders:110 - Column map2 will now start being processed using MinMaxScaler
2024-03-10 20:25:33.249 | INFO     | preprocessing:encoders:110 - Column map4 will now start being processed using MinMaxScaler
2024-03-10 20:25:33.257 | INFO     | preprocessing:encoders:110 - Column mapt will now start being processed using MinMaxScaler
2024-03-10 20:25:33.275 | INFO     | preprocessing:encoders:110 - Column nr1i2 will now start being processed using MinMaxScaler
2024-03-10 20:25:33.292 | INFO     | preprocessing:encoders:110 - Column slco1b3 will now start being processed using MinMaxScaler
2024-03-10 20:25:33.308 | INFO     | preprocessing:encoders:110 - Column tubb1 will now start being processed using MinMaxScaler
2024-03-10 20:25:33.318 | INFO     | preprocessing:encoders:110 - Column tubb4a will now start being processed using MinMaxScaler
2024-03-10 20:25:33.333 | INFO     | preprocessing:encoders:110 - Column tubb4b will now start being processed using MinMaxScaler
2024-03-10 20:25:33.351 | INFO     | preprocessing:encoders:110 - Column twist1 will now start being processed using MinMaxScaler
2024-03-10 20:25:33.369 | INFO     | preprocessing:encoders:110 - Column adgra2 will now start being processed using MinMaxScaler
2024-03-10 20:25:33.385 | INFO     | preprocessing:encoders:110 - Column afdn will now start being processed using MinMaxScaler
2024-03-10 20:25:33.389 | INFO     | preprocessing:encoders:110 - Column aff2 will now start being processed using MinMaxScaler
2024-03-10 20:25:33.399 | INFO     | preprocessing:encoders:110 - Column agmo will now start being processed using MinMaxScaler
2024-03-10 20:25:33.417 | INFO     | preprocessing:encoders:110 - Column agtr2 will now start being processed using MinMaxScaler
2024-03-10 20:25:33.433 | INFO     | preprocessing:encoders:110 - Column ahnak will now start being processed using MinMaxScaler
2024-03-10 20:25:33.450 | INFO     | preprocessing:encoders:110 - Column ahnak2 will now start being processed using MinMaxScaler
2024-03-10 20:25:33.468 | INFO     | preprocessing:encoders:110 - Column akap9 will now start being processed using MinMaxScaler
2024-03-10 20:25:33.484 | INFO     | preprocessing:encoders:110 - Column alk will now start being processed using MinMaxScaler
2024-03-10 20:25:33.500 | INFO     | preprocessing:encoders:110 - Column apc will now start being processed using MinMaxScaler
2024-03-10 20:25:33.518 | INFO     | preprocessing:encoders:110 - Column arid2 will now start being processed using MinMaxScaler
2024-03-10 20:25:33.525 | INFO     | preprocessing:encoders:110 - Column arid5b will now start being processed using MinMaxScaler
2024-03-10 20:25:33.542 | INFO     | preprocessing:encoders:110 - Column asxl1 will now start being processed using MinMaxScaler
2024-03-10 20:25:33.551 | INFO     | preprocessing:encoders:110 - Column asxl2 will now start being processed using MinMaxScaler
2024-03-10 20:25:33.559 | INFO     | preprocessing:encoders:110 - Column bap1 will now start being processed using MinMaxScaler
2024-03-10 20:25:33.577 | INFO     | preprocessing:encoders:110 - Column bcas3 will now start being processed using MinMaxScaler
2024-03-10 20:25:33.593 | INFO     | preprocessing:encoders:110 - Column birc6 will now start being processed using MinMaxScaler
2024-03-10 20:25:33.605 | INFO     | preprocessing:encoders:110 - Column cacna2d3 will now start being processed using MinMaxScaler
2024-03-10 20:25:33.617 | INFO     | preprocessing:encoders:110 - Column ccnd3 will now start being processed using MinMaxScaler
2024-03-10 20:25:33.617 | INFO     | preprocessing:encoders:110 - Column chd1 will now start being processed using MinMaxScaler
2024-03-10 20:25:33.641 | INFO     | preprocessing:encoders:110 - Column clk3 will now start being processed using MinMaxScaler
2024-03-10 20:25:33.653 | INFO     | preprocessing:encoders:110 - Column clrn2 will now start being processed using MinMaxScaler
2024-03-10 20:25:33.659 | INFO     | preprocessing:encoders:110 - Column col12a1 will now start being processed using MinMaxScaler
2024-03-10 20:25:33.677 | INFO     | preprocessing:encoders:110 - Column col22a1 will now start being processed using MinMaxScaler
2024-03-10 20:25:33.683 | INFO     | preprocessing:encoders:110 - Column col6a3 will now start being processed using MinMaxScaler
2024-03-10 20:25:33.690 | INFO     | preprocessing:encoders:110 - Column ctcf will now start being processed using MinMaxScaler
2024-03-10 20:25:33.707 | INFO     | preprocessing:encoders:110 - Column ctnna1 will now start being processed using MinMaxScaler
2024-03-10 20:25:33.715 | INFO     | preprocessing:encoders:110 - Column ctnna3 will now start being processed using MinMaxScaler
2024-03-10 20:25:33.726 | INFO     | preprocessing:encoders:110 - Column dnah11 will now start being processed using MinMaxScaler
2024-03-10 20:25:33.738 | INFO     | preprocessing:encoders:110 - Column dnah2 will now start being processed using MinMaxScaler
2024-03-10 20:25:33.749 | INFO     | preprocessing:encoders:110 - Column dnah5 will now start being processed using MinMaxScaler
2024-03-10 20:25:33.767 | INFO     | preprocessing:encoders:110 - Column dtwd2 will now start being processed using MinMaxScaler
2024-03-10 20:25:33.775 | INFO     | preprocessing:encoders:110 - Column fam20c will now start being processed using MinMaxScaler
2024-03-10 20:25:33.790 | INFO     | preprocessing:encoders:110 - Column fanca will now start being processed using MinMaxScaler
2024-03-10 20:25:33.805 | INFO     | preprocessing:encoders:110 - Column fancd2 will now start being processed using MinMaxScaler
2024-03-10 20:25:33.814 | INFO     | preprocessing:encoders:110 - Column flt3 will now start being processed using MinMaxScaler
2024-03-10 20:25:33.821 | INFO     | preprocessing:encoders:110 - Column foxp1 will now start being processed using MinMaxScaler
2024-03-10 20:25:33.837 | INFO     | preprocessing:encoders:110 - Column frmd3 will now start being processed using MinMaxScaler
2024-03-10 20:25:33.840 | INFO     | preprocessing:encoders:110 - Column gh1 will now start being processed using MinMaxScaler
2024-03-10 20:25:33.858 | INFO     | preprocessing:encoders:110 - Column gldc will now start being processed using MinMaxScaler
2024-03-10 20:25:33.872 | INFO     | preprocessing:encoders:110 - Column gpr32 will now start being processed using MinMaxScaler
2024-03-10 20:25:33.889 | INFO     | preprocessing:encoders:110 - Column gps2 will now start being processed using MinMaxScaler
2024-03-10 20:25:33.900 | INFO     | preprocessing:encoders:110 - Column hdac9 will now start being processed using MinMaxScaler
2024-03-10 20:25:33.910 | INFO     | preprocessing:encoders:110 - Column herc2 will now start being processed using MinMaxScaler
2024-03-10 20:25:33.927 | INFO     | preprocessing:encoders:110 - Column hist1h2bc will now start being processed using MinMaxScaler
2024-03-10 20:25:33.949 | INFO     | preprocessing:encoders:110 - Column kdm3a will now start being processed using MinMaxScaler
2024-03-10 20:25:33.966 | INFO     | preprocessing:encoders:110 - Column kdm6a will now start being processed using MinMaxScaler
2024-03-10 20:25:33.969 | INFO     | preprocessing:encoders:110 - Column klrg1 will now start being processed using MinMaxScaler
2024-03-10 20:25:33.986 | INFO     | preprocessing:encoders:110 - Column l1cam will now start being processed using MinMaxScaler
2024-03-10 20:25:33.988 | INFO     | preprocessing:encoders:110 - Column lama2 will now start being processed using MinMaxScaler
2024-03-10 20:25:34.004 | INFO     | preprocessing:encoders:110 - Column lamb3 will now start being processed using MinMaxScaler
2024-03-10 20:25:34.018 | INFO     | preprocessing:encoders:110 - Column large1 will now start being processed using MinMaxScaler
2024-03-10 20:25:34.038 | INFO     | preprocessing:encoders:110 - Column ldlrap1 will now start being processed using MinMaxScaler
2024-03-10 20:25:34.073 | INFO     | preprocessing:encoders:110 - Column lifr will now start being processed using MinMaxScaler
2024-03-10 20:25:34.090 | INFO     | preprocessing:encoders:110 - Column lipi will now start being processed using MinMaxScaler
2024-03-10 20:25:34.101 | INFO     | preprocessing:encoders:110 - Column magea8 will now start being processed using MinMaxScaler
2024-03-10 20:25:34.110 | INFO     | preprocessing:encoders:110 - Column map3k10 will now start being processed using MinMaxScaler
2024-03-10 20:25:34.123 | INFO     | preprocessing:encoders:110 - Column map3k13 will now start being processed using MinMaxScaler
2024-03-10 20:25:34.135 | INFO     | preprocessing:encoders:110 - Column men1 will now start being processed using MinMaxScaler
2024-03-10 20:25:34.146 | INFO     | preprocessing:encoders:110 - Column mtap will now start being processed using MinMaxScaler
2024-03-10 20:25:34.157 | INFO     | preprocessing:encoders:110 - Column muc16 will now start being processed using MinMaxScaler
2024-03-10 20:25:34.171 | INFO     | preprocessing:encoders:110 - Column myo1a will now start being processed using MinMaxScaler
2024-03-10 20:25:34.176 | INFO     | preprocessing:encoders:110 - Column myo3a will now start being processed using MinMaxScaler
2024-03-10 20:25:34.194 | INFO     | preprocessing:encoders:110 - Column ncoa3 will now start being processed using MinMaxScaler
2024-03-10 20:25:34.206 | INFO     | preprocessing:encoders:110 - Column nek1 will now start being processed using MinMaxScaler
2024-03-10 20:25:34.218 | INFO     | preprocessing:encoders:110 - Column nf2 will now start being processed using MinMaxScaler
2024-03-10 20:25:34.221 | INFO     | preprocessing:encoders:110 - Column npnt will now start being processed using MinMaxScaler
2024-03-10 20:25:34.238 | INFO     | preprocessing:encoders:110 - Column nr2f1 will now start being processed using MinMaxScaler
2024-03-10 20:25:34.253 | INFO     | preprocessing:encoders:110 - Column nr3c1 will now start being processed using MinMaxScaler
2024-03-10 20:25:34.265 | INFO     | preprocessing:encoders:110 - Column nras will now start being processed using MinMaxScaler
2024-03-10 20:25:34.275 | INFO     | preprocessing:encoders:110 - Column nrg3 will now start being processed using MinMaxScaler
2024-03-10 20:25:34.300 | INFO     | preprocessing:encoders:110 - Column nt5e will now start being processed using MinMaxScaler
2024-03-10 20:25:34.305 | INFO     | preprocessing:encoders:110 - Column or6a2 will now start being processed using MinMaxScaler
2024-03-10 20:25:34.316 | INFO     | preprocessing:encoders:110 - Column palld will now start being processed using MinMaxScaler
2024-03-10 20:25:34.333 | INFO     | preprocessing:encoders:110 - Column pbrm1 will now start being processed using MinMaxScaler
2024-03-10 20:25:34.341 | INFO     | preprocessing:encoders:110 - Column ppp2cb will now start being processed using MinMaxScaler
2024-03-10 20:25:34.354 | INFO     | preprocessing:encoders:110 - Column ppp2r2a will now start being processed using MinMaxScaler
2024-03-10 20:25:34.363 | INFO     | preprocessing:encoders:110 - Column prkacg will now start being processed using MinMaxScaler
2024-03-10 20:25:34.370 | INFO     | preprocessing:encoders:110 - Column prkce will now start being processed using MinMaxScaler
2024-03-10 20:25:34.381 | INFO     | preprocessing:encoders:110 - Column prkcq will now start being processed using MinMaxScaler
2024-03-10 20:25:34.394 | INFO     | preprocessing:encoders:110 - Column prkcz will now start being processed using MinMaxScaler
2024-03-10 20:25:34.425 | INFO     | preprocessing:encoders:110 - Column prkg1 will now start being processed using MinMaxScaler
2024-03-10 20:25:34.434 | INFO     | preprocessing:encoders:110 - Column prps2 will now start being processed using MinMaxScaler
2024-03-10 20:25:34.445 | INFO     | preprocessing:encoders:110 - Column prr16 will now start being processed using MinMaxScaler
2024-03-10 20:25:34.457 | INFO     | preprocessing:encoders:110 - Column ptpn22 will now start being processed using MinMaxScaler
2024-03-10 20:25:34.477 | INFO     | preprocessing:encoders:110 - Column ptprm will now start being processed using MinMaxScaler
2024-03-10 20:25:34.487 | INFO     | preprocessing:encoders:110 - Column rasgef1b will now start being processed using MinMaxScaler
2024-03-10 20:25:34.496 | INFO     | preprocessing:encoders:110 - Column rpgr will now start being processed using MinMaxScaler
2024-03-10 20:25:34.509 | INFO     | preprocessing:encoders:110 - Column ryr2 will now start being processed using MinMaxScaler
2024-03-10 20:25:34.517 | INFO     | preprocessing:encoders:110 - Column sbno1 will now start being processed using MinMaxScaler
2024-03-10 20:25:34.531 | INFO     | preprocessing:encoders:110 - Column setd1a will now start being processed using MinMaxScaler
2024-03-10 20:25:34.541 | INFO     | preprocessing:encoders:110 - Column setd2 will now start being processed using MinMaxScaler
2024-03-10 20:25:34.550 | INFO     | preprocessing:encoders:110 - Column setdb1 will now start being processed using MinMaxScaler
2024-03-10 20:25:34.559 | INFO     | preprocessing:encoders:110 - Column sf3b1 will now start being processed using MinMaxScaler
2024-03-10 20:25:34.571 | INFO     | preprocessing:encoders:110 - Column sgcd will now start being processed using MinMaxScaler
2024-03-10 20:25:34.586 | INFO     | preprocessing:encoders:110 - Column shank2 will now start being processed using MinMaxScaler
2024-03-10 20:25:34.594 | INFO     | preprocessing:encoders:110 - Column siah1 will now start being processed using MinMaxScaler
2024-03-10 20:25:34.605 | INFO     | preprocessing:encoders:110 - Column sik1 will now start being processed using MinMaxScaler
2024-03-10 20:25:34.620 | INFO     | preprocessing:encoders:110 - Column sik2 will now start being processed using MinMaxScaler
2024-03-10 20:25:34.631 | INFO     | preprocessing:encoders:110 - Column smarcb1 will now start being processed using MinMaxScaler
2024-03-10 20:25:34.641 | INFO     | preprocessing:encoders:110 - Column smarcc1 will now start being processed using MinMaxScaler
2024-03-10 20:25:34.655 | INFO     | preprocessing:encoders:110 - Column smarcc2 will now start being processed using MinMaxScaler
2024-03-10 20:25:34.668 | INFO     | preprocessing:encoders:110 - Column smarcd1 will now start being processed using MinMaxScaler
2024-03-10 20:25:34.680 | INFO     | preprocessing:encoders:110 - Column spaca1 will now start being processed using MinMaxScaler
2024-03-10 20:25:34.687 | INFO     | preprocessing:encoders:110 - Column stab2 will now start being processed using MinMaxScaler
2024-03-10 20:25:34.698 | INFO     | preprocessing:encoders:110 - Column stmn2 will now start being processed using MinMaxScaler
2024-03-10 20:25:34.712 | INFO     | preprocessing:encoders:110 - Column syne1 will now start being processed using MinMaxScaler
2024-03-10 20:25:34.721 | INFO     | preprocessing:encoders:110 - Column taf1 will now start being processed using MinMaxScaler
2024-03-10 20:25:34.730 | INFO     | preprocessing:encoders:110 - Column taf4b will now start being processed using MinMaxScaler
2024-03-10 20:25:34.737 | INFO     | preprocessing:encoders:110 - Column tbl1xr1 will now start being processed using MinMaxScaler
2024-03-10 20:25:34.753 | INFO     | preprocessing:encoders:110 - Column tg will now start being processed using MinMaxScaler
2024-03-10 20:25:34.756 | INFO     | preprocessing:encoders:110 - Column thada will now start being processed using MinMaxScaler
2024-03-10 20:25:34.779 | INFO     | preprocessing:encoders:110 - Column thsd7a will now start being processed using MinMaxScaler
2024-03-10 20:25:34.839 | INFO     | preprocessing:encoders:110 - Column ttyh1 will now start being processed using MinMaxScaler
2024-03-10 20:25:34.860 | INFO     | preprocessing:encoders:110 - Column ubr5 will now start being processed using MinMaxScaler
2024-03-10 20:25:34.870 | INFO     | preprocessing:encoders:110 - Column ush2a will now start being processed using MinMaxScaler
2024-03-10 20:25:34.884 | INFO     | preprocessing:encoders:110 - Column usp9x will now start being processed using MinMaxScaler
2024-03-10 20:25:34.897 | INFO     | preprocessing:encoders:110 - Column utrn will now start being processed using MinMaxScaler
2024-03-10 20:25:34.901 | INFO     | preprocessing:encoders:110 - Column zfp36l1 will now start being processed using MinMaxScaler
2024-03-10 20:25:34.917 | INFO     | preprocessing:encoders:110 - Column ackr3 will now start being processed using MinMaxScaler
2024-03-10 20:25:34.929 | INFO     | preprocessing:encoders:110 - Column akr1c1 will now start being processed using MinMaxScaler
2024-03-10 20:25:34.938 | INFO     | preprocessing:encoders:110 - Column akr1c2 will now start being processed using MinMaxScaler
2024-03-10 20:25:34.954 | INFO     | preprocessing:encoders:110 - Column akr1c3 will now start being processed using MinMaxScaler
2024-03-10 20:25:34.966 | INFO     | preprocessing:encoders:110 - Column akr1c4 will now start being processed using MinMaxScaler
2024-03-10 20:25:34.980 | INFO     | preprocessing:encoders:110 - Column akt3 will now start being processed using MinMaxScaler
2024-03-10 20:25:34.991 | INFO     | preprocessing:encoders:110 - Column ar will now start being processed using MinMaxScaler
2024-03-10 20:25:34.999 | INFO     | preprocessing:encoders:110 - Column bche will now start being processed using MinMaxScaler
2024-03-10 20:25:35.013 | INFO     | preprocessing:encoders:110 - Column cdk8 will now start being processed using MinMaxScaler
2024-03-10 20:25:35.022 | INFO     | preprocessing:encoders:110 - Column cdkn2c will now start being processed using MinMaxScaler
2024-03-10 20:25:35.036 | INFO     | preprocessing:encoders:110 - Column cyb5a will now start being processed using MinMaxScaler
2024-03-10 20:25:35.049 | INFO     | preprocessing:encoders:110 - Column cyp11a1 will now start being processed using MinMaxScaler
2024-03-10 20:25:35.064 | INFO     | preprocessing:encoders:110 - Column cyp11b2 will now start being processed using MinMaxScaler
2024-03-10 20:25:35.076 | INFO     | preprocessing:encoders:110 - Column cyp17a1 will now start being processed using MinMaxScaler
2024-03-10 20:25:35.087 | INFO     | preprocessing:encoders:110 - Column cyp19a1 will now start being processed using MinMaxScaler
2024-03-10 20:25:35.089 | INFO     | preprocessing:encoders:110 - Column cyp21a2 will now start being processed using MinMaxScaler
2024-03-10 20:25:35.106 | INFO     | preprocessing:encoders:110 - Column cyp3a43 will now start being processed using MinMaxScaler
2024-03-10 20:25:35.117 | INFO     | preprocessing:encoders:110 - Column cyp3a5 will now start being processed using MinMaxScaler
2024-03-10 20:25:35.134 | INFO     | preprocessing:encoders:110 - Column cyp3a7 will now start being processed using MinMaxScaler
2024-03-10 20:25:35.146 | INFO     | preprocessing:encoders:110 - Column ddc will now start being processed using MinMaxScaler
2024-03-10 20:25:35.151 | INFO     | preprocessing:encoders:110 - Column hes6 will now start being processed using MinMaxScaler
2024-03-10 20:25:35.180 | INFO     | preprocessing:encoders:110 - Column hsd17b1 will now start being processed using MinMaxScaler
2024-03-10 20:25:35.199 | INFO     | preprocessing:encoders:110 - Column hsd17b10 will now start being processed using MinMaxScaler
2024-03-10 20:25:35.217 | INFO     | preprocessing:encoders:110 - Column hsd17b11 will now start being processed using MinMaxScaler
2024-03-10 20:25:35.229 | INFO     | preprocessing:encoders:110 - Column hsd17b12 will now start being processed using MinMaxScaler
2024-03-10 20:25:35.247 | INFO     | preprocessing:encoders:110 - Column hsd17b13 will now start being processed using MinMaxScaler
2024-03-10 20:25:35.257 | INFO     | preprocessing:encoders:110 - Column hsd17b14 will now start being processed using MinMaxScaler
2024-03-10 20:25:35.266 | INFO     | preprocessing:encoders:110 - Column hsd17b2 will now start being processed using MinMaxScaler
2024-03-10 20:25:35.290 | INFO     | preprocessing:encoders:110 - Column hsd17b3 will now start being processed using MinMaxScaler
2024-03-10 20:25:35.308 | INFO     | preprocessing:encoders:110 - Column hsd17b4 will now start being processed using MinMaxScaler
2024-03-10 20:25:35.317 | INFO     | preprocessing:encoders:110 - Column hsd17b6 will now start being processed using MinMaxScaler
2024-03-10 20:25:35.338 | INFO     | preprocessing:encoders:110 - Column hsd17b7 will now start being processed using MinMaxScaler
2024-03-10 20:25:35.351 | INFO     | preprocessing:encoders:110 - Column hsd17b8 will now start being processed using MinMaxScaler
2024-03-10 20:25:35.373 | INFO     | preprocessing:encoders:110 - Column hsd3b1 will now start being processed using MinMaxScaler
2024-03-10 20:25:35.382 | INFO     | preprocessing:encoders:110 - Column hsd3b2 will now start being processed using MinMaxScaler
2024-03-10 20:25:35.400 | INFO     | preprocessing:encoders:110 - Column hsd3b7 will now start being processed using MinMaxScaler
2024-03-10 20:25:35.416 | INFO     | preprocessing:encoders:110 - Column mecom will now start being processed using MinMaxScaler
2024-03-10 20:25:35.437 | INFO     | preprocessing:encoders:110 - Column met will now start being processed using MinMaxScaler
2024-03-10 20:25:35.450 | INFO     | preprocessing:encoders:110 - Column ncoa2 will now start being processed using MinMaxScaler
2024-03-10 20:25:35.468 | INFO     | preprocessing:encoders:110 - Column nrip1 will now start being processed using MinMaxScaler
2024-03-10 20:25:35.483 | INFO     | preprocessing:encoders:110 - Column pik3r3 will now start being processed using MinMaxScaler
2024-03-10 20:25:35.500 | INFO     | preprocessing:encoders:110 - Column prkci will now start being processed using MinMaxScaler
2024-03-10 20:25:35.516 | INFO     | preprocessing:encoders:110 - Column prkd1 will now start being processed using MinMaxScaler
2024-03-10 20:25:35.537 | INFO     | preprocessing:encoders:110 - Column ran will now start being processed using MinMaxScaler
2024-03-10 20:25:35.553 | INFO     | preprocessing:encoders:110 - Column rdh5 will now start being processed using MinMaxScaler
2024-03-10 20:25:35.570 | INFO     | preprocessing:encoders:110 - Column sdc4 will now start being processed using MinMaxScaler
2024-03-10 20:25:35.583 | INFO     | preprocessing:encoders:110 - Column serpini1 will now start being processed using MinMaxScaler
2024-03-10 20:25:35.596 | INFO     | preprocessing:encoders:110 - Column shbg will now start being processed using MinMaxScaler
2024-03-10 20:25:35.611 | INFO     | preprocessing:encoders:110 - Column slc29a1 will now start being processed using MinMaxScaler
2024-03-10 20:25:35.615 | INFO     | preprocessing:encoders:110 - Column sox9 will now start being processed using MinMaxScaler
2024-03-10 20:25:35.635 | INFO     | preprocessing:encoders:110 - Column spry2 will now start being processed using MinMaxScaler
2024-03-10 20:25:35.647 | INFO     | preprocessing:encoders:110 - Column srd5a1 will now start being processed using MinMaxScaler
2024-03-10 20:25:35.656 | INFO     | preprocessing:encoders:110 - Column srd5a2 will now start being processed using MinMaxScaler
2024-03-10 20:25:35.666 | INFO     | preprocessing:encoders:110 - Column srd5a3 will now start being processed using MinMaxScaler
2024-03-10 20:25:35.681 | INFO     | preprocessing:encoders:110 - Column st7 will now start being processed using MinMaxScaler
2024-03-10 20:25:35.698 | INFO     | preprocessing:encoders:110 - Column star will now start being processed using MinMaxScaler
2024-03-10 20:25:35.703 | INFO     | preprocessing:encoders:110 - Column tnk2 will now start being processed using MinMaxScaler
2024-03-10 20:25:35.716 | INFO     | preprocessing:encoders:110 - Column tulp4 will now start being processed using MinMaxScaler
2024-03-10 20:25:35.733 | INFO     | preprocessing:encoders:110 - Column ugt2b15 will now start being processed using MinMaxScaler
2024-03-10 20:25:35.738 | INFO     | preprocessing:encoders:110 - Column ugt2b17 will now start being processed using MinMaxScaler
2024-03-10 20:25:35.749 | INFO     | preprocessing:encoders:110 - Column ugt2b7 will now start being processed using MinMaxScaler
2024-03-10 20:25:35.765 | INFO     | preprocessing:encoders:38 - Pre-processing categorical columns
2024-03-10 20:25:35.796 | INFO     | preprocessing:encoders:110 - Column pik3ca_mut will now start being processed using OrdinalEncoder
2024-03-10 20:25:35.823 | INFO     | preprocessing:encoders:110 - Column tp53_mut will now start being processed using OrdinalEncoder
2024-03-10 20:25:35.849 | INFO     | preprocessing:encoders:110 - Column muc16_mut will now start being processed using OrdinalEncoder
2024-03-10 20:25:35.873 | INFO     | preprocessing:encoders:110 - Column ahnak2_mut will now start being processed using OrdinalEncoder
2024-03-10 20:25:35.897 | INFO     | preprocessing:encoders:110 - Column kmt2c_mut will now start being processed using OrdinalEncoder
2024-03-10 20:25:35.915 | INFO     | preprocessing:encoders:110 - Column syne1_mut will now start being processed using OrdinalEncoder
2024-03-10 20:25:35.952 | INFO     | preprocessing:encoders:110 - Column gata3_mut will now start being processed using OrdinalEncoder
2024-03-10 20:25:35.973 | INFO     | preprocessing:encoders:110 - Column map3k1_mut will now start being processed using OrdinalEncoder
2024-03-10 20:25:35.996 | INFO     | preprocessing:encoders:110 - Column ahnak_mut will now start being processed using OrdinalEncoder
2024-03-10 20:25:36.025 | INFO     | preprocessing:encoders:110 - Column dnah11_mut will now start being processed using OrdinalEncoder
2024-03-10 20:25:36.055 | INFO     | preprocessing:encoders:110 - Column cdh1_mut will now start being processed using OrdinalEncoder
2024-03-10 20:25:36.083 | INFO     | preprocessing:encoders:110 - Column dnah2_mut will now start being processed using OrdinalEncoder
2024-03-10 20:25:36.107 | INFO     | preprocessing:encoders:110 - Column kmt2d_mut will now start being processed using OrdinalEncoder
2024-03-10 20:25:36.138 | INFO     | preprocessing:encoders:110 - Column ush2a_mut will now start being processed using OrdinalEncoder
2024-03-10 20:25:36.165 | INFO     | preprocessing:encoders:110 - Column ryr2_mut will now start being processed using OrdinalEncoder
2024-03-10 20:25:36.189 | INFO     | preprocessing:encoders:110 - Column dnah5_mut will now start being processed using OrdinalEncoder
2024-03-10 20:25:36.215 | INFO     | preprocessing:encoders:110 - Column herc2_mut will now start being processed using OrdinalEncoder
2024-03-10 20:25:36.253 | INFO     | preprocessing:encoders:110 - Column pde4dip_mut will now start being processed using OrdinalEncoder
2024-03-10 20:25:36.279 | INFO     | preprocessing:encoders:110 - Column akap9_mut will now start being processed using OrdinalEncoder
2024-03-10 20:25:36.301 | INFO     | preprocessing:encoders:110 - Column tg_mut will now start being processed using OrdinalEncoder
2024-03-10 20:25:36.331 | INFO     | preprocessing:encoders:110 - Column birc6_mut will now start being processed using OrdinalEncoder
2024-03-10 20:25:36.362 | INFO     | preprocessing:encoders:110 - Column utrn_mut will now start being processed using OrdinalEncoder
2024-03-10 20:25:36.387 | INFO     | preprocessing:encoders:110 - Column tbx3_mut will now start being processed using OrdinalEncoder
2024-03-10 20:25:36.415 | INFO     | preprocessing:encoders:110 - Column col6a3_mut will now start being processed using OrdinalEncoder
2024-03-10 20:25:36.439 | INFO     | preprocessing:encoders:110 - Column arid1a_mut will now start being processed using OrdinalEncoder
2024-03-10 20:25:36.473 | INFO     | preprocessing:encoders:110 - Column lama2_mut will now start being processed using OrdinalEncoder
2024-03-10 20:25:36.499 | INFO     | preprocessing:encoders:110 - Column notch1_mut will now start being processed using OrdinalEncoder
2024-03-10 20:25:36.533 | INFO     | preprocessing:encoders:110 - Column cbfb_mut will now start being processed using OrdinalEncoder
2024-03-10 20:25:36.559 | INFO     | preprocessing:encoders:110 - Column ncor2_mut will now start being processed using OrdinalEncoder
2024-03-10 20:25:36.590 | INFO     | preprocessing:encoders:110 - Column col12a1_mut will now start being processed using OrdinalEncoder
2024-03-10 20:25:36.616 | INFO     | preprocessing:encoders:110 - Column col22a1_mut will now start being processed using OrdinalEncoder
2024-03-10 20:25:36.641 | INFO     | preprocessing:encoders:110 - Column pten_mut will now start being processed using OrdinalEncoder
2024-03-10 20:25:36.673 | INFO     | preprocessing:encoders:110 - Column akt1_mut will now start being processed using OrdinalEncoder
2024-03-10 20:25:36.701 | INFO     | preprocessing:encoders:110 - Column atr_mut will now start being processed using OrdinalEncoder
2024-03-10 20:25:36.732 | INFO     | preprocessing:encoders:110 - Column thada_mut will now start being processed using OrdinalEncoder
2024-03-10 20:25:36.764 | INFO     | preprocessing:encoders:110 - Column ncor1_mut will now start being processed using OrdinalEncoder
2024-03-10 20:25:36.793 | INFO     | preprocessing:encoders:110 - Column stab2_mut will now start being processed using OrdinalEncoder
2024-03-10 20:25:36.821 | INFO     | preprocessing:encoders:110 - Column myh9_mut will now start being processed using OrdinalEncoder
2024-03-10 20:25:36.846 | INFO     | preprocessing:encoders:110 - Column runx1_mut will now start being processed using OrdinalEncoder
2024-03-10 20:25:36.864 | INFO     | preprocessing:encoders:110 - Column nf1_mut will now start being processed using OrdinalEncoder
2024-03-10 20:25:36.897 | INFO     | preprocessing:encoders:110 - Column map2k4_mut will now start being processed using OrdinalEncoder
2024-03-10 20:25:36.944 | INFO     | preprocessing:encoders:110 - Column ros1_mut will now start being processed using OrdinalEncoder
2024-03-10 20:25:36.981 | INFO     | preprocessing:encoders:110 - Column lamb3_mut will now start being processed using OrdinalEncoder
2024-03-10 20:25:37.011 | INFO     | preprocessing:encoders:110 - Column arid1b_mut will now start being processed using OrdinalEncoder
2024-03-10 20:25:37.041 | INFO     | preprocessing:encoders:110 - Column erbb2_mut will now start being processed using OrdinalEncoder
2024-03-10 20:25:37.072 | INFO     | preprocessing:encoders:110 - Column sf3b1_mut will now start being processed using OrdinalEncoder
2024-03-10 20:25:37.114 | INFO     | preprocessing:encoders:110 - Column shank2_mut will now start being processed using OrdinalEncoder
2024-03-10 20:25:37.148 | INFO     | preprocessing:encoders:110 - Column ep300_mut will now start being processed using OrdinalEncoder
2024-03-10 20:25:37.178 | INFO     | preprocessing:encoders:110 - Column ptprd_mut will now start being processed using OrdinalEncoder
2024-03-10 20:25:37.204 | INFO     | preprocessing:encoders:110 - Column usp9x_mut will now start being processed using OrdinalEncoder
2024-03-10 20:25:37.232 | INFO     | preprocessing:encoders:110 - Column setd2_mut will now start being processed using OrdinalEncoder
2024-03-10 20:25:37.265 | INFO     | preprocessing:encoders:110 - Column setd1a_mut will now start being processed using OrdinalEncoder
2024-03-10 20:25:37.306 | INFO     | preprocessing:encoders:110 - Column thsd7a_mut will now start being processed using OrdinalEncoder
2024-03-10 20:25:37.341 | INFO     | preprocessing:encoders:110 - Column afdn_mut will now start being processed using OrdinalEncoder
2024-03-10 20:25:37.363 | INFO     | preprocessing:encoders:110 - Column erbb3_mut will now start being processed using OrdinalEncoder
2024-03-10 20:25:37.396 | INFO     | preprocessing:encoders:110 - Column rb1_mut will now start being processed using OrdinalEncoder
2024-03-10 20:25:37.432 | INFO     | preprocessing:encoders:110 - Column myo1a_mut will now start being processed using OrdinalEncoder
2024-03-10 20:25:37.465 | INFO     | preprocessing:encoders:110 - Column alk_mut will now start being processed using OrdinalEncoder
2024-03-10 20:25:37.497 | INFO     | preprocessing:encoders:110 - Column fanca_mut will now start being processed using OrdinalEncoder
2024-03-10 20:25:37.533 | INFO     | preprocessing:encoders:110 - Column adgra2_mut will now start being processed using OrdinalEncoder
2024-03-10 20:25:37.565 | INFO     | preprocessing:encoders:110 - Column ubr5_mut will now start being processed using OrdinalEncoder
2024-03-10 20:25:37.605 | INFO     | preprocessing:encoders:110 - Column pik3r1_mut will now start being processed using OrdinalEncoder
2024-03-10 20:25:37.644 | INFO     | preprocessing:encoders:110 - Column myo3a_mut will now start being processed using OrdinalEncoder
2024-03-10 20:25:37.675 | INFO     | preprocessing:encoders:110 - Column asxl2_mut will now start being processed using OrdinalEncoder
2024-03-10 20:25:37.707 | INFO     | preprocessing:encoders:110 - Column apc_mut will now start being processed using OrdinalEncoder
2024-03-10 20:25:37.744 | INFO     | preprocessing:encoders:110 - Column ctcf_mut will now start being processed using OrdinalEncoder
2024-03-10 20:25:37.773 | INFO     | preprocessing:encoders:110 - Column asxl1_mut will now start being processed using OrdinalEncoder
2024-03-10 20:25:37.804 | INFO     | preprocessing:encoders:110 - Column fancd2_mut will now start being processed using OrdinalEncoder
2024-03-10 20:25:37.836 | INFO     | preprocessing:encoders:110 - Column taf1_mut will now start being processed using OrdinalEncoder
2024-03-10 20:25:37.872 | INFO     | preprocessing:encoders:110 - Column kdm6a_mut will now start being processed using OrdinalEncoder
2024-03-10 20:25:37.928 | INFO     | preprocessing:encoders:110 - Column ctnna3_mut will now start being processed using OrdinalEncoder
2024-03-10 20:25:37.981 | INFO     | preprocessing:encoders:110 - Column brca1_mut will now start being processed using OrdinalEncoder
2024-03-10 20:25:38.039 | INFO     | preprocessing:encoders:110 - Column ptprm_mut will now start being processed using OrdinalEncoder
2024-03-10 20:25:38.080 | INFO     | preprocessing:encoders:110 - Column foxo3_mut will now start being processed using OrdinalEncoder
2024-03-10 20:25:38.111 | INFO     | preprocessing:encoders:110 - Column usp28_mut will now start being processed using OrdinalEncoder
2024-03-10 20:25:38.147 | INFO     | preprocessing:encoders:110 - Column gldc_mut will now start being processed using OrdinalEncoder
2024-03-10 20:25:38.194 | INFO     | preprocessing:encoders:110 - Column brca2_mut will now start being processed using OrdinalEncoder
2024-03-10 20:25:38.253 | INFO     | preprocessing:encoders:110 - Column cacna2d3_mut will now start being processed using OrdinalEncoder
2024-03-10 20:25:38.302 | INFO     | preprocessing:encoders:110 - Column arid2_mut will now start being processed using OrdinalEncoder
2024-03-10 20:25:38.329 | INFO     | preprocessing:encoders:110 - Column aff2_mut will now start being processed using OrdinalEncoder
2024-03-10 20:25:38.395 | INFO     | preprocessing:encoders:110 - Column lifr_mut will now start being processed using OrdinalEncoder
2024-03-10 20:25:38.438 | INFO     | preprocessing:encoders:110 - Column sbno1_mut will now start being processed using OrdinalEncoder
2024-03-10 20:25:38.477 | INFO     | preprocessing:encoders:110 - Column kdm3a_mut will now start being processed using OrdinalEncoder
2024-03-10 20:25:38.518 | INFO     | preprocessing:encoders:110 - Column ncoa3_mut will now start being processed using OrdinalEncoder
2024-03-10 20:25:38.555 | INFO     | preprocessing:encoders:110 - Column bap1_mut will now start being processed using OrdinalEncoder
2024-03-10 20:25:38.593 | INFO     | preprocessing:encoders:110 - Column l1cam_mut will now start being processed using OrdinalEncoder
2024-03-10 20:25:38.631 | INFO     | preprocessing:encoders:110 - Column pbrm1_mut will now start being processed using OrdinalEncoder
2024-03-10 20:25:38.680 | INFO     | preprocessing:encoders:110 - Column chd1_mut will now start being processed using OrdinalEncoder
2024-03-10 20:25:38.731 | INFO     | preprocessing:encoders:110 - Column jak1_mut will now start being processed using OrdinalEncoder
2024-03-10 20:25:38.772 | INFO     | preprocessing:encoders:110 - Column setdb1_mut will now start being processed using OrdinalEncoder
2024-03-10 20:25:38.812 | INFO     | preprocessing:encoders:110 - Column fam20c_mut will now start being processed using OrdinalEncoder
2024-03-10 20:25:38.846 | INFO     | preprocessing:encoders:110 - Column arid5b_mut will now start being processed using OrdinalEncoder
2024-03-10 20:25:38.880 | INFO     | preprocessing:encoders:110 - Column egfr_mut will now start being processed using OrdinalEncoder
2024-03-10 20:25:39.077 | INFO     | preprocessing:encoders:110 - Column map3k10_mut will now start being processed using OrdinalEncoder
2024-03-10 20:25:39.112 | INFO     | preprocessing:encoders:110 - Column smarcc2_mut will now start being processed using OrdinalEncoder
2024-03-10 20:25:39.144 | INFO     | preprocessing:encoders:110 - Column erbb4_mut will now start being processed using OrdinalEncoder
2024-03-10 20:25:39.179 | INFO     | preprocessing:encoders:110 - Column npnt_mut will now start being processed using OrdinalEncoder
2024-03-10 20:25:39.230 | INFO     | preprocessing:encoders:110 - Column nek1_mut will now start being processed using OrdinalEncoder
2024-03-10 20:25:39.279 | INFO     | preprocessing:encoders:110 - Column agmo_mut will now start being processed using OrdinalEncoder
2024-03-10 20:25:39.333 | INFO     | preprocessing:encoders:110 - Column zfp36l1_mut will now start being processed using OrdinalEncoder
2024-03-10 20:25:39.378 | INFO     | preprocessing:encoders:110 - Column smad4_mut will now start being processed using OrdinalEncoder
2024-03-10 20:25:39.412 | INFO     | preprocessing:encoders:110 - Column sik1_mut will now start being processed using OrdinalEncoder
2024-03-10 20:25:39.449 | INFO     | preprocessing:encoders:110 - Column casp8_mut will now start being processed using OrdinalEncoder
2024-03-10 20:25:39.499 | INFO     | preprocessing:encoders:110 - Column prkcq_mut will now start being processed using OrdinalEncoder
2024-03-10 20:25:39.531 | INFO     | preprocessing:encoders:110 - Column smarcc1_mut will now start being processed using OrdinalEncoder
2024-03-10 20:25:39.582 | INFO     | preprocessing:encoders:110 - Column palld_mut will now start being processed using OrdinalEncoder
2024-03-10 20:25:39.636 | INFO     | preprocessing:encoders:110 - Column dcaf4l2_mut will now start being processed using OrdinalEncoder
2024-03-10 20:25:39.682 | INFO     | preprocessing:encoders:110 - Column bcas3_mut will now start being processed using OrdinalEncoder
2024-03-10 20:25:39.714 | INFO     | preprocessing:encoders:110 - Column cdkn1b_mut will now start being processed using OrdinalEncoder
2024-03-10 20:25:39.753 | INFO     | preprocessing:encoders:110 - Column gps2_mut will now start being processed using OrdinalEncoder
2024-03-10 20:25:39.793 | INFO     | preprocessing:encoders:110 - Column men1_mut will now start being processed using OrdinalEncoder
2024-03-10 20:25:39.829 | INFO     | preprocessing:encoders:110 - Column stk11_mut will now start being processed using OrdinalEncoder
2024-03-10 20:25:39.879 | INFO     | preprocessing:encoders:110 - Column sik2_mut will now start being processed using OrdinalEncoder
2024-03-10 20:25:39.930 | INFO     | preprocessing:encoders:110 - Column ptpn22_mut will now start being processed using OrdinalEncoder
2024-03-10 20:25:39.962 | INFO     | preprocessing:encoders:110 - Column brip1_mut will now start being processed using OrdinalEncoder
2024-03-10 20:25:40.027 | INFO     | preprocessing:encoders:110 - Column flt3_mut will now start being processed using OrdinalEncoder
2024-03-10 20:25:40.066 | INFO     | preprocessing:encoders:110 - Column nrg3_mut will now start being processed using OrdinalEncoder
2024-03-10 20:25:40.109 | INFO     | preprocessing:encoders:110 - Column fbxw7_mut will now start being processed using OrdinalEncoder
2024-03-10 20:25:40.160 | INFO     | preprocessing:encoders:110 - Column ttyh1_mut will now start being processed using OrdinalEncoder
2024-03-10 20:25:40.211 | INFO     | preprocessing:encoders:110 - Column taf4b_mut will now start being processed using OrdinalEncoder
2024-03-10 20:25:40.247 | INFO     | preprocessing:encoders:110 - Column or6a2_mut will now start being processed using OrdinalEncoder
2024-03-10 20:25:40.279 | INFO     | preprocessing:encoders:110 - Column map3k13_mut will now start being processed using OrdinalEncoder
2024-03-10 20:25:40.329 | INFO     | preprocessing:encoders:110 - Column hdac9_mut will now start being processed using OrdinalEncoder
2024-03-10 20:25:40.368 | INFO     | preprocessing:encoders:110 - Column prkacg_mut will now start being processed using OrdinalEncoder
2024-03-10 20:25:40.395 | INFO     | preprocessing:encoders:110 - Column rpgr_mut will now start being processed using OrdinalEncoder
2024-03-10 20:25:40.445 | INFO     | preprocessing:encoders:110 - Column large1_mut will now start being processed using OrdinalEncoder
2024-03-10 20:25:40.501 | INFO     | preprocessing:encoders:110 - Column foxp1_mut will now start being processed using OrdinalEncoder
2024-03-10 20:25:40.551 | INFO     | preprocessing:encoders:110 - Column clk3_mut will now start being processed using OrdinalEncoder
2024-03-10 20:25:40.595 | INFO     | preprocessing:encoders:110 - Column prkcz_mut will now start being processed using OrdinalEncoder
2024-03-10 20:25:40.635 | INFO     | preprocessing:encoders:110 - Column lipi_mut will now start being processed using OrdinalEncoder
2024-03-10 20:25:40.680 | INFO     | preprocessing:encoders:110 - Column ppp2r2a_mut will now start being processed using OrdinalEncoder
2024-03-10 20:25:40.727 | INFO     | preprocessing:encoders:110 - Column prkce_mut will now start being processed using OrdinalEncoder
2024-03-10 20:25:40.767 | INFO     | preprocessing:encoders:110 - Column gh1_mut will now start being processed using OrdinalEncoder
2024-03-10 20:25:40.812 | INFO     | preprocessing:encoders:110 - Column gpr32_mut will now start being processed using OrdinalEncoder
2024-03-10 20:25:40.848 | INFO     | preprocessing:encoders:110 - Column kras_mut will now start being processed using OrdinalEncoder
2024-03-10 20:25:40.895 | INFO     | preprocessing:encoders:110 - Column nf2_mut will now start being processed using OrdinalEncoder
2024-03-10 20:25:40.930 | INFO     | preprocessing:encoders:110 - Column chek2_mut will now start being processed using OrdinalEncoder
2024-03-10 20:25:40.968 | INFO     | preprocessing:encoders:110 - Column ldlrap1_mut will now start being processed using OrdinalEncoder
2024-03-10 20:25:41.011 | INFO     | preprocessing:encoders:110 - Column clrn2_mut will now start being processed using OrdinalEncoder
2024-03-10 20:25:41.048 | INFO     | preprocessing:encoders:110 - Column acvrl1_mut will now start being processed using OrdinalEncoder
2024-03-10 20:25:41.096 | INFO     | preprocessing:encoders:110 - Column agtr2_mut will now start being processed using OrdinalEncoder
2024-03-10 20:25:41.144 | INFO     | preprocessing:encoders:110 - Column cdkn2a_mut will now start being processed using OrdinalEncoder
2024-03-10 20:25:41.179 | INFO     | preprocessing:encoders:110 - Column ctnna1_mut will now start being processed using OrdinalEncoder
2024-03-10 20:25:41.227 | INFO     | preprocessing:encoders:110 - Column magea8_mut will now start being processed using OrdinalEncoder
2024-03-10 20:25:41.261 | INFO     | preprocessing:encoders:110 - Column prr16_mut will now start being processed using OrdinalEncoder
2024-03-10 20:25:41.312 | INFO     | preprocessing:encoders:110 - Column dtwd2_mut will now start being processed using OrdinalEncoder
2024-03-10 20:25:41.361 | INFO     | preprocessing:encoders:110 - Column akt2_mut will now start being processed using OrdinalEncoder
2024-03-10 20:25:41.411 | INFO     | preprocessing:encoders:110 - Column braf_mut will now start being processed using OrdinalEncoder
2024-03-10 20:25:41.465 | INFO     | preprocessing:encoders:110 - Column foxo1_mut will now start being processed using OrdinalEncoder
2024-03-10 20:25:41.509 | INFO     | preprocessing:encoders:110 - Column nt5e_mut will now start being processed using OrdinalEncoder
2024-03-10 20:25:41.551 | INFO     | preprocessing:encoders:110 - Column ccnd3_mut will now start being processed using OrdinalEncoder
2024-03-10 20:25:41.604 | INFO     | preprocessing:encoders:110 - Column nr3c1_mut will now start being processed using OrdinalEncoder
2024-03-10 20:25:41.647 | INFO     | preprocessing:encoders:110 - Column prkg1_mut will now start being processed using OrdinalEncoder
2024-03-10 20:25:41.695 | INFO     | preprocessing:encoders:110 - Column tbl1xr1_mut will now start being processed using OrdinalEncoder
2024-03-10 20:25:41.750 | INFO     | preprocessing:encoders:110 - Column frmd3_mut will now start being processed using OrdinalEncoder
2024-03-10 20:25:41.794 | INFO     | preprocessing:encoders:110 - Column smad2_mut will now start being processed using OrdinalEncoder
2024-03-10 20:25:41.841 | INFO     | preprocessing:encoders:110 - Column sgcd_mut will now start being processed using OrdinalEncoder
2024-03-10 20:25:41.894 | INFO     | preprocessing:encoders:110 - Column spaca1_mut will now start being processed using OrdinalEncoder
2024-03-10 20:25:41.930 | INFO     | preprocessing:encoders:110 - Column rasgef1b_mut will now start being processed using OrdinalEncoder
2024-03-10 20:25:41.977 | INFO     | preprocessing:encoders:110 - Column hist1h2bc_mut will now start being processed using OrdinalEncoder
2024-03-10 20:25:42.026 | INFO     | preprocessing:encoders:110 - Column nr2f1_mut will now start being processed using OrdinalEncoder
2024-03-10 20:25:42.066 | INFO     | preprocessing:encoders:110 - Column klrg1_mut will now start being processed using OrdinalEncoder
2024-03-10 20:25:42.124 | INFO     | preprocessing:encoders:110 - Column mbl2_mut will now start being processed using OrdinalEncoder
2024-03-10 20:25:42.183 | INFO     | preprocessing:encoders:110 - Column mtap_mut will now start being processed using OrdinalEncoder
2024-03-10 20:25:42.234 | INFO     | preprocessing:encoders:110 - Column ppp2cb_mut will now start being processed using OrdinalEncoder
2024-03-10 20:25:42.279 | INFO     | preprocessing:encoders:110 - Column smarcd1_mut will now start being processed using OrdinalEncoder
2024-03-10 20:25:42.325 | INFO     | preprocessing:encoders:110 - Column nras_mut will now start being processed using OrdinalEncoder
2024-03-10 20:25:42.372 | INFO     | preprocessing:encoders:110 - Column ndfip1_mut will now start being processed using OrdinalEncoder
2024-03-10 20:25:42.412 | INFO     | preprocessing:encoders:110 - Column hras_mut will now start being processed using OrdinalEncoder
2024-03-10 20:25:42.462 | INFO     | preprocessing:encoders:110 - Column prps2_mut will now start being processed using OrdinalEncoder
2024-03-10 20:25:42.512 | INFO     | preprocessing:encoders:110 - Column smarcb1_mut will now start being processed using OrdinalEncoder
2024-03-10 20:25:42.574 | INFO     | preprocessing:encoders:110 - Column stmn2_mut will now start being processed using OrdinalEncoder
2024-03-10 20:25:42.630 | INFO     | preprocessing:encoders:110 - Column siah1_mut will now start being processed using OrdinalEncoder
