2024-03-10 20:30:20.160 | INFO     | __main__:main:200 - Directory where outputs will be saved: C://Users//rafaelo//OneDrive - NTNU//Documents//Projects//preprocessing//preprocessing//preprocessing\reports\PipelineRun_2024_03_10-08_30_19_PM
2024-03-10 20:30:20.162 | WARNING  | __main__:run_PreProcessor:68 - Note: It is important that numerical columns are pre-processed first, before categorical ones. This is to avoid OneHotEncoded columns (binary 0 and 1) to be seen as numerical during numerical pre-processing.
2024-03-10 20:30:20.170 | INFO     | preprocessing:NA_solver:163 - Running NaN solver
2024-03-10 20:42:11.206 | INFO     | preprocessing:encoders:38 - Pre-processing numerical columns
2024-03-10 20:42:11.243 | INFO     | preprocessing:encoders:110 - Column patient_id will now start being processed using MinMaxScaler
2024-03-10 20:42:11.267 | INFO     | preprocessing:encoders:110 - Column age_at_diagnosis will now start being processed using MinMaxScaler
2024-03-10 20:42:11.292 | INFO     | preprocessing:encoders:110 - Column type_of_breast_surgery will now start being processed using MinMaxScaler
2024-03-10 20:42:11.306 | INFO     | preprocessing:encoders:110 - Column cancer_type will now start being processed using MinMaxScaler
2024-03-10 20:42:11.624 | INFO     | preprocessing:encoders:110 - Column cancer_type_detailed will now start being processed using MinMaxScaler
2024-03-10 20:42:11.702 | INFO     | preprocessing:encoders:110 - Column cellularity will now start being processed using MinMaxScaler
2024-03-10 20:42:11.724 | INFO     | preprocessing:encoders:110 - Column chemotherapy will now start being processed using MinMaxScaler
2024-03-10 20:42:11.845 | INFO     | preprocessing:encoders:110 - Column pam50_+_claudin-low_subtype will now start being processed using MinMaxScaler
2024-03-10 20:42:11.876 | INFO     | preprocessing:encoders:110 - Column cohort will now start being processed using MinMaxScaler
2024-03-10 20:42:11.974 | INFO     | preprocessing:encoders:110 - Column er_status_measured_by_ihc will now start being processed using MinMaxScaler
2024-03-10 20:42:11.997 | INFO     | preprocessing:encoders:110 - Column er_status will now start being processed using MinMaxScaler
2024-03-10 20:42:12.058 | INFO     | preprocessing:encoders:110 - Column neoplasm_histologic_grade will now start being processed using MinMaxScaler
2024-03-10 20:42:12.141 | INFO     | preprocessing:encoders:110 - Column her2_status_measured_by_snp6 will now start being processed using MinMaxScaler
2024-03-10 20:42:12.160 | INFO     | preprocessing:encoders:110 - Column her2_status will now start being processed using MinMaxScaler
2024-03-10 20:42:12.181 | INFO     | preprocessing:encoders:110 - Column tumor_other_histologic_subtype will now start being processed using MinMaxScaler
2024-03-10 20:42:12.201 | INFO     | preprocessing:encoders:110 - Column hormone_therapy will now start being processed using MinMaxScaler
2024-03-10 20:42:12.222 | INFO     | preprocessing:encoders:110 - Column inferred_menopausal_state will now start being processed using MinMaxScaler
2024-03-10 20:42:12.301 | INFO     | preprocessing:encoders:110 - Column integrative_cluster will now start being processed using MinMaxScaler
2024-03-10 20:42:12.356 | INFO     | preprocessing:encoders:110 - Column primary_tumor_laterality will now start being processed using MinMaxScaler
2024-03-10 20:42:12.379 | INFO     | preprocessing:encoders:110 - Column lymph_nodes_examined_positive will now start being processed using MinMaxScaler
2024-03-10 20:42:12.406 | INFO     | preprocessing:encoders:110 - Column mutation_count will now start being processed using MinMaxScaler
2024-03-10 20:42:12.445 | INFO     | preprocessing:encoders:110 - Column nottingham_prognostic_index will now start being processed using MinMaxScaler
2024-03-10 20:42:12.510 | INFO     | preprocessing:encoders:110 - Column oncotree_code will now start being processed using MinMaxScaler
2024-03-10 20:42:12.594 | INFO     | preprocessing:encoders:110 - Column overall_survival_months will now start being processed using MinMaxScaler
2024-03-10 20:42:12.622 | INFO     | preprocessing:encoders:110 - Column overall_survival will now start being processed using MinMaxScaler
2024-03-10 20:42:12.644 | INFO     | preprocessing:encoders:110 - Column pr_status will now start being processed using MinMaxScaler
2024-03-10 20:42:12.662 | INFO     | preprocessing:encoders:110 - Column radio_therapy will now start being processed using MinMaxScaler
2024-03-10 20:42:12.753 | INFO     | preprocessing:encoders:110 - Column 3-gene_classifier_subtype will now start being processed using MinMaxScaler
2024-03-10 20:42:12.806 | INFO     | preprocessing:encoders:110 - Column tumor_size will now start being processed using MinMaxScaler
2024-03-10 20:42:12.838 | INFO     | preprocessing:encoders:110 - Column tumor_stage will now start being processed using MinMaxScaler
2024-03-10 20:42:12.878 | INFO     | preprocessing:encoders:110 - Column death_from_cancer will now start being processed using MinMaxScaler
2024-03-10 20:42:12.911 | INFO     | preprocessing:encoders:110 - Column brca1 will now start being processed using MinMaxScaler
2024-03-10 20:42:12.970 | INFO     | preprocessing:encoders:110 - Column brca2 will now start being processed using MinMaxScaler
2024-03-10 20:42:13.062 | INFO     | preprocessing:encoders:110 - Column palb2 will now start being processed using MinMaxScaler
2024-03-10 20:42:13.084 | INFO     | preprocessing:encoders:110 - Column pten will now start being processed using MinMaxScaler
2024-03-10 20:42:13.103 | INFO     | preprocessing:encoders:110 - Column tp53 will now start being processed using MinMaxScaler
2024-03-10 20:42:13.206 | INFO     | preprocessing:encoders:110 - Column atm will now start being processed using MinMaxScaler
2024-03-10 20:42:13.255 | INFO     | preprocessing:encoders:110 - Column cdh1 will now start being processed using MinMaxScaler
2024-03-10 20:42:13.287 | INFO     | preprocessing:encoders:110 - Column chek2 will now start being processed using MinMaxScaler
2024-03-10 20:42:13.331 | INFO     | preprocessing:encoders:110 - Column nbn will now start being processed using MinMaxScaler
2024-03-10 20:42:13.350 | INFO     | preprocessing:encoders:110 - Column nf1 will now start being processed using MinMaxScaler
2024-03-10 20:42:13.481 | INFO     | preprocessing:encoders:110 - Column stk11 will now start being processed using MinMaxScaler
2024-03-10 20:42:13.501 | INFO     | preprocessing:encoders:110 - Column bard1 will now start being processed using MinMaxScaler
2024-03-10 20:42:13.522 | INFO     | preprocessing:encoders:110 - Column mlh1 will now start being processed using MinMaxScaler
2024-03-10 20:42:13.540 | INFO     | preprocessing:encoders:110 - Column msh2 will now start being processed using MinMaxScaler
2024-03-10 20:42:13.560 | INFO     | preprocessing:encoders:110 - Column msh6 will now start being processed using MinMaxScaler
2024-03-10 20:42:13.578 | INFO     | preprocessing:encoders:110 - Column pms2 will now start being processed using MinMaxScaler
2024-03-10 20:42:13.756 | INFO     | preprocessing:encoders:110 - Column epcam will now start being processed using MinMaxScaler
2024-03-10 20:42:13.780 | INFO     | preprocessing:encoders:110 - Column rad51c will now start being processed using MinMaxScaler
2024-03-10 20:42:13.815 | INFO     | preprocessing:encoders:110 - Column rad51d will now start being processed using MinMaxScaler
2024-03-10 20:42:13.853 | INFO     | preprocessing:encoders:110 - Column rad50 will now start being processed using MinMaxScaler
2024-03-10 20:42:13.881 | INFO     | preprocessing:encoders:110 - Column rb1 will now start being processed using MinMaxScaler
2024-03-10 20:42:13.902 | INFO     | preprocessing:encoders:110 - Column rbl1 will now start being processed using MinMaxScaler
2024-03-10 20:42:13.932 | INFO     | preprocessing:encoders:110 - Column rbl2 will now start being processed using MinMaxScaler
2024-03-10 20:42:13.973 | INFO     | preprocessing:encoders:110 - Column ccna1 will now start being processed using MinMaxScaler
2024-03-10 20:42:14.006 | INFO     | preprocessing:encoders:110 - Column ccnb1 will now start being processed using MinMaxScaler
2024-03-10 20:42:14.059 | INFO     | preprocessing:encoders:110 - Column cdk1 will now start being processed using MinMaxScaler
2024-03-10 20:42:14.107 | INFO     | preprocessing:encoders:110 - Column ccne1 will now start being processed using MinMaxScaler
2024-03-10 20:42:14.164 | INFO     | preprocessing:encoders:110 - Column cdk2 will now start being processed using MinMaxScaler
2024-03-10 20:42:14.188 | INFO     | preprocessing:encoders:110 - Column cdc25a will now start being processed using MinMaxScaler
2024-03-10 20:42:14.234 | INFO     | preprocessing:encoders:110 - Column ccnd1 will now start being processed using MinMaxScaler
2024-03-10 20:42:14.269 | INFO     | preprocessing:encoders:110 - Column cdk4 will now start being processed using MinMaxScaler
2024-03-10 20:42:14.305 | INFO     | preprocessing:encoders:110 - Column cdk6 will now start being processed using MinMaxScaler
2024-03-10 20:42:14.359 | INFO     | preprocessing:encoders:110 - Column ccnd2 will now start being processed using MinMaxScaler
2024-03-10 20:42:14.410 | INFO     | preprocessing:encoders:110 - Column cdkn2a will now start being processed using MinMaxScaler
2024-03-10 20:42:14.463 | INFO     | preprocessing:encoders:110 - Column cdkn2b will now start being processed using MinMaxScaler
2024-03-10 20:42:14.544 | INFO     | preprocessing:encoders:110 - Column myc will now start being processed using MinMaxScaler
2024-03-10 20:42:14.621 | INFO     | preprocessing:encoders:110 - Column cdkn1a will now start being processed using MinMaxScaler
2024-03-10 20:42:14.782 | INFO     | preprocessing:encoders:110 - Column cdkn1b will now start being processed using MinMaxScaler
2024-03-10 20:42:14.810 | INFO     | preprocessing:encoders:110 - Column e2f1 will now start being processed using MinMaxScaler
2024-03-10 20:42:14.906 | INFO     | preprocessing:encoders:110 - Column e2f2 will now start being processed using MinMaxScaler
2024-03-10 20:42:14.928 | INFO     | preprocessing:encoders:110 - Column e2f3 will now start being processed using MinMaxScaler
2024-03-10 20:42:14.967 | INFO     | preprocessing:encoders:110 - Column e2f4 will now start being processed using MinMaxScaler
2024-03-10 20:42:14.989 | INFO     | preprocessing:encoders:110 - Column e2f5 will now start being processed using MinMaxScaler
2024-03-10 20:42:15.124 | INFO     | preprocessing:encoders:110 - Column e2f6 will now start being processed using MinMaxScaler
2024-03-10 20:42:15.229 | INFO     | preprocessing:encoders:110 - Column e2f7 will now start being processed using MinMaxScaler
2024-03-10 20:42:15.259 | INFO     | preprocessing:encoders:110 - Column e2f8 will now start being processed using MinMaxScaler
2024-03-10 20:42:15.289 | INFO     | preprocessing:encoders:110 - Column src will now start being processed using MinMaxScaler
2024-03-10 20:42:15.385 | INFO     | preprocessing:encoders:110 - Column jak1 will now start being processed using MinMaxScaler
2024-03-10 20:42:15.405 | INFO     | preprocessing:encoders:110 - Column jak2 will now start being processed using MinMaxScaler
2024-03-10 20:42:15.422 | INFO     | preprocessing:encoders:110 - Column stat1 will now start being processed using MinMaxScaler
2024-03-10 20:42:15.521 | INFO     | preprocessing:encoders:110 - Column stat2 will now start being processed using MinMaxScaler
2024-03-10 20:42:15.571 | INFO     | preprocessing:encoders:110 - Column stat3 will now start being processed using MinMaxScaler
2024-03-10 20:42:15.601 | INFO     | preprocessing:encoders:110 - Column stat5a will now start being processed using MinMaxScaler
2024-03-10 20:42:15.688 | INFO     | preprocessing:encoders:110 - Column stat5b will now start being processed using MinMaxScaler
2024-03-10 20:42:15.789 | INFO     | preprocessing:encoders:110 - Column mdm2 will now start being processed using MinMaxScaler
2024-03-10 20:42:15.819 | INFO     | preprocessing:encoders:110 - Column tp53bp1 will now start being processed using MinMaxScaler
2024-03-10 20:42:15.880 | INFO     | preprocessing:encoders:110 - Column adam10 will now start being processed using MinMaxScaler
2024-03-10 20:42:15.910 | INFO     | preprocessing:encoders:110 - Column adam17 will now start being processed using MinMaxScaler
2024-03-10 20:42:15.954 | INFO     | preprocessing:encoders:110 - Column aph1a will now start being processed using MinMaxScaler
2024-03-10 20:42:15.995 | INFO     | preprocessing:encoders:110 - Column aph1b will now start being processed using MinMaxScaler
2024-03-10 20:42:16.027 | INFO     | preprocessing:encoders:110 - Column arrdc1 will now start being processed using MinMaxScaler
2024-03-10 20:42:16.056 | INFO     | preprocessing:encoders:110 - Column cir1 will now start being processed using MinMaxScaler
2024-03-10 20:42:16.092 | INFO     | preprocessing:encoders:110 - Column ctbp1 will now start being processed using MinMaxScaler
2024-03-10 20:42:16.121 | INFO     | preprocessing:encoders:110 - Column ctbp2 will now start being processed using MinMaxScaler
2024-03-10 20:42:16.150 | INFO     | preprocessing:encoders:110 - Column cul1 will now start being processed using MinMaxScaler
2024-03-10 20:42:16.175 | INFO     | preprocessing:encoders:110 - Column dll1 will now start being processed using MinMaxScaler
2024-03-10 20:42:16.197 | INFO     | preprocessing:encoders:110 - Column dll3 will now start being processed using MinMaxScaler
2024-03-10 20:42:16.227 | INFO     | preprocessing:encoders:110 - Column dll4 will now start being processed using MinMaxScaler
2024-03-10 20:42:16.258 | INFO     | preprocessing:encoders:110 - Column dtx1 will now start being processed using MinMaxScaler
2024-03-10 20:42:16.282 | INFO     | preprocessing:encoders:110 - Column dtx2 will now start being processed using MinMaxScaler
2024-03-10 20:42:16.311 | INFO     | preprocessing:encoders:110 - Column dtx3 will now start being processed using MinMaxScaler
2024-03-10 20:42:16.337 | INFO     | preprocessing:encoders:110 - Column dtx4 will now start being processed using MinMaxScaler
2024-03-10 20:42:16.395 | INFO     | preprocessing:encoders:110 - Column ep300 will now start being processed using MinMaxScaler
2024-03-10 20:42:16.422 | INFO     | preprocessing:encoders:110 - Column fbxw7 will now start being processed using MinMaxScaler
2024-03-10 20:42:16.450 | INFO     | preprocessing:encoders:110 - Column hdac1 will now start being processed using MinMaxScaler
2024-03-10 20:42:16.485 | INFO     | preprocessing:encoders:110 - Column hdac2 will now start being processed using MinMaxScaler
2024-03-10 20:42:16.518 | INFO     | preprocessing:encoders:110 - Column hes1 will now start being processed using MinMaxScaler
2024-03-10 20:42:16.552 | INFO     | preprocessing:encoders:110 - Column hes5 will now start being processed using MinMaxScaler
2024-03-10 20:42:16.589 | INFO     | preprocessing:encoders:110 - Column heyl will now start being processed using MinMaxScaler
2024-03-10 20:42:16.634 | INFO     | preprocessing:encoders:110 - Column itch will now start being processed using MinMaxScaler
2024-03-10 20:42:16.694 | INFO     | preprocessing:encoders:110 - Column jag1 will now start being processed using MinMaxScaler
2024-03-10 20:42:16.734 | INFO     | preprocessing:encoders:110 - Column jag2 will now start being processed using MinMaxScaler
2024-03-10 20:42:16.768 | INFO     | preprocessing:encoders:110 - Column kdm5a will now start being processed using MinMaxScaler
2024-03-10 20:42:16.854 | INFO     | preprocessing:encoders:110 - Column lfng will now start being processed using MinMaxScaler
2024-03-10 20:42:16.900 | INFO     | preprocessing:encoders:110 - Column maml1 will now start being processed using MinMaxScaler
2024-03-10 20:42:16.926 | INFO     | preprocessing:encoders:110 - Column maml2 will now start being processed using MinMaxScaler
2024-03-10 20:42:16.961 | INFO     | preprocessing:encoders:110 - Column maml3 will now start being processed using MinMaxScaler
2024-03-10 20:42:17.017 | INFO     | preprocessing:encoders:110 - Column ncor2 will now start being processed using MinMaxScaler
2024-03-10 20:42:17.048 | INFO     | preprocessing:encoders:110 - Column ncstn will now start being processed using MinMaxScaler
2024-03-10 20:42:17.099 | INFO     | preprocessing:encoders:110 - Column notch1 will now start being processed using MinMaxScaler
2024-03-10 20:42:17.157 | INFO     | preprocessing:encoders:110 - Column notch2 will now start being processed using MinMaxScaler
2024-03-10 20:42:17.324 | INFO     | preprocessing:encoders:110 - Column notch3 will now start being processed using MinMaxScaler
2024-03-10 20:42:17.396 | INFO     | preprocessing:encoders:110 - Column nrarp will now start being processed using MinMaxScaler
2024-03-10 20:42:17.510 | INFO     | preprocessing:encoders:110 - Column numb will now start being processed using MinMaxScaler
2024-03-10 20:42:17.577 | INFO     | preprocessing:encoders:110 - Column numbl will now start being processed using MinMaxScaler
2024-03-10 20:42:17.715 | INFO     | preprocessing:encoders:110 - Column psen1 will now start being processed using MinMaxScaler
2024-03-10 20:42:17.748 | INFO     | preprocessing:encoders:110 - Column psen2 will now start being processed using MinMaxScaler
2024-03-10 20:42:17.777 | INFO     | preprocessing:encoders:110 - Column psenen will now start being processed using MinMaxScaler
2024-03-10 20:42:17.821 | INFO     | preprocessing:encoders:110 - Column rbpj will now start being processed using MinMaxScaler
2024-03-10 20:42:17.988 | INFO     | preprocessing:encoders:110 - Column rbpjl will now start being processed using MinMaxScaler
2024-03-10 20:42:18.019 | INFO     | preprocessing:encoders:110 - Column rfng will now start being processed using MinMaxScaler
2024-03-10 20:42:18.047 | INFO     | preprocessing:encoders:110 - Column snw1 will now start being processed using MinMaxScaler
2024-03-10 20:42:18.069 | INFO     | preprocessing:encoders:110 - Column spen will now start being processed using MinMaxScaler
2024-03-10 20:42:18.186 | INFO     | preprocessing:encoders:110 - Column hes2 will now start being processed using MinMaxScaler
2024-03-10 20:42:18.210 | INFO     | preprocessing:encoders:110 - Column hes4 will now start being processed using MinMaxScaler
2024-03-10 20:42:18.236 | INFO     | preprocessing:encoders:110 - Column hes7 will now start being processed using MinMaxScaler
2024-03-10 20:42:18.256 | INFO     | preprocessing:encoders:110 - Column hey1 will now start being processed using MinMaxScaler
2024-03-10 20:42:18.383 | INFO     | preprocessing:encoders:110 - Column hey2 will now start being processed using MinMaxScaler
2024-03-10 20:42:18.427 | INFO     | preprocessing:encoders:110 - Column acvr1 will now start being processed using MinMaxScaler
2024-03-10 20:42:18.503 | INFO     | preprocessing:encoders:110 - Column acvr1b will now start being processed using MinMaxScaler
2024-03-10 20:42:18.537 | INFO     | preprocessing:encoders:110 - Column acvr1c will now start being processed using MinMaxScaler
2024-03-10 20:42:18.678 | INFO     | preprocessing:encoders:110 - Column acvr2a will now start being processed using MinMaxScaler
2024-03-10 20:42:18.706 | INFO     | preprocessing:encoders:110 - Column acvr2b will now start being processed using MinMaxScaler
2024-03-10 20:42:18.832 | INFO     | preprocessing:encoders:110 - Column acvrl1 will now start being processed using MinMaxScaler
2024-03-10 20:42:18.849 | INFO     | preprocessing:encoders:110 - Column akt1 will now start being processed using MinMaxScaler
2024-03-10 20:42:18.986 | INFO     | preprocessing:encoders:110 - Column akt1s1 will now start being processed using MinMaxScaler
2024-03-10 20:42:19.006 | INFO     | preprocessing:encoders:110 - Column akt2 will now start being processed using MinMaxScaler
2024-03-10 20:42:19.075 | INFO     | preprocessing:encoders:110 - Column apaf1 will now start being processed using MinMaxScaler
2024-03-10 20:42:19.157 | INFO     | preprocessing:encoders:110 - Column arl11 will now start being processed using MinMaxScaler
2024-03-10 20:42:19.326 | INFO     | preprocessing:encoders:110 - Column atr will now start being processed using MinMaxScaler
2024-03-10 20:42:19.354 | INFO     | preprocessing:encoders:110 - Column aurka will now start being processed using MinMaxScaler
2024-03-10 20:42:19.387 | INFO     | preprocessing:encoders:110 - Column bad will now start being processed using MinMaxScaler
2024-03-10 20:42:19.511 | INFO     | preprocessing:encoders:110 - Column bcl2 will now start being processed using MinMaxScaler
2024-03-10 20:42:19.672 | INFO     | preprocessing:encoders:110 - Column bcl2l1 will now start being processed using MinMaxScaler
2024-03-10 20:42:19.957 | INFO     | preprocessing:encoders:110 - Column bmp10 will now start being processed using MinMaxScaler
2024-03-10 20:42:19.976 | INFO     | preprocessing:encoders:110 - Column bmp15 will now start being processed using MinMaxScaler
2024-03-10 20:42:20.123 | INFO     | preprocessing:encoders:110 - Column bmp2 will now start being processed using MinMaxScaler
2024-03-10 20:42:20.151 | INFO     | preprocessing:encoders:110 - Column bmp3 will now start being processed using MinMaxScaler
2024-03-10 20:42:20.263 | INFO     | preprocessing:encoders:110 - Column bmp4 will now start being processed using MinMaxScaler
2024-03-10 20:42:20.282 | INFO     | preprocessing:encoders:110 - Column bmp5 will now start being processed using MinMaxScaler
2024-03-10 20:42:20.307 | INFO     | preprocessing:encoders:110 - Column bmp6 will now start being processed using MinMaxScaler
2024-03-10 20:42:20.332 | INFO     | preprocessing:encoders:110 - Column bmp7 will now start being processed using MinMaxScaler
2024-03-10 20:42:20.354 | INFO     | preprocessing:encoders:110 - Column bmpr1a will now start being processed using MinMaxScaler
2024-03-10 20:42:20.374 | INFO     | preprocessing:encoders:110 - Column bmpr1b will now start being processed using MinMaxScaler
2024-03-10 20:42:20.435 | INFO     | preprocessing:encoders:110 - Column bmpr2 will now start being processed using MinMaxScaler
2024-03-10 20:42:20.505 | INFO     | preprocessing:encoders:110 - Column braf will now start being processed using MinMaxScaler
2024-03-10 20:42:20.533 | INFO     | preprocessing:encoders:110 - Column casp10 will now start being processed using MinMaxScaler
2024-03-10 20:42:20.549 | INFO     | preprocessing:encoders:110 - Column casp3 will now start being processed using MinMaxScaler
2024-03-10 20:42:20.574 | INFO     | preprocessing:encoders:110 - Column casp6 will now start being processed using MinMaxScaler
2024-03-10 20:42:20.685 | INFO     | preprocessing:encoders:110 - Column casp7 will now start being processed using MinMaxScaler
2024-03-10 20:42:20.714 | INFO     | preprocessing:encoders:110 - Column casp8 will now start being processed using MinMaxScaler
2024-03-10 20:42:20.735 | INFO     | preprocessing:encoders:110 - Column casp9 will now start being processed using MinMaxScaler
2024-03-10 20:42:20.753 | INFO     | preprocessing:encoders:110 - Column chek1 will now start being processed using MinMaxScaler
2024-03-10 20:42:20.782 | INFO     | preprocessing:encoders:110 - Column csf1 will now start being processed using MinMaxScaler
2024-03-10 20:42:20.809 | INFO     | preprocessing:encoders:110 - Column csf1r will now start being processed using MinMaxScaler
2024-03-10 20:42:20.884 | INFO     | preprocessing:encoders:110 - Column cxcl8 will now start being processed using MinMaxScaler
2024-03-10 20:42:20.945 | INFO     | preprocessing:encoders:110 - Column cxcr1 will now start being processed using MinMaxScaler
2024-03-10 20:42:20.976 | INFO     | preprocessing:encoders:110 - Column cxcr2 will now start being processed using MinMaxScaler
2024-03-10 20:42:21.005 | INFO     | preprocessing:encoders:110 - Column dab2 will now start being processed using MinMaxScaler
2024-03-10 20:42:21.101 | INFO     | preprocessing:encoders:110 - Column diras3 will now start being processed using MinMaxScaler
2024-03-10 20:42:21.116 | INFO     | preprocessing:encoders:110 - Column dlec1 will now start being processed using MinMaxScaler
2024-03-10 20:42:21.147 | INFO     | preprocessing:encoders:110 - Column dph1 will now start being processed using MinMaxScaler
2024-03-10 20:42:21.166 | INFO     | preprocessing:encoders:110 - Column egfr will now start being processed using MinMaxScaler
2024-03-10 20:42:21.187 | INFO     | preprocessing:encoders:110 - Column eif4e will now start being processed using MinMaxScaler
2024-03-10 20:42:21.206 | INFO     | preprocessing:encoders:110 - Column eif4ebp1 will now start being processed using MinMaxScaler
2024-03-10 20:42:21.249 | INFO     | preprocessing:encoders:110 - Column eif5a2 will now start being processed using MinMaxScaler
2024-03-10 20:42:21.301 | INFO     | preprocessing:encoders:110 - Column erbb2 will now start being processed using MinMaxScaler
2024-03-10 20:42:21.415 | INFO     | preprocessing:encoders:110 - Column erbb3 will now start being processed using MinMaxScaler
2024-03-10 20:42:21.437 | INFO     | preprocessing:encoders:110 - Column erbb4 will now start being processed using MinMaxScaler
2024-03-10 20:42:21.591 | INFO     | preprocessing:encoders:110 - Column fas will now start being processed using MinMaxScaler
2024-03-10 20:42:21.623 | INFO     | preprocessing:encoders:110 - Column fgf1 will now start being processed using MinMaxScaler
2024-03-10 20:42:21.645 | INFO     | preprocessing:encoders:110 - Column fgfr1 will now start being processed using MinMaxScaler
2024-03-10 20:42:21.663 | INFO     | preprocessing:encoders:110 - Column folr1 will now start being processed using MinMaxScaler
2024-03-10 20:42:21.682 | INFO     | preprocessing:encoders:110 - Column folr2 will now start being processed using MinMaxScaler
2024-03-10 20:42:21.705 | INFO     | preprocessing:encoders:110 - Column folr3 will now start being processed using MinMaxScaler
2024-03-10 20:42:21.825 | INFO     | preprocessing:encoders:110 - Column foxo1 will now start being processed using MinMaxScaler
2024-03-10 20:42:21.867 | INFO     | preprocessing:encoders:110 - Column foxo3 will now start being processed using MinMaxScaler
2024-03-10 20:42:21.893 | INFO     | preprocessing:encoders:110 - Column gdf11 will now start being processed using MinMaxScaler
2024-03-10 20:42:21.944 | INFO     | preprocessing:encoders:110 - Column gdf2 will now start being processed using MinMaxScaler
2024-03-10 20:42:21.998 | INFO     | preprocessing:encoders:110 - Column gsk3b will now start being processed using MinMaxScaler
2024-03-10 20:42:22.029 | INFO     | preprocessing:encoders:110 - Column hif1a will now start being processed using MinMaxScaler
2024-03-10 20:42:22.101 | INFO     | preprocessing:encoders:110 - Column hla-g will now start being processed using MinMaxScaler
2024-03-10 20:42:22.132 | INFO     | preprocessing:encoders:110 - Column hras will now start being processed using MinMaxScaler
2024-03-10 20:42:22.152 | INFO     | preprocessing:encoders:110 - Column igf1 will now start being processed using MinMaxScaler
2024-03-10 20:42:22.170 | INFO     | preprocessing:encoders:110 - Column igf1r will now start being processed using MinMaxScaler
2024-03-10 20:42:22.201 | INFO     | preprocessing:encoders:110 - Column inha will now start being processed using MinMaxScaler
2024-03-10 20:42:22.407 | INFO     | preprocessing:encoders:110 - Column inhba will now start being processed using MinMaxScaler
2024-03-10 20:42:22.484 | INFO     | preprocessing:encoders:110 - Column inhbc will now start being processed using MinMaxScaler
2024-03-10 20:42:22.531 | INFO     | preprocessing:encoders:110 - Column itgav will now start being processed using MinMaxScaler
2024-03-10 20:42:22.692 | INFO     | preprocessing:encoders:110 - Column itgb3 will now start being processed using MinMaxScaler
2024-03-10 20:42:22.738 | INFO     | preprocessing:encoders:110 - Column izumo1r will now start being processed using MinMaxScaler
2024-03-10 20:42:22.777 | INFO     | preprocessing:encoders:110 - Column kdr will now start being processed using MinMaxScaler
2024-03-10 20:42:22.818 | INFO     | preprocessing:encoders:110 - Column kit will now start being processed using MinMaxScaler
2024-03-10 20:42:22.851 | INFO     | preprocessing:encoders:110 - Column kras will now start being processed using MinMaxScaler
2024-03-10 20:42:22.963 | INFO     | preprocessing:encoders:110 - Column map2k1 will now start being processed using MinMaxScaler
2024-03-10 20:42:23.046 | INFO     | preprocessing:encoders:110 - Column map2k2 will now start being processed using MinMaxScaler
2024-03-10 20:42:23.110 | INFO     | preprocessing:encoders:110 - Column map2k3 will now start being processed using MinMaxScaler
2024-03-10 20:42:23.191 | INFO     | preprocessing:encoders:110 - Column map2k4 will now start being processed using MinMaxScaler
2024-03-10 20:42:23.284 | INFO     | preprocessing:encoders:110 - Column map2k5 will now start being processed using MinMaxScaler
2024-03-10 20:42:23.312 | INFO     | preprocessing:encoders:110 - Column map3k1 will now start being processed using MinMaxScaler
2024-03-10 20:42:23.336 | INFO     | preprocessing:encoders:110 - Column map3k3 will now start being processed using MinMaxScaler
2024-03-10 20:42:23.366 | INFO     | preprocessing:encoders:110 - Column map3k4 will now start being processed using MinMaxScaler
2024-03-10 20:42:23.407 | INFO     | preprocessing:encoders:110 - Column map3k5 will now start being processed using MinMaxScaler
2024-03-10 20:42:23.450 | INFO     | preprocessing:encoders:110 - Column mapk1 will now start being processed using MinMaxScaler
2024-03-10 20:42:23.494 | INFO     | preprocessing:encoders:110 - Column mapk12 will now start being processed using MinMaxScaler
2024-03-10 20:42:23.615 | INFO     | preprocessing:encoders:110 - Column mapk14 will now start being processed using MinMaxScaler
2024-03-10 20:42:23.685 | INFO     | preprocessing:encoders:110 - Column mapk3 will now start being processed using MinMaxScaler
2024-03-10 20:42:23.735 | INFO     | preprocessing:encoders:110 - Column mapk4 will now start being processed using MinMaxScaler
2024-03-10 20:42:23.758 | INFO     | preprocessing:encoders:110 - Column mapk6 will now start being processed using MinMaxScaler
2024-03-10 20:42:23.779 | INFO     | preprocessing:encoders:110 - Column mapk7 will now start being processed using MinMaxScaler
2024-03-10 20:42:23.795 | INFO     | preprocessing:encoders:110 - Column mapk8 will now start being processed using MinMaxScaler
2024-03-10 20:42:23.815 | INFO     | preprocessing:encoders:110 - Column mapk9 will now start being processed using MinMaxScaler
2024-03-10 20:42:23.848 | INFO     | preprocessing:encoders:110 - Column mdc1 will now start being processed using MinMaxScaler
2024-03-10 20:42:23.869 | INFO     | preprocessing:encoders:110 - Column mlst8 will now start being processed using MinMaxScaler
2024-03-10 20:42:23.892 | INFO     | preprocessing:encoders:110 - Column mmp1 will now start being processed using MinMaxScaler
2024-03-10 20:42:23.905 | INFO     | preprocessing:encoders:110 - Column mmp10 will now start being processed using MinMaxScaler
2024-03-10 20:42:23.918 | INFO     | preprocessing:encoders:110 - Column mmp11 will now start being processed using MinMaxScaler
2024-03-10 20:42:23.937 | INFO     | preprocessing:encoders:110 - Column mmp12 will now start being processed using MinMaxScaler
2024-03-10 20:42:23.957 | INFO     | preprocessing:encoders:110 - Column mmp13 will now start being processed using MinMaxScaler
2024-03-10 20:42:23.969 | INFO     | preprocessing:encoders:110 - Column mmp14 will now start being processed using MinMaxScaler
2024-03-10 20:42:23.991 | INFO     | preprocessing:encoders:110 - Column mmp15 will now start being processed using MinMaxScaler
2024-03-10 20:42:24.013 | INFO     | preprocessing:encoders:110 - Column mmp16 will now start being processed using MinMaxScaler
2024-03-10 20:42:24.039 | INFO     | preprocessing:encoders:110 - Column mmp17 will now start being processed using MinMaxScaler
2024-03-10 20:42:24.050 | INFO     | preprocessing:encoders:110 - Column mmp19 will now start being processed using MinMaxScaler
2024-03-10 20:42:24.076 | INFO     | preprocessing:encoders:110 - Column mmp2 will now start being processed using MinMaxScaler
2024-03-10 20:42:24.100 | INFO     | preprocessing:encoders:110 - Column mmp21 will now start being processed using MinMaxScaler
2024-03-10 20:42:24.116 | INFO     | preprocessing:encoders:110 - Column mmp23b will now start being processed using MinMaxScaler
2024-03-10 20:42:24.140 | INFO     | preprocessing:encoders:110 - Column mmp24 will now start being processed using MinMaxScaler
2024-03-10 20:42:24.148 | INFO     | preprocessing:encoders:110 - Column mmp25 will now start being processed using MinMaxScaler
2024-03-10 20:42:24.169 | INFO     | preprocessing:encoders:110 - Column mmp26 will now start being processed using MinMaxScaler
2024-03-10 20:42:24.196 | INFO     | preprocessing:encoders:110 - Column mmp27 will now start being processed using MinMaxScaler
2024-03-10 20:42:24.225 | INFO     | preprocessing:encoders:110 - Column mmp28 will now start being processed using MinMaxScaler
2024-03-10 20:42:24.246 | INFO     | preprocessing:encoders:110 - Column mmp3 will now start being processed using MinMaxScaler
2024-03-10 20:42:24.258 | INFO     | preprocessing:encoders:110 - Column mmp7 will now start being processed using MinMaxScaler
2024-03-10 20:42:24.292 | INFO     | preprocessing:encoders:110 - Column mmp9 will now start being processed using MinMaxScaler
2024-03-10 20:42:24.300 | INFO     | preprocessing:encoders:110 - Column mtor will now start being processed using MinMaxScaler
2024-03-10 20:42:24.331 | INFO     | preprocessing:encoders:110 - Column nfkb1 will now start being processed using MinMaxScaler
2024-03-10 20:42:24.348 | INFO     | preprocessing:encoders:110 - Column nfkb2 will now start being processed using MinMaxScaler
2024-03-10 20:42:24.357 | INFO     | preprocessing:encoders:110 - Column opcml will now start being processed using MinMaxScaler
2024-03-10 20:42:24.365 | INFO     | preprocessing:encoders:110 - Column pdgfa will now start being processed using MinMaxScaler
2024-03-10 20:42:24.375 | INFO     | preprocessing:encoders:110 - Column pdgfb will now start being processed using MinMaxScaler
2024-03-10 20:42:24.390 | INFO     | preprocessing:encoders:110 - Column pdgfra will now start being processed using MinMaxScaler
2024-03-10 20:42:24.400 | INFO     | preprocessing:encoders:110 - Column pdgfrb will now start being processed using MinMaxScaler
2024-03-10 20:42:24.423 | INFO     | preprocessing:encoders:110 - Column pdpk1 will now start being processed using MinMaxScaler
2024-03-10 20:42:24.428 | INFO     | preprocessing:encoders:110 - Column peg3 will now start being processed using MinMaxScaler
2024-03-10 20:42:24.444 | INFO     | preprocessing:encoders:110 - Column pik3ca will now start being processed using MinMaxScaler
2024-03-10 20:42:24.457 | INFO     | preprocessing:encoders:110 - Column pik3r1 will now start being processed using MinMaxScaler
2024-03-10 20:42:24.462 | INFO     | preprocessing:encoders:110 - Column pik3r2 will now start being processed using MinMaxScaler
2024-03-10 20:42:24.488 | INFO     | preprocessing:encoders:110 - Column plagl1 will now start being processed using MinMaxScaler
2024-03-10 20:42:24.519 | INFO     | preprocessing:encoders:110 - Column ptk2 will now start being processed using MinMaxScaler
2024-03-10 20:42:24.531 | INFO     | preprocessing:encoders:110 - Column rab25 will now start being processed using MinMaxScaler
2024-03-10 20:42:24.560 | INFO     | preprocessing:encoders:110 - Column rad51 will now start being processed using MinMaxScaler
2024-03-10 20:42:24.569 | INFO     | preprocessing:encoders:110 - Column raf1 will now start being processed using MinMaxScaler
2024-03-10 20:42:24.593 | INFO     | preprocessing:encoders:110 - Column rassf1 will now start being processed using MinMaxScaler
2024-03-10 20:42:24.608 | INFO     | preprocessing:encoders:110 - Column rheb will now start being processed using MinMaxScaler
2024-03-10 20:42:24.627 | INFO     | preprocessing:encoders:110 - Column rictor will now start being processed using MinMaxScaler
2024-03-10 20:42:24.645 | INFO     | preprocessing:encoders:110 - Column rps6 will now start being processed using MinMaxScaler
2024-03-10 20:42:24.657 | INFO     | preprocessing:encoders:110 - Column rps6ka1 will now start being processed using MinMaxScaler
2024-03-10 20:42:24.674 | INFO     | preprocessing:encoders:110 - Column rps6ka2 will now start being processed using MinMaxScaler
2024-03-10 20:42:24.690 | INFO     | preprocessing:encoders:110 - Column rps6kb1 will now start being processed using MinMaxScaler
2024-03-10 20:42:24.716 | INFO     | preprocessing:encoders:110 - Column rps6kb2 will now start being processed using MinMaxScaler
2024-03-10 20:42:24.733 | INFO     | preprocessing:encoders:110 - Column rptor will now start being processed using MinMaxScaler
2024-03-10 20:42:24.747 | INFO     | preprocessing:encoders:110 - Column slc19a1 will now start being processed using MinMaxScaler
2024-03-10 20:42:24.774 | INFO     | preprocessing:encoders:110 - Column smad1 will now start being processed using MinMaxScaler
2024-03-10 20:42:24.785 | INFO     | preprocessing:encoders:110 - Column smad2 will now start being processed using MinMaxScaler
2024-03-10 20:42:24.804 | INFO     | preprocessing:encoders:110 - Column smad3 will now start being processed using MinMaxScaler
2024-03-10 20:42:24.823 | INFO     | preprocessing:encoders:110 - Column smad4 will now start being processed using MinMaxScaler
2024-03-10 20:42:24.840 | INFO     | preprocessing:encoders:110 - Column smad5 will now start being processed using MinMaxScaler
2024-03-10 20:42:24.856 | INFO     | preprocessing:encoders:110 - Column smad6 will now start being processed using MinMaxScaler
2024-03-10 20:42:24.871 | INFO     | preprocessing:encoders:110 - Column smad7 will now start being processed using MinMaxScaler
2024-03-10 20:42:24.882 | INFO     | preprocessing:encoders:110 - Column smad9 will now start being processed using MinMaxScaler
2024-03-10 20:42:24.907 | INFO     | preprocessing:encoders:110 - Column sptbn1 will now start being processed using MinMaxScaler
2024-03-10 20:42:24.923 | INFO     | preprocessing:encoders:110 - Column terc will now start being processed using MinMaxScaler
2024-03-10 20:42:24.931 | INFO     | preprocessing:encoders:110 - Column tert will now start being processed using MinMaxScaler
2024-03-10 20:42:24.957 | INFO     | preprocessing:encoders:110 - Column tgfb1 will now start being processed using MinMaxScaler
2024-03-10 20:42:24.974 | INFO     | preprocessing:encoders:110 - Column tgfb2 will now start being processed using MinMaxScaler
2024-03-10 20:42:24.987 | INFO     | preprocessing:encoders:110 - Column tgfb3 will now start being processed using MinMaxScaler
2024-03-10 20:42:25.000 | INFO     | preprocessing:encoders:110 - Column tgfbr1 will now start being processed using MinMaxScaler
2024-03-10 20:42:25.007 | INFO     | preprocessing:encoders:110 - Column tgfbr2 will now start being processed using MinMaxScaler
2024-03-10 20:42:25.032 | INFO     | preprocessing:encoders:110 - Column tgfbr3 will now start being processed using MinMaxScaler
2024-03-10 20:42:25.049 | INFO     | preprocessing:encoders:110 - Column tsc1 will now start being processed using MinMaxScaler
2024-03-10 20:42:25.058 | INFO     | preprocessing:encoders:110 - Column tsc2 will now start being processed using MinMaxScaler
2024-03-10 20:42:25.079 | INFO     | preprocessing:encoders:110 - Column vegfa will now start being processed using MinMaxScaler
2024-03-10 20:42:25.107 | INFO     | preprocessing:encoders:110 - Column vegfb will now start being processed using MinMaxScaler
2024-03-10 20:42:25.123 | INFO     | preprocessing:encoders:110 - Column wfdc2 will now start being processed using MinMaxScaler
2024-03-10 20:42:25.123 | INFO     | preprocessing:encoders:110 - Column wwox will now start being processed using MinMaxScaler
2024-03-10 20:42:25.149 | INFO     | preprocessing:encoders:110 - Column zfyve9 will now start being processed using MinMaxScaler
2024-03-10 20:42:25.157 | INFO     | preprocessing:encoders:110 - Column arid1a will now start being processed using MinMaxScaler
2024-03-10 20:42:25.174 | INFO     | preprocessing:encoders:110 - Column arid1b will now start being processed using MinMaxScaler
2024-03-10 20:42:25.189 | INFO     | preprocessing:encoders:110 - Column cbfb will now start being processed using MinMaxScaler
2024-03-10 20:42:25.206 | INFO     | preprocessing:encoders:110 - Column gata3 will now start being processed using MinMaxScaler
2024-03-10 20:42:25.217 | INFO     | preprocessing:encoders:110 - Column kmt2c will now start being processed using MinMaxScaler
2024-03-10 20:42:25.234 | INFO     | preprocessing:encoders:110 - Column kmt2d will now start being processed using MinMaxScaler
2024-03-10 20:42:25.250 | INFO     | preprocessing:encoders:110 - Column myh9 will now start being processed using MinMaxScaler
2024-03-10 20:42:25.266 | INFO     | preprocessing:encoders:110 - Column ncor1 will now start being processed using MinMaxScaler
2024-03-10 20:42:25.284 | INFO     | preprocessing:encoders:110 - Column pde4dip will now start being processed using MinMaxScaler
2024-03-10 20:42:25.289 | INFO     | preprocessing:encoders:110 - Column ptprd will now start being processed using MinMaxScaler
2024-03-10 20:42:25.306 | INFO     | preprocessing:encoders:110 - Column ros1 will now start being processed using MinMaxScaler
2024-03-10 20:42:25.314 | INFO     | preprocessing:encoders:110 - Column runx1 will now start being processed using MinMaxScaler
2024-03-10 20:42:25.333 | INFO     | preprocessing:encoders:110 - Column tbx3 will now start being processed using MinMaxScaler
2024-03-10 20:42:25.345 | INFO     | preprocessing:encoders:110 - Column abcb1 will now start being processed using MinMaxScaler
2024-03-10 20:42:25.358 | INFO     | preprocessing:encoders:110 - Column abcb11 will now start being processed using MinMaxScaler
2024-03-10 20:42:25.364 | INFO     | preprocessing:encoders:110 - Column abcc1 will now start being processed using MinMaxScaler
2024-03-10 20:42:25.383 | INFO     | preprocessing:encoders:110 - Column abcc10 will now start being processed using MinMaxScaler
2024-03-10 20:42:25.390 | INFO     | preprocessing:encoders:110 - Column bbc3 will now start being processed using MinMaxScaler
2024-03-10 20:42:25.398 | INFO     | preprocessing:encoders:110 - Column bmf will now start being processed using MinMaxScaler
2024-03-10 20:42:25.415 | INFO     | preprocessing:encoders:110 - Column cyp2c8 will now start being processed using MinMaxScaler
2024-03-10 20:42:25.424 | INFO     | preprocessing:encoders:110 - Column cyp3a4 will now start being processed using MinMaxScaler
2024-03-10 20:42:25.431 | INFO     | preprocessing:encoders:110 - Column fgf2 will now start being processed using MinMaxScaler
2024-03-10 20:42:25.456 | INFO     | preprocessing:encoders:110 - Column fn1 will now start being processed using MinMaxScaler
2024-03-10 20:42:25.467 | INFO     | preprocessing:encoders:110 - Column map2 will now start being processed using MinMaxScaler
2024-03-10 20:42:25.472 | INFO     | preprocessing:encoders:110 - Column map4 will now start being processed using MinMaxScaler
2024-03-10 20:42:25.489 | INFO     | preprocessing:encoders:110 - Column mapt will now start being processed using MinMaxScaler
2024-03-10 20:42:25.504 | INFO     | preprocessing:encoders:110 - Column nr1i2 will now start being processed using MinMaxScaler
2024-03-10 20:42:25.515 | INFO     | preprocessing:encoders:110 - Column slco1b3 will now start being processed using MinMaxScaler
2024-03-10 20:42:25.529 | INFO     | preprocessing:encoders:110 - Column tubb1 will now start being processed using MinMaxScaler
2024-03-10 20:42:25.541 | INFO     | preprocessing:encoders:110 - Column tubb4a will now start being processed using MinMaxScaler
2024-03-10 20:42:25.546 | INFO     | preprocessing:encoders:110 - Column tubb4b will now start being processed using MinMaxScaler
2024-03-10 20:42:25.557 | INFO     | preprocessing:encoders:110 - Column twist1 will now start being processed using MinMaxScaler
2024-03-10 20:42:25.579 | INFO     | preprocessing:encoders:110 - Column adgra2 will now start being processed using MinMaxScaler
2024-03-10 20:42:25.589 | INFO     | preprocessing:encoders:110 - Column afdn will now start being processed using MinMaxScaler
2024-03-10 20:42:25.607 | INFO     | preprocessing:encoders:110 - Column aff2 will now start being processed using MinMaxScaler
2024-03-10 20:42:25.618 | INFO     | preprocessing:encoders:110 - Column agmo will now start being processed using MinMaxScaler
2024-03-10 20:42:25.624 | INFO     | preprocessing:encoders:110 - Column agtr2 will now start being processed using MinMaxScaler
2024-03-10 20:42:25.648 | INFO     | preprocessing:encoders:110 - Column ahnak will now start being processed using MinMaxScaler
2024-03-10 20:42:25.670 | INFO     | preprocessing:encoders:110 - Column ahnak2 will now start being processed using MinMaxScaler
2024-03-10 20:42:25.673 | INFO     | preprocessing:encoders:110 - Column akap9 will now start being processed using MinMaxScaler
2024-03-10 20:42:25.689 | INFO     | preprocessing:encoders:110 - Column alk will now start being processed using MinMaxScaler
2024-03-10 20:42:25.713 | INFO     | preprocessing:encoders:110 - Column apc will now start being processed using MinMaxScaler
2024-03-10 20:42:25.728 | INFO     | preprocessing:encoders:110 - Column arid2 will now start being processed using MinMaxScaler
2024-03-10 20:42:25.740 | INFO     | preprocessing:encoders:110 - Column arid5b will now start being processed using MinMaxScaler
2024-03-10 20:42:25.780 | INFO     | preprocessing:encoders:110 - Column asxl1 will now start being processed using MinMaxScaler
2024-03-10 20:42:25.790 | INFO     | preprocessing:encoders:110 - Column asxl2 will now start being processed using MinMaxScaler
2024-03-10 20:42:25.812 | INFO     | preprocessing:encoders:110 - Column bap1 will now start being processed using MinMaxScaler
2024-03-10 20:42:25.825 | INFO     | preprocessing:encoders:110 - Column bcas3 will now start being processed using MinMaxScaler
2024-03-10 20:42:25.839 | INFO     | preprocessing:encoders:110 - Column birc6 will now start being processed using MinMaxScaler
2024-03-10 20:42:25.845 | INFO     | preprocessing:encoders:110 - Column cacna2d3 will now start being processed using MinMaxScaler
2024-03-10 20:42:25.863 | INFO     | preprocessing:encoders:110 - Column ccnd3 will now start being processed using MinMaxScaler
2024-03-10 20:42:25.873 | INFO     | preprocessing:encoders:110 - Column chd1 will now start being processed using MinMaxScaler
2024-03-10 20:42:25.883 | INFO     | preprocessing:encoders:110 - Column clk3 will now start being processed using MinMaxScaler
2024-03-10 20:42:25.896 | INFO     | preprocessing:encoders:110 - Column clrn2 will now start being processed using MinMaxScaler
2024-03-10 20:42:25.906 | INFO     | preprocessing:encoders:110 - Column col12a1 will now start being processed using MinMaxScaler
2024-03-10 20:42:25.916 | INFO     | preprocessing:encoders:110 - Column col22a1 will now start being processed using MinMaxScaler
2024-03-10 20:42:25.932 | INFO     | preprocessing:encoders:110 - Column col6a3 will now start being processed using MinMaxScaler
2024-03-10 20:42:25.940 | INFO     | preprocessing:encoders:110 - Column ctcf will now start being processed using MinMaxScaler
2024-03-10 20:42:25.946 | INFO     | preprocessing:encoders:110 - Column ctnna1 will now start being processed using MinMaxScaler
2024-03-10 20:42:25.965 | INFO     | preprocessing:encoders:110 - Column ctnna3 will now start being processed using MinMaxScaler
2024-03-10 20:42:25.974 | INFO     | preprocessing:encoders:110 - Column dnah11 will now start being processed using MinMaxScaler
2024-03-10 20:42:25.988 | INFO     | preprocessing:encoders:110 - Column dnah2 will now start being processed using MinMaxScaler
2024-03-10 20:42:26.001 | INFO     | preprocessing:encoders:110 - Column dnah5 will now start being processed using MinMaxScaler
2024-03-10 20:42:26.013 | INFO     | preprocessing:encoders:110 - Column dtwd2 will now start being processed using MinMaxScaler
2024-03-10 20:42:26.024 | INFO     | preprocessing:encoders:110 - Column fam20c will now start being processed using MinMaxScaler
2024-03-10 20:42:26.032 | INFO     | preprocessing:encoders:110 - Column fanca will now start being processed using MinMaxScaler
2024-03-10 20:42:26.047 | INFO     | preprocessing:encoders:110 - Column fancd2 will now start being processed using MinMaxScaler
2024-03-10 20:42:26.057 | INFO     | preprocessing:encoders:110 - Column flt3 will now start being processed using MinMaxScaler
2024-03-10 20:42:26.075 | INFO     | preprocessing:encoders:110 - Column foxp1 will now start being processed using MinMaxScaler
2024-03-10 20:42:26.091 | INFO     | preprocessing:encoders:110 - Column frmd3 will now start being processed using MinMaxScaler
2024-03-10 20:42:26.105 | INFO     | preprocessing:encoders:110 - Column gh1 will now start being processed using MinMaxScaler
2024-03-10 20:42:26.118 | INFO     | preprocessing:encoders:110 - Column gldc will now start being processed using MinMaxScaler
2024-03-10 20:42:26.125 | INFO     | preprocessing:encoders:110 - Column gpr32 will now start being processed using MinMaxScaler
2024-03-10 20:42:26.143 | INFO     | preprocessing:encoders:110 - Column gps2 will now start being processed using MinMaxScaler
2024-03-10 20:42:26.154 | INFO     | preprocessing:encoders:110 - Column hdac9 will now start being processed using MinMaxScaler
2024-03-10 20:42:26.173 | INFO     | preprocessing:encoders:110 - Column herc2 will now start being processed using MinMaxScaler
2024-03-10 20:42:26.181 | INFO     | preprocessing:encoders:110 - Column hist1h2bc will now start being processed using MinMaxScaler
2024-03-10 20:42:26.197 | INFO     | preprocessing:encoders:110 - Column kdm3a will now start being processed using MinMaxScaler
2024-03-10 20:42:26.217 | INFO     | preprocessing:encoders:110 - Column kdm6a will now start being processed using MinMaxScaler
2024-03-10 20:42:26.225 | INFO     | preprocessing:encoders:110 - Column klrg1 will now start being processed using MinMaxScaler
2024-03-10 20:42:26.242 | INFO     | preprocessing:encoders:110 - Column l1cam will now start being processed using MinMaxScaler
2024-03-10 20:42:26.251 | INFO     | preprocessing:encoders:110 - Column lama2 will now start being processed using MinMaxScaler
2024-03-10 20:42:26.264 | INFO     | preprocessing:encoders:110 - Column lamb3 will now start being processed using MinMaxScaler
2024-03-10 20:42:26.283 | INFO     | preprocessing:encoders:110 - Column large1 will now start being processed using MinMaxScaler
2024-03-10 20:42:26.297 | INFO     | preprocessing:encoders:110 - Column ldlrap1 will now start being processed using MinMaxScaler
2024-03-10 20:42:26.308 | INFO     | preprocessing:encoders:110 - Column lifr will now start being processed using MinMaxScaler
2024-03-10 20:42:26.323 | INFO     | preprocessing:encoders:110 - Column lipi will now start being processed using MinMaxScaler
2024-03-10 20:42:26.343 | INFO     | preprocessing:encoders:110 - Column magea8 will now start being processed using MinMaxScaler
2024-03-10 20:42:26.360 | INFO     | preprocessing:encoders:110 - Column map3k10 will now start being processed using MinMaxScaler
2024-03-10 20:42:26.374 | INFO     | preprocessing:encoders:110 - Column map3k13 will now start being processed using MinMaxScaler
2024-03-10 20:42:26.382 | INFO     | preprocessing:encoders:110 - Column men1 will now start being processed using MinMaxScaler
2024-03-10 20:42:26.397 | INFO     | preprocessing:encoders:110 - Column mtap will now start being processed using MinMaxScaler
2024-03-10 20:42:26.406 | INFO     | preprocessing:encoders:110 - Column muc16 will now start being processed using MinMaxScaler
2024-03-10 20:42:26.423 | INFO     | preprocessing:encoders:110 - Column myo1a will now start being processed using MinMaxScaler
2024-03-10 20:42:26.436 | INFO     | preprocessing:encoders:110 - Column myo3a will now start being processed using MinMaxScaler
2024-03-10 20:42:26.446 | INFO     | preprocessing:encoders:110 - Column ncoa3 will now start being processed using MinMaxScaler
2024-03-10 20:42:26.457 | INFO     | preprocessing:encoders:110 - Column nek1 will now start being processed using MinMaxScaler
2024-03-10 20:42:26.481 | INFO     | preprocessing:encoders:110 - Column nf2 will now start being processed using MinMaxScaler
2024-03-10 20:42:26.495 | INFO     | preprocessing:encoders:110 - Column npnt will now start being processed using MinMaxScaler
2024-03-10 20:42:26.511 | INFO     | preprocessing:encoders:110 - Column nr2f1 will now start being processed using MinMaxScaler
2024-03-10 20:42:26.525 | INFO     | preprocessing:encoders:110 - Column nr3c1 will now start being processed using MinMaxScaler
2024-03-10 20:42:26.538 | INFO     | preprocessing:encoders:110 - Column nras will now start being processed using MinMaxScaler
2024-03-10 20:42:26.549 | INFO     | preprocessing:encoders:110 - Column nrg3 will now start being processed using MinMaxScaler
2024-03-10 20:42:26.557 | INFO     | preprocessing:encoders:110 - Column nt5e will now start being processed using MinMaxScaler
2024-03-10 20:42:26.575 | INFO     | preprocessing:encoders:110 - Column or6a2 will now start being processed using MinMaxScaler
2024-03-10 20:42:26.589 | INFO     | preprocessing:encoders:110 - Column palld will now start being processed using MinMaxScaler
2024-03-10 20:42:26.605 | INFO     | preprocessing:encoders:110 - Column pbrm1 will now start being processed using MinMaxScaler
2024-03-10 20:42:26.625 | INFO     | preprocessing:encoders:110 - Column ppp2cb will now start being processed using MinMaxScaler
2024-03-10 20:42:26.643 | INFO     | preprocessing:encoders:110 - Column ppp2r2a will now start being processed using MinMaxScaler
2024-03-10 20:42:26.657 | INFO     | preprocessing:encoders:110 - Column prkacg will now start being processed using MinMaxScaler
2024-03-10 20:42:26.675 | INFO     | preprocessing:encoders:110 - Column prkce will now start being processed using MinMaxScaler
2024-03-10 20:42:26.691 | INFO     | preprocessing:encoders:110 - Column prkcq will now start being processed using MinMaxScaler
2024-03-10 20:42:26.698 | INFO     | preprocessing:encoders:110 - Column prkcz will now start being processed using MinMaxScaler
2024-03-10 20:42:26.714 | INFO     | preprocessing:encoders:110 - Column prkg1 will now start being processed using MinMaxScaler
2024-03-10 20:42:26.728 | INFO     | preprocessing:encoders:110 - Column prps2 will now start being processed using MinMaxScaler
2024-03-10 20:42:26.757 | INFO     | preprocessing:encoders:110 - Column prr16 will now start being processed using MinMaxScaler
2024-03-10 20:42:26.775 | INFO     | preprocessing:encoders:110 - Column ptpn22 will now start being processed using MinMaxScaler
2024-03-10 20:42:26.790 | INFO     | preprocessing:encoders:110 - Column ptprm will now start being processed using MinMaxScaler
2024-03-10 20:42:26.808 | INFO     | preprocessing:encoders:110 - Column rasgef1b will now start being processed using MinMaxScaler
2024-03-10 20:42:26.826 | INFO     | preprocessing:encoders:110 - Column rpgr will now start being processed using MinMaxScaler
2024-03-10 20:42:26.831 | INFO     | preprocessing:encoders:110 - Column ryr2 will now start being processed using MinMaxScaler
2024-03-10 20:42:26.842 | INFO     | preprocessing:encoders:110 - Column sbno1 will now start being processed using MinMaxScaler
2024-03-10 20:42:26.856 | INFO     | preprocessing:encoders:110 - Column setd1a will now start being processed using MinMaxScaler
2024-03-10 20:42:26.876 | INFO     | preprocessing:encoders:110 - Column setd2 will now start being processed using MinMaxScaler
2024-03-10 20:42:26.884 | INFO     | preprocessing:encoders:110 - Column setdb1 will now start being processed using MinMaxScaler
2024-03-10 20:42:26.906 | INFO     | preprocessing:encoders:110 - Column sf3b1 will now start being processed using MinMaxScaler
2024-03-10 20:42:26.931 | INFO     | preprocessing:encoders:110 - Column sgcd will now start being processed using MinMaxScaler
2024-03-10 20:42:26.931 | INFO     | preprocessing:encoders:110 - Column shank2 will now start being processed using MinMaxScaler
2024-03-10 20:42:26.960 | INFO     | preprocessing:encoders:110 - Column siah1 will now start being processed using MinMaxScaler
2024-03-10 20:42:26.972 | INFO     | preprocessing:encoders:110 - Column sik1 will now start being processed using MinMaxScaler
2024-03-10 20:42:26.980 | INFO     | preprocessing:encoders:110 - Column sik2 will now start being processed using MinMaxScaler
2024-03-10 20:42:26.989 | INFO     | preprocessing:encoders:110 - Column smarcb1 will now start being processed using MinMaxScaler
2024-03-10 20:42:27.026 | INFO     | preprocessing:encoders:110 - Column smarcc1 will now start being processed using MinMaxScaler
2024-03-10 20:42:27.053 | INFO     | preprocessing:encoders:110 - Column smarcc2 will now start being processed using MinMaxScaler
2024-03-10 20:42:27.076 | INFO     | preprocessing:encoders:110 - Column smarcd1 will now start being processed using MinMaxScaler
2024-03-10 20:42:27.106 | INFO     | preprocessing:encoders:110 - Column spaca1 will now start being processed using MinMaxScaler
2024-03-10 20:42:27.132 | INFO     | preprocessing:encoders:110 - Column stab2 will now start being processed using MinMaxScaler
2024-03-10 20:42:27.171 | INFO     | preprocessing:encoders:110 - Column stmn2 will now start being processed using MinMaxScaler
2024-03-10 20:42:27.186 | INFO     | preprocessing:encoders:110 - Column syne1 will now start being processed using MinMaxScaler
2024-03-10 20:42:27.199 | INFO     | preprocessing:encoders:110 - Column taf1 will now start being processed using MinMaxScaler
2024-03-10 20:42:27.215 | INFO     | preprocessing:encoders:110 - Column taf4b will now start being processed using MinMaxScaler
2024-03-10 20:42:27.231 | INFO     | preprocessing:encoders:110 - Column tbl1xr1 will now start being processed using MinMaxScaler
2024-03-10 20:42:27.262 | INFO     | preprocessing:encoders:110 - Column tg will now start being processed using MinMaxScaler
2024-03-10 20:42:27.280 | INFO     | preprocessing:encoders:110 - Column thada will now start being processed using MinMaxScaler
2024-03-10 20:42:27.290 | INFO     | preprocessing:encoders:110 - Column thsd7a will now start being processed using MinMaxScaler
2024-03-10 20:42:27.319 | INFO     | preprocessing:encoders:110 - Column ttyh1 will now start being processed using MinMaxScaler
2024-03-10 20:42:27.343 | INFO     | preprocessing:encoders:110 - Column ubr5 will now start being processed using MinMaxScaler
2024-03-10 20:42:27.369 | INFO     | preprocessing:encoders:110 - Column ush2a will now start being processed using MinMaxScaler
2024-03-10 20:42:27.387 | INFO     | preprocessing:encoders:110 - Column usp9x will now start being processed using MinMaxScaler
2024-03-10 20:42:27.420 | INFO     | preprocessing:encoders:110 - Column utrn will now start being processed using MinMaxScaler
2024-03-10 20:42:27.455 | INFO     | preprocessing:encoders:110 - Column zfp36l1 will now start being processed using MinMaxScaler
2024-03-10 20:42:27.471 | INFO     | preprocessing:encoders:110 - Column ackr3 will now start being processed using MinMaxScaler
2024-03-10 20:42:27.503 | INFO     | preprocessing:encoders:110 - Column akr1c1 will now start being processed using MinMaxScaler
2024-03-10 20:42:27.531 | INFO     | preprocessing:encoders:110 - Column akr1c2 will now start being processed using MinMaxScaler
2024-03-10 20:42:27.556 | INFO     | preprocessing:encoders:110 - Column akr1c3 will now start being processed using MinMaxScaler
2024-03-10 20:42:27.582 | INFO     | preprocessing:encoders:110 - Column akr1c4 will now start being processed using MinMaxScaler
2024-03-10 20:42:27.598 | INFO     | preprocessing:encoders:110 - Column akt3 will now start being processed using MinMaxScaler
2024-03-10 20:42:27.614 | INFO     | preprocessing:encoders:110 - Column ar will now start being processed using MinMaxScaler
2024-03-10 20:42:27.640 | INFO     | preprocessing:encoders:110 - Column bche will now start being processed using MinMaxScaler
2024-03-10 20:42:27.658 | INFO     | preprocessing:encoders:110 - Column cdk8 will now start being processed using MinMaxScaler
2024-03-10 20:42:27.678 | INFO     | preprocessing:encoders:110 - Column cdkn2c will now start being processed using MinMaxScaler
2024-03-10 20:42:27.702 | INFO     | preprocessing:encoders:110 - Column cyb5a will now start being processed using MinMaxScaler
2024-03-10 20:42:27.726 | INFO     | preprocessing:encoders:110 - Column cyp11a1 will now start being processed using MinMaxScaler
2024-03-10 20:42:27.742 | INFO     | preprocessing:encoders:110 - Column cyp11b2 will now start being processed using MinMaxScaler
2024-03-10 20:42:27.755 | INFO     | preprocessing:encoders:110 - Column cyp17a1 will now start being processed using MinMaxScaler
2024-03-10 20:42:27.784 | INFO     | preprocessing:encoders:110 - Column cyp19a1 will now start being processed using MinMaxScaler
2024-03-10 20:42:27.808 | INFO     | preprocessing:encoders:110 - Column cyp21a2 will now start being processed using MinMaxScaler
2024-03-10 20:42:27.831 | INFO     | preprocessing:encoders:110 - Column cyp3a43 will now start being processed using MinMaxScaler
2024-03-10 20:42:27.857 | INFO     | preprocessing:encoders:110 - Column cyp3a5 will now start being processed using MinMaxScaler
2024-03-10 20:42:27.875 | INFO     | preprocessing:encoders:110 - Column cyp3a7 will now start being processed using MinMaxScaler
2024-03-10 20:42:27.895 | INFO     | preprocessing:encoders:110 - Column ddc will now start being processed using MinMaxScaler
2024-03-10 20:42:27.912 | INFO     | preprocessing:encoders:110 - Column hes6 will now start being processed using MinMaxScaler
2024-03-10 20:42:27.938 | INFO     | preprocessing:encoders:110 - Column hsd17b1 will now start being processed using MinMaxScaler
2024-03-10 20:42:27.951 | INFO     | preprocessing:encoders:110 - Column hsd17b10 will now start being processed using MinMaxScaler
2024-03-10 20:42:27.965 | INFO     | preprocessing:encoders:110 - Column hsd17b11 will now start being processed using MinMaxScaler
2024-03-10 20:42:27.975 | INFO     | preprocessing:encoders:110 - Column hsd17b12 will now start being processed using MinMaxScaler
2024-03-10 20:42:27.981 | INFO     | preprocessing:encoders:110 - Column hsd17b13 will now start being processed using MinMaxScaler
2024-03-10 20:42:28.008 | INFO     | preprocessing:encoders:110 - Column hsd17b14 will now start being processed using MinMaxScaler
2024-03-10 20:42:28.020 | INFO     | preprocessing:encoders:110 - Column hsd17b2 will now start being processed using MinMaxScaler
2024-03-10 20:42:28.033 | INFO     | preprocessing:encoders:110 - Column hsd17b3 will now start being processed using MinMaxScaler
2024-03-10 20:42:28.056 | INFO     | preprocessing:encoders:110 - Column hsd17b4 will now start being processed using MinMaxScaler
2024-03-10 20:42:28.070 | INFO     | preprocessing:encoders:110 - Column hsd17b6 will now start being processed using MinMaxScaler
2024-03-10 20:42:28.080 | INFO     | preprocessing:encoders:110 - Column hsd17b7 will now start being processed using MinMaxScaler
2024-03-10 20:42:28.101 | INFO     | preprocessing:encoders:110 - Column hsd17b8 will now start being processed using MinMaxScaler
2024-03-10 20:42:28.112 | INFO     | preprocessing:encoders:110 - Column hsd3b1 will now start being processed using MinMaxScaler
2024-03-10 20:42:28.119 | INFO     | preprocessing:encoders:110 - Column hsd3b2 will now start being processed using MinMaxScaler
2024-03-10 20:42:28.138 | INFO     | preprocessing:encoders:110 - Column hsd3b7 will now start being processed using MinMaxScaler
2024-03-10 20:42:28.153 | INFO     | preprocessing:encoders:110 - Column mecom will now start being processed using MinMaxScaler
2024-03-10 20:42:28.170 | INFO     | preprocessing:encoders:110 - Column met will now start being processed using MinMaxScaler
2024-03-10 20:42:28.187 | INFO     | preprocessing:encoders:110 - Column ncoa2 will now start being processed using MinMaxScaler
2024-03-10 20:42:28.199 | INFO     | preprocessing:encoders:110 - Column nrip1 will now start being processed using MinMaxScaler
2024-03-10 20:42:28.214 | INFO     | preprocessing:encoders:110 - Column pik3r3 will now start being processed using MinMaxScaler
2024-03-10 20:42:28.221 | INFO     | preprocessing:encoders:110 - Column prkci will now start being processed using MinMaxScaler
2024-03-10 20:42:28.238 | INFO     | preprocessing:encoders:110 - Column prkd1 will now start being processed using MinMaxScaler
2024-03-10 20:42:28.252 | INFO     | preprocessing:encoders:110 - Column ran will now start being processed using MinMaxScaler
2024-03-10 20:42:28.264 | INFO     | preprocessing:encoders:110 - Column rdh5 will now start being processed using MinMaxScaler
2024-03-10 20:42:28.275 | INFO     | preprocessing:encoders:110 - Column sdc4 will now start being processed using MinMaxScaler
2024-03-10 20:42:28.294 | INFO     | preprocessing:encoders:110 - Column serpini1 will now start being processed using MinMaxScaler
2024-03-10 20:42:28.310 | INFO     | preprocessing:encoders:110 - Column shbg will now start being processed using MinMaxScaler
2024-03-10 20:42:28.328 | INFO     | preprocessing:encoders:110 - Column slc29a1 will now start being processed using MinMaxScaler
2024-03-10 20:42:28.347 | INFO     | preprocessing:encoders:110 - Column sox9 will now start being processed using MinMaxScaler
2024-03-10 20:42:28.355 | INFO     | preprocessing:encoders:110 - Column spry2 will now start being processed using MinMaxScaler
2024-03-10 20:42:28.372 | INFO     | preprocessing:encoders:110 - Column srd5a1 will now start being processed using MinMaxScaler
2024-03-10 20:42:28.387 | INFO     | preprocessing:encoders:110 - Column srd5a2 will now start being processed using MinMaxScaler
2024-03-10 20:42:28.391 | INFO     | preprocessing:encoders:110 - Column srd5a3 will now start being processed using MinMaxScaler
2024-03-10 20:42:28.410 | INFO     | preprocessing:encoders:110 - Column st7 will now start being processed using MinMaxScaler
2024-03-10 20:42:28.422 | INFO     | preprocessing:encoders:110 - Column star will now start being processed using MinMaxScaler
2024-03-10 20:42:28.431 | INFO     | preprocessing:encoders:110 - Column tnk2 will now start being processed using MinMaxScaler
2024-03-10 20:42:28.437 | INFO     | preprocessing:encoders:110 - Column tulp4 will now start being processed using MinMaxScaler
2024-03-10 20:42:28.453 | INFO     | preprocessing:encoders:110 - Column ugt2b15 will now start being processed using MinMaxScaler
2024-03-10 20:42:28.458 | INFO     | preprocessing:encoders:110 - Column ugt2b17 will now start being processed using MinMaxScaler
2024-03-10 20:42:28.479 | INFO     | preprocessing:encoders:110 - Column ugt2b7 will now start being processed using MinMaxScaler
2024-03-10 20:42:28.486 | INFO     | preprocessing:encoders:38 - Pre-processing categorical columns
2024-03-10 20:42:28.525 | INFO     | preprocessing:encoders:110 - Column pik3ca_mut will now start being processed using OrdinalEncoder
2024-03-10 20:42:28.560 | INFO     | preprocessing:encoders:110 - Column tp53_mut will now start being processed using OrdinalEncoder
2024-03-10 20:42:28.594 | INFO     | preprocessing:encoders:110 - Column muc16_mut will now start being processed using OrdinalEncoder
2024-03-10 20:42:28.619 | INFO     | preprocessing:encoders:110 - Column ahnak2_mut will now start being processed using OrdinalEncoder
2024-03-10 20:42:28.654 | INFO     | preprocessing:encoders:110 - Column kmt2c_mut will now start being processed using OrdinalEncoder
2024-03-10 20:42:28.689 | INFO     | preprocessing:encoders:110 - Column syne1_mut will now start being processed using OrdinalEncoder
