2024-03-04 12:42:07.103 | INFO     | __main__:main:194 - Directory where outputs will be saved: C://Users//rafaelo//OneDrive - NTNU//Documents//Projects//preprocessing//preprocessing//preprocessing\reports\PipelineRun_2024_03_04-12_42_06_PM
2024-03-04 12:42:07.103 | WARNING  | __main__:run_PreProcessor:68 - Note: It is important that numerical columns are pre-processed first, before categorical ones. This is to avoid OneHotEncoded columns (binary 0 and 1) to be seen as numerical during numerical pre-processing.
2024-03-04 12:42:07.118 | INFO     | preprocessing:NA_solver:163 - Running NaN solver
2024-03-04 12:58:24.685 | INFO     | preprocessing:encoders:38 - Pre-processing numerical columns
2024-03-04 12:58:24.726 | INFO     | preprocessing:encoders:110 - Column patient_id will now start being processed using MinMaxScaler
2024-03-04 12:58:24.747 | INFO     | preprocessing:encoders:110 - Column age_at_diagnosis will now start being processed using MinMaxScaler
2024-03-04 12:58:24.761 | INFO     | preprocessing:encoders:110 - Column type_of_breast_surgery will now start being processed using MinMaxScaler
2024-03-04 12:58:24.799 | INFO     | preprocessing:encoders:110 - Column cancer_type will now start being processed using MinMaxScaler
2024-03-04 12:58:24.811 | INFO     | preprocessing:encoders:110 - Column cancer_type_detailed will now start being processed using MinMaxScaler
2024-03-04 12:58:24.819 | INFO     | preprocessing:encoders:110 - Column cellularity will now start being processed using MinMaxScaler
2024-03-04 12:58:24.833 | INFO     | preprocessing:encoders:110 - Column chemotherapy will now start being processed using MinMaxScaler
2024-03-04 12:58:24.843 | INFO     | preprocessing:encoders:110 - Column pam50_+_claudin-low_subtype will now start being processed using MinMaxScaler
2024-03-04 12:58:24.853 | INFO     | preprocessing:encoders:110 - Column cohort will now start being processed using MinMaxScaler
2024-03-04 12:58:24.863 | INFO     | preprocessing:encoders:110 - Column er_status_measured_by_ihc will now start being processed using MinMaxScaler
2024-03-04 12:58:24.870 | INFO     | preprocessing:encoders:110 - Column er_status will now start being processed using MinMaxScaler
2024-03-04 12:58:24.881 | INFO     | preprocessing:encoders:110 - Column neoplasm_histologic_grade will now start being processed using MinMaxScaler
2024-03-04 12:58:24.892 | INFO     | preprocessing:encoders:110 - Column her2_status_measured_by_snp6 will now start being processed using MinMaxScaler
2024-03-04 12:58:24.903 | INFO     | preprocessing:encoders:110 - Column her2_status will now start being processed using MinMaxScaler
2024-03-04 12:58:24.919 | INFO     | preprocessing:encoders:110 - Column tumor_other_histologic_subtype will now start being processed using MinMaxScaler
2024-03-04 12:58:24.925 | INFO     | preprocessing:encoders:110 - Column hormone_therapy will now start being processed using MinMaxScaler
2024-03-04 12:58:24.946 | INFO     | preprocessing:encoders:110 - Column inferred_menopausal_state will now start being processed using MinMaxScaler
2024-03-04 12:58:24.958 | INFO     | preprocessing:encoders:110 - Column integrative_cluster will now start being processed using MinMaxScaler
2024-03-04 12:58:24.969 | INFO     | preprocessing:encoders:110 - Column primary_tumor_laterality will now start being processed using MinMaxScaler
2024-03-04 12:58:24.982 | INFO     | preprocessing:encoders:110 - Column lymph_nodes_examined_positive will now start being processed using MinMaxScaler
2024-03-04 12:58:24.996 | INFO     | preprocessing:encoders:110 - Column mutation_count will now start being processed using MinMaxScaler
2024-03-04 12:58:25.024 | INFO     | preprocessing:encoders:110 - Column nottingham_prognostic_index will now start being processed using MinMaxScaler
2024-03-04 12:58:25.038 | INFO     | preprocessing:encoders:110 - Column oncotree_code will now start being processed using MinMaxScaler
2024-03-04 12:58:25.054 | INFO     | preprocessing:encoders:110 - Column overall_survival_months will now start being processed using MinMaxScaler
2024-03-04 12:58:25.067 | INFO     | preprocessing:encoders:110 - Column overall_survival will now start being processed using MinMaxScaler
2024-03-04 12:58:25.071 | INFO     | preprocessing:encoders:110 - Column pr_status will now start being processed using MinMaxScaler
2024-03-04 12:58:25.106 | INFO     | preprocessing:encoders:110 - Column radio_therapy will now start being processed using MinMaxScaler
2024-03-04 12:58:25.118 | INFO     | preprocessing:encoders:110 - Column 3-gene_classifier_subtype will now start being processed using MinMaxScaler
2024-03-04 12:58:25.133 | INFO     | preprocessing:encoders:110 - Column tumor_size will now start being processed using MinMaxScaler
2024-03-04 12:58:25.147 | INFO     | preprocessing:encoders:110 - Column tumor_stage will now start being processed using MinMaxScaler
2024-03-04 12:58:25.164 | INFO     | preprocessing:encoders:110 - Column death_from_cancer will now start being processed using MinMaxScaler
2024-03-04 12:58:25.195 | INFO     | preprocessing:encoders:110 - Column brca1 will now start being processed using MinMaxScaler
2024-03-04 12:58:25.210 | INFO     | preprocessing:encoders:110 - Column brca2 will now start being processed using MinMaxScaler
2024-03-04 12:58:25.222 | INFO     | preprocessing:encoders:110 - Column palb2 will now start being processed using MinMaxScaler
2024-03-04 12:58:25.226 | INFO     | preprocessing:encoders:110 - Column pten will now start being processed using MinMaxScaler
2024-03-04 12:58:25.246 | INFO     | preprocessing:encoders:110 - Column tp53 will now start being processed using MinMaxScaler
2024-03-04 12:58:25.270 | INFO     | preprocessing:encoders:110 - Column atm will now start being processed using MinMaxScaler
2024-03-04 12:58:25.272 | INFO     | preprocessing:encoders:110 - Column cdh1 will now start being processed using MinMaxScaler
2024-03-04 12:58:25.300 | INFO     | preprocessing:encoders:110 - Column chek2 will now start being processed using MinMaxScaler
2024-03-04 12:58:25.313 | INFO     | preprocessing:encoders:110 - Column nbn will now start being processed using MinMaxScaler
2024-03-04 12:58:25.326 | INFO     | preprocessing:encoders:110 - Column nf1 will now start being processed using MinMaxScaler
2024-03-04 12:58:25.348 | INFO     | preprocessing:encoders:110 - Column stk11 will now start being processed using MinMaxScaler
2024-03-04 12:58:25.373 | INFO     | preprocessing:encoders:110 - Column bard1 will now start being processed using MinMaxScaler
2024-03-04 12:58:25.393 | INFO     | preprocessing:encoders:110 - Column mlh1 will now start being processed using MinMaxScaler
2024-03-04 12:58:25.410 | INFO     | preprocessing:encoders:110 - Column msh2 will now start being processed using MinMaxScaler
2024-03-04 12:58:25.432 | INFO     | preprocessing:encoders:110 - Column msh6 will now start being processed using MinMaxScaler
2024-03-04 12:58:25.439 | INFO     | preprocessing:encoders:110 - Column pms2 will now start being processed using MinMaxScaler
2024-03-04 12:58:25.454 | INFO     | preprocessing:encoders:110 - Column epcam will now start being processed using MinMaxScaler
2024-03-04 12:58:25.467 | INFO     | preprocessing:encoders:110 - Column rad51c will now start being processed using MinMaxScaler
2024-03-04 12:58:25.479 | INFO     | preprocessing:encoders:110 - Column rad51d will now start being processed using MinMaxScaler
2024-03-04 12:58:25.490 | INFO     | preprocessing:encoders:110 - Column rad50 will now start being processed using MinMaxScaler
2024-03-04 12:58:25.500 | INFO     | preprocessing:encoders:110 - Column rb1 will now start being processed using MinMaxScaler
2024-03-04 12:58:25.508 | INFO     | preprocessing:encoders:110 - Column rbl1 will now start being processed using MinMaxScaler
2024-03-04 12:58:25.517 | INFO     | preprocessing:encoders:110 - Column rbl2 will now start being processed using MinMaxScaler
2024-03-04 12:58:25.526 | INFO     | preprocessing:encoders:110 - Column ccna1 will now start being processed using MinMaxScaler
2024-03-04 12:58:25.535 | INFO     | preprocessing:encoders:110 - Column ccnb1 will now start being processed using MinMaxScaler
2024-03-04 12:58:25.539 | INFO     | preprocessing:encoders:110 - Column cdk1 will now start being processed using MinMaxScaler
2024-03-04 12:58:25.555 | INFO     | preprocessing:encoders:110 - Column ccne1 will now start being processed using MinMaxScaler
2024-03-04 12:58:25.569 | INFO     | preprocessing:encoders:110 - Column cdk2 will now start being processed using MinMaxScaler
2024-03-04 12:58:25.584 | INFO     | preprocessing:encoders:110 - Column cdc25a will now start being processed using MinMaxScaler
2024-03-04 12:58:25.598 | INFO     | preprocessing:encoders:110 - Column ccnd1 will now start being processed using MinMaxScaler
2024-03-04 12:58:25.621 | INFO     | preprocessing:encoders:110 - Column cdk4 will now start being processed using MinMaxScaler
2024-03-04 12:58:25.652 | INFO     | preprocessing:encoders:110 - Column cdk6 will now start being processed using MinMaxScaler
2024-03-04 12:58:25.667 | INFO     | preprocessing:encoders:110 - Column ccnd2 will now start being processed using MinMaxScaler
2024-03-04 12:58:25.671 | INFO     | preprocessing:encoders:110 - Column cdkn2a will now start being processed using MinMaxScaler
2024-03-04 12:58:25.704 | INFO     | preprocessing:encoders:110 - Column cdkn2b will now start being processed using MinMaxScaler
2024-03-04 12:58:25.705 | INFO     | preprocessing:encoders:110 - Column myc will now start being processed using MinMaxScaler
2024-03-04 12:58:25.721 | INFO     | preprocessing:encoders:110 - Column cdkn1a will now start being processed using MinMaxScaler
2024-03-04 12:58:25.750 | INFO     | preprocessing:encoders:110 - Column cdkn1b will now start being processed using MinMaxScaler
2024-03-04 12:58:25.766 | INFO     | preprocessing:encoders:110 - Column e2f1 will now start being processed using MinMaxScaler
2024-03-04 12:58:25.770 | INFO     | preprocessing:encoders:110 - Column e2f2 will now start being processed using MinMaxScaler
2024-03-04 12:58:25.803 | INFO     | preprocessing:encoders:110 - Column e2f3 will now start being processed using MinMaxScaler
2024-03-04 12:58:25.822 | INFO     | preprocessing:encoders:110 - Column e2f4 will now start being processed using MinMaxScaler
2024-03-04 12:58:25.836 | INFO     | preprocessing:encoders:110 - Column e2f5 will now start being processed using MinMaxScaler
2024-03-04 12:58:25.855 | INFO     | preprocessing:encoders:110 - Column e2f6 will now start being processed using MinMaxScaler
2024-03-04 12:58:25.864 | INFO     | preprocessing:encoders:110 - Column e2f7 will now start being processed using MinMaxScaler
2024-03-04 12:58:25.881 | INFO     | preprocessing:encoders:110 - Column e2f8 will now start being processed using MinMaxScaler
2024-03-04 12:58:25.904 | INFO     | preprocessing:encoders:110 - Column src will now start being processed using MinMaxScaler
2024-03-04 12:58:25.922 | INFO     | preprocessing:encoders:110 - Column jak1 will now start being processed using MinMaxScaler
2024-03-04 12:58:25.934 | INFO     | preprocessing:encoders:110 - Column jak2 will now start being processed using MinMaxScaler
2024-03-04 12:58:25.950 | INFO     | preprocessing:encoders:110 - Column stat1 will now start being processed using MinMaxScaler
2024-03-04 12:58:25.967 | INFO     | preprocessing:encoders:110 - Column stat2 will now start being processed using MinMaxScaler
2024-03-04 12:58:25.983 | INFO     | preprocessing:encoders:110 - Column stat3 will now start being processed using MinMaxScaler
2024-03-04 12:58:26.001 | INFO     | preprocessing:encoders:110 - Column stat5a will now start being processed using MinMaxScaler
2024-03-04 12:58:26.006 | INFO     | preprocessing:encoders:110 - Column stat5b will now start being processed using MinMaxScaler
2024-03-04 12:58:26.026 | INFO     | preprocessing:encoders:110 - Column mdm2 will now start being processed using MinMaxScaler
2024-03-04 12:58:26.047 | INFO     | preprocessing:encoders:110 - Column tp53bp1 will now start being processed using MinMaxScaler
2024-03-04 12:58:26.064 | INFO     | preprocessing:encoders:110 - Column adam10 will now start being processed using MinMaxScaler
2024-03-04 12:58:26.077 | INFO     | preprocessing:encoders:110 - Column adam17 will now start being processed using MinMaxScaler
2024-03-04 12:58:26.088 | INFO     | preprocessing:encoders:110 - Column aph1a will now start being processed using MinMaxScaler
2024-03-04 12:58:26.109 | INFO     | preprocessing:encoders:110 - Column aph1b will now start being processed using MinMaxScaler
2024-03-04 12:58:26.127 | INFO     | preprocessing:encoders:110 - Column arrdc1 will now start being processed using MinMaxScaler
2024-03-04 12:58:26.138 | INFO     | preprocessing:encoders:110 - Column cir1 will now start being processed using MinMaxScaler
2024-03-04 12:58:26.159 | INFO     | preprocessing:encoders:110 - Column ctbp1 will now start being processed using MinMaxScaler
2024-03-04 12:58:26.175 | INFO     | preprocessing:encoders:110 - Column ctbp2 will now start being processed using MinMaxScaler
2024-03-04 12:58:26.187 | INFO     | preprocessing:encoders:110 - Column cul1 will now start being processed using MinMaxScaler
2024-03-04 12:58:26.198 | INFO     | preprocessing:encoders:110 - Column dll1 will now start being processed using MinMaxScaler
2024-03-04 12:58:26.210 | INFO     | preprocessing:encoders:110 - Column dll3 will now start being processed using MinMaxScaler
2024-03-04 12:58:26.222 | INFO     | preprocessing:encoders:110 - Column dll4 will now start being processed using MinMaxScaler
2024-03-04 12:58:26.234 | INFO     | preprocessing:encoders:110 - Column dtx1 will now start being processed using MinMaxScaler
2024-03-04 12:58:26.241 | INFO     | preprocessing:encoders:110 - Column dtx2 will now start being processed using MinMaxScaler
2024-03-04 12:58:26.256 | INFO     | preprocessing:encoders:110 - Column dtx3 will now start being processed using MinMaxScaler
2024-03-04 12:58:26.269 | INFO     | preprocessing:encoders:110 - Column dtx4 will now start being processed using MinMaxScaler
2024-03-04 12:58:26.287 | INFO     | preprocessing:encoders:110 - Column ep300 will now start being processed using MinMaxScaler
2024-03-04 12:58:26.303 | INFO     | preprocessing:encoders:110 - Column fbxw7 will now start being processed using MinMaxScaler
2024-03-04 12:58:26.332 | INFO     | preprocessing:encoders:110 - Column hdac1 will now start being processed using MinMaxScaler
2024-03-04 12:58:26.336 | INFO     | preprocessing:encoders:110 - Column hdac2 will now start being processed using MinMaxScaler
2024-03-04 12:58:26.362 | INFO     | preprocessing:encoders:110 - Column hes1 will now start being processed using MinMaxScaler
2024-03-04 12:58:26.370 | INFO     | preprocessing:encoders:110 - Column hes5 will now start being processed using MinMaxScaler
2024-03-04 12:58:26.388 | INFO     | preprocessing:encoders:110 - Column heyl will now start being processed using MinMaxScaler
2024-03-04 12:58:26.402 | INFO     | preprocessing:encoders:110 - Column itch will now start being processed using MinMaxScaler
2024-03-04 12:58:26.421 | INFO     | preprocessing:encoders:110 - Column jag1 will now start being processed using MinMaxScaler
2024-03-04 12:58:26.452 | INFO     | preprocessing:encoders:110 - Column jag2 will now start being processed using MinMaxScaler
2024-03-04 12:58:26.460 | INFO     | preprocessing:encoders:110 - Column kdm5a will now start being processed using MinMaxScaler
2024-03-04 12:58:26.482 | INFO     | preprocessing:encoders:110 - Column lfng will now start being processed using MinMaxScaler
2024-03-04 12:58:26.488 | INFO     | preprocessing:encoders:110 - Column maml1 will now start being processed using MinMaxScaler
2024-03-04 12:58:26.521 | INFO     | preprocessing:encoders:110 - Column maml2 will now start being processed using MinMaxScaler
2024-03-04 12:58:26.568 | INFO     | preprocessing:encoders:110 - Column maml3 will now start being processed using MinMaxScaler
2024-03-04 12:58:26.587 | INFO     | preprocessing:encoders:110 - Column ncor2 will now start being processed using MinMaxScaler
2024-03-04 12:58:26.614 | INFO     | preprocessing:encoders:110 - Column ncstn will now start being processed using MinMaxScaler
2024-03-04 12:58:26.630 | INFO     | preprocessing:encoders:110 - Column notch1 will now start being processed using MinMaxScaler
2024-03-04 12:58:26.646 | INFO     | preprocessing:encoders:110 - Column notch2 will now start being processed using MinMaxScaler
2024-03-04 12:58:26.671 | INFO     | preprocessing:encoders:110 - Column notch3 will now start being processed using MinMaxScaler
2024-03-04 12:58:26.684 | INFO     | preprocessing:encoders:110 - Column nrarp will now start being processed using MinMaxScaler
2024-03-04 12:58:26.693 | INFO     | preprocessing:encoders:110 - Column numb will now start being processed using MinMaxScaler
2024-03-04 12:58:26.714 | INFO     | preprocessing:encoders:110 - Column numbl will now start being processed using MinMaxScaler
2024-03-04 12:58:26.734 | INFO     | preprocessing:encoders:110 - Column psen1 will now start being processed using MinMaxScaler
2024-03-04 12:58:26.754 | INFO     | preprocessing:encoders:110 - Column psen2 will now start being processed using MinMaxScaler
2024-03-04 12:58:26.768 | INFO     | preprocessing:encoders:110 - Column psenen will now start being processed using MinMaxScaler
2024-03-04 12:58:26.785 | INFO     | preprocessing:encoders:110 - Column rbpj will now start being processed using MinMaxScaler
2024-03-04 12:58:26.805 | INFO     | preprocessing:encoders:110 - Column rbpjl will now start being processed using MinMaxScaler
2024-03-04 12:58:26.827 | INFO     | preprocessing:encoders:110 - Column rfng will now start being processed using MinMaxScaler
2024-03-04 12:58:26.845 | INFO     | preprocessing:encoders:110 - Column snw1 will now start being processed using MinMaxScaler
2024-03-04 12:58:26.861 | INFO     | preprocessing:encoders:110 - Column spen will now start being processed using MinMaxScaler
2024-03-04 12:58:26.874 | INFO     | preprocessing:encoders:110 - Column hes2 will now start being processed using MinMaxScaler
2024-03-04 12:58:26.884 | INFO     | preprocessing:encoders:110 - Column hes4 will now start being processed using MinMaxScaler
2024-03-04 12:58:26.894 | INFO     | preprocessing:encoders:110 - Column hes7 will now start being processed using MinMaxScaler
2024-03-04 12:58:26.903 | INFO     | preprocessing:encoders:110 - Column hey1 will now start being processed using MinMaxScaler
2024-03-04 12:58:26.912 | INFO     | preprocessing:encoders:110 - Column hey2 will now start being processed using MinMaxScaler
2024-03-04 12:58:26.922 | INFO     | preprocessing:encoders:110 - Column acvr1 will now start being processed using MinMaxScaler
2024-03-04 12:58:26.934 | INFO     | preprocessing:encoders:110 - Column acvr1b will now start being processed using MinMaxScaler
2024-03-04 12:58:26.946 | INFO     | preprocessing:encoders:110 - Column acvr1c will now start being processed using MinMaxScaler
2024-03-04 12:58:26.966 | INFO     | preprocessing:encoders:110 - Column acvr2a will now start being processed using MinMaxScaler
2024-03-04 12:58:26.979 | INFO     | preprocessing:encoders:110 - Column acvr2b will now start being processed using MinMaxScaler
2024-03-04 12:58:27.000 | INFO     | preprocessing:encoders:110 - Column acvrl1 will now start being processed using MinMaxScaler
2024-03-04 12:58:27.017 | INFO     | preprocessing:encoders:110 - Column akt1 will now start being processed using MinMaxScaler
2024-03-04 12:58:27.035 | INFO     | preprocessing:encoders:110 - Column akt1s1 will now start being processed using MinMaxScaler
2024-03-04 12:58:27.049 | INFO     | preprocessing:encoders:110 - Column akt2 will now start being processed using MinMaxScaler
2024-03-04 12:58:27.069 | INFO     | preprocessing:encoders:110 - Column apaf1 will now start being processed using MinMaxScaler
2024-03-04 12:58:27.086 | INFO     | preprocessing:encoders:110 - Column arl11 will now start being processed using MinMaxScaler
2024-03-04 12:58:27.101 | INFO     | preprocessing:encoders:110 - Column atr will now start being processed using MinMaxScaler
2024-03-04 12:58:27.124 | INFO     | preprocessing:encoders:110 - Column aurka will now start being processed using MinMaxScaler
2024-03-04 12:58:27.145 | INFO     | preprocessing:encoders:110 - Column bad will now start being processed using MinMaxScaler
2024-03-04 12:58:27.162 | INFO     | preprocessing:encoders:110 - Column bcl2 will now start being processed using MinMaxScaler
2024-03-04 12:58:27.181 | INFO     | preprocessing:encoders:110 - Column bcl2l1 will now start being processed using MinMaxScaler
2024-03-04 12:58:27.196 | INFO     | preprocessing:encoders:110 - Column bmp10 will now start being processed using MinMaxScaler
2024-03-04 12:58:27.219 | INFO     | preprocessing:encoders:110 - Column bmp15 will now start being processed using MinMaxScaler
2024-03-04 12:58:27.235 | INFO     | preprocessing:encoders:110 - Column bmp2 will now start being processed using MinMaxScaler
2024-03-04 12:58:27.258 | INFO     | preprocessing:encoders:110 - Column bmp3 will now start being processed using MinMaxScaler
2024-03-04 12:58:27.264 | INFO     | preprocessing:encoders:110 - Column bmp4 will now start being processed using MinMaxScaler
2024-03-04 12:58:27.284 | INFO     | preprocessing:encoders:110 - Column bmp5 will now start being processed using MinMaxScaler
2024-03-04 12:58:27.286 | INFO     | preprocessing:encoders:110 - Column bmp6 will now start being processed using MinMaxScaler
2024-03-04 12:58:27.316 | INFO     | preprocessing:encoders:110 - Column bmp7 will now start being processed using MinMaxScaler
2024-03-04 12:58:27.319 | INFO     | preprocessing:encoders:110 - Column bmpr1a will now start being processed using MinMaxScaler
2024-03-04 12:58:27.336 | INFO     | preprocessing:encoders:110 - Column bmpr1b will now start being processed using MinMaxScaler
2024-03-04 12:58:27.352 | INFO     | preprocessing:encoders:110 - Column bmpr2 will now start being processed using MinMaxScaler
2024-03-04 12:58:27.369 | INFO     | preprocessing:encoders:110 - Column braf will now start being processed using MinMaxScaler
2024-03-04 12:58:27.401 | INFO     | preprocessing:encoders:110 - Column casp10 will now start being processed using MinMaxScaler
2024-03-04 12:58:27.408 | INFO     | preprocessing:encoders:110 - Column casp3 will now start being processed using MinMaxScaler
2024-03-04 12:58:27.429 | INFO     | preprocessing:encoders:110 - Column casp6 will now start being processed using MinMaxScaler
2024-03-04 12:58:27.446 | INFO     | preprocessing:encoders:110 - Column casp7 will now start being processed using MinMaxScaler
2024-03-04 12:58:27.465 | INFO     | preprocessing:encoders:110 - Column casp8 will now start being processed using MinMaxScaler
2024-03-04 12:58:27.480 | INFO     | preprocessing:encoders:110 - Column casp9 will now start being processed using MinMaxScaler
2024-03-04 12:58:27.505 | INFO     | preprocessing:encoders:110 - Column chek1 will now start being processed using MinMaxScaler
2024-03-04 12:58:27.517 | INFO     | preprocessing:encoders:110 - Column csf1 will now start being processed using MinMaxScaler
2024-03-04 12:58:27.527 | INFO     | preprocessing:encoders:110 - Column csf1r will now start being processed using MinMaxScaler
2024-03-04 12:58:27.537 | INFO     | preprocessing:encoders:110 - Column cxcl8 will now start being processed using MinMaxScaler
2024-03-04 12:58:27.546 | INFO     | preprocessing:encoders:110 - Column cxcr1 will now start being processed using MinMaxScaler
2024-03-04 12:58:27.555 | INFO     | preprocessing:encoders:110 - Column cxcr2 will now start being processed using MinMaxScaler
2024-03-04 12:58:27.565 | INFO     | preprocessing:encoders:110 - Column dab2 will now start being processed using MinMaxScaler
2024-03-04 12:58:27.577 | INFO     | preprocessing:encoders:110 - Column diras3 will now start being processed using MinMaxScaler
2024-03-04 12:58:27.587 | INFO     | preprocessing:encoders:110 - Column dlec1 will now start being processed using MinMaxScaler
2024-03-04 12:58:27.600 | INFO     | preprocessing:encoders:110 - Column dph1 will now start being processed using MinMaxScaler
2024-03-04 12:58:27.618 | INFO     | preprocessing:encoders:110 - Column egfr will now start being processed using MinMaxScaler
2024-03-04 12:58:27.632 | INFO     | preprocessing:encoders:110 - Column eif4e will now start being processed using MinMaxScaler
2024-03-04 12:58:27.650 | INFO     | preprocessing:encoders:110 - Column eif4ebp1 will now start being processed using MinMaxScaler
2024-03-04 12:58:27.674 | INFO     | preprocessing:encoders:110 - Column eif5a2 will now start being processed using MinMaxScaler
2024-03-04 12:58:27.695 | INFO     | preprocessing:encoders:110 - Column erbb2 will now start being processed using MinMaxScaler
2024-03-04 12:58:27.710 | INFO     | preprocessing:encoders:110 - Column erbb3 will now start being processed using MinMaxScaler
2024-03-04 12:58:27.718 | INFO     | preprocessing:encoders:110 - Column erbb4 will now start being processed using MinMaxScaler
2024-03-04 12:58:27.734 | INFO     | preprocessing:encoders:110 - Column fas will now start being processed using MinMaxScaler
2024-03-04 12:58:27.746 | INFO     | preprocessing:encoders:110 - Column fgf1 will now start being processed using MinMaxScaler
2024-03-04 12:58:27.769 | INFO     | preprocessing:encoders:110 - Column fgfr1 will now start being processed using MinMaxScaler
2024-03-04 12:58:27.785 | INFO     | preprocessing:encoders:110 - Column folr1 will now start being processed using MinMaxScaler
2024-03-04 12:58:27.816 | INFO     | preprocessing:encoders:110 - Column folr2 will now start being processed using MinMaxScaler
2024-03-04 12:58:27.830 | INFO     | preprocessing:encoders:110 - Column folr3 will now start being processed using MinMaxScaler
2024-03-04 12:58:27.857 | INFO     | preprocessing:encoders:110 - Column foxo1 will now start being processed using MinMaxScaler
2024-03-04 12:58:27.870 | INFO     | preprocessing:encoders:110 - Column foxo3 will now start being processed using MinMaxScaler
2024-03-04 12:58:27.891 | INFO     | preprocessing:encoders:110 - Column gdf11 will now start being processed using MinMaxScaler
2024-03-04 12:58:27.912 | INFO     | preprocessing:encoders:110 - Column gdf2 will now start being processed using MinMaxScaler
2024-03-04 12:58:27.935 | INFO     | preprocessing:encoders:110 - Column gsk3b will now start being processed using MinMaxScaler
2024-03-04 12:58:27.947 | INFO     | preprocessing:encoders:110 - Column hif1a will now start being processed using MinMaxScaler
2024-03-04 12:58:27.964 | INFO     | preprocessing:encoders:110 - Column hla-g will now start being processed using MinMaxScaler
2024-03-04 12:58:27.981 | INFO     | preprocessing:encoders:110 - Column hras will now start being processed using MinMaxScaler
2024-03-04 12:58:28.004 | INFO     | preprocessing:encoders:110 - Column igf1 will now start being processed using MinMaxScaler
2024-03-04 12:58:28.012 | INFO     | preprocessing:encoders:110 - Column igf1r will now start being processed using MinMaxScaler
2024-03-04 12:58:28.030 | INFO     | preprocessing:encoders:110 - Column inha will now start being processed using MinMaxScaler
2024-03-04 12:58:28.050 | INFO     | preprocessing:encoders:110 - Column inhba will now start being processed using MinMaxScaler
2024-03-04 12:58:28.063 | INFO     | preprocessing:encoders:110 - Column inhbc will now start being processed using MinMaxScaler
2024-03-04 12:58:28.080 | INFO     | preprocessing:encoders:110 - Column itgav will now start being processed using MinMaxScaler
2024-03-04 12:58:28.107 | INFO     | preprocessing:encoders:110 - Column itgb3 will now start being processed using MinMaxScaler
2024-03-04 12:58:28.127 | INFO     | preprocessing:encoders:110 - Column izumo1r will now start being processed using MinMaxScaler
2024-03-04 12:58:28.143 | INFO     | preprocessing:encoders:110 - Column kdr will now start being processed using MinMaxScaler
2024-03-04 12:58:28.161 | INFO     | preprocessing:encoders:110 - Column kit will now start being processed using MinMaxScaler
2024-03-04 12:58:28.173 | INFO     | preprocessing:encoders:110 - Column kras will now start being processed using MinMaxScaler
2024-03-04 12:58:28.186 | INFO     | preprocessing:encoders:110 - Column map2k1 will now start being processed using MinMaxScaler
2024-03-04 12:58:28.199 | INFO     | preprocessing:encoders:110 - Column map2k2 will now start being processed using MinMaxScaler
2024-03-04 12:58:28.208 | INFO     | preprocessing:encoders:110 - Column map2k3 will now start being processed using MinMaxScaler
2024-03-04 12:58:28.218 | INFO     | preprocessing:encoders:110 - Column map2k4 will now start being processed using MinMaxScaler
2024-03-04 12:58:28.228 | INFO     | preprocessing:encoders:110 - Column map2k5 will now start being processed using MinMaxScaler
2024-03-04 12:58:28.236 | INFO     | preprocessing:encoders:110 - Column map3k1 will now start being processed using MinMaxScaler
2024-03-04 12:58:28.246 | INFO     | preprocessing:encoders:110 - Column map3k3 will now start being processed using MinMaxScaler
2024-03-04 12:58:28.253 | INFO     | preprocessing:encoders:110 - Column map3k4 will now start being processed using MinMaxScaler
2024-03-04 12:58:28.269 | INFO     | preprocessing:encoders:110 - Column map3k5 will now start being processed using MinMaxScaler
2024-03-04 12:58:28.269 | INFO     | preprocessing:encoders:110 - Column mapk1 will now start being processed using MinMaxScaler
2024-03-04 12:58:28.297 | INFO     | preprocessing:encoders:110 - Column mapk12 will now start being processed using MinMaxScaler
2024-03-04 12:58:28.312 | INFO     | preprocessing:encoders:110 - Column mapk14 will now start being processed using MinMaxScaler
2024-03-04 12:58:28.317 | INFO     | preprocessing:encoders:110 - Column mapk3 will now start being processed using MinMaxScaler
2024-03-04 12:58:28.335 | INFO     | preprocessing:encoders:110 - Column mapk4 will now start being processed using MinMaxScaler
2024-03-04 12:58:28.351 | INFO     | preprocessing:encoders:110 - Column mapk6 will now start being processed using MinMaxScaler
2024-03-04 12:58:28.369 | INFO     | preprocessing:encoders:110 - Column mapk7 will now start being processed using MinMaxScaler
2024-03-04 12:58:28.390 | INFO     | preprocessing:encoders:110 - Column mapk8 will now start being processed using MinMaxScaler
2024-03-04 12:58:28.411 | INFO     | preprocessing:encoders:110 - Column mapk9 will now start being processed using MinMaxScaler
2024-03-04 12:58:28.437 | INFO     | preprocessing:encoders:110 - Column mdc1 will now start being processed using MinMaxScaler
2024-03-04 12:58:28.457 | INFO     | preprocessing:encoders:110 - Column mlst8 will now start being processed using MinMaxScaler
2024-03-04 12:58:28.461 | INFO     | preprocessing:encoders:110 - Column mmp1 will now start being processed using MinMaxScaler
2024-03-04 12:58:28.479 | INFO     | preprocessing:encoders:110 - Column mmp10 will now start being processed using MinMaxScaler
2024-03-04 12:58:28.513 | INFO     | preprocessing:encoders:110 - Column mmp11 will now start being processed using MinMaxScaler
2024-03-04 12:58:28.528 | INFO     | preprocessing:encoders:110 - Column mmp12 will now start being processed using MinMaxScaler
2024-03-04 12:58:28.540 | INFO     | preprocessing:encoders:110 - Column mmp13 will now start being processed using MinMaxScaler
2024-03-04 12:58:28.555 | INFO     | preprocessing:encoders:110 - Column mmp14 will now start being processed using MinMaxScaler
2024-03-04 12:58:28.571 | INFO     | preprocessing:encoders:110 - Column mmp15 will now start being processed using MinMaxScaler
2024-03-04 12:58:28.584 | INFO     | preprocessing:encoders:110 - Column mmp16 will now start being processed using MinMaxScaler
2024-03-04 12:58:28.602 | INFO     | preprocessing:encoders:110 - Column mmp17 will now start being processed using MinMaxScaler
2024-03-04 12:58:28.629 | INFO     | preprocessing:encoders:110 - Column mmp19 will now start being processed using MinMaxScaler
2024-03-04 12:58:28.636 | INFO     | preprocessing:encoders:110 - Column mmp2 will now start being processed using MinMaxScaler
2024-03-04 12:58:28.651 | INFO     | preprocessing:encoders:110 - Column mmp21 will now start being processed using MinMaxScaler
2024-03-04 12:58:28.668 | INFO     | preprocessing:encoders:110 - Column mmp23b will now start being processed using MinMaxScaler
2024-03-04 12:58:28.685 | INFO     | preprocessing:encoders:110 - Column mmp24 will now start being processed using MinMaxScaler
2024-03-04 12:58:28.718 | INFO     | preprocessing:encoders:110 - Column mmp25 will now start being processed using MinMaxScaler
2024-03-04 12:58:28.737 | INFO     | preprocessing:encoders:110 - Column mmp26 will now start being processed using MinMaxScaler
2024-03-04 12:58:28.755 | INFO     | preprocessing:encoders:110 - Column mmp27 will now start being processed using MinMaxScaler
2024-03-04 12:58:28.778 | INFO     | preprocessing:encoders:110 - Column mmp28 will now start being processed using MinMaxScaler
2024-03-04 12:58:28.794 | INFO     | preprocessing:encoders:110 - Column mmp3 will now start being processed using MinMaxScaler
2024-03-04 12:58:28.818 | INFO     | preprocessing:encoders:110 - Column mmp7 will now start being processed using MinMaxScaler
2024-03-04 12:58:28.833 | INFO     | preprocessing:encoders:110 - Column mmp9 will now start being processed using MinMaxScaler
2024-03-04 12:58:28.847 | INFO     | preprocessing:encoders:110 - Column mtor will now start being processed using MinMaxScaler
2024-03-04 12:58:28.860 | INFO     | preprocessing:encoders:110 - Column nfkb1 will now start being processed using MinMaxScaler
2024-03-04 12:58:28.870 | INFO     | preprocessing:encoders:110 - Column nfkb2 will now start being processed using MinMaxScaler
2024-03-04 12:58:28.882 | INFO     | preprocessing:encoders:110 - Column opcml will now start being processed using MinMaxScaler
2024-03-04 12:58:28.895 | INFO     | preprocessing:encoders:110 - Column pdgfa will now start being processed using MinMaxScaler
2024-03-04 12:58:28.907 | INFO     | preprocessing:encoders:110 - Column pdgfb will now start being processed using MinMaxScaler
2024-03-04 12:58:28.917 | INFO     | preprocessing:encoders:110 - Column pdgfra will now start being processed using MinMaxScaler
2024-03-04 12:58:28.940 | INFO     | preprocessing:encoders:110 - Column pdgfrb will now start being processed using MinMaxScaler
2024-03-04 12:58:28.960 | INFO     | preprocessing:encoders:110 - Column pdpk1 will now start being processed using MinMaxScaler
2024-03-04 12:58:28.970 | INFO     | preprocessing:encoders:110 - Column peg3 will now start being processed using MinMaxScaler
2024-03-04 12:58:28.981 | INFO     | preprocessing:encoders:110 - Column pik3ca will now start being processed using MinMaxScaler
2024-03-04 12:58:28.999 | INFO     | preprocessing:encoders:110 - Column pik3r1 will now start being processed using MinMaxScaler
2024-03-04 12:58:29.012 | INFO     | preprocessing:encoders:110 - Column pik3r2 will now start being processed using MinMaxScaler
2024-03-04 12:58:29.031 | INFO     | preprocessing:encoders:110 - Column plagl1 will now start being processed using MinMaxScaler
2024-03-04 12:58:29.052 | INFO     | preprocessing:encoders:110 - Column ptk2 will now start being processed using MinMaxScaler
2024-03-04 12:58:29.072 | INFO     | preprocessing:encoders:110 - Column rab25 will now start being processed using MinMaxScaler
2024-03-04 12:58:29.091 | INFO     | preprocessing:encoders:110 - Column rad51 will now start being processed using MinMaxScaler
2024-03-04 12:58:29.102 | INFO     | preprocessing:encoders:110 - Column raf1 will now start being processed using MinMaxScaler
2024-03-04 12:58:29.116 | INFO     | preprocessing:encoders:110 - Column rassf1 will now start being processed using MinMaxScaler
2024-03-04 12:58:29.143 | INFO     | preprocessing:encoders:110 - Column rheb will now start being processed using MinMaxScaler
2024-03-04 12:58:29.161 | INFO     | preprocessing:encoders:110 - Column rictor will now start being processed using MinMaxScaler
2024-03-04 12:58:29.178 | INFO     | preprocessing:encoders:110 - Column rps6 will now start being processed using MinMaxScaler
2024-03-04 12:58:29.196 | INFO     | preprocessing:encoders:110 - Column rps6ka1 will now start being processed using MinMaxScaler
2024-03-04 12:58:29.207 | INFO     | preprocessing:encoders:110 - Column rps6ka2 will now start being processed using MinMaxScaler
2024-03-04 12:58:29.230 | INFO     | preprocessing:encoders:110 - Column rps6kb1 will now start being processed using MinMaxScaler
2024-03-04 12:58:29.251 | INFO     | preprocessing:encoders:110 - Column rps6kb2 will now start being processed using MinMaxScaler
2024-03-04 12:58:29.266 | INFO     | preprocessing:encoders:110 - Column rptor will now start being processed using MinMaxScaler
2024-03-04 12:58:29.283 | INFO     | preprocessing:encoders:110 - Column slc19a1 will now start being processed using MinMaxScaler
2024-03-04 12:58:29.307 | INFO     | preprocessing:encoders:110 - Column smad1 will now start being processed using MinMaxScaler
2024-03-04 12:58:29.329 | INFO     | preprocessing:encoders:110 - Column smad2 will now start being processed using MinMaxScaler
2024-03-04 12:58:29.336 | INFO     | preprocessing:encoders:110 - Column smad3 will now start being processed using MinMaxScaler
2024-03-04 12:58:29.356 | INFO     | preprocessing:encoders:110 - Column smad4 will now start being processed using MinMaxScaler
2024-03-04 12:58:29.376 | INFO     | preprocessing:encoders:110 - Column smad5 will now start being processed using MinMaxScaler
2024-03-04 12:58:29.387 | INFO     | preprocessing:encoders:110 - Column smad6 will now start being processed using MinMaxScaler
2024-03-04 12:58:29.410 | INFO     | preprocessing:encoders:110 - Column smad7 will now start being processed using MinMaxScaler
2024-03-04 12:58:29.425 | INFO     | preprocessing:encoders:110 - Column smad9 will now start being processed using MinMaxScaler
2024-03-04 12:58:29.438 | INFO     | preprocessing:encoders:110 - Column sptbn1 will now start being processed using MinMaxScaler
2024-03-04 12:58:29.450 | INFO     | preprocessing:encoders:110 - Column terc will now start being processed using MinMaxScaler
2024-03-04 12:58:29.468 | INFO     | preprocessing:encoders:110 - Column tert will now start being processed using MinMaxScaler
2024-03-04 12:58:29.491 | INFO     | preprocessing:encoders:110 - Column tgfb1 will now start being processed using MinMaxScaler
2024-03-04 12:58:29.507 | INFO     | preprocessing:encoders:110 - Column tgfb2 will now start being processed using MinMaxScaler
2024-03-04 12:58:29.522 | INFO     | preprocessing:encoders:110 - Column tgfb3 will now start being processed using MinMaxScaler
2024-03-04 12:58:29.531 | INFO     | preprocessing:encoders:110 - Column tgfbr1 will now start being processed using MinMaxScaler
2024-03-04 12:58:29.544 | INFO     | preprocessing:encoders:110 - Column tgfbr2 will now start being processed using MinMaxScaler
2024-03-04 12:58:29.553 | INFO     | preprocessing:encoders:110 - Column tgfbr3 will now start being processed using MinMaxScaler
2024-03-04 12:58:29.564 | INFO     | preprocessing:encoders:110 - Column tsc1 will now start being processed using MinMaxScaler
2024-03-04 12:58:29.574 | INFO     | preprocessing:encoders:110 - Column tsc2 will now start being processed using MinMaxScaler
2024-03-04 12:58:29.583 | INFO     | preprocessing:encoders:110 - Column vegfa will now start being processed using MinMaxScaler
2024-03-04 12:58:29.593 | INFO     | preprocessing:encoders:110 - Column vegfb will now start being processed using MinMaxScaler
2024-03-04 12:58:29.611 | INFO     | preprocessing:encoders:110 - Column wfdc2 will now start being processed using MinMaxScaler
2024-03-04 12:58:29.624 | INFO     | preprocessing:encoders:110 - Column wwox will now start being processed using MinMaxScaler
2024-03-04 12:58:29.643 | INFO     | preprocessing:encoders:110 - Column zfyve9 will now start being processed using MinMaxScaler
2024-03-04 12:58:29.655 | INFO     | preprocessing:encoders:110 - Column arid1a will now start being processed using MinMaxScaler
2024-03-04 12:58:29.669 | INFO     | preprocessing:encoders:110 - Column arid1b will now start being processed using MinMaxScaler
2024-03-04 12:58:29.683 | INFO     | preprocessing:encoders:110 - Column cbfb will now start being processed using MinMaxScaler
2024-03-04 12:58:29.689 | INFO     | preprocessing:encoders:110 - Column gata3 will now start being processed using MinMaxScaler
2024-03-04 12:58:29.716 | INFO     | preprocessing:encoders:110 - Column kmt2c will now start being processed using MinMaxScaler
2024-03-04 12:58:29.732 | INFO     | preprocessing:encoders:110 - Column kmt2d will now start being processed using MinMaxScaler
2024-03-04 12:58:29.757 | INFO     | preprocessing:encoders:110 - Column myh9 will now start being processed using MinMaxScaler
2024-03-04 12:58:29.776 | INFO     | preprocessing:encoders:110 - Column ncor1 will now start being processed using MinMaxScaler
2024-03-04 12:58:29.785 | INFO     | preprocessing:encoders:110 - Column pde4dip will now start being processed using MinMaxScaler
2024-03-04 12:58:29.809 | INFO     | preprocessing:encoders:110 - Column ptprd will now start being processed using MinMaxScaler
2024-03-04 12:58:29.832 | INFO     | preprocessing:encoders:110 - Column ros1 will now start being processed using MinMaxScaler
2024-03-04 12:58:29.846 | INFO     | preprocessing:encoders:110 - Column runx1 will now start being processed using MinMaxScaler
2024-03-04 12:58:29.866 | INFO     | preprocessing:encoders:110 - Column tbx3 will now start being processed using MinMaxScaler
2024-03-04 12:58:29.878 | INFO     | preprocessing:encoders:110 - Column abcb1 will now start being processed using MinMaxScaler
2024-03-04 12:58:29.907 | INFO     | preprocessing:encoders:110 - Column abcb11 will now start being processed using MinMaxScaler
2024-03-04 12:58:29.921 | INFO     | preprocessing:encoders:110 - Column abcc1 will now start being processed using MinMaxScaler
2024-03-04 12:58:29.933 | INFO     | preprocessing:encoders:110 - Column abcc10 will now start being processed using MinMaxScaler
2024-03-04 12:58:29.953 | INFO     | preprocessing:encoders:110 - Column bbc3 will now start being processed using MinMaxScaler
2024-03-04 12:58:29.971 | INFO     | preprocessing:encoders:110 - Column bmf will now start being processed using MinMaxScaler
2024-03-04 12:58:29.993 | INFO     | preprocessing:encoders:110 - Column cyp2c8 will now start being processed using MinMaxScaler
2024-03-04 12:58:30.024 | INFO     | preprocessing:encoders:110 - Column cyp3a4 will now start being processed using MinMaxScaler
2024-03-04 12:58:30.034 | INFO     | preprocessing:encoders:110 - Column fgf2 will now start being processed using MinMaxScaler
2024-03-04 12:58:30.054 | INFO     | preprocessing:encoders:110 - Column fn1 will now start being processed using MinMaxScaler
2024-03-04 12:58:30.074 | INFO     | preprocessing:encoders:110 - Column map2 will now start being processed using MinMaxScaler
2024-03-04 12:58:30.089 | INFO     | preprocessing:encoders:110 - Column map4 will now start being processed using MinMaxScaler
2024-03-04 12:58:30.104 | INFO     | preprocessing:encoders:110 - Column mapt will now start being processed using MinMaxScaler
2024-03-04 12:58:30.122 | INFO     | preprocessing:encoders:110 - Column nr1i2 will now start being processed using MinMaxScaler
2024-03-04 12:58:30.135 | INFO     | preprocessing:encoders:110 - Column slco1b3 will now start being processed using MinMaxScaler
2024-03-04 12:58:30.175 | INFO     | preprocessing:encoders:110 - Column tubb1 will now start being processed using MinMaxScaler
2024-03-04 12:58:30.184 | INFO     | preprocessing:encoders:110 - Column tubb4a will now start being processed using MinMaxScaler
2024-03-04 12:58:30.201 | INFO     | preprocessing:encoders:110 - Column tubb4b will now start being processed using MinMaxScaler
2024-03-04 12:58:30.213 | INFO     | preprocessing:encoders:110 - Column twist1 will now start being processed using MinMaxScaler
2024-03-04 12:58:30.226 | INFO     | preprocessing:encoders:110 - Column adgra2 will now start being processed using MinMaxScaler
2024-03-04 12:58:30.236 | INFO     | preprocessing:encoders:110 - Column afdn will now start being processed using MinMaxScaler
2024-03-04 12:58:30.249 | INFO     | preprocessing:encoders:110 - Column aff2 will now start being processed using MinMaxScaler
2024-03-04 12:58:30.252 | INFO     | preprocessing:encoders:110 - Column agmo will now start being processed using MinMaxScaler
2024-03-04 12:58:30.273 | INFO     | preprocessing:encoders:110 - Column agtr2 will now start being processed using MinMaxScaler
2024-03-04 12:58:30.282 | INFO     | preprocessing:encoders:110 - Column ahnak will now start being processed using MinMaxScaler
2024-03-04 12:58:30.300 | INFO     | preprocessing:encoders:110 - Column ahnak2 will now start being processed using MinMaxScaler
2024-03-04 12:58:30.318 | INFO     | preprocessing:encoders:110 - Column akap9 will now start being processed using MinMaxScaler
2024-03-04 12:58:30.333 | INFO     | preprocessing:encoders:110 - Column alk will now start being processed using MinMaxScaler
2024-03-04 12:58:30.348 | INFO     | preprocessing:encoders:110 - Column apc will now start being processed using MinMaxScaler
2024-03-04 12:58:30.373 | INFO     | preprocessing:encoders:110 - Column arid2 will now start being processed using MinMaxScaler
2024-03-04 12:58:30.397 | INFO     | preprocessing:encoders:110 - Column arid5b will now start being processed using MinMaxScaler
2024-03-04 12:58:30.409 | INFO     | preprocessing:encoders:110 - Column asxl1 will now start being processed using MinMaxScaler
2024-03-04 12:58:30.417 | INFO     | preprocessing:encoders:110 - Column asxl2 will now start being processed using MinMaxScaler
2024-03-04 12:58:30.442 | INFO     | preprocessing:encoders:110 - Column bap1 will now start being processed using MinMaxScaler
2024-03-04 12:58:30.468 | INFO     | preprocessing:encoders:110 - Column bcas3 will now start being processed using MinMaxScaler
2024-03-04 12:58:30.483 | INFO     | preprocessing:encoders:110 - Column birc6 will now start being processed using MinMaxScaler
2024-03-04 12:58:30.507 | INFO     | preprocessing:encoders:110 - Column cacna2d3 will now start being processed using MinMaxScaler
2024-03-04 12:58:30.517 | INFO     | preprocessing:encoders:110 - Column ccnd3 will now start being processed using MinMaxScaler
2024-03-04 12:58:30.557 | INFO     | preprocessing:encoders:110 - Column chd1 will now start being processed using MinMaxScaler
2024-03-04 12:58:30.567 | INFO     | preprocessing:encoders:110 - Column clk3 will now start being processed using MinMaxScaler
2024-03-04 12:58:30.587 | INFO     | preprocessing:encoders:110 - Column clrn2 will now start being processed using MinMaxScaler
2024-03-04 12:58:30.600 | INFO     | preprocessing:encoders:110 - Column col12a1 will now start being processed using MinMaxScaler
2024-03-04 12:58:30.616 | INFO     | preprocessing:encoders:110 - Column col22a1 will now start being processed using MinMaxScaler
2024-03-04 12:58:30.630 | INFO     | preprocessing:encoders:110 - Column col6a3 will now start being processed using MinMaxScaler
2024-03-04 12:58:30.655 | INFO     | preprocessing:encoders:110 - Column ctcf will now start being processed using MinMaxScaler
2024-03-04 12:58:30.680 | INFO     | preprocessing:encoders:110 - Column ctnna1 will now start being processed using MinMaxScaler
2024-03-04 12:58:30.690 | INFO     | preprocessing:encoders:110 - Column ctnna3 will now start being processed using MinMaxScaler
2024-03-04 12:58:30.715 | INFO     | preprocessing:encoders:110 - Column dnah11 will now start being processed using MinMaxScaler
2024-03-04 12:58:30.729 | INFO     | preprocessing:encoders:110 - Column dnah2 will now start being processed using MinMaxScaler
2024-03-04 12:58:30.743 | INFO     | preprocessing:encoders:110 - Column dnah5 will now start being processed using MinMaxScaler
2024-03-04 12:58:30.771 | INFO     | preprocessing:encoders:110 - Column dtwd2 will now start being processed using MinMaxScaler
2024-03-04 12:58:30.791 | INFO     | preprocessing:encoders:110 - Column fam20c will now start being processed using MinMaxScaler
2024-03-04 12:58:30.813 | INFO     | preprocessing:encoders:110 - Column fanca will now start being processed using MinMaxScaler
2024-03-04 12:58:30.822 | INFO     | preprocessing:encoders:110 - Column fancd2 will now start being processed using MinMaxScaler
2024-03-04 12:58:30.833 | INFO     | preprocessing:encoders:110 - Column flt3 will now start being processed using MinMaxScaler
2024-03-04 12:58:30.847 | INFO     | preprocessing:encoders:110 - Column foxp1 will now start being processed using MinMaxScaler
2024-03-04 12:58:30.853 | INFO     | preprocessing:encoders:110 - Column frmd3 will now start being processed using MinMaxScaler
2024-03-04 12:58:30.872 | INFO     | preprocessing:encoders:110 - Column gh1 will now start being processed using MinMaxScaler
2024-03-04 12:58:30.881 | INFO     | preprocessing:encoders:110 - Column gldc will now start being processed using MinMaxScaler
2024-03-04 12:58:30.894 | INFO     | preprocessing:encoders:110 - Column gpr32 will now start being processed using MinMaxScaler
2024-03-04 12:58:30.906 | INFO     | preprocessing:encoders:110 - Column gps2 will now start being processed using MinMaxScaler
2024-03-04 12:58:30.910 | INFO     | preprocessing:encoders:110 - Column hdac9 will now start being processed using MinMaxScaler
2024-03-04 12:58:30.932 | INFO     | preprocessing:encoders:110 - Column herc2 will now start being processed using MinMaxScaler
2024-03-04 12:58:30.932 | INFO     | preprocessing:encoders:110 - Column hist1h2bc will now start being processed using MinMaxScaler
2024-03-04 12:58:30.961 | INFO     | preprocessing:encoders:110 - Column kdm3a will now start being processed using MinMaxScaler
2024-03-04 12:58:30.967 | INFO     | preprocessing:encoders:110 - Column kdm6a will now start being processed using MinMaxScaler
2024-03-04 12:58:30.983 | INFO     | preprocessing:encoders:110 - Column klrg1 will now start being processed using MinMaxScaler
2024-03-04 12:58:31.008 | INFO     | preprocessing:encoders:110 - Column l1cam will now start being processed using MinMaxScaler
2024-03-04 12:58:31.023 | INFO     | preprocessing:encoders:110 - Column lama2 will now start being processed using MinMaxScaler
2024-03-04 12:58:31.041 | INFO     | preprocessing:encoders:110 - Column lamb3 will now start being processed using MinMaxScaler
2024-03-04 12:58:31.051 | INFO     | preprocessing:encoders:110 - Column large1 will now start being processed using MinMaxScaler
2024-03-04 12:58:31.068 | INFO     | preprocessing:encoders:110 - Column ldlrap1 will now start being processed using MinMaxScaler
2024-03-04 12:58:31.102 | INFO     | preprocessing:encoders:110 - Column lifr will now start being processed using MinMaxScaler
2024-03-04 12:58:31.116 | INFO     | preprocessing:encoders:110 - Column lipi will now start being processed using MinMaxScaler
2024-03-04 12:58:31.129 | INFO     | preprocessing:encoders:110 - Column magea8 will now start being processed using MinMaxScaler
2024-03-04 12:58:31.155 | INFO     | preprocessing:encoders:110 - Column map3k10 will now start being processed using MinMaxScaler
2024-03-04 12:58:31.174 | INFO     | preprocessing:encoders:110 - Column map3k13 will now start being processed using MinMaxScaler
2024-03-04 12:58:31.193 | INFO     | preprocessing:encoders:110 - Column men1 will now start being processed using MinMaxScaler
2024-03-04 12:58:31.206 | INFO     | preprocessing:encoders:110 - Column mtap will now start being processed using MinMaxScaler
2024-03-04 12:58:31.227 | INFO     | preprocessing:encoders:110 - Column muc16 will now start being processed using MinMaxScaler
2024-03-04 12:58:31.234 | INFO     | preprocessing:encoders:110 - Column myo1a will now start being processed using MinMaxScaler
2024-03-04 12:58:31.250 | INFO     | preprocessing:encoders:110 - Column myo3a will now start being processed using MinMaxScaler
2024-03-04 12:58:31.269 | INFO     | preprocessing:encoders:110 - Column ncoa3 will now start being processed using MinMaxScaler
2024-03-04 12:58:31.306 | INFO     | preprocessing:encoders:110 - Column nek1 will now start being processed using MinMaxScaler
2024-03-04 12:58:31.345 | INFO     | preprocessing:encoders:110 - Column nf2 will now start being processed using MinMaxScaler
2024-03-04 12:58:31.357 | INFO     | preprocessing:encoders:110 - Column npnt will now start being processed using MinMaxScaler
2024-03-04 12:58:31.367 | INFO     | preprocessing:encoders:110 - Column nr2f1 will now start being processed using MinMaxScaler
2024-03-04 12:58:31.390 | INFO     | preprocessing:encoders:110 - Column nr3c1 will now start being processed using MinMaxScaler
2024-03-04 12:58:31.406 | INFO     | preprocessing:encoders:110 - Column nras will now start being processed using MinMaxScaler
2024-03-04 12:58:31.426 | INFO     | preprocessing:encoders:110 - Column nrg3 will now start being processed using MinMaxScaler
2024-03-04 12:58:31.444 | INFO     | preprocessing:encoders:110 - Column nt5e will now start being processed using MinMaxScaler
2024-03-04 12:58:31.463 | INFO     | preprocessing:encoders:110 - Column or6a2 will now start being processed using MinMaxScaler
2024-03-04 12:58:31.478 | INFO     | preprocessing:encoders:110 - Column palld will now start being processed using MinMaxScaler
2024-03-04 12:58:31.487 | INFO     | preprocessing:encoders:110 - Column pbrm1 will now start being processed using MinMaxScaler
2024-03-04 12:58:31.502 | INFO     | preprocessing:encoders:110 - Column ppp2cb will now start being processed using MinMaxScaler
2024-03-04 12:58:31.512 | INFO     | preprocessing:encoders:110 - Column ppp2r2a will now start being processed using MinMaxScaler
2024-03-04 12:58:31.522 | INFO     | preprocessing:encoders:110 - Column prkacg will now start being processed using MinMaxScaler
2024-03-04 12:58:31.530 | INFO     | preprocessing:encoders:110 - Column prkce will now start being processed using MinMaxScaler
2024-03-04 12:58:31.540 | INFO     | preprocessing:encoders:110 - Column prkcq will now start being processed using MinMaxScaler
2024-03-04 12:58:31.549 | INFO     | preprocessing:encoders:110 - Column prkcz will now start being processed using MinMaxScaler
2024-03-04 12:58:31.561 | INFO     | preprocessing:encoders:110 - Column prkg1 will now start being processed using MinMaxScaler
2024-03-04 12:58:31.563 | INFO     | preprocessing:encoders:110 - Column prps2 will now start being processed using MinMaxScaler
2024-03-04 12:58:31.588 | INFO     | preprocessing:encoders:110 - Column prr16 will now start being processed using MinMaxScaler
2024-03-04 12:58:31.599 | INFO     | preprocessing:encoders:110 - Column ptpn22 will now start being processed using MinMaxScaler
2024-03-04 12:58:31.629 | INFO     | preprocessing:encoders:110 - Column ptprm will now start being processed using MinMaxScaler
2024-03-04 12:58:31.647 | INFO     | preprocessing:encoders:110 - Column rasgef1b will now start being processed using MinMaxScaler
2024-03-04 12:58:31.660 | INFO     | preprocessing:encoders:110 - Column rpgr will now start being processed using MinMaxScaler
2024-03-04 12:58:31.674 | INFO     | preprocessing:encoders:110 - Column ryr2 will now start being processed using MinMaxScaler
2024-03-04 12:58:31.697 | INFO     | preprocessing:encoders:110 - Column sbno1 will now start being processed using MinMaxScaler
2024-03-04 12:58:31.713 | INFO     | preprocessing:encoders:110 - Column setd1a will now start being processed using MinMaxScaler
2024-03-04 12:58:31.733 | INFO     | preprocessing:encoders:110 - Column setd2 will now start being processed using MinMaxScaler
2024-03-04 12:58:31.741 | INFO     | preprocessing:encoders:110 - Column setdb1 will now start being processed using MinMaxScaler
2024-03-04 12:58:31.767 | INFO     | preprocessing:encoders:110 - Column sf3b1 will now start being processed using MinMaxScaler
2024-03-04 12:58:31.798 | INFO     | preprocessing:encoders:110 - Column sgcd will now start being processed using MinMaxScaler
2024-03-04 12:58:31.823 | INFO     | preprocessing:encoders:110 - Column shank2 will now start being processed using MinMaxScaler
2024-03-04 12:58:31.839 | INFO     | preprocessing:encoders:110 - Column siah1 will now start being processed using MinMaxScaler
2024-03-04 12:58:31.860 | INFO     | preprocessing:encoders:110 - Column sik1 will now start being processed using MinMaxScaler
2024-03-04 12:58:31.886 | INFO     | preprocessing:encoders:110 - Column sik2 will now start being processed using MinMaxScaler
2024-03-04 12:58:31.901 | INFO     | preprocessing:encoders:110 - Column smarcb1 will now start being processed using MinMaxScaler
2024-03-04 12:58:31.915 | INFO     | preprocessing:encoders:110 - Column smarcc1 will now start being processed using MinMaxScaler
2024-03-04 12:58:31.939 | INFO     | preprocessing:encoders:110 - Column smarcc2 will now start being processed using MinMaxScaler
2024-03-04 12:58:31.962 | INFO     | preprocessing:encoders:110 - Column smarcd1 will now start being processed using MinMaxScaler
2024-03-04 12:58:31.981 | INFO     | preprocessing:encoders:110 - Column spaca1 will now start being processed using MinMaxScaler
2024-03-04 12:58:31.995 | INFO     | preprocessing:encoders:110 - Column stab2 will now start being processed using MinMaxScaler
2024-03-04 12:58:32.002 | INFO     | preprocessing:encoders:110 - Column stmn2 will now start being processed using MinMaxScaler
2024-03-04 12:58:32.027 | INFO     | preprocessing:encoders:110 - Column syne1 will now start being processed using MinMaxScaler
2024-03-04 12:58:32.059 | INFO     | preprocessing:encoders:110 - Column taf1 will now start being processed using MinMaxScaler
2024-03-04 12:58:32.081 | INFO     | preprocessing:encoders:110 - Column taf4b will now start being processed using MinMaxScaler
2024-03-04 12:58:32.110 | INFO     | preprocessing:encoders:110 - Column tbl1xr1 will now start being processed using MinMaxScaler
2024-03-04 12:58:32.125 | INFO     | preprocessing:encoders:110 - Column tg will now start being processed using MinMaxScaler
2024-03-04 12:58:32.140 | INFO     | preprocessing:encoders:110 - Column thada will now start being processed using MinMaxScaler
2024-03-04 12:58:32.153 | INFO     | preprocessing:encoders:110 - Column thsd7a will now start being processed using MinMaxScaler
2024-03-04 12:58:32.159 | INFO     | preprocessing:encoders:110 - Column ttyh1 will now start being processed using MinMaxScaler
2024-03-04 12:58:32.175 | INFO     | preprocessing:encoders:110 - Column ubr5 will now start being processed using MinMaxScaler
2024-03-04 12:58:32.187 | INFO     | preprocessing:encoders:110 - Column ush2a will now start being processed using MinMaxScaler
2024-03-04 12:58:32.198 | INFO     | preprocessing:encoders:110 - Column usp9x will now start being processed using MinMaxScaler
2024-03-04 12:58:32.213 | INFO     | preprocessing:encoders:110 - Column utrn will now start being processed using MinMaxScaler
2024-03-04 12:58:32.224 | INFO     | preprocessing:encoders:110 - Column zfp36l1 will now start being processed using MinMaxScaler
2024-03-04 12:58:32.236 | INFO     | preprocessing:encoders:110 - Column ackr3 will now start being processed using MinMaxScaler
2024-03-04 12:58:32.253 | INFO     | preprocessing:encoders:110 - Column akr1c1 will now start being processed using MinMaxScaler
2024-03-04 12:58:32.271 | INFO     | preprocessing:encoders:110 - Column akr1c2 will now start being processed using MinMaxScaler
2024-03-04 12:58:32.277 | INFO     | preprocessing:encoders:110 - Column akr1c3 will now start being processed using MinMaxScaler
2024-03-04 12:58:32.297 | INFO     | preprocessing:encoders:110 - Column akr1c4 will now start being processed using MinMaxScaler
2024-03-04 12:58:32.313 | INFO     | preprocessing:encoders:110 - Column akt3 will now start being processed using MinMaxScaler
2024-03-04 12:58:32.320 | INFO     | preprocessing:encoders:110 - Column ar will now start being processed using MinMaxScaler
2024-03-04 12:58:32.337 | INFO     | preprocessing:encoders:110 - Column bche will now start being processed using MinMaxScaler
2024-03-04 12:58:32.356 | INFO     | preprocessing:encoders:110 - Column cdk8 will now start being processed using MinMaxScaler
2024-03-04 12:58:32.372 | INFO     | preprocessing:encoders:110 - Column cdkn2c will now start being processed using MinMaxScaler
2024-03-04 12:58:32.387 | INFO     | preprocessing:encoders:110 - Column cyb5a will now start being processed using MinMaxScaler
2024-03-04 12:58:32.404 | INFO     | preprocessing:encoders:110 - Column cyp11a1 will now start being processed using MinMaxScaler
2024-03-04 12:58:32.421 | INFO     | preprocessing:encoders:110 - Column cyp11b2 will now start being processed using MinMaxScaler
2024-03-04 12:58:32.435 | INFO     | preprocessing:encoders:110 - Column cyp17a1 will now start being processed using MinMaxScaler
2024-03-04 12:58:32.459 | INFO     | preprocessing:encoders:110 - Column cyp19a1 will now start being processed using MinMaxScaler
2024-03-04 12:58:32.463 | INFO     | preprocessing:encoders:110 - Column cyp21a2 will now start being processed using MinMaxScaler
2024-03-04 12:58:32.494 | INFO     | preprocessing:encoders:110 - Column cyp3a43 will now start being processed using MinMaxScaler
2024-03-04 12:58:32.519 | INFO     | preprocessing:encoders:110 - Column cyp3a5 will now start being processed using MinMaxScaler
2024-03-04 12:58:32.543 | INFO     | preprocessing:encoders:110 - Column cyp3a7 will now start being processed using MinMaxScaler
2024-03-04 12:58:32.561 | INFO     | preprocessing:encoders:110 - Column ddc will now start being processed using MinMaxScaler
2024-03-04 12:58:32.599 | INFO     | preprocessing:encoders:110 - Column hes6 will now start being processed using MinMaxScaler
2024-03-04 12:58:32.619 | INFO     | preprocessing:encoders:110 - Column hsd17b1 will now start being processed using MinMaxScaler
2024-03-04 12:58:32.621 | INFO     | preprocessing:encoders:110 - Column hsd17b10 will now start being processed using MinMaxScaler
2024-03-04 12:58:32.640 | INFO     | preprocessing:encoders:110 - Column hsd17b11 will now start being processed using MinMaxScaler
2024-03-04 12:58:32.667 | INFO     | preprocessing:encoders:110 - Column hsd17b12 will now start being processed using MinMaxScaler
2024-03-04 12:58:32.680 | INFO     | preprocessing:encoders:110 - Column hsd17b13 will now start being processed using MinMaxScaler
2024-03-04 12:58:32.699 | INFO     | preprocessing:encoders:110 - Column hsd17b14 will now start being processed using MinMaxScaler
2024-03-04 12:58:32.727 | INFO     | preprocessing:encoders:110 - Column hsd17b2 will now start being processed using MinMaxScaler
2024-03-04 12:58:32.745 | INFO     | preprocessing:encoders:110 - Column hsd17b3 will now start being processed using MinMaxScaler
2024-03-04 12:58:32.765 | INFO     | preprocessing:encoders:110 - Column hsd17b4 will now start being processed using MinMaxScaler
2024-03-04 12:58:32.779 | INFO     | preprocessing:encoders:110 - Column hsd17b6 will now start being processed using MinMaxScaler
2024-03-04 12:58:32.791 | INFO     | preprocessing:encoders:110 - Column hsd17b7 will now start being processed using MinMaxScaler
2024-03-04 12:58:32.807 | INFO     | preprocessing:encoders:110 - Column hsd17b8 will now start being processed using MinMaxScaler
2024-03-04 12:58:32.820 | INFO     | preprocessing:encoders:110 - Column hsd3b1 will now start being processed using MinMaxScaler
2024-03-04 12:58:32.830 | INFO     | preprocessing:encoders:110 - Column hsd3b2 will now start being processed using MinMaxScaler
2024-03-04 12:58:32.845 | INFO     | preprocessing:encoders:110 - Column hsd3b7 will now start being processed using MinMaxScaler
2024-03-04 12:58:32.861 | INFO     | preprocessing:encoders:110 - Column mecom will now start being processed using MinMaxScaler
2024-03-04 12:58:32.873 | INFO     | preprocessing:encoders:110 - Column met will now start being processed using MinMaxScaler
2024-03-04 12:58:32.889 | INFO     | preprocessing:encoders:110 - Column ncoa2 will now start being processed using MinMaxScaler
2024-03-04 12:58:32.902 | INFO     | preprocessing:encoders:110 - Column nrip1 will now start being processed using MinMaxScaler
2024-03-04 12:58:32.923 | INFO     | preprocessing:encoders:110 - Column pik3r3 will now start being processed using MinMaxScaler
2024-03-04 12:58:32.941 | INFO     | preprocessing:encoders:110 - Column prkci will now start being processed using MinMaxScaler
2024-03-04 12:58:32.956 | INFO     | preprocessing:encoders:110 - Column prkd1 will now start being processed using MinMaxScaler
2024-03-04 12:58:32.974 | INFO     | preprocessing:encoders:110 - Column ran will now start being processed using MinMaxScaler
2024-03-04 12:58:32.986 | INFO     | preprocessing:encoders:110 - Column rdh5 will now start being processed using MinMaxScaler
2024-03-04 12:58:33.006 | INFO     | preprocessing:encoders:110 - Column sdc4 will now start being processed using MinMaxScaler
2024-03-04 12:58:33.027 | INFO     | preprocessing:encoders:110 - Column serpini1 will now start being processed using MinMaxScaler
2024-03-04 12:58:33.057 | INFO     | preprocessing:encoders:110 - Column shbg will now start being processed using MinMaxScaler
2024-03-04 12:58:33.077 | INFO     | preprocessing:encoders:110 - Column slc29a1 will now start being processed using MinMaxScaler
2024-03-04 12:58:33.118 | INFO     | preprocessing:encoders:110 - Column sox9 will now start being processed using MinMaxScaler
2024-03-04 12:58:33.147 | INFO     | preprocessing:encoders:110 - Column spry2 will now start being processed using MinMaxScaler
2024-03-04 12:58:33.161 | INFO     | preprocessing:encoders:110 - Column srd5a1 will now start being processed using MinMaxScaler
2024-03-04 12:58:33.192 | INFO     | preprocessing:encoders:110 - Column srd5a2 will now start being processed using MinMaxScaler
2024-03-04 12:58:33.218 | INFO     | preprocessing:encoders:110 - Column srd5a3 will now start being processed using MinMaxScaler
2024-03-04 12:58:33.250 | INFO     | preprocessing:encoders:110 - Column st7 will now start being processed using MinMaxScaler
2024-03-04 12:58:33.271 | INFO     | preprocessing:encoders:110 - Column star will now start being processed using MinMaxScaler
2024-03-04 12:58:33.292 | INFO     | preprocessing:encoders:110 - Column tnk2 will now start being processed using MinMaxScaler
2024-03-04 12:58:33.305 | INFO     | preprocessing:encoders:110 - Column tulp4 will now start being processed using MinMaxScaler
2024-03-04 12:58:33.321 | INFO     | preprocessing:encoders:110 - Column ugt2b15 will now start being processed using MinMaxScaler
2024-03-04 12:58:33.337 | INFO     | preprocessing:encoders:110 - Column ugt2b17 will now start being processed using MinMaxScaler
2024-03-04 12:58:33.363 | INFO     | preprocessing:encoders:110 - Column ugt2b7 will now start being processed using MinMaxScaler
2024-03-04 12:58:33.391 | INFO     | preprocessing:encoders:38 - Pre-processing categorical columns
2024-03-04 12:58:33.454 | INFO     | preprocessing:encoders:110 - Column pik3ca_mut will now start being processed using OrdinalEncoder
2024-03-04 12:58:33.493 | INFO     | preprocessing:encoders:110 - Column tp53_mut will now start being processed using OrdinalEncoder
2024-03-04 12:58:33.542 | INFO     | preprocessing:encoders:110 - Column muc16_mut will now start being processed using OrdinalEncoder
2024-03-04 12:58:33.586 | INFO     | preprocessing:encoders:110 - Column ahnak2_mut will now start being processed using OrdinalEncoder
2024-03-04 12:58:33.635 | INFO     | preprocessing:encoders:110 - Column kmt2c_mut will now start being processed using OrdinalEncoder
2024-03-04 12:58:33.676 | INFO     | preprocessing:encoders:110 - Column syne1_mut will now start being processed using OrdinalEncoder
2024-03-04 12:58:33.733 | INFO     | preprocessing:encoders:110 - Column gata3_mut will now start being processed using OrdinalEncoder
2024-03-04 12:58:33.800 | INFO     | preprocessing:encoders:110 - Column map3k1_mut will now start being processed using OrdinalEncoder
2024-03-04 12:58:33.837 | INFO     | preprocessing:encoders:110 - Column ahnak_mut will now start being processed using OrdinalEncoder
2024-03-04 12:58:33.888 | INFO     | preprocessing:encoders:110 - Column dnah11_mut will now start being processed using OrdinalEncoder
2024-03-04 12:58:33.934 | INFO     | preprocessing:encoders:110 - Column cdh1_mut will now start being processed using OrdinalEncoder
2024-03-04 12:58:33.978 | INFO     | preprocessing:encoders:110 - Column dnah2_mut will now start being processed using OrdinalEncoder
2024-03-04 12:58:34.021 | INFO     | preprocessing:encoders:110 - Column kmt2d_mut will now start being processed using OrdinalEncoder
2024-03-04 12:58:34.093 | INFO     | preprocessing:encoders:110 - Column ush2a_mut will now start being processed using OrdinalEncoder
2024-03-04 12:58:34.144 | INFO     | preprocessing:encoders:110 - Column ryr2_mut will now start being processed using OrdinalEncoder
2024-03-04 12:58:34.190 | INFO     | preprocessing:encoders:110 - Column dnah5_mut will now start being processed using OrdinalEncoder
2024-03-04 12:58:34.231 | INFO     | preprocessing:encoders:110 - Column herc2_mut will now start being processed using OrdinalEncoder
2024-03-04 12:58:34.265 | INFO     | preprocessing:encoders:110 - Column pde4dip_mut will now start being processed using OrdinalEncoder
2024-03-04 12:58:34.307 | INFO     | preprocessing:encoders:110 - Column akap9_mut will now start being processed using OrdinalEncoder
2024-03-04 12:58:34.348 | INFO     | preprocessing:encoders:110 - Column tg_mut will now start being processed using OrdinalEncoder
2024-03-04 12:58:34.399 | INFO     | preprocessing:encoders:110 - Column birc6_mut will now start being processed using OrdinalEncoder
2024-03-04 12:58:34.438 | INFO     | preprocessing:encoders:110 - Column utrn_mut will now start being processed using OrdinalEncoder
2024-03-04 12:58:34.489 | INFO     | preprocessing:encoders:110 - Column tbx3_mut will now start being processed using OrdinalEncoder
2024-03-04 12:58:34.540 | INFO     | preprocessing:encoders:110 - Column col6a3_mut will now start being processed using OrdinalEncoder
2024-03-04 12:58:34.593 | INFO     | preprocessing:encoders:110 - Column arid1a_mut will now start being processed using OrdinalEncoder
2024-03-04 12:58:34.658 | INFO     | preprocessing:encoders:110 - Column lama2_mut will now start being processed using OrdinalEncoder
2024-03-04 12:58:34.712 | INFO     | preprocessing:encoders:110 - Column notch1_mut will now start being processed using OrdinalEncoder
2024-03-04 12:58:34.784 | INFO     | preprocessing:encoders:110 - Column cbfb_mut will now start being processed using OrdinalEncoder
2024-03-04 12:58:34.835 | INFO     | preprocessing:encoders:110 - Column ncor2_mut will now start being processed using OrdinalEncoder
2024-03-04 12:58:34.875 | INFO     | preprocessing:encoders:110 - Column col12a1_mut will now start being processed using OrdinalEncoder
2024-03-04 12:58:34.907 | INFO     | preprocessing:encoders:110 - Column col22a1_mut will now start being processed using OrdinalEncoder
2024-03-04 12:58:34.931 | INFO     | preprocessing:encoders:110 - Column pten_mut will now start being processed using OrdinalEncoder
2024-03-04 12:58:34.953 | INFO     | preprocessing:encoders:110 - Column akt1_mut will now start being processed using OrdinalEncoder
2024-03-04 12:58:35.000 | INFO     | preprocessing:encoders:110 - Column atr_mut will now start being processed using OrdinalEncoder
2024-03-04 12:58:35.050 | INFO     | preprocessing:encoders:110 - Column thada_mut will now start being processed using OrdinalEncoder
2024-03-04 12:58:35.115 | INFO     | preprocessing:encoders:110 - Column ncor1_mut will now start being processed using OrdinalEncoder
2024-03-04 12:58:35.173 | INFO     | preprocessing:encoders:110 - Column stab2_mut will now start being processed using OrdinalEncoder
2024-03-04 12:58:35.226 | INFO     | preprocessing:encoders:110 - Column myh9_mut will now start being processed using OrdinalEncoder
2024-03-04 12:58:35.293 | INFO     | preprocessing:encoders:110 - Column runx1_mut will now start being processed using OrdinalEncoder
2024-03-04 12:58:35.336 | INFO     | preprocessing:encoders:110 - Column nf1_mut will now start being processed using OrdinalEncoder
2024-03-04 12:58:35.389 | INFO     | preprocessing:encoders:110 - Column map2k4_mut will now start being processed using OrdinalEncoder
2024-03-04 12:58:35.445 | INFO     | preprocessing:encoders:110 - Column ros1_mut will now start being processed using OrdinalEncoder
2024-03-04 12:58:35.490 | INFO     | preprocessing:encoders:110 - Column lamb3_mut will now start being processed using OrdinalEncoder
2024-03-04 12:58:35.530 | INFO     | preprocessing:encoders:110 - Column arid1b_mut will now start being processed using OrdinalEncoder
2024-03-04 12:58:35.555 | INFO     | preprocessing:encoders:110 - Column erbb2_mut will now start being processed using OrdinalEncoder
2024-03-04 12:58:35.588 | INFO     | preprocessing:encoders:110 - Column sf3b1_mut will now start being processed using OrdinalEncoder
2024-03-04 12:58:35.618 | INFO     | preprocessing:encoders:110 - Column shank2_mut will now start being processed using OrdinalEncoder
2024-03-04 12:58:35.659 | INFO     | preprocessing:encoders:110 - Column ep300_mut will now start being processed using OrdinalEncoder
2024-03-04 12:58:35.700 | INFO     | preprocessing:encoders:110 - Column ptprd_mut will now start being processed using OrdinalEncoder
2024-03-04 12:58:35.748 | INFO     | preprocessing:encoders:110 - Column usp9x_mut will now start being processed using OrdinalEncoder
2024-03-04 12:58:35.806 | INFO     | preprocessing:encoders:110 - Column setd2_mut will now start being processed using OrdinalEncoder
2024-03-04 12:58:35.859 | INFO     | preprocessing:encoders:110 - Column setd1a_mut will now start being processed using OrdinalEncoder
2024-03-04 12:58:35.925 | INFO     | preprocessing:encoders:110 - Column thsd7a_mut will now start being processed using OrdinalEncoder
2024-03-04 12:58:35.981 | INFO     | preprocessing:encoders:110 - Column afdn_mut will now start being processed using OrdinalEncoder
2024-03-04 12:58:36.050 | INFO     | preprocessing:encoders:110 - Column erbb3_mut will now start being processed using OrdinalEncoder
2024-03-04 12:58:36.111 | INFO     | preprocessing:encoders:110 - Column rb1_mut will now start being processed using OrdinalEncoder
2024-03-04 12:58:36.163 | INFO     | preprocessing:encoders:110 - Column myo1a_mut will now start being processed using OrdinalEncoder
2024-03-04 12:58:36.204 | INFO     | preprocessing:encoders:110 - Column alk_mut will now start being processed using OrdinalEncoder
2024-03-04 12:58:36.242 | INFO     | preprocessing:encoders:110 - Column fanca_mut will now start being processed using OrdinalEncoder
2024-03-04 12:58:36.274 | INFO     | preprocessing:encoders:110 - Column adgra2_mut will now start being processed using OrdinalEncoder
2024-03-04 12:58:36.314 | INFO     | preprocessing:encoders:110 - Column ubr5_mut will now start being processed using OrdinalEncoder
2024-03-04 12:58:36.349 | INFO     | preprocessing:encoders:110 - Column pik3r1_mut will now start being processed using OrdinalEncoder
2024-03-04 12:58:36.400 | INFO     | preprocessing:encoders:110 - Column myo3a_mut will now start being processed using OrdinalEncoder
2024-03-04 12:58:36.464 | INFO     | preprocessing:encoders:110 - Column asxl2_mut will now start being processed using OrdinalEncoder
2024-03-04 12:58:36.531 | INFO     | preprocessing:encoders:110 - Column apc_mut will now start being processed using OrdinalEncoder
2024-03-04 12:58:36.580 | INFO     | preprocessing:encoders:110 - Column ctcf_mut will now start being processed using OrdinalEncoder
2024-03-04 12:58:36.663 | INFO     | preprocessing:encoders:110 - Column asxl1_mut will now start being processed using OrdinalEncoder
2024-03-04 12:58:36.717 | INFO     | preprocessing:encoders:110 - Column fancd2_mut will now start being processed using OrdinalEncoder
2024-03-04 12:58:36.769 | INFO     | preprocessing:encoders:110 - Column taf1_mut will now start being processed using OrdinalEncoder
2024-03-04 12:58:36.840 | INFO     | preprocessing:encoders:110 - Column kdm6a_mut will now start being processed using OrdinalEncoder
2024-03-04 12:58:36.890 | INFO     | preprocessing:encoders:110 - Column ctnna3_mut will now start being processed using OrdinalEncoder
2024-03-04 12:58:36.930 | INFO     | preprocessing:encoders:110 - Column brca1_mut will now start being processed using OrdinalEncoder
2024-03-04 12:58:36.964 | INFO     | preprocessing:encoders:110 - Column ptprm_mut will now start being processed using OrdinalEncoder
2024-03-04 12:58:37.014 | INFO     | preprocessing:encoders:110 - Column foxo3_mut will now start being processed using OrdinalEncoder
2024-03-04 12:58:37.068 | INFO     | preprocessing:encoders:110 - Column usp28_mut will now start being processed using OrdinalEncoder
2024-03-04 12:58:37.132 | INFO     | preprocessing:encoders:110 - Column gldc_mut will now start being processed using OrdinalEncoder
2024-03-04 12:58:37.184 | INFO     | preprocessing:encoders:110 - Column brca2_mut will now start being processed using OrdinalEncoder
2024-03-04 12:58:37.254 | INFO     | preprocessing:encoders:110 - Column cacna2d3_mut will now start being processed using OrdinalEncoder
2024-03-04 12:58:37.298 | INFO     | preprocessing:encoders:110 - Column arid2_mut will now start being processed using OrdinalEncoder
2024-03-04 12:58:37.392 | INFO     | preprocessing:encoders:110 - Column aff2_mut will now start being processed using OrdinalEncoder
2024-03-04 12:58:37.461 | INFO     | preprocessing:encoders:110 - Column lifr_mut will now start being processed using OrdinalEncoder
2024-03-04 12:58:37.524 | INFO     | preprocessing:encoders:110 - Column sbno1_mut will now start being processed using OrdinalEncoder
2024-03-04 12:58:37.562 | INFO     | preprocessing:encoders:110 - Column kdm3a_mut will now start being processed using OrdinalEncoder
2024-03-04 12:58:37.596 | INFO     | preprocessing:encoders:110 - Column ncoa3_mut will now start being processed using OrdinalEncoder
2024-03-04 12:58:37.632 | INFO     | preprocessing:encoders:110 - Column bap1_mut will now start being processed using OrdinalEncoder
2024-03-04 12:58:37.682 | INFO     | preprocessing:encoders:110 - Column l1cam_mut will now start being processed using OrdinalEncoder
2024-03-04 12:58:37.748 | INFO     | preprocessing:encoders:110 - Column pbrm1_mut will now start being processed using OrdinalEncoder
2024-03-04 12:58:37.813 | INFO     | preprocessing:encoders:110 - Column chd1_mut will now start being processed using OrdinalEncoder
2024-03-04 12:58:37.850 | INFO     | preprocessing:encoders:110 - Column jak1_mut will now start being processed using OrdinalEncoder
2024-03-04 12:58:37.935 | INFO     | preprocessing:encoders:110 - Column setdb1_mut will now start being processed using OrdinalEncoder
2024-03-04 12:58:37.997 | INFO     | preprocessing:encoders:110 - Column fam20c_mut will now start being processed using OrdinalEncoder
2024-03-04 12:58:38.048 | INFO     | preprocessing:encoders:110 - Column arid5b_mut will now start being processed using OrdinalEncoder
2024-03-04 12:58:38.111 | INFO     | preprocessing:encoders:110 - Column egfr_mut will now start being processed using OrdinalEncoder
2024-03-04 12:58:38.179 | INFO     | preprocessing:encoders:110 - Column map3k10_mut will now start being processed using OrdinalEncoder
2024-03-04 12:58:38.219 | INFO     | preprocessing:encoders:110 - Column smarcc2_mut will now start being processed using OrdinalEncoder
2024-03-04 12:58:38.266 | INFO     | preprocessing:encoders:110 - Column erbb4_mut will now start being processed using OrdinalEncoder
2024-03-04 12:58:38.297 | INFO     | preprocessing:encoders:110 - Column npnt_mut will now start being processed using OrdinalEncoder
2024-03-04 12:58:38.347 | INFO     | preprocessing:encoders:110 - Column nek1_mut will now start being processed using OrdinalEncoder
2024-03-04 12:58:38.397 | INFO     | preprocessing:encoders:110 - Column agmo_mut will now start being processed using OrdinalEncoder
2024-03-04 12:58:38.463 | INFO     | preprocessing:encoders:110 - Column zfp36l1_mut will now start being processed using OrdinalEncoder
2024-03-04 12:58:38.523 | INFO     | preprocessing:encoders:110 - Column smad4_mut will now start being processed using OrdinalEncoder
2024-03-04 12:58:38.612 | INFO     | preprocessing:encoders:110 - Column sik1_mut will now start being processed using OrdinalEncoder
2024-03-04 12:58:38.679 | INFO     | preprocessing:encoders:110 - Column casp8_mut will now start being processed using OrdinalEncoder
2024-03-04 12:58:38.740 | INFO     | preprocessing:encoders:110 - Column prkcq_mut will now start being processed using OrdinalEncoder
2024-03-04 12:58:38.813 | INFO     | preprocessing:encoders:110 - Column smarcc1_mut will now start being processed using OrdinalEncoder
2024-03-04 12:58:38.875 | INFO     | preprocessing:encoders:110 - Column palld_mut will now start being processed using OrdinalEncoder
2024-03-04 12:58:38.923 | INFO     | preprocessing:encoders:110 - Column dcaf4l2_mut will now start being processed using OrdinalEncoder
2024-03-04 12:58:38.956 | INFO     | preprocessing:encoders:110 - Column bcas3_mut will now start being processed using OrdinalEncoder
2024-03-04 12:58:38.997 | INFO     | preprocessing:encoders:110 - Column cdkn1b_mut will now start being processed using OrdinalEncoder
2024-03-04 12:58:39.049 | INFO     | preprocessing:encoders:110 - Column gps2_mut will now start being processed using OrdinalEncoder
2024-03-04 12:58:39.118 | INFO     | preprocessing:encoders:110 - Column men1_mut will now start being processed using OrdinalEncoder
2024-03-04 12:58:39.191 | INFO     | preprocessing:encoders:110 - Column stk11_mut will now start being processed using OrdinalEncoder
2024-03-04 12:58:39.239 | INFO     | preprocessing:encoders:110 - Column sik2_mut will now start being processed using OrdinalEncoder
2024-03-04 12:58:39.303 | INFO     | preprocessing:encoders:110 - Column ptpn22_mut will now start being processed using OrdinalEncoder
2024-03-04 12:58:39.394 | INFO     | preprocessing:encoders:110 - Column brip1_mut will now start being processed using OrdinalEncoder
2024-03-04 12:58:39.476 | INFO     | preprocessing:encoders:110 - Column flt3_mut will now start being processed using OrdinalEncoder
2024-03-04 12:58:39.536 | INFO     | preprocessing:encoders:110 - Column nrg3_mut will now start being processed using OrdinalEncoder
2024-03-04 12:58:39.569 | INFO     | preprocessing:encoders:110 - Column fbxw7_mut will now start being processed using OrdinalEncoder
2024-03-04 12:58:39.610 | INFO     | preprocessing:encoders:110 - Column ttyh1_mut will now start being processed using OrdinalEncoder
2024-03-04 12:58:39.662 | INFO     | preprocessing:encoders:110 - Column taf4b_mut will now start being processed using OrdinalEncoder
2024-03-04 12:58:39.713 | INFO     | preprocessing:encoders:110 - Column or6a2_mut will now start being processed using OrdinalEncoder
2024-03-04 12:58:39.779 | INFO     | preprocessing:encoders:110 - Column map3k13_mut will now start being processed using OrdinalEncoder
2024-03-04 12:58:39.837 | INFO     | preprocessing:encoders:110 - Column hdac9_mut will now start being processed using OrdinalEncoder
2024-03-04 12:58:39.899 | INFO     | preprocessing:encoders:110 - Column prkacg_mut will now start being processed using OrdinalEncoder
2024-03-04 12:58:39.971 | INFO     | preprocessing:encoders:110 - Column rpgr_mut will now start being processed using OrdinalEncoder
2024-03-04 12:58:40.264 | INFO     | preprocessing:encoders:110 - Column large1_mut will now start being processed using OrdinalEncoder
2024-03-04 12:58:40.296 | INFO     | preprocessing:encoders:110 - Column foxp1_mut will now start being processed using OrdinalEncoder
2024-03-04 12:58:40.345 | INFO     | preprocessing:encoders:110 - Column clk3_mut will now start being processed using OrdinalEncoder
2024-03-04 12:58:40.414 | INFO     | preprocessing:encoders:110 - Column prkcz_mut will now start being processed using OrdinalEncoder
2024-03-04 12:58:40.463 | INFO     | preprocessing:encoders:110 - Column lipi_mut will now start being processed using OrdinalEncoder
2024-03-04 12:58:40.514 | INFO     | preprocessing:encoders:110 - Column ppp2r2a_mut will now start being processed using OrdinalEncoder
2024-03-04 12:58:40.587 | INFO     | preprocessing:encoders:110 - Column prkce_mut will now start being processed using OrdinalEncoder
2024-03-04 12:58:40.629 | INFO     | preprocessing:encoders:110 - Column gh1_mut will now start being processed using OrdinalEncoder
2024-03-04 12:58:40.695 | INFO     | preprocessing:encoders:110 - Column gpr32_mut will now start being processed using OrdinalEncoder
2024-03-04 12:58:40.762 | INFO     | preprocessing:encoders:110 - Column kras_mut will now start being processed using OrdinalEncoder
2024-03-04 12:58:40.827 | INFO     | preprocessing:encoders:110 - Column nf2_mut will now start being processed using OrdinalEncoder
2024-03-04 12:58:40.879 | INFO     | preprocessing:encoders:110 - Column chek2_mut will now start being processed using OrdinalEncoder
2024-03-04 12:58:40.917 | INFO     | preprocessing:encoders:110 - Column ldlrap1_mut will now start being processed using OrdinalEncoder
2024-03-04 12:58:40.976 | INFO     | preprocessing:encoders:110 - Column clrn2_mut will now start being processed using OrdinalEncoder
2024-03-04 12:58:41.028 | INFO     | preprocessing:encoders:110 - Column acvrl1_mut will now start being processed using OrdinalEncoder
2024-03-04 12:58:41.092 | INFO     | preprocessing:encoders:110 - Column agtr2_mut will now start being processed using OrdinalEncoder
2024-03-04 12:58:41.145 | INFO     | preprocessing:encoders:110 - Column cdkn2a_mut will now start being processed using OrdinalEncoder
2024-03-04 12:58:41.207 | INFO     | preprocessing:encoders:110 - Column ctnna1_mut will now start being processed using OrdinalEncoder
2024-03-04 12:58:41.273 | INFO     | preprocessing:encoders:110 - Column magea8_mut will now start being processed using OrdinalEncoder
2024-03-04 12:58:41.328 | INFO     | preprocessing:encoders:110 - Column prr16_mut will now start being processed using OrdinalEncoder
2024-03-04 12:58:41.400 | INFO     | preprocessing:encoders:110 - Column dtwd2_mut will now start being processed using OrdinalEncoder
2024-03-04 12:58:41.460 | INFO     | preprocessing:encoders:110 - Column akt2_mut will now start being processed using OrdinalEncoder
2024-03-04 12:58:41.498 | INFO     | preprocessing:encoders:110 - Column braf_mut will now start being processed using OrdinalEncoder
2024-03-04 12:58:41.543 | INFO     | preprocessing:encoders:110 - Column foxo1_mut will now start being processed using OrdinalEncoder
2024-03-04 12:58:41.593 | INFO     | preprocessing:encoders:110 - Column nt5e_mut will now start being processed using OrdinalEncoder
2024-03-04 12:58:41.645 | INFO     | preprocessing:encoders:110 - Column ccnd3_mut will now start being processed using OrdinalEncoder
2024-03-04 12:58:41.710 | INFO     | preprocessing:encoders:110 - Column nr3c1_mut will now start being processed using OrdinalEncoder
2024-03-04 12:58:41.775 | INFO     | preprocessing:encoders:110 - Column prkg1_mut will now start being processed using OrdinalEncoder
2024-03-04 12:58:41.831 | INFO     | preprocessing:encoders:110 - Column tbl1xr1_mut will now start being processed using OrdinalEncoder
2024-03-04 12:58:41.891 | INFO     | preprocessing:encoders:110 - Column frmd3_mut will now start being processed using OrdinalEncoder
2024-03-04 12:58:41.953 | INFO     | preprocessing:encoders:110 - Column smad2_mut will now start being processed using OrdinalEncoder
2024-03-04 12:58:42.024 | INFO     | preprocessing:encoders:110 - Column sgcd_mut will now start being processed using OrdinalEncoder
2024-03-04 12:58:42.083 | INFO     | preprocessing:encoders:110 - Column spaca1_mut will now start being processed using OrdinalEncoder
2024-03-04 12:58:42.131 | INFO     | preprocessing:encoders:110 - Column rasgef1b_mut will now start being processed using OrdinalEncoder
2024-03-04 12:58:42.159 | INFO     | preprocessing:encoders:110 - Column hist1h2bc_mut will now start being processed using OrdinalEncoder
2024-03-04 12:58:42.210 | INFO     | preprocessing:encoders:110 - Column nr2f1_mut will now start being processed using OrdinalEncoder
2024-03-04 12:58:42.276 | INFO     | preprocessing:encoders:110 - Column klrg1_mut will now start being processed using OrdinalEncoder
2024-03-04 12:58:42.339 | INFO     | preprocessing:encoders:110 - Column mbl2_mut will now start being processed using OrdinalEncoder
2024-03-04 12:58:42.394 | INFO     | preprocessing:encoders:110 - Column mtap_mut will now start being processed using OrdinalEncoder
2024-03-04 12:58:42.475 | INFO     | preprocessing:encoders:110 - Column ppp2cb_mut will now start being processed using OrdinalEncoder
2024-03-04 12:58:42.542 | INFO     | preprocessing:encoders:110 - Column smarcd1_mut will now start being processed using OrdinalEncoder
2024-03-04 12:58:42.610 | INFO     | preprocessing:encoders:110 - Column nras_mut will now start being processed using OrdinalEncoder
2024-03-04 12:58:42.676 | INFO     | preprocessing:encoders:110 - Column ndfip1_mut will now start being processed using OrdinalEncoder
2024-03-04 12:58:42.743 | INFO     | preprocessing:encoders:110 - Column hras_mut will now start being processed using OrdinalEncoder
2024-03-04 12:58:42.795 | INFO     | preprocessing:encoders:110 - Column prps2_mut will now start being processed using OrdinalEncoder
2024-03-04 12:58:42.858 | INFO     | preprocessing:encoders:110 - Column smarcb1_mut will now start being processed using OrdinalEncoder
2024-03-04 12:58:42.910 | INFO     | preprocessing:encoders:110 - Column stmn2_mut will now start being processed using OrdinalEncoder
2024-03-04 12:58:42.959 | INFO     | preprocessing:encoders:110 - Column siah1_mut will now start being processed using OrdinalEncoder
2024-03-04 12:58:43.095 | INFO     | train_model:tabular_data_split:93 - Creating data splits for model training.
2024-03-04 12:58:43.110 | INFO     | train_model:tabular_data_split:94 - Data shape: (1904, 687)
2024-03-04 12:58:43.112 | INFO     | train_model:tabular_data_split:95 - Label distribution:
overall_survival
0                   1103
1                    801
dtype: int64
2024-03-04 12:58:43.128 | WARNING  | train_model:tabular_data_split:108 - Shuffle is currently set to True. If you're using time-series data, this is not advisable.
2024-03-04 12:58:43.166 | INFO     | train_model:tabular_data_split:161 - 
Shape of training data: (1523, 687). 
Shape of test data: (381, 687)
Using a split with a validation size of 0.3 out of 0.7 training split - 0.21 is the real hold-out/validation set size.
The actual test size is 0.2 (1 -  training split).
2024-03-04 12:58:43.177 | INFO     | train_model:train_and_optimize_clf:176 - Finding best baseline classifier.
2024-03-04 12:58:43.197 | INFO     | train_model:train_and_optimize_clf:198 - DummyClassifier with most_frequent was used to compute the baseline score for baseline model search. The DummyClassifier score is: 0.5791201575837164. NOTE: The score for the dummy classifier is 'accuracy'.
2024-03-04 12:58:43.210 | INFO     | utils:_return_cross_validation:26 - 

Loading cross-validation strategy 'StratifiedKFold' with the following parameters:
{'n_splits': 10, 'shuffle': True, 'random_state': 0}. 
2024-03-04 12:58:43.216 | INFO     | train_model:train_and_optimize_clf:232 - Running LogisticRegression. 
2024-03-04 12:58:43.225 | INFO     | train_model:train_and_optimize_clf:260 - Running feature selection with RFECV for LogisticRegression. 
2024-03-04 12:58:43.247 | INFO     | train_model:feature_selection:639 - Running feature selection for LogisticRegression() with RFECV
2024-03-04 12:58:43.250 | INFO     | utils:_return_cross_validation:26 - 

Loading cross-validation strategy 'RepeatedStratifiedKFold' with the following parameters:
{'n_splits': 7, 'n_repeats': 3, 'random_state': 0}. 
2024-03-04 12:58:58.621 | INFO     | train_model:train_and_optimize_clf:275 - Length of selected features for LogisticRegression is 75
2024-03-04 12:58:58.621 | INFO     | train_model:train_and_optimize_clf:294 - Optimizing baseline model using 'optuna'. 
 Baseline model is LogisticRegression and it will be optimized with the following parameters: 
{'penalty': ['l1', 'l2'], 'C': array([1.e-03, 1.e-02, 1.e-01, 1.e+00, 1.e+01, 1.e+02]), 'solver': ['liblinear', 'saga'], 'max_iter': [10000]}
