2024-03-07 13:59:08.387 | INFO     | __main__:main:194 - Directory where outputs will be saved: C://Users//rafaelo//OneDrive - NTNU//Documents//Projects//preprocessing//preprocessing//preprocessing\reports\PipelineRun_2024_03_07-01_59_08_PM
2024-03-07 13:59:08.387 | WARNING  | __main__:run_PreProcessor:68 - Note: It is important that numerical columns are pre-processed first, before categorical ones. This is to avoid OneHotEncoded columns (binary 0 and 1) to be seen as numerical during numerical pre-processing.
2024-03-07 13:59:08.399 | INFO     | preprocessing:NA_solver:163 - Running NaN solver
2024-03-07 14:01:53.501 | INFO     | preprocessing:encoders:38 - Pre-processing numerical columns
2024-03-07 14:01:53.516 | INFO     | preprocessing:encoders:110 - Column patient_id will now start being processed using MinMaxScaler
2024-03-07 14:01:53.528 | INFO     | preprocessing:encoders:110 - Column age_at_diagnosis will now start being processed using MinMaxScaler
2024-03-07 14:01:53.532 | INFO     | preprocessing:encoders:110 - Column type_of_breast_surgery will now start being processed using MinMaxScaler
2024-03-07 14:01:53.537 | INFO     | preprocessing:encoders:110 - Column cancer_type will now start being processed using MinMaxScaler
2024-03-07 14:01:53.541 | INFO     | preprocessing:encoders:110 - Column cancer_type_detailed will now start being processed using MinMaxScaler
2024-03-07 14:01:53.544 | INFO     | preprocessing:encoders:110 - Column cellularity will now start being processed using MinMaxScaler
2024-03-07 14:01:53.550 | INFO     | preprocessing:encoders:110 - Column chemotherapy will now start being processed using MinMaxScaler
2024-03-07 14:01:53.552 | INFO     | preprocessing:encoders:110 - Column pam50_+_claudin-low_subtype will now start being processed using MinMaxScaler
2024-03-07 14:01:53.560 | INFO     | preprocessing:encoders:110 - Column cohort will now start being processed using MinMaxScaler
2024-03-07 14:01:53.562 | INFO     | preprocessing:encoders:110 - Column er_status_measured_by_ihc will now start being processed using MinMaxScaler
2024-03-07 14:01:53.562 | INFO     | preprocessing:encoders:110 - Column er_status will now start being processed using MinMaxScaler
2024-03-07 14:01:53.574 | INFO     | preprocessing:encoders:110 - Column neoplasm_histologic_grade will now start being processed using MinMaxScaler
2024-03-07 14:01:53.575 | INFO     | preprocessing:encoders:110 - Column her2_status_measured_by_snp6 will now start being processed using MinMaxScaler
2024-03-07 14:01:53.582 | INFO     | preprocessing:encoders:110 - Column her2_status will now start being processed using MinMaxScaler
2024-03-07 14:01:53.584 | INFO     | preprocessing:encoders:110 - Column tumor_other_histologic_subtype will now start being processed using MinMaxScaler
2024-03-07 14:01:53.590 | INFO     | preprocessing:encoders:110 - Column hormone_therapy will now start being processed using MinMaxScaler
2024-03-07 14:01:53.594 | INFO     | preprocessing:encoders:110 - Column inferred_menopausal_state will now start being processed using MinMaxScaler
2024-03-07 14:01:53.594 | INFO     | preprocessing:encoders:110 - Column integrative_cluster will now start being processed using MinMaxScaler
2024-03-07 14:01:53.603 | INFO     | preprocessing:encoders:110 - Column primary_tumor_laterality will now start being processed using MinMaxScaler
2024-03-07 14:01:53.608 | INFO     | preprocessing:encoders:110 - Column lymph_nodes_examined_positive will now start being processed using MinMaxScaler
2024-03-07 14:01:53.613 | INFO     | preprocessing:encoders:110 - Column mutation_count will now start being processed using MinMaxScaler
2024-03-07 14:01:53.617 | INFO     | preprocessing:encoders:110 - Column nottingham_prognostic_index will now start being processed using MinMaxScaler
2024-03-07 14:01:53.619 | INFO     | preprocessing:encoders:110 - Column oncotree_code will now start being processed using MinMaxScaler
2024-03-07 14:01:53.626 | INFO     | preprocessing:encoders:110 - Column overall_survival_months will now start being processed using MinMaxScaler
2024-03-07 14:01:53.628 | INFO     | preprocessing:encoders:110 - Column overall_survival will now start being processed using MinMaxScaler
2024-03-07 14:01:53.628 | INFO     | preprocessing:encoders:110 - Column pr_status will now start being processed using MinMaxScaler
2024-03-07 14:01:53.638 | INFO     | preprocessing:encoders:110 - Column radio_therapy will now start being processed using MinMaxScaler
2024-03-07 14:01:53.642 | INFO     | preprocessing:encoders:110 - Column 3-gene_classifier_subtype will now start being processed using MinMaxScaler
2024-03-07 14:01:53.642 | INFO     | preprocessing:encoders:110 - Column tumor_size will now start being processed using MinMaxScaler
2024-03-07 14:01:53.642 | INFO     | preprocessing:encoders:110 - Column tumor_stage will now start being processed using MinMaxScaler
2024-03-07 14:01:53.656 | INFO     | preprocessing:encoders:110 - Column death_from_cancer will now start being processed using MinMaxScaler
2024-03-07 14:01:53.659 | INFO     | preprocessing:encoders:110 - Column brca1 will now start being processed using MinMaxScaler
2024-03-07 14:01:53.664 | INFO     | preprocessing:encoders:110 - Column brca2 will now start being processed using MinMaxScaler
2024-03-07 14:01:53.667 | INFO     | preprocessing:encoders:110 - Column palb2 will now start being processed using MinMaxScaler
2024-03-07 14:01:53.672 | INFO     | preprocessing:encoders:110 - Column pten will now start being processed using MinMaxScaler
2024-03-07 14:01:53.675 | INFO     | preprocessing:encoders:110 - Column tp53 will now start being processed using MinMaxScaler
2024-03-07 14:01:53.675 | INFO     | preprocessing:encoders:110 - Column atm will now start being processed using MinMaxScaler
2024-03-07 14:01:53.675 | INFO     | preprocessing:encoders:110 - Column cdh1 will now start being processed using MinMaxScaler
2024-03-07 14:01:53.689 | INFO     | preprocessing:encoders:110 - Column chek2 will now start being processed using MinMaxScaler
2024-03-07 14:01:53.692 | INFO     | preprocessing:encoders:110 - Column nbn will now start being processed using MinMaxScaler
2024-03-07 14:01:53.698 | INFO     | preprocessing:encoders:110 - Column nf1 will now start being processed using MinMaxScaler
2024-03-07 14:01:53.700 | INFO     | preprocessing:encoders:110 - Column stk11 will now start being processed using MinMaxScaler
2024-03-07 14:01:53.709 | INFO     | preprocessing:encoders:110 - Column bard1 will now start being processed using MinMaxScaler
2024-03-07 14:01:53.713 | INFO     | preprocessing:encoders:110 - Column mlh1 will now start being processed using MinMaxScaler
2024-03-07 14:01:53.715 | INFO     | preprocessing:encoders:110 - Column msh2 will now start being processed using MinMaxScaler
2024-03-07 14:01:53.721 | INFO     | preprocessing:encoders:110 - Column msh6 will now start being processed using MinMaxScaler
2024-03-07 14:01:53.725 | INFO     | preprocessing:encoders:110 - Column pms2 will now start being processed using MinMaxScaler
2024-03-07 14:01:53.730 | INFO     | preprocessing:encoders:110 - Column epcam will now start being processed using MinMaxScaler
2024-03-07 14:01:53.732 | INFO     | preprocessing:encoders:110 - Column rad51c will now start being processed using MinMaxScaler
2024-03-07 14:01:53.739 | INFO     | preprocessing:encoders:110 - Column rad51d will now start being processed using MinMaxScaler
2024-03-07 14:01:53.743 | INFO     | preprocessing:encoders:110 - Column rad50 will now start being processed using MinMaxScaler
2024-03-07 14:01:53.751 | INFO     | preprocessing:encoders:110 - Column rb1 will now start being processed using MinMaxScaler
2024-03-07 14:01:53.752 | INFO     | preprocessing:encoders:110 - Column rbl1 will now start being processed using MinMaxScaler
2024-03-07 14:01:53.760 | INFO     | preprocessing:encoders:110 - Column rbl2 will now start being processed using MinMaxScaler
2024-03-07 14:01:53.762 | INFO     | preprocessing:encoders:110 - Column ccna1 will now start being processed using MinMaxScaler
2024-03-07 14:01:53.762 | INFO     | preprocessing:encoders:110 - Column ccnb1 will now start being processed using MinMaxScaler
2024-03-07 14:01:53.774 | INFO     | preprocessing:encoders:110 - Column cdk1 will now start being processed using MinMaxScaler
2024-03-07 14:01:53.778 | INFO     | preprocessing:encoders:110 - Column ccne1 will now start being processed using MinMaxScaler
2024-03-07 14:01:53.780 | INFO     | preprocessing:encoders:110 - Column cdk2 will now start being processed using MinMaxScaler
2024-03-07 14:01:53.787 | INFO     | preprocessing:encoders:110 - Column cdc25a will now start being processed using MinMaxScaler
2024-03-07 14:01:53.790 | INFO     | preprocessing:encoders:110 - Column ccnd1 will now start being processed using MinMaxScaler
2024-03-07 14:01:53.794 | INFO     | preprocessing:encoders:110 - Column cdk4 will now start being processed using MinMaxScaler
2024-03-07 14:01:53.795 | INFO     | preprocessing:encoders:110 - Column cdk6 will now start being processed using MinMaxScaler
2024-03-07 14:01:53.804 | INFO     | preprocessing:encoders:110 - Column ccnd2 will now start being processed using MinMaxScaler
2024-03-07 14:01:53.806 | INFO     | preprocessing:encoders:110 - Column cdkn2a will now start being processed using MinMaxScaler
2024-03-07 14:01:53.813 | INFO     | preprocessing:encoders:110 - Column cdkn2b will now start being processed using MinMaxScaler
2024-03-07 14:01:53.815 | INFO     | preprocessing:encoders:110 - Column myc will now start being processed using MinMaxScaler
2024-03-07 14:01:53.821 | INFO     | preprocessing:encoders:110 - Column cdkn1a will now start being processed using MinMaxScaler
2024-03-07 14:01:53.825 | INFO     | preprocessing:encoders:110 - Column cdkn1b will now start being processed using MinMaxScaler
2024-03-07 14:01:53.829 | INFO     | preprocessing:encoders:110 - Column e2f1 will now start being processed using MinMaxScaler
2024-03-07 14:01:53.833 | INFO     | preprocessing:encoders:110 - Column e2f2 will now start being processed using MinMaxScaler
2024-03-07 14:01:53.835 | INFO     | preprocessing:encoders:110 - Column e2f3 will now start being processed using MinMaxScaler
2024-03-07 14:01:53.841 | INFO     | preprocessing:encoders:110 - Column e2f4 will now start being processed using MinMaxScaler
2024-03-07 14:01:53.844 | INFO     | preprocessing:encoders:110 - Column e2f5 will now start being processed using MinMaxScaler
2024-03-07 14:01:53.844 | INFO     | preprocessing:encoders:110 - Column e2f6 will now start being processed using MinMaxScaler
2024-03-07 14:01:53.854 | INFO     | preprocessing:encoders:110 - Column e2f7 will now start being processed using MinMaxScaler
2024-03-07 14:01:53.856 | INFO     | preprocessing:encoders:110 - Column e2f8 will now start being processed using MinMaxScaler
2024-03-07 14:01:53.866 | INFO     | preprocessing:encoders:110 - Column src will now start being processed using MinMaxScaler
2024-03-07 14:01:53.872 | INFO     | preprocessing:encoders:110 - Column jak1 will now start being processed using MinMaxScaler
2024-03-07 14:01:53.873 | INFO     | preprocessing:encoders:110 - Column jak2 will now start being processed using MinMaxScaler
2024-03-07 14:01:53.881 | INFO     | preprocessing:encoders:110 - Column stat1 will now start being processed using MinMaxScaler
2024-03-07 14:01:53.883 | INFO     | preprocessing:encoders:110 - Column stat2 will now start being processed using MinMaxScaler
2024-03-07 14:01:53.889 | INFO     | preprocessing:encoders:110 - Column stat3 will now start being processed using MinMaxScaler
2024-03-07 14:01:53.892 | INFO     | preprocessing:encoders:110 - Column stat5a will now start being processed using MinMaxScaler
2024-03-07 14:01:53.898 | INFO     | preprocessing:encoders:110 - Column stat5b will now start being processed using MinMaxScaler
2024-03-07 14:01:53.900 | INFO     | preprocessing:encoders:110 - Column mdm2 will now start being processed using MinMaxScaler
2024-03-07 14:01:53.906 | INFO     | preprocessing:encoders:110 - Column tp53bp1 will now start being processed using MinMaxScaler
2024-03-07 14:01:53.908 | INFO     | preprocessing:encoders:110 - Column adam10 will now start being processed using MinMaxScaler
2024-03-07 14:01:53.915 | INFO     | preprocessing:encoders:110 - Column adam17 will now start being processed using MinMaxScaler
2024-03-07 14:01:53.917 | INFO     | preprocessing:encoders:110 - Column aph1a will now start being processed using MinMaxScaler
2024-03-07 14:01:53.923 | INFO     | preprocessing:encoders:110 - Column aph1b will now start being processed using MinMaxScaler
2024-03-07 14:01:53.926 | INFO     | preprocessing:encoders:110 - Column arrdc1 will now start being processed using MinMaxScaler
2024-03-07 14:01:53.926 | INFO     | preprocessing:encoders:110 - Column cir1 will now start being processed using MinMaxScaler
2024-03-07 14:01:53.926 | INFO     | preprocessing:encoders:110 - Column ctbp1 will now start being processed using MinMaxScaler
2024-03-07 14:01:53.944 | INFO     | preprocessing:encoders:110 - Column ctbp2 will now start being processed using MinMaxScaler
2024-03-07 14:01:53.950 | INFO     | preprocessing:encoders:110 - Column cul1 will now start being processed using MinMaxScaler
2024-03-07 14:01:53.955 | INFO     | preprocessing:encoders:110 - Column dll1 will now start being processed using MinMaxScaler
2024-03-07 14:01:53.957 | INFO     | preprocessing:encoders:110 - Column dll3 will now start being processed using MinMaxScaler
2024-03-07 14:01:53.968 | INFO     | preprocessing:encoders:110 - Column dll4 will now start being processed using MinMaxScaler
2024-03-07 14:01:53.974 | INFO     | preprocessing:encoders:110 - Column dtx1 will now start being processed using MinMaxScaler
2024-03-07 14:01:53.981 | INFO     | preprocessing:encoders:110 - Column dtx2 will now start being processed using MinMaxScaler
2024-03-07 14:01:53.982 | INFO     | preprocessing:encoders:110 - Column dtx3 will now start being processed using MinMaxScaler
2024-03-07 14:01:53.989 | INFO     | preprocessing:encoders:110 - Column dtx4 will now start being processed using MinMaxScaler
2024-03-07 14:01:53.992 | INFO     | preprocessing:encoders:110 - Column ep300 will now start being processed using MinMaxScaler
2024-03-07 14:01:53.998 | INFO     | preprocessing:encoders:110 - Column fbxw7 will now start being processed using MinMaxScaler
2024-03-07 14:01:54.000 | INFO     | preprocessing:encoders:110 - Column hdac1 will now start being processed using MinMaxScaler
2024-03-07 14:01:54.006 | INFO     | preprocessing:encoders:110 - Column hdac2 will now start being processed using MinMaxScaler
2024-03-07 14:01:54.008 | INFO     | preprocessing:encoders:110 - Column hes1 will now start being processed using MinMaxScaler
2024-03-07 14:01:54.014 | INFO     | preprocessing:encoders:110 - Column hes5 will now start being processed using MinMaxScaler
2024-03-07 14:01:54.016 | INFO     | preprocessing:encoders:110 - Column heyl will now start being processed using MinMaxScaler
2024-03-07 14:01:54.022 | INFO     | preprocessing:encoders:110 - Column itch will now start being processed using MinMaxScaler
2024-03-07 14:01:54.024 | INFO     | preprocessing:encoders:110 - Column jag1 will now start being processed using MinMaxScaler
2024-03-07 14:01:54.030 | INFO     | preprocessing:encoders:110 - Column jag2 will now start being processed using MinMaxScaler
2024-03-07 14:01:54.032 | INFO     | preprocessing:encoders:110 - Column kdm5a will now start being processed using MinMaxScaler
2024-03-07 14:01:54.038 | INFO     | preprocessing:encoders:110 - Column lfng will now start being processed using MinMaxScaler
2024-03-07 14:01:54.041 | INFO     | preprocessing:encoders:110 - Column maml1 will now start being processed using MinMaxScaler
2024-03-07 14:01:54.047 | INFO     | preprocessing:encoders:110 - Column maml2 will now start being processed using MinMaxScaler
2024-03-07 14:01:54.049 | INFO     | preprocessing:encoders:110 - Column maml3 will now start being processed using MinMaxScaler
2024-03-07 14:01:54.055 | INFO     | preprocessing:encoders:110 - Column ncor2 will now start being processed using MinMaxScaler
2024-03-07 14:01:54.057 | INFO     | preprocessing:encoders:110 - Column ncstn will now start being processed using MinMaxScaler
2024-03-07 14:01:54.064 | INFO     | preprocessing:encoders:110 - Column notch1 will now start being processed using MinMaxScaler
2024-03-07 14:01:54.067 | INFO     | preprocessing:encoders:110 - Column notch2 will now start being processed using MinMaxScaler
2024-03-07 14:01:54.071 | INFO     | preprocessing:encoders:110 - Column notch3 will now start being processed using MinMaxScaler
2024-03-07 14:01:54.075 | INFO     | preprocessing:encoders:110 - Column nrarp will now start being processed using MinMaxScaler
2024-03-07 14:01:54.080 | INFO     | preprocessing:encoders:110 - Column numb will now start being processed using MinMaxScaler
2024-03-07 14:01:54.082 | INFO     | preprocessing:encoders:110 - Column numbl will now start being processed using MinMaxScaler
2024-03-07 14:01:54.088 | INFO     | preprocessing:encoders:110 - Column psen1 will now start being processed using MinMaxScaler
2024-03-07 14:01:54.091 | INFO     | preprocessing:encoders:110 - Column psen2 will now start being processed using MinMaxScaler
2024-03-07 14:01:54.097 | INFO     | preprocessing:encoders:110 - Column psenen will now start being processed using MinMaxScaler
2024-03-07 14:01:54.099 | INFO     | preprocessing:encoders:110 - Column rbpj will now start being processed using MinMaxScaler
2024-03-07 14:01:54.105 | INFO     | preprocessing:encoders:110 - Column rbpjl will now start being processed using MinMaxScaler
2024-03-07 14:01:54.107 | INFO     | preprocessing:encoders:110 - Column rfng will now start being processed using MinMaxScaler
2024-03-07 14:01:54.114 | INFO     | preprocessing:encoders:110 - Column snw1 will now start being processed using MinMaxScaler
2024-03-07 14:01:54.116 | INFO     | preprocessing:encoders:110 - Column spen will now start being processed using MinMaxScaler
2024-03-07 14:01:54.122 | INFO     | preprocessing:encoders:110 - Column hes2 will now start being processed using MinMaxScaler
2024-03-07 14:01:54.125 | INFO     | preprocessing:encoders:110 - Column hes4 will now start being processed using MinMaxScaler
2024-03-07 14:01:54.131 | INFO     | preprocessing:encoders:110 - Column hes7 will now start being processed using MinMaxScaler
2024-03-07 14:01:54.133 | INFO     | preprocessing:encoders:110 - Column hey1 will now start being processed using MinMaxScaler
2024-03-07 14:01:54.138 | INFO     | preprocessing:encoders:110 - Column hey2 will now start being processed using MinMaxScaler
2024-03-07 14:01:54.141 | INFO     | preprocessing:encoders:110 - Column acvr1 will now start being processed using MinMaxScaler
2024-03-07 14:01:54.147 | INFO     | preprocessing:encoders:110 - Column acvr1b will now start being processed using MinMaxScaler
2024-03-07 14:01:54.149 | INFO     | preprocessing:encoders:110 - Column acvr1c will now start being processed using MinMaxScaler
2024-03-07 14:01:54.155 | INFO     | preprocessing:encoders:110 - Column acvr2a will now start being processed using MinMaxScaler
2024-03-07 14:01:54.157 | INFO     | preprocessing:encoders:110 - Column acvr2b will now start being processed using MinMaxScaler
2024-03-07 14:01:54.164 | INFO     | preprocessing:encoders:110 - Column acvrl1 will now start being processed using MinMaxScaler
2024-03-07 14:01:54.166 | INFO     | preprocessing:encoders:110 - Column akt1 will now start being processed using MinMaxScaler
2024-03-07 14:01:54.172 | INFO     | preprocessing:encoders:110 - Column akt1s1 will now start being processed using MinMaxScaler
2024-03-07 14:01:54.174 | INFO     | preprocessing:encoders:110 - Column akt2 will now start being processed using MinMaxScaler
2024-03-07 14:01:54.180 | INFO     | preprocessing:encoders:110 - Column apaf1 will now start being processed using MinMaxScaler
2024-03-07 14:01:54.182 | INFO     | preprocessing:encoders:110 - Column arl11 will now start being processed using MinMaxScaler
2024-03-07 14:01:54.189 | INFO     | preprocessing:encoders:110 - Column atr will now start being processed using MinMaxScaler
2024-03-07 14:01:54.191 | INFO     | preprocessing:encoders:110 - Column aurka will now start being processed using MinMaxScaler
2024-03-07 14:01:54.197 | INFO     | preprocessing:encoders:110 - Column bad will now start being processed using MinMaxScaler
2024-03-07 14:01:54.199 | INFO     | preprocessing:encoders:110 - Column bcl2 will now start being processed using MinMaxScaler
2024-03-07 14:01:54.205 | INFO     | preprocessing:encoders:110 - Column bcl2l1 will now start being processed using MinMaxScaler
2024-03-07 14:01:54.208 | INFO     | preprocessing:encoders:110 - Column bmp10 will now start being processed using MinMaxScaler
2024-03-07 14:01:54.214 | INFO     | preprocessing:encoders:110 - Column bmp15 will now start being processed using MinMaxScaler
2024-03-07 14:01:54.216 | INFO     | preprocessing:encoders:110 - Column bmp2 will now start being processed using MinMaxScaler
2024-03-07 14:01:54.222 | INFO     | preprocessing:encoders:110 - Column bmp3 will now start being processed using MinMaxScaler
2024-03-07 14:01:54.224 | INFO     | preprocessing:encoders:110 - Column bmp4 will now start being processed using MinMaxScaler
2024-03-07 14:01:54.230 | INFO     | preprocessing:encoders:110 - Column bmp5 will now start being processed using MinMaxScaler
2024-03-07 14:01:54.233 | INFO     | preprocessing:encoders:110 - Column bmp6 will now start being processed using MinMaxScaler
2024-03-07 14:01:54.238 | INFO     | preprocessing:encoders:110 - Column bmp7 will now start being processed using MinMaxScaler
2024-03-07 14:01:54.242 | INFO     | preprocessing:encoders:110 - Column bmpr1a will now start being processed using MinMaxScaler
2024-03-07 14:01:54.248 | INFO     | preprocessing:encoders:110 - Column bmpr1b will now start being processed using MinMaxScaler
2024-03-07 14:01:54.250 | INFO     | preprocessing:encoders:110 - Column bmpr2 will now start being processed using MinMaxScaler
2024-03-07 14:01:54.256 | INFO     | preprocessing:encoders:110 - Column braf will now start being processed using MinMaxScaler
2024-03-07 14:01:54.260 | INFO     | preprocessing:encoders:110 - Column casp10 will now start being processed using MinMaxScaler
2024-03-07 14:01:54.264 | INFO     | preprocessing:encoders:110 - Column casp3 will now start being processed using MinMaxScaler
2024-03-07 14:01:54.266 | INFO     | preprocessing:encoders:110 - Column casp6 will now start being processed using MinMaxScaler
2024-03-07 14:01:54.273 | INFO     | preprocessing:encoders:110 - Column casp7 will now start being processed using MinMaxScaler
2024-03-07 14:01:54.277 | INFO     | preprocessing:encoders:110 - Column casp8 will now start being processed using MinMaxScaler
2024-03-07 14:01:54.281 | INFO     | preprocessing:encoders:110 - Column casp9 will now start being processed using MinMaxScaler
2024-03-07 14:01:54.283 | INFO     | preprocessing:encoders:110 - Column chek1 will now start being processed using MinMaxScaler
2024-03-07 14:01:54.289 | INFO     | preprocessing:encoders:110 - Column csf1 will now start being processed using MinMaxScaler
2024-03-07 14:01:54.292 | INFO     | preprocessing:encoders:110 - Column csf1r will now start being processed using MinMaxScaler
2024-03-07 14:01:54.298 | INFO     | preprocessing:encoders:110 - Column cxcl8 will now start being processed using MinMaxScaler
2024-03-07 14:01:54.300 | INFO     | preprocessing:encoders:110 - Column cxcr1 will now start being processed using MinMaxScaler
2024-03-07 14:01:54.308 | INFO     | preprocessing:encoders:110 - Column cxcr2 will now start being processed using MinMaxScaler
2024-03-07 14:01:54.312 | INFO     | preprocessing:encoders:110 - Column dab2 will now start being processed using MinMaxScaler
2024-03-07 14:01:54.317 | INFO     | preprocessing:encoders:110 - Column diras3 will now start being processed using MinMaxScaler
2024-03-07 14:01:54.319 | INFO     | preprocessing:encoders:110 - Column dlec1 will now start being processed using MinMaxScaler
2024-03-07 14:01:54.325 | INFO     | preprocessing:encoders:110 - Column dph1 will now start being processed using MinMaxScaler
2024-03-07 14:01:54.329 | INFO     | preprocessing:encoders:110 - Column egfr will now start being processed using MinMaxScaler
2024-03-07 14:01:54.329 | INFO     | preprocessing:encoders:110 - Column eif4e will now start being processed using MinMaxScaler
2024-03-07 14:01:54.339 | INFO     | preprocessing:encoders:110 - Column eif4ebp1 will now start being processed using MinMaxScaler
2024-03-07 14:01:54.341 | INFO     | preprocessing:encoders:110 - Column eif5a2 will now start being processed using MinMaxScaler
2024-03-07 14:01:54.349 | INFO     | preprocessing:encoders:110 - Column erbb2 will now start being processed using MinMaxScaler
2024-03-07 14:01:54.351 | INFO     | preprocessing:encoders:110 - Column erbb3 will now start being processed using MinMaxScaler
2024-03-07 14:01:54.358 | INFO     | preprocessing:encoders:110 - Column erbb4 will now start being processed using MinMaxScaler
2024-03-07 14:01:54.361 | INFO     | preprocessing:encoders:110 - Column fas will now start being processed using MinMaxScaler
2024-03-07 14:01:54.367 | INFO     | preprocessing:encoders:110 - Column fgf1 will now start being processed using MinMaxScaler
2024-03-07 14:01:54.369 | INFO     | preprocessing:encoders:110 - Column fgfr1 will now start being processed using MinMaxScaler
2024-03-07 14:01:54.375 | INFO     | preprocessing:encoders:110 - Column folr1 will now start being processed using MinMaxScaler
2024-03-07 14:01:54.378 | INFO     | preprocessing:encoders:110 - Column folr2 will now start being processed using MinMaxScaler
2024-03-07 14:01:54.384 | INFO     | preprocessing:encoders:110 - Column folr3 will now start being processed using MinMaxScaler
2024-03-07 14:01:54.386 | INFO     | preprocessing:encoders:110 - Column foxo1 will now start being processed using MinMaxScaler
2024-03-07 14:01:54.392 | INFO     | preprocessing:encoders:110 - Column foxo3 will now start being processed using MinMaxScaler
2024-03-07 14:01:54.395 | INFO     | preprocessing:encoders:110 - Column gdf11 will now start being processed using MinMaxScaler
2024-03-07 14:01:54.401 | INFO     | preprocessing:encoders:110 - Column gdf2 will now start being processed using MinMaxScaler
2024-03-07 14:01:54.403 | INFO     | preprocessing:encoders:110 - Column gsk3b will now start being processed using MinMaxScaler
2024-03-07 14:01:54.409 | INFO     | preprocessing:encoders:110 - Column hif1a will now start being processed using MinMaxScaler
2024-03-07 14:01:54.411 | INFO     | preprocessing:encoders:110 - Column hla-g will now start being processed using MinMaxScaler
2024-03-07 14:01:54.418 | INFO     | preprocessing:encoders:110 - Column hras will now start being processed using MinMaxScaler
2024-03-07 14:01:54.420 | INFO     | preprocessing:encoders:110 - Column igf1 will now start being processed using MinMaxScaler
2024-03-07 14:01:54.427 | INFO     | preprocessing:encoders:110 - Column igf1r will now start being processed using MinMaxScaler
2024-03-07 14:01:54.429 | INFO     | preprocessing:encoders:110 - Column inha will now start being processed using MinMaxScaler
2024-03-07 14:01:54.429 | INFO     | preprocessing:encoders:110 - Column inhba will now start being processed using MinMaxScaler
2024-03-07 14:01:54.440 | INFO     | preprocessing:encoders:110 - Column inhbc will now start being processed using MinMaxScaler
2024-03-07 14:01:54.442 | INFO     | preprocessing:encoders:110 - Column itgav will now start being processed using MinMaxScaler
2024-03-07 14:01:54.448 | INFO     | preprocessing:encoders:110 - Column itgb3 will now start being processed using MinMaxScaler
2024-03-07 14:01:54.450 | INFO     | preprocessing:encoders:110 - Column izumo1r will now start being processed using MinMaxScaler
2024-03-07 14:01:54.457 | INFO     | preprocessing:encoders:110 - Column kdr will now start being processed using MinMaxScaler
2024-03-07 14:01:54.461 | INFO     | preprocessing:encoders:110 - Column kit will now start being processed using MinMaxScaler
2024-03-07 14:01:54.466 | INFO     | preprocessing:encoders:110 - Column kras will now start being processed using MinMaxScaler
2024-03-07 14:01:54.468 | INFO     | preprocessing:encoders:110 - Column map2k1 will now start being processed using MinMaxScaler
2024-03-07 14:01:54.475 | INFO     | preprocessing:encoders:110 - Column map2k2 will now start being processed using MinMaxScaler
2024-03-07 14:01:54.476 | INFO     | preprocessing:encoders:110 - Column map2k3 will now start being processed using MinMaxScaler
2024-03-07 14:01:54.476 | INFO     | preprocessing:encoders:110 - Column map2k4 will now start being processed using MinMaxScaler
2024-03-07 14:01:54.487 | INFO     | preprocessing:encoders:110 - Column map2k5 will now start being processed using MinMaxScaler
2024-03-07 14:01:54.492 | INFO     | preprocessing:encoders:110 - Column map3k1 will now start being processed using MinMaxScaler
2024-03-07 14:01:54.495 | INFO     | preprocessing:encoders:110 - Column map3k3 will now start being processed using MinMaxScaler
2024-03-07 14:01:54.500 | INFO     | preprocessing:encoders:110 - Column map3k4 will now start being processed using MinMaxScaler
2024-03-07 14:01:54.502 | INFO     | preprocessing:encoders:110 - Column map3k5 will now start being processed using MinMaxScaler
2024-03-07 14:01:54.509 | INFO     | preprocessing:encoders:110 - Column mapk1 will now start being processed using MinMaxScaler
2024-03-07 14:01:54.512 | INFO     | preprocessing:encoders:110 - Column mapk12 will now start being processed using MinMaxScaler
2024-03-07 14:01:54.512 | INFO     | preprocessing:encoders:110 - Column mapk14 will now start being processed using MinMaxScaler
2024-03-07 14:01:54.521 | INFO     | preprocessing:encoders:110 - Column mapk3 will now start being processed using MinMaxScaler
2024-03-07 14:01:54.523 | INFO     | preprocessing:encoders:110 - Column mapk4 will now start being processed using MinMaxScaler
2024-03-07 14:01:54.530 | INFO     | preprocessing:encoders:110 - Column mapk6 will now start being processed using MinMaxScaler
2024-03-07 14:01:54.532 | INFO     | preprocessing:encoders:110 - Column mapk7 will now start being processed using MinMaxScaler
2024-03-07 14:01:54.538 | INFO     | preprocessing:encoders:110 - Column mapk8 will now start being processed using MinMaxScaler
2024-03-07 14:01:54.541 | INFO     | preprocessing:encoders:110 - Column mapk9 will now start being processed using MinMaxScaler
2024-03-07 14:01:54.541 | INFO     | preprocessing:encoders:110 - Column mdc1 will now start being processed using MinMaxScaler
2024-03-07 14:01:54.541 | INFO     | preprocessing:encoders:110 - Column mlst8 will now start being processed using MinMaxScaler
2024-03-07 14:01:54.559 | INFO     | preprocessing:encoders:110 - Column mmp1 will now start being processed using MinMaxScaler
2024-03-07 14:01:54.563 | INFO     | preprocessing:encoders:110 - Column mmp10 will now start being processed using MinMaxScaler
2024-03-07 14:01:54.565 | INFO     | preprocessing:encoders:110 - Column mmp11 will now start being processed using MinMaxScaler
2024-03-07 14:01:54.571 | INFO     | preprocessing:encoders:110 - Column mmp12 will now start being processed using MinMaxScaler
2024-03-07 14:01:54.576 | INFO     | preprocessing:encoders:110 - Column mmp13 will now start being processed using MinMaxScaler
2024-03-07 14:01:54.577 | INFO     | preprocessing:encoders:110 - Column mmp14 will now start being processed using MinMaxScaler
2024-03-07 14:01:54.577 | INFO     | preprocessing:encoders:110 - Column mmp15 will now start being processed using MinMaxScaler
2024-03-07 14:01:54.589 | INFO     | preprocessing:encoders:110 - Column mmp16 will now start being processed using MinMaxScaler
2024-03-07 14:01:54.592 | INFO     | preprocessing:encoders:110 - Column mmp17 will now start being processed using MinMaxScaler
2024-03-07 14:01:54.597 | INFO     | preprocessing:encoders:110 - Column mmp19 will now start being processed using MinMaxScaler
2024-03-07 14:01:54.599 | INFO     | preprocessing:encoders:110 - Column mmp2 will now start being processed using MinMaxScaler
2024-03-07 14:01:54.605 | INFO     | preprocessing:encoders:110 - Column mmp21 will now start being processed using MinMaxScaler
2024-03-07 14:01:54.607 | INFO     | preprocessing:encoders:110 - Column mmp23b will now start being processed using MinMaxScaler
2024-03-07 14:01:54.614 | INFO     | preprocessing:encoders:110 - Column mmp24 will now start being processed using MinMaxScaler
2024-03-07 14:01:54.616 | INFO     | preprocessing:encoders:110 - Column mmp25 will now start being processed using MinMaxScaler
2024-03-07 14:01:54.622 | INFO     | preprocessing:encoders:110 - Column mmp26 will now start being processed using MinMaxScaler
2024-03-07 14:01:54.624 | INFO     | preprocessing:encoders:110 - Column mmp27 will now start being processed using MinMaxScaler
2024-03-07 14:01:54.630 | INFO     | preprocessing:encoders:110 - Column mmp28 will now start being processed using MinMaxScaler
2024-03-07 14:01:54.633 | INFO     | preprocessing:encoders:110 - Column mmp3 will now start being processed using MinMaxScaler
2024-03-07 14:01:54.639 | INFO     | preprocessing:encoders:110 - Column mmp7 will now start being processed using MinMaxScaler
2024-03-07 14:01:54.641 | INFO     | preprocessing:encoders:110 - Column mmp9 will now start being processed using MinMaxScaler
2024-03-07 14:01:54.647 | INFO     | preprocessing:encoders:110 - Column mtor will now start being processed using MinMaxScaler
2024-03-07 14:01:54.649 | INFO     | preprocessing:encoders:110 - Column nfkb1 will now start being processed using MinMaxScaler
2024-03-07 14:01:54.655 | INFO     | preprocessing:encoders:110 - Column nfkb2 will now start being processed using MinMaxScaler
2024-03-07 14:01:54.657 | INFO     | preprocessing:encoders:110 - Column opcml will now start being processed using MinMaxScaler
2024-03-07 14:01:54.664 | INFO     | preprocessing:encoders:110 - Column pdgfa will now start being processed using MinMaxScaler
2024-03-07 14:01:54.666 | INFO     | preprocessing:encoders:110 - Column pdgfb will now start being processed using MinMaxScaler
2024-03-07 14:01:54.672 | INFO     | preprocessing:encoders:110 - Column pdgfra will now start being processed using MinMaxScaler
2024-03-07 14:01:54.675 | INFO     | preprocessing:encoders:110 - Column pdgfrb will now start being processed using MinMaxScaler
2024-03-07 14:01:54.680 | INFO     | preprocessing:encoders:110 - Column pdpk1 will now start being processed using MinMaxScaler
2024-03-07 14:01:54.682 | INFO     | preprocessing:encoders:110 - Column peg3 will now start being processed using MinMaxScaler
2024-03-07 14:01:54.688 | INFO     | preprocessing:encoders:110 - Column pik3ca will now start being processed using MinMaxScaler
2024-03-07 14:01:54.692 | INFO     | preprocessing:encoders:110 - Column pik3r1 will now start being processed using MinMaxScaler
2024-03-07 14:01:54.697 | INFO     | preprocessing:encoders:110 - Column pik3r2 will now start being processed using MinMaxScaler
2024-03-07 14:01:54.699 | INFO     | preprocessing:encoders:110 - Column plagl1 will now start being processed using MinMaxScaler
2024-03-07 14:01:54.705 | INFO     | preprocessing:encoders:110 - Column ptk2 will now start being processed using MinMaxScaler
2024-03-07 14:01:54.707 | INFO     | preprocessing:encoders:110 - Column rab25 will now start being processed using MinMaxScaler
2024-03-07 14:01:54.713 | INFO     | preprocessing:encoders:110 - Column rad51 will now start being processed using MinMaxScaler
2024-03-07 14:01:54.716 | INFO     | preprocessing:encoders:110 - Column raf1 will now start being processed using MinMaxScaler
2024-03-07 14:01:54.722 | INFO     | preprocessing:encoders:110 - Column rassf1 will now start being processed using MinMaxScaler
2024-03-07 14:01:54.725 | INFO     | preprocessing:encoders:110 - Column rheb will now start being processed using MinMaxScaler
2024-03-07 14:01:54.731 | INFO     | preprocessing:encoders:110 - Column rictor will now start being processed using MinMaxScaler
2024-03-07 14:01:54.733 | INFO     | preprocessing:encoders:110 - Column rps6 will now start being processed using MinMaxScaler
2024-03-07 14:01:54.740 | INFO     | preprocessing:encoders:110 - Column rps6ka1 will now start being processed using MinMaxScaler
2024-03-07 14:01:54.744 | INFO     | preprocessing:encoders:110 - Column rps6ka2 will now start being processed using MinMaxScaler
2024-03-07 14:01:54.748 | INFO     | preprocessing:encoders:110 - Column rps6kb1 will now start being processed using MinMaxScaler
2024-03-07 14:01:54.750 | INFO     | preprocessing:encoders:110 - Column rps6kb2 will now start being processed using MinMaxScaler
2024-03-07 14:01:54.757 | INFO     | preprocessing:encoders:110 - Column rptor will now start being processed using MinMaxScaler
2024-03-07 14:01:54.762 | INFO     | preprocessing:encoders:110 - Column slc19a1 will now start being processed using MinMaxScaler
2024-03-07 14:01:54.762 | INFO     | preprocessing:encoders:110 - Column smad1 will now start being processed using MinMaxScaler
2024-03-07 14:01:54.770 | INFO     | preprocessing:encoders:110 - Column smad2 will now start being processed using MinMaxScaler
2024-03-07 14:01:54.774 | INFO     | preprocessing:encoders:110 - Column smad3 will now start being processed using MinMaxScaler
2024-03-07 14:01:54.778 | INFO     | preprocessing:encoders:110 - Column smad4 will now start being processed using MinMaxScaler
2024-03-07 14:01:54.783 | INFO     | preprocessing:encoders:110 - Column smad5 will now start being processed using MinMaxScaler
2024-03-07 14:01:54.785 | INFO     | preprocessing:encoders:110 - Column smad6 will now start being processed using MinMaxScaler
2024-03-07 14:01:54.792 | INFO     | preprocessing:encoders:110 - Column smad7 will now start being processed using MinMaxScaler
2024-03-07 14:01:54.793 | INFO     | preprocessing:encoders:110 - Column smad9 will now start being processed using MinMaxScaler
2024-03-07 14:01:54.793 | INFO     | preprocessing:encoders:110 - Column sptbn1 will now start being processed using MinMaxScaler
2024-03-07 14:01:54.805 | INFO     | preprocessing:encoders:110 - Column terc will now start being processed using MinMaxScaler
2024-03-07 14:01:54.810 | INFO     | preprocessing:encoders:110 - Column tert will now start being processed using MinMaxScaler
2024-03-07 14:01:54.815 | INFO     | preprocessing:encoders:110 - Column tgfb1 will now start being processed using MinMaxScaler
2024-03-07 14:01:54.825 | INFO     | preprocessing:encoders:110 - Column tgfb2 will now start being processed using MinMaxScaler
2024-03-07 14:01:54.830 | INFO     | preprocessing:encoders:110 - Column tgfb3 will now start being processed using MinMaxScaler
2024-03-07 14:01:54.837 | INFO     | preprocessing:encoders:110 - Column tgfbr1 will now start being processed using MinMaxScaler
2024-03-07 14:01:54.842 | INFO     | preprocessing:encoders:110 - Column tgfbr2 will now start being processed using MinMaxScaler
2024-03-07 14:01:54.845 | INFO     | preprocessing:encoders:110 - Column tgfbr3 will now start being processed using MinMaxScaler
2024-03-07 14:01:54.845 | INFO     | preprocessing:encoders:110 - Column tsc1 will now start being processed using MinMaxScaler
2024-03-07 14:01:54.855 | INFO     | preprocessing:encoders:110 - Column tsc2 will now start being processed using MinMaxScaler
2024-03-07 14:01:54.858 | INFO     | preprocessing:encoders:110 - Column vegfa will now start being processed using MinMaxScaler
2024-03-07 14:01:54.866 | INFO     | preprocessing:encoders:110 - Column vegfb will now start being processed using MinMaxScaler
2024-03-07 14:01:54.868 | INFO     | preprocessing:encoders:110 - Column wfdc2 will now start being processed using MinMaxScaler
2024-03-07 14:01:54.876 | INFO     | preprocessing:encoders:110 - Column wwox will now start being processed using MinMaxScaler
2024-03-07 14:01:54.878 | INFO     | preprocessing:encoders:110 - Column zfyve9 will now start being processed using MinMaxScaler
2024-03-07 14:01:54.878 | INFO     | preprocessing:encoders:110 - Column arid1a will now start being processed using MinMaxScaler
2024-03-07 14:01:54.888 | INFO     | preprocessing:encoders:110 - Column arid1b will now start being processed using MinMaxScaler
2024-03-07 14:01:54.890 | INFO     | preprocessing:encoders:110 - Column cbfb will now start being processed using MinMaxScaler
2024-03-07 14:01:54.897 | INFO     | preprocessing:encoders:110 - Column gata3 will now start being processed using MinMaxScaler
2024-03-07 14:01:54.899 | INFO     | preprocessing:encoders:110 - Column kmt2c will now start being processed using MinMaxScaler
2024-03-07 14:01:54.905 | INFO     | preprocessing:encoders:110 - Column kmt2d will now start being processed using MinMaxScaler
2024-03-07 14:01:54.905 | INFO     | preprocessing:encoders:110 - Column myh9 will now start being processed using MinMaxScaler
2024-03-07 14:01:54.915 | INFO     | preprocessing:encoders:110 - Column ncor1 will now start being processed using MinMaxScaler
2024-03-07 14:01:54.917 | INFO     | preprocessing:encoders:110 - Column pde4dip will now start being processed using MinMaxScaler
2024-03-07 14:01:54.923 | INFO     | preprocessing:encoders:110 - Column ptprd will now start being processed using MinMaxScaler
2024-03-07 14:01:54.925 | INFO     | preprocessing:encoders:110 - Column ros1 will now start being processed using MinMaxScaler
2024-03-07 14:01:54.925 | INFO     | preprocessing:encoders:110 - Column runx1 will now start being processed using MinMaxScaler
2024-03-07 14:01:54.936 | INFO     | preprocessing:encoders:110 - Column tbx3 will now start being processed using MinMaxScaler
2024-03-07 14:01:54.940 | INFO     | preprocessing:encoders:110 - Column abcb1 will now start being processed using MinMaxScaler
2024-03-07 14:01:54.946 | INFO     | preprocessing:encoders:110 - Column abcb11 will now start being processed using MinMaxScaler
2024-03-07 14:01:54.946 | INFO     | preprocessing:encoders:110 - Column abcc1 will now start being processed using MinMaxScaler
2024-03-07 14:01:54.954 | INFO     | preprocessing:encoders:110 - Column abcc10 will now start being processed using MinMaxScaler
2024-03-07 14:01:54.956 | INFO     | preprocessing:encoders:110 - Column bbc3 will now start being processed using MinMaxScaler
2024-03-07 14:01:54.964 | INFO     | preprocessing:encoders:110 - Column bmf will now start being processed using MinMaxScaler
2024-03-07 14:01:54.966 | INFO     | preprocessing:encoders:110 - Column cyp2c8 will now start being processed using MinMaxScaler
2024-03-07 14:01:54.977 | INFO     | preprocessing:encoders:110 - Column cyp3a4 will now start being processed using MinMaxScaler
2024-03-07 14:01:54.984 | INFO     | preprocessing:encoders:110 - Column fgf2 will now start being processed using MinMaxScaler
2024-03-07 14:01:54.990 | INFO     | preprocessing:encoders:110 - Column fn1 will now start being processed using MinMaxScaler
2024-03-07 14:01:54.995 | INFO     | preprocessing:encoders:110 - Column map2 will now start being processed using MinMaxScaler
2024-03-07 14:01:55.000 | INFO     | preprocessing:encoders:110 - Column map4 will now start being processed using MinMaxScaler
2024-03-07 14:01:55.002 | INFO     | preprocessing:encoders:110 - Column mapt will now start being processed using MinMaxScaler
2024-03-07 14:01:55.005 | INFO     | preprocessing:encoders:110 - Column nr1i2 will now start being processed using MinMaxScaler
2024-03-07 14:01:55.013 | INFO     | preprocessing:encoders:110 - Column slco1b3 will now start being processed using MinMaxScaler
2024-03-07 14:01:55.015 | INFO     | preprocessing:encoders:110 - Column tubb1 will now start being processed using MinMaxScaler
2024-03-07 14:01:55.022 | INFO     | preprocessing:encoders:110 - Column tubb4a will now start being processed using MinMaxScaler
2024-03-07 14:01:55.027 | INFO     | preprocessing:encoders:110 - Column tubb4b will now start being processed using MinMaxScaler
2024-03-07 14:01:55.031 | INFO     | preprocessing:encoders:110 - Column twist1 will now start being processed using MinMaxScaler
2024-03-07 14:01:55.033 | INFO     | preprocessing:encoders:110 - Column adgra2 will now start being processed using MinMaxScaler
2024-03-07 14:01:55.039 | INFO     | preprocessing:encoders:110 - Column afdn will now start being processed using MinMaxScaler
2024-03-07 14:01:55.043 | INFO     | preprocessing:encoders:110 - Column aff2 will now start being processed using MinMaxScaler
2024-03-07 14:01:55.043 | INFO     | preprocessing:encoders:110 - Column agmo will now start being processed using MinMaxScaler
2024-03-07 14:01:55.053 | INFO     | preprocessing:encoders:110 - Column agtr2 will now start being processed using MinMaxScaler
2024-03-07 14:01:55.058 | INFO     | preprocessing:encoders:110 - Column ahnak will now start being processed using MinMaxScaler
2024-03-07 14:01:55.062 | INFO     | preprocessing:encoders:110 - Column ahnak2 will now start being processed using MinMaxScaler
2024-03-07 14:01:55.067 | INFO     | preprocessing:encoders:110 - Column akap9 will now start being processed using MinMaxScaler
2024-03-07 14:01:55.069 | INFO     | preprocessing:encoders:110 - Column alk will now start being processed using MinMaxScaler
2024-03-07 14:01:55.076 | INFO     | preprocessing:encoders:110 - Column apc will now start being processed using MinMaxScaler
2024-03-07 14:01:55.077 | INFO     | preprocessing:encoders:110 - Column arid2 will now start being processed using MinMaxScaler
2024-03-07 14:01:55.077 | INFO     | preprocessing:encoders:110 - Column arid5b will now start being processed using MinMaxScaler
2024-03-07 14:01:55.077 | INFO     | preprocessing:encoders:110 - Column asxl1 will now start being processed using MinMaxScaler
2024-03-07 14:01:55.093 | INFO     | preprocessing:encoders:110 - Column asxl2 will now start being processed using MinMaxScaler
2024-03-07 14:01:55.095 | INFO     | preprocessing:encoders:110 - Column bap1 will now start being processed using MinMaxScaler
2024-03-07 14:01:55.095 | INFO     | preprocessing:encoders:110 - Column bcas3 will now start being processed using MinMaxScaler
2024-03-07 14:01:55.106 | INFO     | preprocessing:encoders:110 - Column birc6 will now start being processed using MinMaxScaler
2024-03-07 14:01:55.108 | INFO     | preprocessing:encoders:110 - Column cacna2d3 will now start being processed using MinMaxScaler
2024-03-07 14:01:55.115 | INFO     | preprocessing:encoders:110 - Column ccnd3 will now start being processed using MinMaxScaler
2024-03-07 14:01:55.117 | INFO     | preprocessing:encoders:110 - Column chd1 will now start being processed using MinMaxScaler
2024-03-07 14:01:55.123 | INFO     | preprocessing:encoders:110 - Column clk3 will now start being processed using MinMaxScaler
2024-03-07 14:01:55.125 | INFO     | preprocessing:encoders:110 - Column clrn2 will now start being processed using MinMaxScaler
2024-03-07 14:01:55.132 | INFO     | preprocessing:encoders:110 - Column col12a1 will now start being processed using MinMaxScaler
2024-03-07 14:01:55.134 | INFO     | preprocessing:encoders:110 - Column col22a1 will now start being processed using MinMaxScaler
2024-03-07 14:01:55.140 | INFO     | preprocessing:encoders:110 - Column col6a3 will now start being processed using MinMaxScaler
2024-03-07 14:01:55.142 | INFO     | preprocessing:encoders:110 - Column ctcf will now start being processed using MinMaxScaler
2024-03-07 14:01:55.149 | INFO     | preprocessing:encoders:110 - Column ctnna1 will now start being processed using MinMaxScaler
2024-03-07 14:01:55.151 | INFO     | preprocessing:encoders:110 - Column ctnna3 will now start being processed using MinMaxScaler
2024-03-07 14:01:55.158 | INFO     | preprocessing:encoders:110 - Column dnah11 will now start being processed using MinMaxScaler
2024-03-07 14:01:55.162 | INFO     | preprocessing:encoders:110 - Column dnah2 will now start being processed using MinMaxScaler
2024-03-07 14:01:55.162 | INFO     | preprocessing:encoders:110 - Column dnah5 will now start being processed using MinMaxScaler
2024-03-07 14:01:55.171 | INFO     | preprocessing:encoders:110 - Column dtwd2 will now start being processed using MinMaxScaler
2024-03-07 14:01:55.173 | INFO     | preprocessing:encoders:110 - Column fam20c will now start being processed using MinMaxScaler
2024-03-07 14:01:55.180 | INFO     | preprocessing:encoders:110 - Column fanca will now start being processed using MinMaxScaler
2024-03-07 14:01:55.182 | INFO     | preprocessing:encoders:110 - Column fancd2 will now start being processed using MinMaxScaler
2024-03-07 14:01:55.188 | INFO     | preprocessing:encoders:110 - Column flt3 will now start being processed using MinMaxScaler
2024-03-07 14:01:55.191 | INFO     | preprocessing:encoders:110 - Column foxp1 will now start being processed using MinMaxScaler
2024-03-07 14:01:55.197 | INFO     | preprocessing:encoders:110 - Column frmd3 will now start being processed using MinMaxScaler
2024-03-07 14:01:55.199 | INFO     | preprocessing:encoders:110 - Column gh1 will now start being processed using MinMaxScaler
2024-03-07 14:01:55.205 | INFO     | preprocessing:encoders:110 - Column gldc will now start being processed using MinMaxScaler
2024-03-07 14:01:55.207 | INFO     | preprocessing:encoders:110 - Column gpr32 will now start being processed using MinMaxScaler
2024-03-07 14:01:55.214 | INFO     | preprocessing:encoders:110 - Column gps2 will now start being processed using MinMaxScaler
2024-03-07 14:01:55.216 | INFO     | preprocessing:encoders:110 - Column hdac9 will now start being processed using MinMaxScaler
2024-03-07 14:01:55.223 | INFO     | preprocessing:encoders:110 - Column herc2 will now start being processed using MinMaxScaler
2024-03-07 14:01:55.227 | INFO     | preprocessing:encoders:110 - Column hist1h2bc will now start being processed using MinMaxScaler
2024-03-07 14:01:55.228 | INFO     | preprocessing:encoders:110 - Column kdm3a will now start being processed using MinMaxScaler
2024-03-07 14:01:55.228 | INFO     | preprocessing:encoders:110 - Column kdm6a will now start being processed using MinMaxScaler
2024-03-07 14:01:55.240 | INFO     | preprocessing:encoders:110 - Column klrg1 will now start being processed using MinMaxScaler
2024-03-07 14:01:55.242 | INFO     | preprocessing:encoders:110 - Column l1cam will now start being processed using MinMaxScaler
2024-03-07 14:01:55.249 | INFO     | preprocessing:encoders:110 - Column lama2 will now start being processed using MinMaxScaler
2024-03-07 14:01:55.251 | INFO     | preprocessing:encoders:110 - Column lamb3 will now start being processed using MinMaxScaler
2024-03-07 14:01:55.259 | INFO     | preprocessing:encoders:110 - Column large1 will now start being processed using MinMaxScaler
2024-03-07 14:01:55.262 | INFO     | preprocessing:encoders:110 - Column ldlrap1 will now start being processed using MinMaxScaler
2024-03-07 14:01:55.262 | INFO     | preprocessing:encoders:110 - Column lifr will now start being processed using MinMaxScaler
2024-03-07 14:01:55.272 | INFO     | preprocessing:encoders:110 - Column lipi will now start being processed using MinMaxScaler
2024-03-07 14:01:55.274 | INFO     | preprocessing:encoders:110 - Column magea8 will now start being processed using MinMaxScaler
2024-03-07 14:01:55.281 | INFO     | preprocessing:encoders:110 - Column map3k10 will now start being processed using MinMaxScaler
2024-03-07 14:01:55.283 | INFO     | preprocessing:encoders:110 - Column map3k13 will now start being processed using MinMaxScaler
2024-03-07 14:01:55.290 | INFO     | preprocessing:encoders:110 - Column men1 will now start being processed using MinMaxScaler
2024-03-07 14:01:55.294 | INFO     | preprocessing:encoders:110 - Column mtap will now start being processed using MinMaxScaler
2024-03-07 14:01:55.299 | INFO     | preprocessing:encoders:110 - Column muc16 will now start being processed using MinMaxScaler
2024-03-07 14:01:55.301 | INFO     | preprocessing:encoders:110 - Column myo1a will now start being processed using MinMaxScaler
2024-03-07 14:01:55.307 | INFO     | preprocessing:encoders:110 - Column myo3a will now start being processed using MinMaxScaler
2024-03-07 14:01:55.309 | INFO     | preprocessing:encoders:110 - Column ncoa3 will now start being processed using MinMaxScaler
2024-03-07 14:01:55.309 | INFO     | preprocessing:encoders:110 - Column nek1 will now start being processed using MinMaxScaler
2024-03-07 14:01:55.321 | INFO     | preprocessing:encoders:110 - Column nf2 will now start being processed using MinMaxScaler
2024-03-07 14:01:55.323 | INFO     | preprocessing:encoders:110 - Column npnt will now start being processed using MinMaxScaler
2024-03-07 14:01:55.330 | INFO     | preprocessing:encoders:110 - Column nr2f1 will now start being processed using MinMaxScaler
2024-03-07 14:01:55.333 | INFO     | preprocessing:encoders:110 - Column nr3c1 will now start being processed using MinMaxScaler
2024-03-07 14:01:55.339 | INFO     | preprocessing:encoders:110 - Column nras will now start being processed using MinMaxScaler
2024-03-07 14:01:55.342 | INFO     | preprocessing:encoders:110 - Column nrg3 will now start being processed using MinMaxScaler
2024-03-07 14:01:55.346 | INFO     | preprocessing:encoders:110 - Column nt5e will now start being processed using MinMaxScaler
2024-03-07 14:01:55.346 | INFO     | preprocessing:encoders:110 - Column or6a2 will now start being processed using MinMaxScaler
2024-03-07 14:01:55.357 | INFO     | preprocessing:encoders:110 - Column palld will now start being processed using MinMaxScaler
2024-03-07 14:01:55.358 | INFO     | preprocessing:encoders:110 - Column pbrm1 will now start being processed using MinMaxScaler
2024-03-07 14:01:55.362 | INFO     | preprocessing:encoders:110 - Column ppp2cb will now start being processed using MinMaxScaler
2024-03-07 14:01:55.370 | INFO     | preprocessing:encoders:110 - Column ppp2r2a will now start being processed using MinMaxScaler
2024-03-07 14:01:55.373 | INFO     | preprocessing:encoders:110 - Column prkacg will now start being processed using MinMaxScaler
2024-03-07 14:01:55.379 | INFO     | preprocessing:encoders:110 - Column prkce will now start being processed using MinMaxScaler
2024-03-07 14:01:55.381 | INFO     | preprocessing:encoders:110 - Column prkcq will now start being processed using MinMaxScaler
2024-03-07 14:01:55.388 | INFO     | preprocessing:encoders:110 - Column prkcz will now start being processed using MinMaxScaler
2024-03-07 14:01:55.391 | INFO     | preprocessing:encoders:110 - Column prkg1 will now start being processed using MinMaxScaler
2024-03-07 14:01:55.396 | INFO     | preprocessing:encoders:110 - Column prps2 will now start being processed using MinMaxScaler
2024-03-07 14:01:55.399 | INFO     | preprocessing:encoders:110 - Column prr16 will now start being processed using MinMaxScaler
2024-03-07 14:01:55.406 | INFO     | preprocessing:encoders:110 - Column ptpn22 will now start being processed using MinMaxScaler
2024-03-07 14:01:55.408 | INFO     | preprocessing:encoders:110 - Column ptprm will now start being processed using MinMaxScaler
2024-03-07 14:01:55.417 | INFO     | preprocessing:encoders:110 - Column rasgef1b will now start being processed using MinMaxScaler
2024-03-07 14:01:55.422 | INFO     | preprocessing:encoders:110 - Column rpgr will now start being processed using MinMaxScaler
2024-03-07 14:01:55.428 | INFO     | preprocessing:encoders:110 - Column ryr2 will now start being processed using MinMaxScaler
2024-03-07 14:01:55.434 | INFO     | preprocessing:encoders:110 - Column sbno1 will now start being processed using MinMaxScaler
2024-03-07 14:01:55.438 | INFO     | preprocessing:encoders:110 - Column setd1a will now start being processed using MinMaxScaler
2024-03-07 14:01:55.443 | INFO     | preprocessing:encoders:110 - Column setd2 will now start being processed using MinMaxScaler
2024-03-07 14:01:55.445 | INFO     | preprocessing:encoders:110 - Column setdb1 will now start being processed using MinMaxScaler
2024-03-07 14:01:55.452 | INFO     | preprocessing:encoders:110 - Column sf3b1 will now start being processed using MinMaxScaler
2024-03-07 14:01:55.455 | INFO     | preprocessing:encoders:110 - Column sgcd will now start being processed using MinMaxScaler
2024-03-07 14:01:55.462 | INFO     | preprocessing:encoders:110 - Column shank2 will now start being processed using MinMaxScaler
2024-03-07 14:01:55.464 | INFO     | preprocessing:encoders:110 - Column siah1 will now start being processed using MinMaxScaler
2024-03-07 14:01:55.464 | INFO     | preprocessing:encoders:110 - Column sik1 will now start being processed using MinMaxScaler
2024-03-07 14:01:55.476 | INFO     | preprocessing:encoders:110 - Column sik2 will now start being processed using MinMaxScaler
2024-03-07 14:01:55.477 | INFO     | preprocessing:encoders:110 - Column smarcb1 will now start being processed using MinMaxScaler
2024-03-07 14:01:55.484 | INFO     | preprocessing:encoders:110 - Column smarcc1 will now start being processed using MinMaxScaler
2024-03-07 14:01:55.489 | INFO     | preprocessing:encoders:110 - Column smarcc2 will now start being processed using MinMaxScaler
2024-03-07 14:01:55.493 | INFO     | preprocessing:encoders:110 - Column smarcd1 will now start being processed using MinMaxScaler
2024-03-07 14:01:55.497 | INFO     | preprocessing:encoders:110 - Column spaca1 will now start being processed using MinMaxScaler
2024-03-07 14:01:55.499 | INFO     | preprocessing:encoders:110 - Column stab2 will now start being processed using MinMaxScaler
2024-03-07 14:01:55.506 | INFO     | preprocessing:encoders:110 - Column stmn2 will now start being processed using MinMaxScaler
2024-03-07 14:01:55.508 | INFO     | preprocessing:encoders:110 - Column syne1 will now start being processed using MinMaxScaler
2024-03-07 14:01:55.508 | INFO     | preprocessing:encoders:110 - Column taf1 will now start being processed using MinMaxScaler
2024-03-07 14:01:55.519 | INFO     | preprocessing:encoders:110 - Column taf4b will now start being processed using MinMaxScaler
2024-03-07 14:01:55.524 | INFO     | preprocessing:encoders:110 - Column tbl1xr1 will now start being processed using MinMaxScaler
2024-03-07 14:01:55.527 | INFO     | preprocessing:encoders:110 - Column tg will now start being processed using MinMaxScaler
2024-03-07 14:01:55.532 | INFO     | preprocessing:encoders:110 - Column thada will now start being processed using MinMaxScaler
2024-03-07 14:01:55.534 | INFO     | preprocessing:encoders:110 - Column thsd7a will now start being processed using MinMaxScaler
2024-03-07 14:01:55.541 | INFO     | preprocessing:encoders:110 - Column ttyh1 will now start being processed using MinMaxScaler
2024-03-07 14:01:55.542 | INFO     | preprocessing:encoders:110 - Column ubr5 will now start being processed using MinMaxScaler
2024-03-07 14:01:55.550 | INFO     | preprocessing:encoders:110 - Column ush2a will now start being processed using MinMaxScaler
2024-03-07 14:01:55.555 | INFO     | preprocessing:encoders:110 - Column usp9x will now start being processed using MinMaxScaler
2024-03-07 14:01:55.555 | INFO     | preprocessing:encoders:110 - Column utrn will now start being processed using MinMaxScaler
2024-03-07 14:01:55.564 | INFO     | preprocessing:encoders:110 - Column zfp36l1 will now start being processed using MinMaxScaler
2024-03-07 14:01:55.566 | INFO     | preprocessing:encoders:110 - Column ackr3 will now start being processed using MinMaxScaler
2024-03-07 14:01:55.572 | INFO     | preprocessing:encoders:110 - Column akr1c1 will now start being processed using MinMaxScaler
2024-03-07 14:01:55.572 | INFO     | preprocessing:encoders:110 - Column akr1c2 will now start being processed using MinMaxScaler
2024-03-07 14:01:55.581 | INFO     | preprocessing:encoders:110 - Column akr1c3 will now start being processed using MinMaxScaler
2024-03-07 14:01:55.583 | INFO     | preprocessing:encoders:110 - Column akr1c4 will now start being processed using MinMaxScaler
2024-03-07 14:01:55.589 | INFO     | preprocessing:encoders:110 - Column akt3 will now start being processed using MinMaxScaler
2024-03-07 14:01:55.592 | INFO     | preprocessing:encoders:110 - Column ar will now start being processed using MinMaxScaler
2024-03-07 14:01:55.592 | INFO     | preprocessing:encoders:110 - Column bche will now start being processed using MinMaxScaler
2024-03-07 14:01:55.603 | INFO     | preprocessing:encoders:110 - Column cdk8 will now start being processed using MinMaxScaler
2024-03-07 14:01:55.606 | INFO     | preprocessing:encoders:110 - Column cdkn2c will now start being processed using MinMaxScaler
2024-03-07 14:01:55.611 | INFO     | preprocessing:encoders:110 - Column cyb5a will now start being processed using MinMaxScaler
2024-03-07 14:01:55.614 | INFO     | preprocessing:encoders:110 - Column cyp11a1 will now start being processed using MinMaxScaler
2024-03-07 14:01:55.620 | INFO     | preprocessing:encoders:110 - Column cyp11b2 will now start being processed using MinMaxScaler
2024-03-07 14:01:55.622 | INFO     | preprocessing:encoders:110 - Column cyp17a1 will now start being processed using MinMaxScaler
2024-03-07 14:01:55.629 | INFO     | preprocessing:encoders:110 - Column cyp19a1 will now start being processed using MinMaxScaler
2024-03-07 14:01:55.631 | INFO     | preprocessing:encoders:110 - Column cyp21a2 will now start being processed using MinMaxScaler
2024-03-07 14:01:55.637 | INFO     | preprocessing:encoders:110 - Column cyp3a43 will now start being processed using MinMaxScaler
2024-03-07 14:01:55.641 | INFO     | preprocessing:encoders:110 - Column cyp3a5 will now start being processed using MinMaxScaler
2024-03-07 14:01:55.646 | INFO     | preprocessing:encoders:110 - Column cyp3a7 will now start being processed using MinMaxScaler
2024-03-07 14:01:55.648 | INFO     | preprocessing:encoders:110 - Column ddc will now start being processed using MinMaxScaler
2024-03-07 14:01:55.655 | INFO     | preprocessing:encoders:110 - Column hes6 will now start being processed using MinMaxScaler
2024-03-07 14:01:55.657 | INFO     | preprocessing:encoders:110 - Column hsd17b1 will now start being processed using MinMaxScaler
2024-03-07 14:01:55.663 | INFO     | preprocessing:encoders:110 - Column hsd17b10 will now start being processed using MinMaxScaler
2024-03-07 14:01:55.668 | INFO     | preprocessing:encoders:110 - Column hsd17b11 will now start being processed using MinMaxScaler
2024-03-07 14:01:55.673 | INFO     | preprocessing:encoders:110 - Column hsd17b12 will now start being processed using MinMaxScaler
2024-03-07 14:01:55.678 | INFO     | preprocessing:encoders:110 - Column hsd17b13 will now start being processed using MinMaxScaler
2024-03-07 14:01:55.678 | INFO     | preprocessing:encoders:110 - Column hsd17b14 will now start being processed using MinMaxScaler
2024-03-07 14:01:55.687 | INFO     | preprocessing:encoders:110 - Column hsd17b2 will now start being processed using MinMaxScaler
2024-03-07 14:01:55.690 | INFO     | preprocessing:encoders:110 - Column hsd17b3 will now start being processed using MinMaxScaler
2024-03-07 14:01:55.696 | INFO     | preprocessing:encoders:110 - Column hsd17b4 will now start being processed using MinMaxScaler
2024-03-07 14:01:55.699 | INFO     | preprocessing:encoders:110 - Column hsd17b6 will now start being processed using MinMaxScaler
2024-03-07 14:01:55.706 | INFO     | preprocessing:encoders:110 - Column hsd17b7 will now start being processed using MinMaxScaler
2024-03-07 14:01:55.707 | INFO     | preprocessing:encoders:110 - Column hsd17b8 will now start being processed using MinMaxScaler
2024-03-07 14:01:55.715 | INFO     | preprocessing:encoders:110 - Column hsd3b1 will now start being processed using MinMaxScaler
2024-03-07 14:01:55.721 | INFO     | preprocessing:encoders:110 - Column hsd3b2 will now start being processed using MinMaxScaler
2024-03-07 14:01:55.727 | INFO     | preprocessing:encoders:110 - Column hsd3b7 will now start being processed using MinMaxScaler
2024-03-07 14:01:55.729 | INFO     | preprocessing:encoders:110 - Column mecom will now start being processed using MinMaxScaler
2024-03-07 14:01:55.738 | INFO     | preprocessing:encoders:110 - Column met will now start being processed using MinMaxScaler
2024-03-07 14:01:55.739 | INFO     | preprocessing:encoders:110 - Column ncoa2 will now start being processed using MinMaxScaler
2024-03-07 14:01:55.749 | INFO     | preprocessing:encoders:110 - Column nrip1 will now start being processed using MinMaxScaler
2024-03-07 14:01:55.754 | INFO     | preprocessing:encoders:110 - Column pik3r3 will now start being processed using MinMaxScaler
2024-03-07 14:01:55.760 | INFO     | preprocessing:encoders:110 - Column prkci will now start being processed using MinMaxScaler
2024-03-07 14:01:55.763 | INFO     | preprocessing:encoders:110 - Column prkd1 will now start being processed using MinMaxScaler
2024-03-07 14:01:55.768 | INFO     | preprocessing:encoders:110 - Column ran will now start being processed using MinMaxScaler
2024-03-07 14:01:55.773 | INFO     | preprocessing:encoders:110 - Column rdh5 will now start being processed using MinMaxScaler
2024-03-07 14:01:55.778 | INFO     | preprocessing:encoders:110 - Column sdc4 will now start being processed using MinMaxScaler
2024-03-07 14:01:55.784 | INFO     | preprocessing:encoders:110 - Column serpini1 will now start being processed using MinMaxScaler
2024-03-07 14:01:55.787 | INFO     | preprocessing:encoders:110 - Column shbg will now start being processed using MinMaxScaler
2024-03-07 14:01:55.787 | INFO     | preprocessing:encoders:110 - Column slc29a1 will now start being processed using MinMaxScaler
2024-03-07 14:01:55.797 | INFO     | preprocessing:encoders:110 - Column sox9 will now start being processed using MinMaxScaler
2024-03-07 14:01:55.799 | INFO     | preprocessing:encoders:110 - Column spry2 will now start being processed using MinMaxScaler
2024-03-07 14:01:55.806 | INFO     | preprocessing:encoders:110 - Column srd5a1 will now start being processed using MinMaxScaler
2024-03-07 14:01:55.808 | INFO     | preprocessing:encoders:110 - Column srd5a2 will now start being processed using MinMaxScaler
2024-03-07 14:01:55.808 | INFO     | preprocessing:encoders:110 - Column srd5a3 will now start being processed using MinMaxScaler
2024-03-07 14:01:55.819 | INFO     | preprocessing:encoders:110 - Column st7 will now start being processed using MinMaxScaler
2024-03-07 14:01:55.824 | INFO     | preprocessing:encoders:110 - Column star will now start being processed using MinMaxScaler
2024-03-07 14:01:55.827 | INFO     | preprocessing:encoders:110 - Column tnk2 will now start being processed using MinMaxScaler
2024-03-07 14:01:55.827 | INFO     | preprocessing:encoders:110 - Column tulp4 will now start being processed using MinMaxScaler
2024-03-07 14:01:55.837 | INFO     | preprocessing:encoders:110 - Column ugt2b15 will now start being processed using MinMaxScaler
2024-03-07 14:01:55.839 | INFO     | preprocessing:encoders:110 - Column ugt2b17 will now start being processed using MinMaxScaler
2024-03-07 14:01:55.846 | INFO     | preprocessing:encoders:110 - Column ugt2b7 will now start being processed using MinMaxScaler
2024-03-07 14:01:55.849 | INFO     | preprocessing:encoders:38 - Pre-processing categorical columns
2024-03-07 14:01:55.863 | INFO     | preprocessing:encoders:110 - Column pik3ca_mut will now start being processed using OrdinalEncoder
2024-03-07 14:01:55.877 | INFO     | preprocessing:encoders:110 - Column tp53_mut will now start being processed using OrdinalEncoder
2024-03-07 14:01:55.892 | INFO     | preprocessing:encoders:110 - Column muc16_mut will now start being processed using OrdinalEncoder
2024-03-07 14:01:55.905 | INFO     | preprocessing:encoders:110 - Column ahnak2_mut will now start being processed using OrdinalEncoder
2024-03-07 14:01:55.927 | INFO     | preprocessing:encoders:110 - Column kmt2c_mut will now start being processed using OrdinalEncoder
2024-03-07 14:01:55.940 | INFO     | preprocessing:encoders:110 - Column syne1_mut will now start being processed using OrdinalEncoder
2024-03-07 14:01:55.955 | INFO     | preprocessing:encoders:110 - Column gata3_mut will now start being processed using OrdinalEncoder
2024-03-07 14:01:55.963 | INFO     | preprocessing:encoders:110 - Column map3k1_mut will now start being processed using OrdinalEncoder
2024-03-07 14:01:55.977 | INFO     | preprocessing:encoders:110 - Column ahnak_mut will now start being processed using OrdinalEncoder
2024-03-07 14:01:55.991 | INFO     | preprocessing:encoders:110 - Column dnah11_mut will now start being processed using OrdinalEncoder
2024-03-07 14:01:56.006 | INFO     | preprocessing:encoders:110 - Column cdh1_mut will now start being processed using OrdinalEncoder
2024-03-07 14:01:56.027 | INFO     | preprocessing:encoders:110 - Column dnah2_mut will now start being processed using OrdinalEncoder
2024-03-07 14:01:56.043 | INFO     | preprocessing:encoders:110 - Column kmt2d_mut will now start being processed using OrdinalEncoder
2024-03-07 14:01:56.061 | INFO     | preprocessing:encoders:110 - Column ush2a_mut will now start being processed using OrdinalEncoder
2024-03-07 14:01:56.076 | INFO     | preprocessing:encoders:110 - Column ryr2_mut will now start being processed using OrdinalEncoder
2024-03-07 14:01:56.092 | INFO     | preprocessing:encoders:110 - Column dnah5_mut will now start being processed using OrdinalEncoder
2024-03-07 14:01:56.107 | INFO     | preprocessing:encoders:110 - Column herc2_mut will now start being processed using OrdinalEncoder
2024-03-07 14:01:56.122 | INFO     | preprocessing:encoders:110 - Column pde4dip_mut will now start being processed using OrdinalEncoder
2024-03-07 14:01:56.138 | INFO     | preprocessing:encoders:110 - Column akap9_mut will now start being processed using OrdinalEncoder
2024-03-07 14:01:56.144 | INFO     | preprocessing:encoders:110 - Column tg_mut will now start being processed using OrdinalEncoder
2024-03-07 14:01:56.164 | INFO     | preprocessing:encoders:110 - Column birc6_mut will now start being processed using OrdinalEncoder
2024-03-07 14:01:56.176 | INFO     | preprocessing:encoders:110 - Column utrn_mut will now start being processed using OrdinalEncoder
2024-03-07 14:01:56.193 | INFO     | preprocessing:encoders:110 - Column tbx3_mut will now start being processed using OrdinalEncoder
2024-03-07 14:01:56.209 | INFO     | preprocessing:encoders:110 - Column col6a3_mut will now start being processed using OrdinalEncoder
2024-03-07 14:01:56.224 | INFO     | preprocessing:encoders:110 - Column arid1a_mut will now start being processed using OrdinalEncoder
2024-03-07 14:01:56.240 | INFO     | preprocessing:encoders:110 - Column lama2_mut will now start being processed using OrdinalEncoder
2024-03-07 14:01:56.262 | INFO     | preprocessing:encoders:110 - Column notch1_mut will now start being processed using OrdinalEncoder
2024-03-07 14:01:56.277 | INFO     | preprocessing:encoders:110 - Column cbfb_mut will now start being processed using OrdinalEncoder
2024-03-07 14:01:56.293 | INFO     | preprocessing:encoders:110 - Column ncor2_mut will now start being processed using OrdinalEncoder
2024-03-07 14:01:56.308 | INFO     | preprocessing:encoders:110 - Column col12a1_mut will now start being processed using OrdinalEncoder
2024-03-07 14:01:56.323 | INFO     | preprocessing:encoders:110 - Column col22a1_mut will now start being processed using OrdinalEncoder
2024-03-07 14:01:56.338 | INFO     | preprocessing:encoders:110 - Column pten_mut will now start being processed using OrdinalEncoder
2024-03-07 14:01:56.353 | INFO     | preprocessing:encoders:110 - Column akt1_mut will now start being processed using OrdinalEncoder
2024-03-07 14:01:56.371 | INFO     | preprocessing:encoders:110 - Column atr_mut will now start being processed using OrdinalEncoder
2024-03-07 14:01:56.389 | INFO     | preprocessing:encoders:110 - Column thada_mut will now start being processed using OrdinalEncoder
2024-03-07 14:01:56.407 | INFO     | preprocessing:encoders:110 - Column ncor1_mut will now start being processed using OrdinalEncoder
2024-03-07 14:01:56.436 | INFO     | preprocessing:encoders:110 - Column stab2_mut will now start being processed using OrdinalEncoder
2024-03-07 14:01:56.453 | INFO     | preprocessing:encoders:110 - Column myh9_mut will now start being processed using OrdinalEncoder
2024-03-07 14:01:56.469 | INFO     | preprocessing:encoders:110 - Column runx1_mut will now start being processed using OrdinalEncoder
2024-03-07 14:01:56.486 | INFO     | preprocessing:encoders:110 - Column nf1_mut will now start being processed using OrdinalEncoder
2024-03-07 14:01:56.493 | INFO     | preprocessing:encoders:110 - Column map2k4_mut will now start being processed using OrdinalEncoder
2024-03-07 14:01:56.511 | INFO     | preprocessing:encoders:110 - Column ros1_mut will now start being processed using OrdinalEncoder
2024-03-07 14:01:56.526 | INFO     | preprocessing:encoders:110 - Column lamb3_mut will now start being processed using OrdinalEncoder
2024-03-07 14:01:56.543 | INFO     | preprocessing:encoders:110 - Column arid1b_mut will now start being processed using OrdinalEncoder
2024-03-07 14:01:56.571 | INFO     | preprocessing:encoders:110 - Column erbb2_mut will now start being processed using OrdinalEncoder
2024-03-07 14:01:56.589 | INFO     | preprocessing:encoders:110 - Column sf3b1_mut will now start being processed using OrdinalEncoder
2024-03-07 14:01:56.605 | INFO     | preprocessing:encoders:110 - Column shank2_mut will now start being processed using OrdinalEncoder
2024-03-07 14:01:56.622 | INFO     | preprocessing:encoders:110 - Column ep300_mut will now start being processed using OrdinalEncoder
2024-03-07 14:01:56.639 | INFO     | preprocessing:encoders:110 - Column ptprd_mut will now start being processed using OrdinalEncoder
2024-03-07 14:01:56.656 | INFO     | preprocessing:encoders:110 - Column usp9x_mut will now start being processed using OrdinalEncoder
2024-03-07 14:01:56.674 | INFO     | preprocessing:encoders:110 - Column setd2_mut will now start being processed using OrdinalEncoder
2024-03-07 14:01:56.691 | INFO     | preprocessing:encoders:110 - Column setd1a_mut will now start being processed using OrdinalEncoder
2024-03-07 14:01:56.708 | INFO     | preprocessing:encoders:110 - Column thsd7a_mut will now start being processed using OrdinalEncoder
2024-03-07 14:01:56.726 | INFO     | preprocessing:encoders:110 - Column afdn_mut will now start being processed using OrdinalEncoder
2024-03-07 14:01:56.744 | INFO     | preprocessing:encoders:110 - Column erbb3_mut will now start being processed using OrdinalEncoder
2024-03-07 14:01:56.762 | INFO     | preprocessing:encoders:110 - Column rb1_mut will now start being processed using OrdinalEncoder
2024-03-07 14:01:56.776 | INFO     | preprocessing:encoders:110 - Column myo1a_mut will now start being processed using OrdinalEncoder
2024-03-07 14:01:56.792 | INFO     | preprocessing:encoders:110 - Column alk_mut will now start being processed using OrdinalEncoder
2024-03-07 14:01:56.810 | INFO     | preprocessing:encoders:110 - Column fanca_mut will now start being processed using OrdinalEncoder
2024-03-07 14:01:56.826 | INFO     | preprocessing:encoders:110 - Column adgra2_mut will now start being processed using OrdinalEncoder
2024-03-07 14:01:56.840 | INFO     | preprocessing:encoders:110 - Column ubr5_mut will now start being processed using OrdinalEncoder
2024-03-07 14:01:56.866 | INFO     | preprocessing:encoders:110 - Column pik3r1_mut will now start being processed using OrdinalEncoder
2024-03-07 14:01:56.876 | INFO     | preprocessing:encoders:110 - Column myo3a_mut will now start being processed using OrdinalEncoder
2024-03-07 14:01:56.904 | INFO     | preprocessing:encoders:110 - Column asxl2_mut will now start being processed using OrdinalEncoder
2024-03-07 14:01:56.921 | INFO     | preprocessing:encoders:110 - Column apc_mut will now start being processed using OrdinalEncoder
2024-03-07 14:01:56.939 | INFO     | preprocessing:encoders:110 - Column ctcf_mut will now start being processed using OrdinalEncoder
2024-03-07 14:01:56.957 | INFO     | preprocessing:encoders:110 - Column asxl1_mut will now start being processed using OrdinalEncoder
2024-03-07 14:01:56.975 | INFO     | preprocessing:encoders:110 - Column fancd2_mut will now start being processed using OrdinalEncoder
2024-03-07 14:01:56.993 | INFO     | preprocessing:encoders:110 - Column taf1_mut will now start being processed using OrdinalEncoder
2024-03-07 14:01:57.009 | INFO     | preprocessing:encoders:110 - Column kdm6a_mut will now start being processed using OrdinalEncoder
2024-03-07 14:01:57.026 | INFO     | preprocessing:encoders:110 - Column ctnna3_mut will now start being processed using OrdinalEncoder
2024-03-07 14:01:57.037 | INFO     | preprocessing:encoders:110 - Column brca1_mut will now start being processed using OrdinalEncoder
2024-03-07 14:01:57.066 | INFO     | preprocessing:encoders:110 - Column ptprm_mut will now start being processed using OrdinalEncoder
2024-03-07 14:01:57.081 | INFO     | preprocessing:encoders:110 - Column foxo3_mut will now start being processed using OrdinalEncoder
2024-03-07 14:01:57.104 | INFO     | preprocessing:encoders:110 - Column usp28_mut will now start being processed using OrdinalEncoder
2024-03-07 14:01:57.122 | INFO     | preprocessing:encoders:110 - Column gldc_mut will now start being processed using OrdinalEncoder
2024-03-07 14:01:57.140 | INFO     | preprocessing:encoders:110 - Column brca2_mut will now start being processed using OrdinalEncoder
2024-03-07 14:01:57.159 | INFO     | preprocessing:encoders:110 - Column cacna2d3_mut will now start being processed using OrdinalEncoder
2024-03-07 14:01:57.176 | INFO     | preprocessing:encoders:110 - Column arid2_mut will now start being processed using OrdinalEncoder
2024-03-07 14:01:57.192 | INFO     | preprocessing:encoders:110 - Column aff2_mut will now start being processed using OrdinalEncoder
2024-03-07 14:01:57.203 | INFO     | preprocessing:encoders:110 - Column lifr_mut will now start being processed using OrdinalEncoder
2024-03-07 14:01:57.222 | INFO     | preprocessing:encoders:110 - Column sbno1_mut will now start being processed using OrdinalEncoder
2024-03-07 14:01:57.257 | INFO     | preprocessing:encoders:110 - Column kdm3a_mut will now start being processed using OrdinalEncoder
2024-03-07 14:01:57.274 | INFO     | preprocessing:encoders:110 - Column ncoa3_mut will now start being processed using OrdinalEncoder
2024-03-07 14:01:57.292 | INFO     | preprocessing:encoders:110 - Column bap1_mut will now start being processed using OrdinalEncoder
2024-03-07 14:01:57.308 | INFO     | preprocessing:encoders:110 - Column l1cam_mut will now start being processed using OrdinalEncoder
2024-03-07 14:01:57.324 | INFO     | preprocessing:encoders:110 - Column pbrm1_mut will now start being processed using OrdinalEncoder
2024-03-07 14:01:57.342 | INFO     | preprocessing:encoders:110 - Column chd1_mut will now start being processed using OrdinalEncoder
2024-03-07 14:01:57.359 | INFO     | preprocessing:encoders:110 - Column jak1_mut will now start being processed using OrdinalEncoder
2024-03-07 14:01:57.370 | INFO     | preprocessing:encoders:110 - Column setdb1_mut will now start being processed using OrdinalEncoder
2024-03-07 14:01:57.390 | INFO     | preprocessing:encoders:110 - Column fam20c_mut will now start being processed using OrdinalEncoder
2024-03-07 14:01:57.422 | INFO     | preprocessing:encoders:110 - Column arid5b_mut will now start being processed using OrdinalEncoder
2024-03-07 14:01:57.441 | INFO     | preprocessing:encoders:110 - Column egfr_mut will now start being processed using OrdinalEncoder
2024-03-07 14:01:57.460 | INFO     | preprocessing:encoders:110 - Column map3k10_mut will now start being processed using OrdinalEncoder
2024-03-07 14:01:57.565 | INFO     | preprocessing:encoders:110 - Column smarcc2_mut will now start being processed using OrdinalEncoder
2024-03-07 14:01:57.585 | INFO     | preprocessing:encoders:110 - Column erbb4_mut will now start being processed using OrdinalEncoder
2024-03-07 14:01:57.604 | INFO     | preprocessing:encoders:110 - Column npnt_mut will now start being processed using OrdinalEncoder
2024-03-07 14:01:57.626 | INFO     | preprocessing:encoders:110 - Column nek1_mut will now start being processed using OrdinalEncoder
2024-03-07 14:01:57.642 | INFO     | preprocessing:encoders:110 - Column agmo_mut will now start being processed using OrdinalEncoder
2024-03-07 14:01:57.667 | INFO     | preprocessing:encoders:110 - Column zfp36l1_mut will now start being processed using OrdinalEncoder
2024-03-07 14:01:57.687 | INFO     | preprocessing:encoders:110 - Column smad4_mut will now start being processed using OrdinalEncoder
2024-03-07 14:01:57.707 | INFO     | preprocessing:encoders:110 - Column sik1_mut will now start being processed using OrdinalEncoder
2024-03-07 14:01:57.726 | INFO     | preprocessing:encoders:110 - Column casp8_mut will now start being processed using OrdinalEncoder
2024-03-07 14:01:57.742 | INFO     | preprocessing:encoders:110 - Column prkcq_mut will now start being processed using OrdinalEncoder
2024-03-07 14:01:57.766 | INFO     | preprocessing:encoders:110 - Column smarcc1_mut will now start being processed using OrdinalEncoder
2024-03-07 14:01:57.787 | INFO     | preprocessing:encoders:110 - Column palld_mut will now start being processed using OrdinalEncoder
2024-03-07 14:01:57.808 | INFO     | preprocessing:encoders:110 - Column dcaf4l2_mut will now start being processed using OrdinalEncoder
2024-03-07 14:01:57.826 | INFO     | preprocessing:encoders:110 - Column bcas3_mut will now start being processed using OrdinalEncoder
2024-03-07 14:01:57.843 | INFO     | preprocessing:encoders:110 - Column cdkn1b_mut will now start being processed using OrdinalEncoder
2024-03-07 14:01:57.867 | INFO     | preprocessing:encoders:110 - Column gps2_mut will now start being processed using OrdinalEncoder
2024-03-07 14:01:57.888 | INFO     | preprocessing:encoders:110 - Column men1_mut will now start being processed using OrdinalEncoder
2024-03-07 14:01:57.908 | INFO     | preprocessing:encoders:110 - Column stk11_mut will now start being processed using OrdinalEncoder
2024-03-07 14:01:57.926 | INFO     | preprocessing:encoders:110 - Column sik2_mut will now start being processed using OrdinalEncoder
2024-03-07 14:01:57.946 | INFO     | preprocessing:encoders:110 - Column ptpn22_mut will now start being processed using OrdinalEncoder
2024-03-07 14:01:57.974 | INFO     | preprocessing:encoders:110 - Column brip1_mut will now start being processed using OrdinalEncoder
2024-03-07 14:01:57.993 | INFO     | preprocessing:encoders:110 - Column flt3_mut will now start being processed using OrdinalEncoder
2024-03-07 14:01:58.022 | INFO     | preprocessing:encoders:110 - Column nrg3_mut will now start being processed using OrdinalEncoder
2024-03-07 14:01:58.042 | INFO     | preprocessing:encoders:110 - Column fbxw7_mut will now start being processed using OrdinalEncoder
2024-03-07 14:01:58.058 | INFO     | preprocessing:encoders:110 - Column ttyh1_mut will now start being processed using OrdinalEncoder
2024-03-07 14:01:58.071 | INFO     | preprocessing:encoders:110 - Column taf4b_mut will now start being processed using OrdinalEncoder
2024-03-07 14:01:58.104 | INFO     | preprocessing:encoders:110 - Column or6a2_mut will now start being processed using OrdinalEncoder
2024-03-07 14:01:58.124 | INFO     | preprocessing:encoders:110 - Column map3k13_mut will now start being processed using OrdinalEncoder
2024-03-07 14:01:58.142 | INFO     | preprocessing:encoders:110 - Column hdac9_mut will now start being processed using OrdinalEncoder
2024-03-07 14:01:58.154 | INFO     | preprocessing:encoders:110 - Column prkacg_mut will now start being processed using OrdinalEncoder
2024-03-07 14:01:58.191 | INFO     | preprocessing:encoders:110 - Column rpgr_mut will now start being processed using OrdinalEncoder
2024-03-07 14:01:58.209 | INFO     | preprocessing:encoders:110 - Column large1_mut will now start being processed using OrdinalEncoder
2024-03-07 14:01:58.237 | INFO     | preprocessing:encoders:110 - Column foxp1_mut will now start being processed using OrdinalEncoder
2024-03-07 14:01:58.262 | INFO     | preprocessing:encoders:110 - Column clk3_mut will now start being processed using OrdinalEncoder
2024-03-07 14:01:58.287 | INFO     | preprocessing:encoders:110 - Column prkcz_mut will now start being processed using OrdinalEncoder
2024-03-07 14:01:58.309 | INFO     | preprocessing:encoders:110 - Column lipi_mut will now start being processed using OrdinalEncoder
2024-03-07 14:01:58.325 | INFO     | preprocessing:encoders:110 - Column ppp2r2a_mut will now start being processed using OrdinalEncoder
2024-03-07 14:01:58.336 | INFO     | preprocessing:encoders:110 - Column prkce_mut will now start being processed using OrdinalEncoder
2024-03-07 14:01:58.370 | INFO     | preprocessing:encoders:110 - Column gh1_mut will now start being processed using OrdinalEncoder
2024-03-07 14:01:58.391 | INFO     | preprocessing:encoders:110 - Column gpr32_mut will now start being processed using OrdinalEncoder
2024-03-07 14:01:58.409 | INFO     | preprocessing:encoders:110 - Column kras_mut will now start being processed using OrdinalEncoder
2024-03-07 14:01:58.420 | INFO     | preprocessing:encoders:110 - Column nf2_mut will now start being processed using OrdinalEncoder
2024-03-07 14:01:58.454 | INFO     | preprocessing:encoders:110 - Column chek2_mut will now start being processed using OrdinalEncoder
2024-03-07 14:01:58.475 | INFO     | preprocessing:encoders:110 - Column ldlrap1_mut will now start being processed using OrdinalEncoder
2024-03-07 14:01:58.493 | INFO     | preprocessing:encoders:110 - Column clrn2_mut will now start being processed using OrdinalEncoder
2024-03-07 14:01:58.523 | INFO     | preprocessing:encoders:110 - Column acvrl1_mut will now start being processed using OrdinalEncoder
2024-03-07 14:01:58.542 | INFO     | preprocessing:encoders:110 - Column agtr2_mut will now start being processed using OrdinalEncoder
2024-03-07 14:01:58.559 | INFO     | preprocessing:encoders:110 - Column cdkn2a_mut will now start being processed using OrdinalEncoder
2024-03-07 14:01:58.590 | INFO     | preprocessing:encoders:110 - Column ctnna1_mut will now start being processed using OrdinalEncoder
2024-03-07 14:01:58.609 | INFO     | preprocessing:encoders:110 - Column magea8_mut will now start being processed using OrdinalEncoder
2024-03-07 14:01:58.620 | INFO     | preprocessing:encoders:110 - Column prr16_mut will now start being processed using OrdinalEncoder
2024-03-07 14:01:58.654 | INFO     | preprocessing:encoders:110 - Column dtwd2_mut will now start being processed using OrdinalEncoder
2024-03-07 14:01:58.692 | INFO     | preprocessing:encoders:110 - Column akt2_mut will now start being processed using OrdinalEncoder
2024-03-07 14:01:58.708 | INFO     | preprocessing:encoders:110 - Column braf_mut will now start being processed using OrdinalEncoder
2024-03-07 14:01:58.736 | INFO     | preprocessing:encoders:110 - Column foxo1_mut will now start being processed using OrdinalEncoder
2024-03-07 14:01:58.758 | INFO     | preprocessing:encoders:110 - Column nt5e_mut will now start being processed using OrdinalEncoder
2024-03-07 14:01:58.785 | INFO     | preprocessing:encoders:110 - Column ccnd3_mut will now start being processed using OrdinalEncoder
2024-03-07 14:01:58.808 | INFO     | preprocessing:encoders:110 - Column nr3c1_mut will now start being processed using OrdinalEncoder
2024-03-07 14:01:58.826 | INFO     | preprocessing:encoders:110 - Column prkg1_mut will now start being processed using OrdinalEncoder
2024-03-07 14:01:58.855 | INFO     | preprocessing:encoders:110 - Column tbl1xr1_mut will now start being processed using OrdinalEncoder
2024-03-07 14:01:58.875 | INFO     | preprocessing:encoders:110 - Column frmd3_mut will now start being processed using OrdinalEncoder
2024-03-07 14:01:58.892 | INFO     | preprocessing:encoders:110 - Column smad2_mut will now start being processed using OrdinalEncoder
2024-03-07 14:01:58.923 | INFO     | preprocessing:encoders:110 - Column sgcd_mut will now start being processed using OrdinalEncoder
2024-03-07 14:01:58.942 | INFO     | preprocessing:encoders:110 - Column spaca1_mut will now start being processed using OrdinalEncoder
2024-03-07 14:01:58.970 | INFO     | preprocessing:encoders:110 - Column rasgef1b_mut will now start being processed using OrdinalEncoder
2024-03-07 14:01:58.991 | INFO     | preprocessing:encoders:110 - Column hist1h2bc_mut will now start being processed using OrdinalEncoder
2024-03-07 14:01:59.010 | INFO     | preprocessing:encoders:110 - Column nr2f1_mut will now start being processed using OrdinalEncoder
2024-03-07 14:01:59.037 | INFO     | preprocessing:encoders:110 - Column klrg1_mut will now start being processed using OrdinalEncoder
2024-03-07 14:01:59.059 | INFO     | preprocessing:encoders:110 - Column mbl2_mut will now start being processed using OrdinalEncoder
2024-03-07 14:01:59.075 | INFO     | preprocessing:encoders:110 - Column mtap_mut will now start being processed using OrdinalEncoder
2024-03-07 14:01:59.108 | INFO     | preprocessing:encoders:110 - Column ppp2cb_mut will now start being processed using OrdinalEncoder
2024-03-07 14:01:59.126 | INFO     | preprocessing:encoders:110 - Column smarcd1_mut will now start being processed using OrdinalEncoder
2024-03-07 14:01:59.153 | INFO     | preprocessing:encoders:110 - Column nras_mut will now start being processed using OrdinalEncoder
2024-03-07 14:01:59.174 | INFO     | preprocessing:encoders:110 - Column ndfip1_mut will now start being processed using OrdinalEncoder
2024-03-07 14:01:59.191 | INFO     | preprocessing:encoders:110 - Column hras_mut will now start being processed using OrdinalEncoder
2024-03-07 14:01:59.226 | INFO     | preprocessing:encoders:110 - Column prps2_mut will now start being processed using OrdinalEncoder
2024-03-07 14:01:59.256 | INFO     | preprocessing:encoders:110 - Column smarcb1_mut will now start being processed using OrdinalEncoder
2024-03-07 14:01:59.275 | INFO     | preprocessing:encoders:110 - Column stmn2_mut will now start being processed using OrdinalEncoder
2024-03-07 14:01:59.303 | INFO     | preprocessing:encoders:110 - Column siah1_mut will now start being processed using OrdinalEncoder
2024-03-07 14:01:59.351 | INFO     | train_model:tabular_data_split:93 - Creating data splits for model training.
2024-03-07 14:01:59.353 | INFO     | train_model:tabular_data_split:94 - Data shape: (1904, 687)
2024-03-07 14:01:59.356 | INFO     | train_model:tabular_data_split:95 - Label distribution:
overall_survival
0                   1103
1                    801
dtype: int64
2024-03-07 14:01:59.357 | WARNING  | train_model:tabular_data_split:108 - Shuffle is currently set to True. If you're using time-series data, this is not advisable.
2024-03-07 14:01:59.369 | INFO     | train_model:tabular_data_split:161 - 
Shape of training data: (1523, 687). 
Shape of test data: (381, 687)
Using a split with a validation size of 0.3 out of 0.7 training split - 0.21 is the real hold-out/validation set size.
The actual test size is 0.2 (1 -  training split).
2024-03-07 14:01:59.373 | INFO     | train_model:train_and_optimize_clf:176 - Finding best baseline classifier.
2024-03-07 14:01:59.380 | INFO     | train_model:train_and_optimize_clf:198 - DummyClassifier with most_frequent was used to compute the baseline score for baseline model search. The DummyClassifier score is: 0.5791201575837164. NOTE: The score for the dummy classifier is 'accuracy'.
2024-03-07 14:01:59.384 | INFO     | utils:_return_cross_validation:26 - 

Loading cross-validation strategy 'StratifiedKFold' with the following parameters:
{'n_splits': 10, 'shuffle': True, 'random_state': 0}. 
2024-03-07 14:01:59.386 | INFO     | train_model:train_and_optimize_clf:232 - Running LGBMClassifier. 
2024-03-07 14:01:59.388 | INFO     | train_model:train_and_optimize_clf:294 - Optimizing baseline model using 'optuna'. 
 Baseline model is LGBMClassifier and it will be optimized with the following parameters: 
{'n_estimators': [10, 50, 100, 200, 300], 'max_depth': [3, 5, 7, 9, 12], 'learning_rate': [0.01, 0.05, 0.1, 0.2, 0.3], 'num_leaves': [15, 31, 63, 127, 255]}
2024-03-07 14:04:13.222 | INFO     | train_model:predict_clf:542 - Calculating classification report on the unseen test dataset with the best optimized model: LGBMClassifier.
2024-03-07 14:04:13.534 | INFO     | train_model:train_and_optimize_clf:407 - 

- Score being used to attain the best model is 'accuracy'.

- The scores for the optimized version with 'optuna' of the 'LGBMClassifier' model are:

- Validation score:
0.703  0.040.

- Training score:
1.000  0.000. 

- Test score:
0.709
2024-03-07 14:04:13.536 | INFO     | train_model:train_and_optimize_clf:429 - Best model is: LGBMClassifier and it has the following optimized parameters:

 <bound method LGBMModel.get_params of LGBMClassifier(learning_rate=0.05, max_depth=5, n_estimators=200, num_leaves=63)>

... with a test 'accuracy' of 0.709
2024-03-07 14:04:14.125 | INFO     | train_model:save_best_model:583 - Saving the best model:

LGBMClassifier(learning_rate=0.05, max_depth=5, n_estimators=200, num_leaves=63)
