2024-03-07 14:05:13.486 | INFO     | __main__:main:194 - Directory where outputs will be saved: C://Users//rafaelo//OneDrive - NTNU//Documents//Projects//preprocessing//preprocessing//preprocessing\reports\PipelineRun_2024_03_07-02_05_13_PM
2024-03-07 14:05:13.486 | WARNING  | __main__:run_PreProcessor:68 - Note: It is important that numerical columns are pre-processed first, before categorical ones. This is to avoid OneHotEncoded columns (binary 0 and 1) to be seen as numerical during numerical pre-processing.
2024-03-07 14:05:13.490 | INFO     | preprocessing:NA_solver:163 - Running NaN solver
2024-03-07 14:07:59.309 | INFO     | preprocessing:encoders:38 - Pre-processing numerical columns
2024-03-07 14:07:59.324 | INFO     | preprocessing:encoders:110 - Column patient_id will now start being processed using MinMaxScaler
2024-03-07 14:07:59.341 | INFO     | preprocessing:encoders:110 - Column age_at_diagnosis will now start being processed using MinMaxScaler
2024-03-07 14:07:59.344 | INFO     | preprocessing:encoders:110 - Column type_of_breast_surgery will now start being processed using MinMaxScaler
2024-03-07 14:07:59.350 | INFO     | preprocessing:encoders:110 - Column cancer_type will now start being processed using MinMaxScaler
2024-03-07 14:07:59.354 | INFO     | preprocessing:encoders:110 - Column cancer_type_detailed will now start being processed using MinMaxScaler
2024-03-07 14:07:59.358 | INFO     | preprocessing:encoders:110 - Column cellularity will now start being processed using MinMaxScaler
2024-03-07 14:07:59.363 | INFO     | preprocessing:encoders:110 - Column chemotherapy will now start being processed using MinMaxScaler
2024-03-07 14:07:59.363 | INFO     | preprocessing:encoders:110 - Column pam50_+_claudin-low_subtype will now start being processed using MinMaxScaler
2024-03-07 14:07:59.373 | INFO     | preprocessing:encoders:110 - Column cohort will now start being processed using MinMaxScaler
2024-03-07 14:07:59.377 | INFO     | preprocessing:encoders:110 - Column er_status_measured_by_ihc will now start being processed using MinMaxScaler
2024-03-07 14:07:59.381 | INFO     | preprocessing:encoders:110 - Column er_status will now start being processed using MinMaxScaler
2024-03-07 14:07:59.384 | INFO     | preprocessing:encoders:110 - Column neoplasm_histologic_grade will now start being processed using MinMaxScaler
2024-03-07 14:07:59.390 | INFO     | preprocessing:encoders:110 - Column her2_status_measured_by_snp6 will now start being processed using MinMaxScaler
2024-03-07 14:07:59.394 | INFO     | preprocessing:encoders:110 - Column her2_status will now start being processed using MinMaxScaler
2024-03-07 14:07:59.394 | INFO     | preprocessing:encoders:110 - Column tumor_other_histologic_subtype will now start being processed using MinMaxScaler
2024-03-07 14:07:59.404 | INFO     | preprocessing:encoders:110 - Column hormone_therapy will now start being processed using MinMaxScaler
2024-03-07 14:07:59.406 | INFO     | preprocessing:encoders:110 - Column inferred_menopausal_state will now start being processed using MinMaxScaler
2024-03-07 14:07:59.412 | INFO     | preprocessing:encoders:110 - Column integrative_cluster will now start being processed using MinMaxScaler
2024-03-07 14:07:59.414 | INFO     | preprocessing:encoders:110 - Column primary_tumor_laterality will now start being processed using MinMaxScaler
2024-03-07 14:07:59.420 | INFO     | preprocessing:encoders:110 - Column lymph_nodes_examined_positive will now start being processed using MinMaxScaler
2024-03-07 14:07:59.424 | INFO     | preprocessing:encoders:110 - Column mutation_count will now start being processed using MinMaxScaler
2024-03-07 14:07:59.424 | INFO     | preprocessing:encoders:110 - Column nottingham_prognostic_index will now start being processed using MinMaxScaler
2024-03-07 14:07:59.434 | INFO     | preprocessing:encoders:110 - Column oncotree_code will now start being processed using MinMaxScaler
2024-03-07 14:07:59.439 | INFO     | preprocessing:encoders:110 - Column overall_survival_months will now start being processed using MinMaxScaler
2024-03-07 14:07:59.444 | INFO     | preprocessing:encoders:110 - Column overall_survival will now start being processed using MinMaxScaler
2024-03-07 14:07:59.444 | INFO     | preprocessing:encoders:110 - Column pr_status will now start being processed using MinMaxScaler
2024-03-07 14:07:59.452 | INFO     | preprocessing:encoders:110 - Column radio_therapy will now start being processed using MinMaxScaler
2024-03-07 14:07:59.455 | INFO     | preprocessing:encoders:110 - Column 3-gene_classifier_subtype will now start being processed using MinMaxScaler
2024-03-07 14:07:59.455 | INFO     | preprocessing:encoders:110 - Column tumor_size will now start being processed using MinMaxScaler
2024-03-07 14:07:59.466 | INFO     | preprocessing:encoders:110 - Column tumor_stage will now start being processed using MinMaxScaler
2024-03-07 14:07:59.471 | INFO     | preprocessing:encoders:110 - Column death_from_cancer will now start being processed using MinMaxScaler
2024-03-07 14:07:59.476 | INFO     | preprocessing:encoders:110 - Column brca1 will now start being processed using MinMaxScaler
2024-03-07 14:07:59.477 | INFO     | preprocessing:encoders:110 - Column brca2 will now start being processed using MinMaxScaler
2024-03-07 14:07:59.477 | INFO     | preprocessing:encoders:110 - Column palb2 will now start being processed using MinMaxScaler
2024-03-07 14:07:59.488 | INFO     | preprocessing:encoders:110 - Column pten will now start being processed using MinMaxScaler
2024-03-07 14:07:59.490 | INFO     | preprocessing:encoders:110 - Column tp53 will now start being processed using MinMaxScaler
2024-03-07 14:07:59.497 | INFO     | preprocessing:encoders:110 - Column atm will now start being processed using MinMaxScaler
2024-03-07 14:07:59.499 | INFO     | preprocessing:encoders:110 - Column cdh1 will now start being processed using MinMaxScaler
2024-03-07 14:07:59.505 | INFO     | preprocessing:encoders:110 - Column chek2 will now start being processed using MinMaxScaler
2024-03-07 14:07:59.509 | INFO     | preprocessing:encoders:110 - Column nbn will now start being processed using MinMaxScaler
2024-03-07 14:07:59.514 | INFO     | preprocessing:encoders:110 - Column nf1 will now start being processed using MinMaxScaler
2024-03-07 14:07:59.516 | INFO     | preprocessing:encoders:110 - Column stk11 will now start being processed using MinMaxScaler
2024-03-07 14:07:59.523 | INFO     | preprocessing:encoders:110 - Column bard1 will now start being processed using MinMaxScaler
2024-03-07 14:07:59.525 | INFO     | preprocessing:encoders:110 - Column mlh1 will now start being processed using MinMaxScaler
2024-03-07 14:07:59.525 | INFO     | preprocessing:encoders:110 - Column msh2 will now start being processed using MinMaxScaler
2024-03-07 14:07:59.536 | INFO     | preprocessing:encoders:110 - Column msh6 will now start being processed using MinMaxScaler
2024-03-07 14:07:59.539 | INFO     | preprocessing:encoders:110 - Column pms2 will now start being processed using MinMaxScaler
2024-03-07 14:07:59.546 | INFO     | preprocessing:encoders:110 - Column epcam will now start being processed using MinMaxScaler
2024-03-07 14:07:59.548 | INFO     | preprocessing:encoders:110 - Column rad51c will now start being processed using MinMaxScaler
2024-03-07 14:07:59.554 | INFO     | preprocessing:encoders:110 - Column rad51d will now start being processed using MinMaxScaler
2024-03-07 14:07:59.557 | INFO     | preprocessing:encoders:110 - Column rad50 will now start being processed using MinMaxScaler
2024-03-07 14:07:59.557 | INFO     | preprocessing:encoders:110 - Column rb1 will now start being processed using MinMaxScaler
2024-03-07 14:07:59.567 | INFO     | preprocessing:encoders:110 - Column rbl1 will now start being processed using MinMaxScaler
2024-03-07 14:07:59.569 | INFO     | preprocessing:encoders:110 - Column rbl2 will now start being processed using MinMaxScaler
2024-03-07 14:07:59.574 | INFO     | preprocessing:encoders:110 - Column ccna1 will now start being processed using MinMaxScaler
2024-03-07 14:07:59.579 | INFO     | preprocessing:encoders:110 - Column ccnb1 will now start being processed using MinMaxScaler
2024-03-07 14:07:59.579 | INFO     | preprocessing:encoders:110 - Column cdk1 will now start being processed using MinMaxScaler
2024-03-07 14:07:59.587 | INFO     | preprocessing:encoders:110 - Column ccne1 will now start being processed using MinMaxScaler
2024-03-07 14:07:59.589 | INFO     | preprocessing:encoders:110 - Column cdk2 will now start being processed using MinMaxScaler
2024-03-07 14:07:59.596 | INFO     | preprocessing:encoders:110 - Column cdc25a will now start being processed using MinMaxScaler
2024-03-07 14:07:59.598 | INFO     | preprocessing:encoders:110 - Column ccnd1 will now start being processed using MinMaxScaler
2024-03-07 14:07:59.604 | INFO     | preprocessing:encoders:110 - Column cdk4 will now start being processed using MinMaxScaler
2024-03-07 14:07:59.609 | INFO     | preprocessing:encoders:110 - Column cdk6 will now start being processed using MinMaxScaler
2024-03-07 14:07:59.609 | INFO     | preprocessing:encoders:110 - Column ccnd2 will now start being processed using MinMaxScaler
2024-03-07 14:07:59.617 | INFO     | preprocessing:encoders:110 - Column cdkn2a will now start being processed using MinMaxScaler
2024-03-07 14:07:59.621 | INFO     | preprocessing:encoders:110 - Column cdkn2b will now start being processed using MinMaxScaler
2024-03-07 14:07:59.625 | INFO     | preprocessing:encoders:110 - Column myc will now start being processed using MinMaxScaler
2024-03-07 14:07:59.627 | INFO     | preprocessing:encoders:110 - Column cdkn1a will now start being processed using MinMaxScaler
2024-03-07 14:07:59.633 | INFO     | preprocessing:encoders:110 - Column cdkn1b will now start being processed using MinMaxScaler
2024-03-07 14:07:59.637 | INFO     | preprocessing:encoders:110 - Column e2f1 will now start being processed using MinMaxScaler
2024-03-07 14:07:59.642 | INFO     | preprocessing:encoders:110 - Column e2f2 will now start being processed using MinMaxScaler
2024-03-07 14:07:59.643 | INFO     | preprocessing:encoders:110 - Column e2f3 will now start being processed using MinMaxScaler
2024-03-07 14:07:59.643 | INFO     | preprocessing:encoders:110 - Column e2f4 will now start being processed using MinMaxScaler
2024-03-07 14:07:59.655 | INFO     | preprocessing:encoders:110 - Column e2f5 will now start being processed using MinMaxScaler
2024-03-07 14:07:59.657 | INFO     | preprocessing:encoders:110 - Column e2f6 will now start being processed using MinMaxScaler
2024-03-07 14:07:59.663 | INFO     | preprocessing:encoders:110 - Column e2f7 will now start being processed using MinMaxScaler
2024-03-07 14:07:59.665 | INFO     | preprocessing:encoders:110 - Column e2f8 will now start being processed using MinMaxScaler
2024-03-07 14:07:59.671 | INFO     | preprocessing:encoders:110 - Column src will now start being processed using MinMaxScaler
2024-03-07 14:07:59.675 | INFO     | preprocessing:encoders:110 - Column jak1 will now start being processed using MinMaxScaler
2024-03-07 14:07:59.679 | INFO     | preprocessing:encoders:110 - Column jak2 will now start being processed using MinMaxScaler
2024-03-07 14:07:59.683 | INFO     | preprocessing:encoders:110 - Column stat1 will now start being processed using MinMaxScaler
2024-03-07 14:07:59.687 | INFO     | preprocessing:encoders:110 - Column stat2 will now start being processed using MinMaxScaler
2024-03-07 14:07:59.689 | INFO     | preprocessing:encoders:110 - Column stat3 will now start being processed using MinMaxScaler
2024-03-07 14:07:59.695 | INFO     | preprocessing:encoders:110 - Column stat5a will now start being processed using MinMaxScaler
2024-03-07 14:07:59.698 | INFO     | preprocessing:encoders:110 - Column stat5b will now start being processed using MinMaxScaler
2024-03-07 14:07:59.704 | INFO     | preprocessing:encoders:110 - Column mdm2 will now start being processed using MinMaxScaler
2024-03-07 14:07:59.706 | INFO     | preprocessing:encoders:110 - Column tp53bp1 will now start being processed using MinMaxScaler
2024-03-07 14:07:59.712 | INFO     | preprocessing:encoders:110 - Column adam10 will now start being processed using MinMaxScaler
2024-03-07 14:07:59.714 | INFO     | preprocessing:encoders:110 - Column adam17 will now start being processed using MinMaxScaler
2024-03-07 14:07:59.721 | INFO     | preprocessing:encoders:110 - Column aph1a will now start being processed using MinMaxScaler
2024-03-07 14:07:59.723 | INFO     | preprocessing:encoders:110 - Column aph1b will now start being processed using MinMaxScaler
2024-03-07 14:07:59.731 | INFO     | preprocessing:encoders:110 - Column arrdc1 will now start being processed using MinMaxScaler
2024-03-07 14:07:59.734 | INFO     | preprocessing:encoders:110 - Column cir1 will now start being processed using MinMaxScaler
2024-03-07 14:07:59.742 | INFO     | preprocessing:encoders:110 - Column ctbp1 will now start being processed using MinMaxScaler
2024-03-07 14:07:59.743 | INFO     | preprocessing:encoders:110 - Column ctbp2 will now start being processed using MinMaxScaler
2024-03-07 14:07:59.753 | INFO     | preprocessing:encoders:110 - Column cul1 will now start being processed using MinMaxScaler
2024-03-07 14:07:59.760 | INFO     | preprocessing:encoders:110 - Column dll1 will now start being processed using MinMaxScaler
2024-03-07 14:07:59.761 | INFO     | preprocessing:encoders:110 - Column dll3 will now start being processed using MinMaxScaler
2024-03-07 14:07:59.768 | INFO     | preprocessing:encoders:110 - Column dll4 will now start being processed using MinMaxScaler
2024-03-07 14:07:59.773 | INFO     | preprocessing:encoders:110 - Column dtx1 will now start being processed using MinMaxScaler
2024-03-07 14:07:59.776 | INFO     | preprocessing:encoders:110 - Column dtx2 will now start being processed using MinMaxScaler
2024-03-07 14:07:59.781 | INFO     | preprocessing:encoders:110 - Column dtx3 will now start being processed using MinMaxScaler
2024-03-07 14:07:59.783 | INFO     | preprocessing:encoders:110 - Column dtx4 will now start being processed using MinMaxScaler
2024-03-07 14:07:59.790 | INFO     | preprocessing:encoders:110 - Column ep300 will now start being processed using MinMaxScaler
2024-03-07 14:07:59.792 | INFO     | preprocessing:encoders:110 - Column fbxw7 will now start being processed using MinMaxScaler
2024-03-07 14:07:59.792 | INFO     | preprocessing:encoders:110 - Column hdac1 will now start being processed using MinMaxScaler
2024-03-07 14:07:59.803 | INFO     | preprocessing:encoders:110 - Column hdac2 will now start being processed using MinMaxScaler
2024-03-07 14:07:59.805 | INFO     | preprocessing:encoders:110 - Column hes1 will now start being processed using MinMaxScaler
2024-03-07 14:07:59.811 | INFO     | preprocessing:encoders:110 - Column hes5 will now start being processed using MinMaxScaler
2024-03-07 14:07:59.814 | INFO     | preprocessing:encoders:110 - Column heyl will now start being processed using MinMaxScaler
2024-03-07 14:07:59.820 | INFO     | preprocessing:encoders:110 - Column itch will now start being processed using MinMaxScaler
2024-03-07 14:07:59.822 | INFO     | preprocessing:encoders:110 - Column jag1 will now start being processed using MinMaxScaler
2024-03-07 14:07:59.829 | INFO     | preprocessing:encoders:110 - Column jag2 will now start being processed using MinMaxScaler
2024-03-07 14:07:59.831 | INFO     | preprocessing:encoders:110 - Column kdm5a will now start being processed using MinMaxScaler
2024-03-07 14:07:59.836 | INFO     | preprocessing:encoders:110 - Column lfng will now start being processed using MinMaxScaler
2024-03-07 14:07:59.839 | INFO     | preprocessing:encoders:110 - Column maml1 will now start being processed using MinMaxScaler
2024-03-07 14:07:59.845 | INFO     | preprocessing:encoders:110 - Column maml2 will now start being processed using MinMaxScaler
2024-03-07 14:07:59.847 | INFO     | preprocessing:encoders:110 - Column maml3 will now start being processed using MinMaxScaler
2024-03-07 14:07:59.853 | INFO     | preprocessing:encoders:110 - Column ncor2 will now start being processed using MinMaxScaler
2024-03-07 14:07:59.858 | INFO     | preprocessing:encoders:110 - Column ncstn will now start being processed using MinMaxScaler
2024-03-07 14:07:59.862 | INFO     | preprocessing:encoders:110 - Column notch1 will now start being processed using MinMaxScaler
2024-03-07 14:07:59.867 | INFO     | preprocessing:encoders:110 - Column notch2 will now start being processed using MinMaxScaler
2024-03-07 14:07:59.871 | INFO     | preprocessing:encoders:110 - Column notch3 will now start being processed using MinMaxScaler
2024-03-07 14:07:59.875 | INFO     | preprocessing:encoders:110 - Column nrarp will now start being processed using MinMaxScaler
2024-03-07 14:07:59.877 | INFO     | preprocessing:encoders:110 - Column numb will now start being processed using MinMaxScaler
2024-03-07 14:07:59.877 | INFO     | preprocessing:encoders:110 - Column numbl will now start being processed using MinMaxScaler
2024-03-07 14:07:59.887 | INFO     | preprocessing:encoders:110 - Column psen1 will now start being processed using MinMaxScaler
2024-03-07 14:07:59.889 | INFO     | preprocessing:encoders:110 - Column psen2 will now start being processed using MinMaxScaler
2024-03-07 14:07:59.896 | INFO     | preprocessing:encoders:110 - Column psenen will now start being processed using MinMaxScaler
2024-03-07 14:07:59.898 | INFO     | preprocessing:encoders:110 - Column rbpj will now start being processed using MinMaxScaler
2024-03-07 14:07:59.904 | INFO     | preprocessing:encoders:110 - Column rbpjl will now start being processed using MinMaxScaler
2024-03-07 14:07:59.906 | INFO     | preprocessing:encoders:110 - Column rfng will now start being processed using MinMaxScaler
2024-03-07 14:07:59.913 | INFO     | preprocessing:encoders:110 - Column snw1 will now start being processed using MinMaxScaler
2024-03-07 14:07:59.915 | INFO     | preprocessing:encoders:110 - Column spen will now start being processed using MinMaxScaler
2024-03-07 14:07:59.921 | INFO     | preprocessing:encoders:110 - Column hes2 will now start being processed using MinMaxScaler
2024-03-07 14:07:59.923 | INFO     | preprocessing:encoders:110 - Column hes4 will now start being processed using MinMaxScaler
2024-03-07 14:07:59.930 | INFO     | preprocessing:encoders:110 - Column hes7 will now start being processed using MinMaxScaler
2024-03-07 14:07:59.932 | INFO     | preprocessing:encoders:110 - Column hey1 will now start being processed using MinMaxScaler
2024-03-07 14:07:59.938 | INFO     | preprocessing:encoders:110 - Column hey2 will now start being processed using MinMaxScaler
2024-03-07 14:07:59.940 | INFO     | preprocessing:encoders:110 - Column acvr1 will now start being processed using MinMaxScaler
2024-03-07 14:07:59.940 | INFO     | preprocessing:encoders:110 - Column acvr1b will now start being processed using MinMaxScaler
2024-03-07 14:07:59.951 | INFO     | preprocessing:encoders:110 - Column acvr1c will now start being processed using MinMaxScaler
2024-03-07 14:07:59.955 | INFO     | preprocessing:encoders:110 - Column acvr2a will now start being processed using MinMaxScaler
2024-03-07 14:07:59.959 | INFO     | preprocessing:encoders:110 - Column acvr2b will now start being processed using MinMaxScaler
2024-03-07 14:07:59.960 | INFO     | preprocessing:encoders:110 - Column acvrl1 will now start being processed using MinMaxScaler
2024-03-07 14:07:59.967 | INFO     | preprocessing:encoders:110 - Column akt1 will now start being processed using MinMaxScaler
2024-03-07 14:07:59.972 | INFO     | preprocessing:encoders:110 - Column akt1s1 will now start being processed using MinMaxScaler
2024-03-07 14:07:59.976 | INFO     | preprocessing:encoders:110 - Column akt2 will now start being processed using MinMaxScaler
2024-03-07 14:07:59.981 | INFO     | preprocessing:encoders:110 - Column apaf1 will now start being processed using MinMaxScaler
2024-03-07 14:07:59.983 | INFO     | preprocessing:encoders:110 - Column arl11 will now start being processed using MinMaxScaler
2024-03-07 14:07:59.989 | INFO     | preprocessing:encoders:110 - Column atr will now start being processed using MinMaxScaler
2024-03-07 14:07:59.991 | INFO     | preprocessing:encoders:110 - Column aurka will now start being processed using MinMaxScaler
2024-03-07 14:07:59.991 | INFO     | preprocessing:encoders:110 - Column bad will now start being processed using MinMaxScaler
2024-03-07 14:07:59.991 | INFO     | preprocessing:encoders:110 - Column bcl2 will now start being processed using MinMaxScaler
2024-03-07 14:08:00.009 | INFO     | preprocessing:encoders:110 - Column bcl2l1 will now start being processed using MinMaxScaler
2024-03-07 14:08:00.016 | INFO     | preprocessing:encoders:110 - Column bmp10 will now start being processed using MinMaxScaler
2024-03-07 14:08:00.024 | INFO     | preprocessing:encoders:110 - Column bmp15 will now start being processed using MinMaxScaler
2024-03-07 14:08:00.030 | INFO     | preprocessing:encoders:110 - Column bmp2 will now start being processed using MinMaxScaler
2024-03-07 14:08:00.031 | INFO     | preprocessing:encoders:110 - Column bmp3 will now start being processed using MinMaxScaler
2024-03-07 14:08:00.040 | INFO     | preprocessing:encoders:110 - Column bmp4 will now start being processed using MinMaxScaler
2024-03-07 14:08:00.044 | INFO     | preprocessing:encoders:110 - Column bmp5 will now start being processed using MinMaxScaler
2024-03-07 14:08:00.044 | INFO     | preprocessing:encoders:110 - Column bmp6 will now start being processed using MinMaxScaler
2024-03-07 14:08:00.056 | INFO     | preprocessing:encoders:110 - Column bmp7 will now start being processed using MinMaxScaler
2024-03-07 14:08:00.057 | INFO     | preprocessing:encoders:110 - Column bmpr1a will now start being processed using MinMaxScaler
2024-03-07 14:08:00.057 | INFO     | preprocessing:encoders:110 - Column bmpr1b will now start being processed using MinMaxScaler
2024-03-07 14:08:00.069 | INFO     | preprocessing:encoders:110 - Column bmpr2 will now start being processed using MinMaxScaler
2024-03-07 14:08:00.071 | INFO     | preprocessing:encoders:110 - Column braf will now start being processed using MinMaxScaler
2024-03-07 14:08:00.071 | INFO     | preprocessing:encoders:110 - Column casp10 will now start being processed using MinMaxScaler
2024-03-07 14:08:00.082 | INFO     | preprocessing:encoders:110 - Column casp3 will now start being processed using MinMaxScaler
2024-03-07 14:08:00.084 | INFO     | preprocessing:encoders:110 - Column casp6 will now start being processed using MinMaxScaler
2024-03-07 14:08:00.090 | INFO     | preprocessing:encoders:110 - Column casp7 will now start being processed using MinMaxScaler
2024-03-07 14:08:00.093 | INFO     | preprocessing:encoders:110 - Column casp8 will now start being processed using MinMaxScaler
2024-03-07 14:08:00.099 | INFO     | preprocessing:encoders:110 - Column casp9 will now start being processed using MinMaxScaler
2024-03-07 14:08:00.101 | INFO     | preprocessing:encoders:110 - Column chek1 will now start being processed using MinMaxScaler
2024-03-07 14:08:00.108 | INFO     | preprocessing:encoders:110 - Column csf1 will now start being processed using MinMaxScaler
2024-03-07 14:08:00.111 | INFO     | preprocessing:encoders:110 - Column csf1r will now start being processed using MinMaxScaler
2024-03-07 14:08:00.111 | INFO     | preprocessing:encoders:110 - Column cxcl8 will now start being processed using MinMaxScaler
2024-03-07 14:08:00.121 | INFO     | preprocessing:encoders:110 - Column cxcr1 will now start being processed using MinMaxScaler
2024-03-07 14:08:00.122 | INFO     | preprocessing:encoders:110 - Column cxcr2 will now start being processed using MinMaxScaler
2024-03-07 14:08:00.129 | INFO     | preprocessing:encoders:110 - Column dab2 will now start being processed using MinMaxScaler
2024-03-07 14:08:00.131 | INFO     | preprocessing:encoders:110 - Column diras3 will now start being processed using MinMaxScaler
2024-03-07 14:08:00.140 | INFO     | preprocessing:encoders:110 - Column dlec1 will now start being processed using MinMaxScaler
2024-03-07 14:08:00.150 | INFO     | preprocessing:encoders:110 - Column dph1 will now start being processed using MinMaxScaler
2024-03-07 14:08:00.157 | INFO     | preprocessing:encoders:110 - Column egfr will now start being processed using MinMaxScaler
2024-03-07 14:08:00.161 | INFO     | preprocessing:encoders:110 - Column eif4e will now start being processed using MinMaxScaler
2024-03-07 14:08:00.161 | INFO     | preprocessing:encoders:110 - Column eif4ebp1 will now start being processed using MinMaxScaler
2024-03-07 14:08:00.169 | INFO     | preprocessing:encoders:110 - Column eif5a2 will now start being processed using MinMaxScaler
2024-03-07 14:08:00.174 | INFO     | preprocessing:encoders:110 - Column erbb2 will now start being processed using MinMaxScaler
2024-03-07 14:08:00.177 | INFO     | preprocessing:encoders:110 - Column erbb3 will now start being processed using MinMaxScaler
2024-03-07 14:08:00.182 | INFO     | preprocessing:encoders:110 - Column erbb4 will now start being processed using MinMaxScaler
2024-03-07 14:08:00.186 | INFO     | preprocessing:encoders:110 - Column fas will now start being processed using MinMaxScaler
2024-03-07 14:08:00.191 | INFO     | preprocessing:encoders:110 - Column fgf1 will now start being processed using MinMaxScaler
2024-03-07 14:08:00.192 | INFO     | preprocessing:encoders:110 - Column fgfr1 will now start being processed using MinMaxScaler
2024-03-07 14:08:00.199 | INFO     | preprocessing:encoders:110 - Column folr1 will now start being processed using MinMaxScaler
2024-03-07 14:08:00.204 | INFO     | preprocessing:encoders:110 - Column folr2 will now start being processed using MinMaxScaler
2024-03-07 14:08:00.208 | INFO     | preprocessing:encoders:110 - Column folr3 will now start being processed using MinMaxScaler
2024-03-07 14:08:00.210 | INFO     | preprocessing:encoders:110 - Column foxo1 will now start being processed using MinMaxScaler
2024-03-07 14:08:00.210 | INFO     | preprocessing:encoders:110 - Column foxo3 will now start being processed using MinMaxScaler
2024-03-07 14:08:00.220 | INFO     | preprocessing:encoders:110 - Column gdf11 will now start being processed using MinMaxScaler
2024-03-07 14:08:00.222 | INFO     | preprocessing:encoders:110 - Column gdf2 will now start being processed using MinMaxScaler
2024-03-07 14:08:00.229 | INFO     | preprocessing:encoders:110 - Column gsk3b will now start being processed using MinMaxScaler
2024-03-07 14:08:00.231 | INFO     | preprocessing:encoders:110 - Column hif1a will now start being processed using MinMaxScaler
2024-03-07 14:08:00.237 | INFO     | preprocessing:encoders:110 - Column hla-g will now start being processed using MinMaxScaler
2024-03-07 14:08:00.240 | INFO     | preprocessing:encoders:110 - Column hras will now start being processed using MinMaxScaler
2024-03-07 14:08:00.246 | INFO     | preprocessing:encoders:110 - Column igf1 will now start being processed using MinMaxScaler
2024-03-07 14:08:00.248 | INFO     | preprocessing:encoders:110 - Column igf1r will now start being processed using MinMaxScaler
2024-03-07 14:08:00.254 | INFO     | preprocessing:encoders:110 - Column inha will now start being processed using MinMaxScaler
2024-03-07 14:08:00.256 | INFO     | preprocessing:encoders:110 - Column inhba will now start being processed using MinMaxScaler
2024-03-07 14:08:00.263 | INFO     | preprocessing:encoders:110 - Column inhbc will now start being processed using MinMaxScaler
2024-03-07 14:08:00.266 | INFO     | preprocessing:encoders:110 - Column itgav will now start being processed using MinMaxScaler
2024-03-07 14:08:00.272 | INFO     | preprocessing:encoders:110 - Column itgb3 will now start being processed using MinMaxScaler
2024-03-07 14:08:00.277 | INFO     | preprocessing:encoders:110 - Column izumo1r will now start being processed using MinMaxScaler
2024-03-07 14:08:00.278 | INFO     | preprocessing:encoders:110 - Column kdr will now start being processed using MinMaxScaler
2024-03-07 14:08:00.285 | INFO     | preprocessing:encoders:110 - Column kit will now start being processed using MinMaxScaler
2024-03-07 14:08:00.289 | INFO     | preprocessing:encoders:110 - Column kras will now start being processed using MinMaxScaler
2024-03-07 14:08:00.293 | INFO     | preprocessing:encoders:110 - Column map2k1 will now start being processed using MinMaxScaler
2024-03-07 14:08:00.298 | INFO     | preprocessing:encoders:110 - Column map2k2 will now start being processed using MinMaxScaler
2024-03-07 14:08:00.300 | INFO     | preprocessing:encoders:110 - Column map2k3 will now start being processed using MinMaxScaler
2024-03-07 14:08:00.307 | INFO     | preprocessing:encoders:110 - Column map2k4 will now start being processed using MinMaxScaler
2024-03-07 14:08:00.310 | INFO     | preprocessing:encoders:110 - Column map2k5 will now start being processed using MinMaxScaler
2024-03-07 14:08:00.310 | INFO     | preprocessing:encoders:110 - Column map3k1 will now start being processed using MinMaxScaler
2024-03-07 14:08:00.319 | INFO     | preprocessing:encoders:110 - Column map3k3 will now start being processed using MinMaxScaler
2024-03-07 14:08:00.323 | INFO     | preprocessing:encoders:110 - Column map3k4 will now start being processed using MinMaxScaler
2024-03-07 14:08:00.323 | INFO     | preprocessing:encoders:110 - Column map3k5 will now start being processed using MinMaxScaler
2024-03-07 14:08:00.337 | INFO     | preprocessing:encoders:110 - Column mapk1 will now start being processed using MinMaxScaler
2024-03-07 14:08:00.342 | INFO     | preprocessing:encoders:110 - Column mapk12 will now start being processed using MinMaxScaler
2024-03-07 14:08:00.344 | INFO     | preprocessing:encoders:110 - Column mapk14 will now start being processed using MinMaxScaler
2024-03-07 14:08:00.352 | INFO     | preprocessing:encoders:110 - Column mapk3 will now start being processed using MinMaxScaler
2024-03-07 14:08:00.356 | INFO     | preprocessing:encoders:110 - Column mapk4 will now start being processed using MinMaxScaler
2024-03-07 14:08:00.361 | INFO     | preprocessing:encoders:110 - Column mapk6 will now start being processed using MinMaxScaler
2024-03-07 14:08:00.363 | INFO     | preprocessing:encoders:110 - Column mapk7 will now start being processed using MinMaxScaler
2024-03-07 14:08:00.370 | INFO     | preprocessing:encoders:110 - Column mapk8 will now start being processed using MinMaxScaler
2024-03-07 14:08:00.375 | INFO     | preprocessing:encoders:110 - Column mapk9 will now start being processed using MinMaxScaler
2024-03-07 14:08:00.378 | INFO     | preprocessing:encoders:110 - Column mdc1 will now start being processed using MinMaxScaler
2024-03-07 14:08:00.383 | INFO     | preprocessing:encoders:110 - Column mlst8 will now start being processed using MinMaxScaler
2024-03-07 14:08:00.387 | INFO     | preprocessing:encoders:110 - Column mmp1 will now start being processed using MinMaxScaler
2024-03-07 14:08:00.391 | INFO     | preprocessing:encoders:110 - Column mmp10 will now start being processed using MinMaxScaler
2024-03-07 14:08:00.393 | INFO     | preprocessing:encoders:110 - Column mmp11 will now start being processed using MinMaxScaler
2024-03-07 14:08:00.400 | INFO     | preprocessing:encoders:110 - Column mmp12 will now start being processed using MinMaxScaler
2024-03-07 14:08:00.404 | INFO     | preprocessing:encoders:110 - Column mmp13 will now start being processed using MinMaxScaler
2024-03-07 14:08:00.408 | INFO     | preprocessing:encoders:110 - Column mmp14 will now start being processed using MinMaxScaler
2024-03-07 14:08:00.410 | INFO     | preprocessing:encoders:110 - Column mmp15 will now start being processed using MinMaxScaler
2024-03-07 14:08:00.410 | INFO     | preprocessing:encoders:110 - Column mmp16 will now start being processed using MinMaxScaler
2024-03-07 14:08:00.423 | INFO     | preprocessing:encoders:110 - Column mmp17 will now start being processed using MinMaxScaler
2024-03-07 14:08:00.432 | INFO     | preprocessing:encoders:110 - Column mmp19 will now start being processed using MinMaxScaler
2024-03-07 14:08:00.443 | INFO     | preprocessing:encoders:110 - Column mmp2 will now start being processed using MinMaxScaler
2024-03-07 14:08:00.451 | INFO     | preprocessing:encoders:110 - Column mmp21 will now start being processed using MinMaxScaler
2024-03-07 14:08:00.455 | INFO     | preprocessing:encoders:110 - Column mmp23b will now start being processed using MinMaxScaler
2024-03-07 14:08:00.460 | INFO     | preprocessing:encoders:110 - Column mmp24 will now start being processed using MinMaxScaler
2024-03-07 14:08:00.462 | INFO     | preprocessing:encoders:110 - Column mmp25 will now start being processed using MinMaxScaler
2024-03-07 14:08:00.462 | INFO     | preprocessing:encoders:110 - Column mmp26 will now start being processed using MinMaxScaler
2024-03-07 14:08:00.473 | INFO     | preprocessing:encoders:110 - Column mmp27 will now start being processed using MinMaxScaler
2024-03-07 14:08:00.475 | INFO     | preprocessing:encoders:110 - Column mmp28 will now start being processed using MinMaxScaler
2024-03-07 14:08:00.475 | INFO     | preprocessing:encoders:110 - Column mmp3 will now start being processed using MinMaxScaler
2024-03-07 14:08:00.487 | INFO     | preprocessing:encoders:110 - Column mmp7 will now start being processed using MinMaxScaler
2024-03-07 14:08:00.488 | INFO     | preprocessing:encoders:110 - Column mmp9 will now start being processed using MinMaxScaler
2024-03-07 14:08:00.488 | INFO     | preprocessing:encoders:110 - Column mtor will now start being processed using MinMaxScaler
2024-03-07 14:08:00.488 | INFO     | preprocessing:encoders:110 - Column nfkb1 will now start being processed using MinMaxScaler
2024-03-07 14:08:00.504 | INFO     | preprocessing:encoders:110 - Column nfkb2 will now start being processed using MinMaxScaler
2024-03-07 14:08:00.506 | INFO     | preprocessing:encoders:110 - Column opcml will now start being processed using MinMaxScaler
2024-03-07 14:08:00.510 | INFO     | preprocessing:encoders:110 - Column pdgfa will now start being processed using MinMaxScaler
2024-03-07 14:08:00.517 | INFO     | preprocessing:encoders:110 - Column pdgfb will now start being processed using MinMaxScaler
2024-03-07 14:08:00.521 | INFO     | preprocessing:encoders:110 - Column pdgfra will now start being processed using MinMaxScaler
2024-03-07 14:08:00.521 | INFO     | preprocessing:encoders:110 - Column pdgfrb will now start being processed using MinMaxScaler
2024-03-07 14:08:00.530 | INFO     | preprocessing:encoders:110 - Column pdpk1 will now start being processed using MinMaxScaler
2024-03-07 14:08:00.533 | INFO     | preprocessing:encoders:110 - Column peg3 will now start being processed using MinMaxScaler
2024-03-07 14:08:00.540 | INFO     | preprocessing:encoders:110 - Column pik3ca will now start being processed using MinMaxScaler
2024-03-07 14:08:00.544 | INFO     | preprocessing:encoders:110 - Column pik3r1 will now start being processed using MinMaxScaler
2024-03-07 14:08:00.548 | INFO     | preprocessing:encoders:110 - Column pik3r2 will now start being processed using MinMaxScaler
2024-03-07 14:08:00.550 | INFO     | preprocessing:encoders:110 - Column plagl1 will now start being processed using MinMaxScaler
2024-03-07 14:08:00.557 | INFO     | preprocessing:encoders:110 - Column ptk2 will now start being processed using MinMaxScaler
2024-03-07 14:08:00.560 | INFO     | preprocessing:encoders:110 - Column rab25 will now start being processed using MinMaxScaler
2024-03-07 14:08:00.565 | INFO     | preprocessing:encoders:110 - Column rad51 will now start being processed using MinMaxScaler
2024-03-07 14:08:00.567 | INFO     | preprocessing:encoders:110 - Column raf1 will now start being processed using MinMaxScaler
2024-03-07 14:08:00.575 | INFO     | preprocessing:encoders:110 - Column rassf1 will now start being processed using MinMaxScaler
2024-03-07 14:08:00.580 | INFO     | preprocessing:encoders:110 - Column rheb will now start being processed using MinMaxScaler
2024-03-07 14:08:00.584 | INFO     | preprocessing:encoders:110 - Column rictor will now start being processed using MinMaxScaler
2024-03-07 14:08:00.590 | INFO     | preprocessing:encoders:110 - Column rps6 will now start being processed using MinMaxScaler
2024-03-07 14:08:00.594 | INFO     | preprocessing:encoders:110 - Column rps6ka1 will now start being processed using MinMaxScaler
2024-03-07 14:08:00.596 | INFO     | preprocessing:encoders:110 - Column rps6ka2 will now start being processed using MinMaxScaler
2024-03-07 14:08:00.603 | INFO     | preprocessing:encoders:110 - Column rps6kb1 will now start being processed using MinMaxScaler
2024-03-07 14:08:00.608 | INFO     | preprocessing:encoders:110 - Column rps6kb2 will now start being processed using MinMaxScaler
2024-03-07 14:08:00.613 | INFO     | preprocessing:encoders:110 - Column rptor will now start being processed using MinMaxScaler
2024-03-07 14:08:00.618 | INFO     | preprocessing:encoders:110 - Column slc19a1 will now start being processed using MinMaxScaler
2024-03-07 14:08:00.620 | INFO     | preprocessing:encoders:110 - Column smad1 will now start being processed using MinMaxScaler
2024-03-07 14:08:00.620 | INFO     | preprocessing:encoders:110 - Column smad2 will now start being processed using MinMaxScaler
2024-03-07 14:08:00.636 | INFO     | preprocessing:encoders:110 - Column smad3 will now start being processed using MinMaxScaler
2024-03-07 14:08:00.637 | INFO     | preprocessing:encoders:110 - Column smad4 will now start being processed using MinMaxScaler
2024-03-07 14:08:00.645 | INFO     | preprocessing:encoders:110 - Column smad5 will now start being processed using MinMaxScaler
2024-03-07 14:08:00.647 | INFO     | preprocessing:encoders:110 - Column smad6 will now start being processed using MinMaxScaler
2024-03-07 14:08:00.654 | INFO     | preprocessing:encoders:110 - Column smad7 will now start being processed using MinMaxScaler
2024-03-07 14:08:00.659 | INFO     | preprocessing:encoders:110 - Column smad9 will now start being processed using MinMaxScaler
2024-03-07 14:08:00.661 | INFO     | preprocessing:encoders:110 - Column sptbn1 will now start being processed using MinMaxScaler
2024-03-07 14:08:00.661 | INFO     | preprocessing:encoders:110 - Column terc will now start being processed using MinMaxScaler
2024-03-07 14:08:00.673 | INFO     | preprocessing:encoders:110 - Column tert will now start being processed using MinMaxScaler
2024-03-07 14:08:00.674 | INFO     | preprocessing:encoders:110 - Column tgfb1 will now start being processed using MinMaxScaler
2024-03-07 14:08:00.674 | INFO     | preprocessing:encoders:110 - Column tgfb2 will now start being processed using MinMaxScaler
2024-03-07 14:08:00.686 | INFO     | preprocessing:encoders:110 - Column tgfb3 will now start being processed using MinMaxScaler
2024-03-07 14:08:00.688 | INFO     | preprocessing:encoders:110 - Column tgfbr1 will now start being processed using MinMaxScaler
2024-03-07 14:08:00.688 | INFO     | preprocessing:encoders:110 - Column tgfbr2 will now start being processed using MinMaxScaler
2024-03-07 14:08:00.699 | INFO     | preprocessing:encoders:110 - Column tgfbr3 will now start being processed using MinMaxScaler
2024-03-07 14:08:00.704 | INFO     | preprocessing:encoders:110 - Column tsc1 will now start being processed using MinMaxScaler
2024-03-07 14:08:00.708 | INFO     | preprocessing:encoders:110 - Column tsc2 will now start being processed using MinMaxScaler
2024-03-07 14:08:00.710 | INFO     | preprocessing:encoders:110 - Column vegfa will now start being processed using MinMaxScaler
2024-03-07 14:08:00.716 | INFO     | preprocessing:encoders:110 - Column vegfb will now start being processed using MinMaxScaler
2024-03-07 14:08:00.721 | INFO     | preprocessing:encoders:110 - Column wfdc2 will now start being processed using MinMaxScaler
2024-03-07 14:08:00.725 | INFO     | preprocessing:encoders:110 - Column wwox will now start being processed using MinMaxScaler
2024-03-07 14:08:00.726 | INFO     | preprocessing:encoders:110 - Column zfyve9 will now start being processed using MinMaxScaler
2024-03-07 14:08:00.726 | INFO     | preprocessing:encoders:110 - Column arid1a will now start being processed using MinMaxScaler
2024-03-07 14:08:00.738 | INFO     | preprocessing:encoders:110 - Column arid1b will now start being processed using MinMaxScaler
2024-03-07 14:08:00.740 | INFO     | preprocessing:encoders:110 - Column cbfb will now start being processed using MinMaxScaler
2024-03-07 14:08:00.740 | INFO     | preprocessing:encoders:110 - Column gata3 will now start being processed using MinMaxScaler
2024-03-07 14:08:00.751 | INFO     | preprocessing:encoders:110 - Column kmt2c will now start being processed using MinMaxScaler
2024-03-07 14:08:00.755 | INFO     | preprocessing:encoders:110 - Column kmt2d will now start being processed using MinMaxScaler
2024-03-07 14:08:00.760 | INFO     | preprocessing:encoders:110 - Column myh9 will now start being processed using MinMaxScaler
2024-03-07 14:08:00.760 | INFO     | preprocessing:encoders:110 - Column ncor1 will now start being processed using MinMaxScaler
2024-03-07 14:08:00.768 | INFO     | preprocessing:encoders:110 - Column pde4dip will now start being processed using MinMaxScaler
2024-03-07 14:08:00.772 | INFO     | preprocessing:encoders:110 - Column ptprd will now start being processed using MinMaxScaler
2024-03-07 14:08:00.777 | INFO     | preprocessing:encoders:110 - Column ros1 will now start being processed using MinMaxScaler
2024-03-07 14:08:00.781 | INFO     | preprocessing:encoders:110 - Column runx1 will now start being processed using MinMaxScaler
2024-03-07 14:08:00.783 | INFO     | preprocessing:encoders:110 - Column tbx3 will now start being processed using MinMaxScaler
2024-03-07 14:08:00.790 | INFO     | preprocessing:encoders:110 - Column abcb1 will now start being processed using MinMaxScaler
2024-03-07 14:08:00.794 | INFO     | preprocessing:encoders:110 - Column abcb11 will now start being processed using MinMaxScaler
2024-03-07 14:08:00.798 | INFO     | preprocessing:encoders:110 - Column abcc1 will now start being processed using MinMaxScaler
2024-03-07 14:08:00.801 | INFO     | preprocessing:encoders:110 - Column abcc10 will now start being processed using MinMaxScaler
2024-03-07 14:08:00.807 | INFO     | preprocessing:encoders:110 - Column bbc3 will now start being processed using MinMaxScaler
2024-03-07 14:08:00.810 | INFO     | preprocessing:encoders:110 - Column bmf will now start being processed using MinMaxScaler
2024-03-07 14:08:00.810 | INFO     | preprocessing:encoders:110 - Column cyp2c8 will now start being processed using MinMaxScaler
2024-03-07 14:08:00.820 | INFO     | preprocessing:encoders:110 - Column cyp3a4 will now start being processed using MinMaxScaler
2024-03-07 14:08:00.825 | INFO     | preprocessing:encoders:110 - Column fgf2 will now start being processed using MinMaxScaler
2024-03-07 14:08:00.829 | INFO     | preprocessing:encoders:110 - Column fn1 will now start being processed using MinMaxScaler
2024-03-07 14:08:00.833 | INFO     | preprocessing:encoders:110 - Column map2 will now start being processed using MinMaxScaler
2024-03-07 14:08:00.838 | INFO     | preprocessing:encoders:110 - Column map4 will now start being processed using MinMaxScaler
2024-03-07 14:08:00.840 | INFO     | preprocessing:encoders:110 - Column mapt will now start being processed using MinMaxScaler
2024-03-07 14:08:00.840 | INFO     | preprocessing:encoders:110 - Column nr1i2 will now start being processed using MinMaxScaler
2024-03-07 14:08:00.850 | INFO     | preprocessing:encoders:110 - Column slco1b3 will now start being processed using MinMaxScaler
2024-03-07 14:08:00.854 | INFO     | preprocessing:encoders:110 - Column tubb1 will now start being processed using MinMaxScaler
2024-03-07 14:08:00.859 | INFO     | preprocessing:encoders:110 - Column tubb4a will now start being processed using MinMaxScaler
2024-03-07 14:08:00.863 | INFO     | preprocessing:encoders:110 - Column tubb4b will now start being processed using MinMaxScaler
2024-03-07 14:08:00.865 | INFO     | preprocessing:encoders:110 - Column twist1 will now start being processed using MinMaxScaler
2024-03-07 14:08:00.872 | INFO     | preprocessing:encoders:110 - Column adgra2 will now start being processed using MinMaxScaler
2024-03-07 14:08:00.874 | INFO     | preprocessing:encoders:110 - Column afdn will now start being processed using MinMaxScaler
2024-03-07 14:08:00.874 | INFO     | preprocessing:encoders:110 - Column aff2 will now start being processed using MinMaxScaler
2024-03-07 14:08:00.885 | INFO     | preprocessing:encoders:110 - Column agmo will now start being processed using MinMaxScaler
2024-03-07 14:08:00.887 | INFO     | preprocessing:encoders:110 - Column agtr2 will now start being processed using MinMaxScaler
2024-03-07 14:08:00.894 | INFO     | preprocessing:encoders:110 - Column ahnak will now start being processed using MinMaxScaler
2024-03-07 14:08:00.896 | INFO     | preprocessing:encoders:110 - Column ahnak2 will now start being processed using MinMaxScaler
2024-03-07 14:08:00.903 | INFO     | preprocessing:encoders:110 - Column akap9 will now start being processed using MinMaxScaler
2024-03-07 14:08:00.907 | INFO     | preprocessing:encoders:110 - Column alk will now start being processed using MinMaxScaler
2024-03-07 14:08:00.911 | INFO     | preprocessing:encoders:110 - Column apc will now start being processed using MinMaxScaler
2024-03-07 14:08:00.916 | INFO     | preprocessing:encoders:110 - Column arid2 will now start being processed using MinMaxScaler
2024-03-07 14:08:00.920 | INFO     | preprocessing:encoders:110 - Column arid5b will now start being processed using MinMaxScaler
2024-03-07 14:08:00.925 | INFO     | preprocessing:encoders:110 - Column asxl1 will now start being processed using MinMaxScaler
2024-03-07 14:08:00.926 | INFO     | preprocessing:encoders:110 - Column asxl2 will now start being processed using MinMaxScaler
2024-03-07 14:08:00.933 | INFO     | preprocessing:encoders:110 - Column bap1 will now start being processed using MinMaxScaler
2024-03-07 14:08:00.938 | INFO     | preprocessing:encoders:110 - Column bcas3 will now start being processed using MinMaxScaler
2024-03-07 14:08:00.942 | INFO     | preprocessing:encoders:110 - Column birc6 will now start being processed using MinMaxScaler
2024-03-07 14:08:00.946 | INFO     | preprocessing:encoders:110 - Column cacna2d3 will now start being processed using MinMaxScaler
2024-03-07 14:08:00.948 | INFO     | preprocessing:encoders:110 - Column ccnd3 will now start being processed using MinMaxScaler
2024-03-07 14:08:00.955 | INFO     | preprocessing:encoders:110 - Column chd1 will now start being processed using MinMaxScaler
2024-03-07 14:08:00.957 | INFO     | preprocessing:encoders:110 - Column clk3 will now start being processed using MinMaxScaler
2024-03-07 14:08:00.957 | INFO     | preprocessing:encoders:110 - Column clrn2 will now start being processed using MinMaxScaler
2024-03-07 14:08:00.968 | INFO     | preprocessing:encoders:110 - Column col12a1 will now start being processed using MinMaxScaler
2024-03-07 14:08:00.972 | INFO     | preprocessing:encoders:110 - Column col22a1 will now start being processed using MinMaxScaler
2024-03-07 14:08:00.976 | INFO     | preprocessing:encoders:110 - Column col6a3 will now start being processed using MinMaxScaler
2024-03-07 14:08:00.976 | INFO     | preprocessing:encoders:110 - Column ctcf will now start being processed using MinMaxScaler
2024-03-07 14:08:00.985 | INFO     | preprocessing:encoders:110 - Column ctnna1 will now start being processed using MinMaxScaler
2024-03-07 14:08:00.988 | INFO     | preprocessing:encoders:110 - Column ctnna3 will now start being processed using MinMaxScaler
2024-03-07 14:08:00.995 | INFO     | preprocessing:encoders:110 - Column dnah11 will now start being processed using MinMaxScaler
2024-03-07 14:08:00.997 | INFO     | preprocessing:encoders:110 - Column dnah2 will now start being processed using MinMaxScaler
2024-03-07 14:08:01.004 | INFO     | preprocessing:encoders:110 - Column dnah5 will now start being processed using MinMaxScaler
2024-03-07 14:08:01.008 | INFO     | preprocessing:encoders:110 - Column dtwd2 will now start being processed using MinMaxScaler
2024-03-07 14:08:01.012 | INFO     | preprocessing:encoders:110 - Column fam20c will now start being processed using MinMaxScaler
2024-03-07 14:08:01.015 | INFO     | preprocessing:encoders:110 - Column fanca will now start being processed using MinMaxScaler
2024-03-07 14:08:01.021 | INFO     | preprocessing:encoders:110 - Column fancd2 will now start being processed using MinMaxScaler
2024-03-07 14:08:01.023 | INFO     | preprocessing:encoders:110 - Column flt3 will now start being processed using MinMaxScaler
2024-03-07 14:08:01.023 | INFO     | preprocessing:encoders:110 - Column foxp1 will now start being processed using MinMaxScaler
2024-03-07 14:08:01.034 | INFO     | preprocessing:encoders:110 - Column frmd3 will now start being processed using MinMaxScaler
2024-03-07 14:08:01.039 | INFO     | preprocessing:encoders:110 - Column gh1 will now start being processed using MinMaxScaler
2024-03-07 14:08:01.044 | INFO     | preprocessing:encoders:110 - Column gldc will now start being processed using MinMaxScaler
2024-03-07 14:08:01.044 | INFO     | preprocessing:encoders:110 - Column gpr32 will now start being processed using MinMaxScaler
2024-03-07 14:08:01.052 | INFO     | preprocessing:encoders:110 - Column gps2 will now start being processed using MinMaxScaler
2024-03-07 14:08:01.054 | INFO     | preprocessing:encoders:110 - Column hdac9 will now start being processed using MinMaxScaler
2024-03-07 14:08:01.063 | INFO     | preprocessing:encoders:110 - Column herc2 will now start being processed using MinMaxScaler
2024-03-07 14:08:01.064 | INFO     | preprocessing:encoders:110 - Column hist1h2bc will now start being processed using MinMaxScaler
2024-03-07 14:08:01.071 | INFO     | preprocessing:encoders:110 - Column kdm3a will now start being processed using MinMaxScaler
2024-03-07 14:08:01.076 | INFO     | preprocessing:encoders:110 - Column kdm6a will now start being processed using MinMaxScaler
2024-03-07 14:08:01.080 | INFO     | preprocessing:encoders:110 - Column klrg1 will now start being processed using MinMaxScaler
2024-03-07 14:08:01.082 | INFO     | preprocessing:encoders:110 - Column l1cam will now start being processed using MinMaxScaler
2024-03-07 14:08:01.089 | INFO     | preprocessing:encoders:110 - Column lama2 will now start being processed using MinMaxScaler
2024-03-07 14:08:01.092 | INFO     | preprocessing:encoders:110 - Column lamb3 will now start being processed using MinMaxScaler
2024-03-07 14:08:01.098 | INFO     | preprocessing:encoders:110 - Column large1 will now start being processed using MinMaxScaler
2024-03-07 14:08:01.101 | INFO     | preprocessing:encoders:110 - Column ldlrap1 will now start being processed using MinMaxScaler
2024-03-07 14:08:01.107 | INFO     | preprocessing:encoders:110 - Column lifr will now start being processed using MinMaxScaler
2024-03-07 14:08:01.111 | INFO     | preprocessing:encoders:110 - Column lipi will now start being processed using MinMaxScaler
2024-03-07 14:08:01.116 | INFO     | preprocessing:encoders:110 - Column magea8 will now start being processed using MinMaxScaler
2024-03-07 14:08:01.120 | INFO     | preprocessing:encoders:110 - Column map3k10 will now start being processed using MinMaxScaler
2024-03-07 14:08:01.122 | INFO     | preprocessing:encoders:110 - Column map3k13 will now start being processed using MinMaxScaler
2024-03-07 14:08:01.122 | INFO     | preprocessing:encoders:110 - Column men1 will now start being processed using MinMaxScaler
2024-03-07 14:08:01.133 | INFO     | preprocessing:encoders:110 - Column mtap will now start being processed using MinMaxScaler
2024-03-07 14:08:01.138 | INFO     | preprocessing:encoders:110 - Column muc16 will now start being processed using MinMaxScaler
2024-03-07 14:08:01.142 | INFO     | preprocessing:encoders:110 - Column myo1a will now start being processed using MinMaxScaler
2024-03-07 14:08:01.147 | INFO     | preprocessing:encoders:110 - Column myo3a will now start being processed using MinMaxScaler
2024-03-07 14:08:01.149 | INFO     | preprocessing:encoders:110 - Column ncoa3 will now start being processed using MinMaxScaler
2024-03-07 14:08:01.154 | INFO     | preprocessing:encoders:110 - Column nek1 will now start being processed using MinMaxScaler
2024-03-07 14:08:01.154 | INFO     | preprocessing:encoders:110 - Column nf2 will now start being processed using MinMaxScaler
2024-03-07 14:08:01.164 | INFO     | preprocessing:encoders:110 - Column npnt will now start being processed using MinMaxScaler
2024-03-07 14:08:01.166 | INFO     | preprocessing:encoders:110 - Column nr2f1 will now start being processed using MinMaxScaler
2024-03-07 14:08:01.173 | INFO     | preprocessing:encoders:110 - Column nr3c1 will now start being processed using MinMaxScaler
2024-03-07 14:08:01.175 | INFO     | preprocessing:encoders:110 - Column nras will now start being processed using MinMaxScaler
2024-03-07 14:08:01.175 | INFO     | preprocessing:encoders:110 - Column nrg3 will now start being processed using MinMaxScaler
2024-03-07 14:08:01.186 | INFO     | preprocessing:encoders:110 - Column nt5e will now start being processed using MinMaxScaler
2024-03-07 14:08:01.189 | INFO     | preprocessing:encoders:110 - Column or6a2 will now start being processed using MinMaxScaler
2024-03-07 14:08:01.195 | INFO     | preprocessing:encoders:110 - Column palld will now start being processed using MinMaxScaler
2024-03-07 14:08:01.197 | INFO     | preprocessing:encoders:110 - Column pbrm1 will now start being processed using MinMaxScaler
2024-03-07 14:08:01.204 | INFO     | preprocessing:encoders:110 - Column ppp2cb will now start being processed using MinMaxScaler
2024-03-07 14:08:01.206 | INFO     | preprocessing:encoders:110 - Column ppp2r2a will now start being processed using MinMaxScaler
2024-03-07 14:08:01.213 | INFO     | preprocessing:encoders:110 - Column prkacg will now start being processed using MinMaxScaler
2024-03-07 14:08:01.217 | INFO     | preprocessing:encoders:110 - Column prkce will now start being processed using MinMaxScaler
2024-03-07 14:08:01.222 | INFO     | preprocessing:encoders:110 - Column prkcq will now start being processed using MinMaxScaler
2024-03-07 14:08:01.225 | INFO     | preprocessing:encoders:110 - Column prkcz will now start being processed using MinMaxScaler
2024-03-07 14:08:01.230 | INFO     | preprocessing:encoders:110 - Column prkg1 will now start being processed using MinMaxScaler
2024-03-07 14:08:01.232 | INFO     | preprocessing:encoders:110 - Column prps2 will now start being processed using MinMaxScaler
2024-03-07 14:08:01.239 | INFO     | preprocessing:encoders:110 - Column prr16 will now start being processed using MinMaxScaler
2024-03-07 14:08:01.242 | INFO     | preprocessing:encoders:110 - Column ptpn22 will now start being processed using MinMaxScaler
2024-03-07 14:08:01.242 | INFO     | preprocessing:encoders:110 - Column ptprm will now start being processed using MinMaxScaler
2024-03-07 14:08:01.252 | INFO     | preprocessing:encoders:110 - Column rasgef1b will now start being processed using MinMaxScaler
2024-03-07 14:08:01.254 | INFO     | preprocessing:encoders:110 - Column rpgr will now start being processed using MinMaxScaler
2024-03-07 14:08:01.261 | INFO     | preprocessing:encoders:110 - Column ryr2 will now start being processed using MinMaxScaler
2024-03-07 14:08:01.263 | INFO     | preprocessing:encoders:110 - Column sbno1 will now start being processed using MinMaxScaler
2024-03-07 14:08:01.270 | INFO     | preprocessing:encoders:110 - Column setd1a will now start being processed using MinMaxScaler
2024-03-07 14:08:01.272 | INFO     | preprocessing:encoders:110 - Column setd2 will now start being processed using MinMaxScaler
2024-03-07 14:08:01.272 | INFO     | preprocessing:encoders:110 - Column setdb1 will now start being processed using MinMaxScaler
2024-03-07 14:08:01.283 | INFO     | preprocessing:encoders:110 - Column sf3b1 will now start being processed using MinMaxScaler
2024-03-07 14:08:01.288 | INFO     | preprocessing:encoders:110 - Column sgcd will now start being processed using MinMaxScaler
2024-03-07 14:08:01.292 | INFO     | preprocessing:encoders:110 - Column shank2 will now start being processed using MinMaxScaler
2024-03-07 14:08:01.292 | INFO     | preprocessing:encoders:110 - Column siah1 will now start being processed using MinMaxScaler
2024-03-07 14:08:01.301 | INFO     | preprocessing:encoders:110 - Column sik1 will now start being processed using MinMaxScaler
2024-03-07 14:08:01.304 | INFO     | preprocessing:encoders:110 - Column sik2 will now start being processed using MinMaxScaler
2024-03-07 14:08:01.311 | INFO     | preprocessing:encoders:110 - Column smarcb1 will now start being processed using MinMaxScaler
2024-03-07 14:08:01.313 | INFO     | preprocessing:encoders:110 - Column smarcc1 will now start being processed using MinMaxScaler
2024-03-07 14:08:01.320 | INFO     | preprocessing:encoders:110 - Column smarcc2 will now start being processed using MinMaxScaler
2024-03-07 14:08:01.324 | INFO     | preprocessing:encoders:110 - Column smarcd1 will now start being processed using MinMaxScaler
2024-03-07 14:08:01.326 | INFO     | preprocessing:encoders:110 - Column spaca1 will now start being processed using MinMaxScaler
2024-03-07 14:08:01.333 | INFO     | preprocessing:encoders:110 - Column stab2 will now start being processed using MinMaxScaler
2024-03-07 14:08:01.336 | INFO     | preprocessing:encoders:110 - Column stmn2 will now start being processed using MinMaxScaler
2024-03-07 14:08:01.336 | INFO     | preprocessing:encoders:110 - Column syne1 will now start being processed using MinMaxScaler
2024-03-07 14:08:01.346 | INFO     | preprocessing:encoders:110 - Column taf1 will now start being processed using MinMaxScaler
2024-03-07 14:08:01.348 | INFO     | preprocessing:encoders:110 - Column taf4b will now start being processed using MinMaxScaler
2024-03-07 14:08:01.356 | INFO     | preprocessing:encoders:110 - Column tbl1xr1 will now start being processed using MinMaxScaler
2024-03-07 14:08:01.357 | INFO     | preprocessing:encoders:110 - Column tg will now start being processed using MinMaxScaler
2024-03-07 14:08:01.365 | INFO     | preprocessing:encoders:110 - Column thada will now start being processed using MinMaxScaler
2024-03-07 14:08:01.369 | INFO     | preprocessing:encoders:110 - Column thsd7a will now start being processed using MinMaxScaler
2024-03-07 14:08:01.374 | INFO     | preprocessing:encoders:110 - Column ttyh1 will now start being processed using MinMaxScaler
2024-03-07 14:08:01.377 | INFO     | preprocessing:encoders:110 - Column ubr5 will now start being processed using MinMaxScaler
2024-03-07 14:08:01.383 | INFO     | preprocessing:encoders:110 - Column ush2a will now start being processed using MinMaxScaler
2024-03-07 14:08:01.388 | INFO     | preprocessing:encoders:110 - Column usp9x will now start being processed using MinMaxScaler
2024-03-07 14:08:01.392 | INFO     | preprocessing:encoders:110 - Column utrn will now start being processed using MinMaxScaler
2024-03-07 14:08:01.397 | INFO     | preprocessing:encoders:110 - Column zfp36l1 will now start being processed using MinMaxScaler
2024-03-07 14:08:01.401 | INFO     | preprocessing:encoders:110 - Column ackr3 will now start being processed using MinMaxScaler
2024-03-07 14:08:01.406 | INFO     | preprocessing:encoders:110 - Column akr1c1 will now start being processed using MinMaxScaler
2024-03-07 14:08:01.409 | INFO     | preprocessing:encoders:110 - Column akr1c2 will now start being processed using MinMaxScaler
2024-03-07 14:08:01.415 | INFO     | preprocessing:encoders:110 - Column akr1c3 will now start being processed using MinMaxScaler
2024-03-07 14:08:01.420 | INFO     | preprocessing:encoders:110 - Column akr1c4 will now start being processed using MinMaxScaler
2024-03-07 14:08:01.424 | INFO     | preprocessing:encoders:110 - Column akt3 will now start being processed using MinMaxScaler
2024-03-07 14:08:01.426 | INFO     | preprocessing:encoders:110 - Column ar will now start being processed using MinMaxScaler
2024-03-07 14:08:01.433 | INFO     | preprocessing:encoders:110 - Column bche will now start being processed using MinMaxScaler
2024-03-07 14:08:01.436 | INFO     | preprocessing:encoders:110 - Column cdk8 will now start being processed using MinMaxScaler
2024-03-07 14:08:01.436 | INFO     | preprocessing:encoders:110 - Column cdkn2c will now start being processed using MinMaxScaler
2024-03-07 14:08:01.446 | INFO     | preprocessing:encoders:110 - Column cyb5a will now start being processed using MinMaxScaler
2024-03-07 14:08:01.449 | INFO     | preprocessing:encoders:110 - Column cyp11a1 will now start being processed using MinMaxScaler
2024-03-07 14:08:01.456 | INFO     | preprocessing:encoders:110 - Column cyp11b2 will now start being processed using MinMaxScaler
2024-03-07 14:08:01.459 | INFO     | preprocessing:encoders:110 - Column cyp17a1 will now start being processed using MinMaxScaler
2024-03-07 14:08:01.459 | INFO     | preprocessing:encoders:110 - Column cyp19a1 will now start being processed using MinMaxScaler
2024-03-07 14:08:01.469 | INFO     | preprocessing:encoders:110 - Column cyp21a2 will now start being processed using MinMaxScaler
2024-03-07 14:08:01.471 | INFO     | preprocessing:encoders:110 - Column cyp3a43 will now start being processed using MinMaxScaler
2024-03-07 14:08:01.478 | INFO     | preprocessing:encoders:110 - Column cyp3a5 will now start being processed using MinMaxScaler
2024-03-07 14:08:01.481 | INFO     | preprocessing:encoders:110 - Column cyp3a7 will now start being processed using MinMaxScaler
2024-03-07 14:08:01.487 | INFO     | preprocessing:encoders:110 - Column ddc will now start being processed using MinMaxScaler
2024-03-07 14:08:01.489 | INFO     | preprocessing:encoders:110 - Column hes6 will now start being processed using MinMaxScaler
2024-03-07 14:08:01.496 | INFO     | preprocessing:encoders:110 - Column hsd17b1 will now start being processed using MinMaxScaler
2024-03-07 14:08:01.498 | INFO     | preprocessing:encoders:110 - Column hsd17b10 will now start being processed using MinMaxScaler
2024-03-07 14:08:01.505 | INFO     | preprocessing:encoders:110 - Column hsd17b11 will now start being processed using MinMaxScaler
2024-03-07 14:08:01.508 | INFO     | preprocessing:encoders:110 - Column hsd17b12 will now start being processed using MinMaxScaler
2024-03-07 14:08:01.514 | INFO     | preprocessing:encoders:110 - Column hsd17b13 will now start being processed using MinMaxScaler
2024-03-07 14:08:01.516 | INFO     | preprocessing:encoders:110 - Column hsd17b14 will now start being processed using MinMaxScaler
2024-03-07 14:08:01.523 | INFO     | preprocessing:encoders:110 - Column hsd17b2 will now start being processed using MinMaxScaler
2024-03-07 14:08:01.525 | INFO     | preprocessing:encoders:110 - Column hsd17b3 will now start being processed using MinMaxScaler
2024-03-07 14:08:01.532 | INFO     | preprocessing:encoders:110 - Column hsd17b4 will now start being processed using MinMaxScaler
2024-03-07 14:08:01.536 | INFO     | preprocessing:encoders:110 - Column hsd17b6 will now start being processed using MinMaxScaler
2024-03-07 14:08:01.536 | INFO     | preprocessing:encoders:110 - Column hsd17b7 will now start being processed using MinMaxScaler
2024-03-07 14:08:01.545 | INFO     | preprocessing:encoders:110 - Column hsd17b8 will now start being processed using MinMaxScaler
2024-03-07 14:08:01.547 | INFO     | preprocessing:encoders:110 - Column hsd3b1 will now start being processed using MinMaxScaler
2024-03-07 14:08:01.555 | INFO     | preprocessing:encoders:110 - Column hsd3b2 will now start being processed using MinMaxScaler
2024-03-07 14:08:01.557 | INFO     | preprocessing:encoders:110 - Column hsd3b7 will now start being processed using MinMaxScaler
2024-03-07 14:08:01.563 | INFO     | preprocessing:encoders:110 - Column mecom will now start being processed using MinMaxScaler
2024-03-07 14:08:01.565 | INFO     | preprocessing:encoders:110 - Column met will now start being processed using MinMaxScaler
2024-03-07 14:08:01.572 | INFO     | preprocessing:encoders:110 - Column ncoa2 will now start being processed using MinMaxScaler
2024-03-07 14:08:01.575 | INFO     | preprocessing:encoders:110 - Column nrip1 will now start being processed using MinMaxScaler
2024-03-07 14:08:01.575 | INFO     | preprocessing:encoders:110 - Column pik3r3 will now start being processed using MinMaxScaler
2024-03-07 14:08:01.585 | INFO     | preprocessing:encoders:110 - Column prkci will now start being processed using MinMaxScaler
2024-03-07 14:08:01.587 | INFO     | preprocessing:encoders:110 - Column prkd1 will now start being processed using MinMaxScaler
2024-03-07 14:08:01.594 | INFO     | preprocessing:encoders:110 - Column ran will now start being processed using MinMaxScaler
2024-03-07 14:08:01.596 | INFO     | preprocessing:encoders:110 - Column rdh5 will now start being processed using MinMaxScaler
2024-03-07 14:08:01.603 | INFO     | preprocessing:encoders:110 - Column sdc4 will now start being processed using MinMaxScaler
2024-03-07 14:08:01.605 | INFO     | preprocessing:encoders:110 - Column serpini1 will now start being processed using MinMaxScaler
2024-03-07 14:08:01.612 | INFO     | preprocessing:encoders:110 - Column shbg will now start being processed using MinMaxScaler
2024-03-07 14:08:01.616 | INFO     | preprocessing:encoders:110 - Column slc29a1 will now start being processed using MinMaxScaler
2024-03-07 14:08:01.621 | INFO     | preprocessing:encoders:110 - Column sox9 will now start being processed using MinMaxScaler
2024-03-07 14:08:01.625 | INFO     | preprocessing:encoders:110 - Column spry2 will now start being processed using MinMaxScaler
2024-03-07 14:08:01.630 | INFO     | preprocessing:encoders:110 - Column srd5a1 will now start being processed using MinMaxScaler
2024-03-07 14:08:01.632 | INFO     | preprocessing:encoders:110 - Column srd5a2 will now start being processed using MinMaxScaler
2024-03-07 14:08:01.640 | INFO     | preprocessing:encoders:110 - Column srd5a3 will now start being processed using MinMaxScaler
2024-03-07 14:08:01.642 | INFO     | preprocessing:encoders:110 - Column st7 will now start being processed using MinMaxScaler
2024-03-07 14:08:01.642 | INFO     | preprocessing:encoders:110 - Column star will now start being processed using MinMaxScaler
2024-03-07 14:08:01.652 | INFO     | preprocessing:encoders:110 - Column tnk2 will now start being processed using MinMaxScaler
2024-03-07 14:08:01.654 | INFO     | preprocessing:encoders:110 - Column tulp4 will now start being processed using MinMaxScaler
2024-03-07 14:08:01.661 | INFO     | preprocessing:encoders:110 - Column ugt2b15 will now start being processed using MinMaxScaler
2024-03-07 14:08:01.663 | INFO     | preprocessing:encoders:110 - Column ugt2b17 will now start being processed using MinMaxScaler
2024-03-07 14:08:01.671 | INFO     | preprocessing:encoders:110 - Column ugt2b7 will now start being processed using MinMaxScaler
2024-03-07 14:08:01.673 | INFO     | preprocessing:encoders:38 - Pre-processing categorical columns
2024-03-07 14:08:01.692 | INFO     | preprocessing:encoders:110 - Column pik3ca_mut will now start being processed using OrdinalEncoder
2024-03-07 14:08:01.707 | INFO     | preprocessing:encoders:110 - Column tp53_mut will now start being processed using OrdinalEncoder
2024-03-07 14:08:01.721 | INFO     | preprocessing:encoders:110 - Column muc16_mut will now start being processed using OrdinalEncoder
2024-03-07 14:08:01.725 | INFO     | preprocessing:encoders:110 - Column ahnak2_mut will now start being processed using OrdinalEncoder
2024-03-07 14:08:01.742 | INFO     | preprocessing:encoders:110 - Column kmt2c_mut will now start being processed using OrdinalEncoder
2024-03-07 14:08:01.755 | INFO     | preprocessing:encoders:110 - Column syne1_mut will now start being processed using OrdinalEncoder
2024-03-07 14:08:01.773 | INFO     | preprocessing:encoders:110 - Column gata3_mut will now start being processed using OrdinalEncoder
2024-03-07 14:08:01.789 | INFO     | preprocessing:encoders:110 - Column map3k1_mut will now start being processed using OrdinalEncoder
2024-03-07 14:08:01.802 | INFO     | preprocessing:encoders:110 - Column ahnak_mut will now start being processed using OrdinalEncoder
2024-03-07 14:08:01.812 | INFO     | preprocessing:encoders:110 - Column dnah11_mut will now start being processed using OrdinalEncoder
2024-03-07 14:08:01.822 | INFO     | preprocessing:encoders:110 - Column cdh1_mut will now start being processed using OrdinalEncoder
2024-03-07 14:08:01.842 | INFO     | preprocessing:encoders:110 - Column dnah2_mut will now start being processed using OrdinalEncoder
2024-03-07 14:08:01.857 | INFO     | preprocessing:encoders:110 - Column kmt2d_mut will now start being processed using OrdinalEncoder
2024-03-07 14:08:01.872 | INFO     | preprocessing:encoders:110 - Column ush2a_mut will now start being processed using OrdinalEncoder
2024-03-07 14:08:01.887 | INFO     | preprocessing:encoders:110 - Column ryr2_mut will now start being processed using OrdinalEncoder
2024-03-07 14:08:01.893 | INFO     | preprocessing:encoders:110 - Column dnah5_mut will now start being processed using OrdinalEncoder
2024-03-07 14:08:01.912 | INFO     | preprocessing:encoders:110 - Column herc2_mut will now start being processed using OrdinalEncoder
2024-03-07 14:08:01.936 | INFO     | preprocessing:encoders:110 - Column pde4dip_mut will now start being processed using OrdinalEncoder
2024-03-07 14:08:01.958 | INFO     | preprocessing:encoders:110 - Column akap9_mut will now start being processed using OrdinalEncoder
2024-03-07 14:08:01.975 | INFO     | preprocessing:encoders:110 - Column tg_mut will now start being processed using OrdinalEncoder
2024-03-07 14:08:01.990 | INFO     | preprocessing:encoders:110 - Column birc6_mut will now start being processed using OrdinalEncoder
2024-03-07 14:08:02.005 | INFO     | preprocessing:encoders:110 - Column utrn_mut will now start being processed using OrdinalEncoder
2024-03-07 14:08:02.023 | INFO     | preprocessing:encoders:110 - Column tbx3_mut will now start being processed using OrdinalEncoder
2024-03-07 14:08:02.039 | INFO     | preprocessing:encoders:110 - Column col6a3_mut will now start being processed using OrdinalEncoder
2024-03-07 14:08:02.056 | INFO     | preprocessing:encoders:110 - Column arid1a_mut will now start being processed using OrdinalEncoder
2024-03-07 14:08:02.072 | INFO     | preprocessing:encoders:110 - Column lama2_mut will now start being processed using OrdinalEncoder
2024-03-07 14:08:02.087 | INFO     | preprocessing:encoders:110 - Column notch1_mut will now start being processed using OrdinalEncoder
2024-03-07 14:08:02.103 | INFO     | preprocessing:encoders:110 - Column cbfb_mut will now start being processed using OrdinalEncoder
2024-03-07 14:08:02.119 | INFO     | preprocessing:encoders:110 - Column ncor2_mut will now start being processed using OrdinalEncoder
2024-03-07 14:08:02.136 | INFO     | preprocessing:encoders:110 - Column col12a1_mut will now start being processed using OrdinalEncoder
2024-03-07 14:08:02.152 | INFO     | preprocessing:encoders:110 - Column col22a1_mut will now start being processed using OrdinalEncoder
2024-03-07 14:08:02.158 | INFO     | preprocessing:encoders:110 - Column pten_mut will now start being processed using OrdinalEncoder
2024-03-07 14:08:02.175 | INFO     | preprocessing:encoders:110 - Column akt1_mut will now start being processed using OrdinalEncoder
2024-03-07 14:08:02.191 | INFO     | preprocessing:encoders:110 - Column atr_mut will now start being processed using OrdinalEncoder
2024-03-07 14:08:02.213 | INFO     | preprocessing:encoders:110 - Column thada_mut will now start being processed using OrdinalEncoder
2024-03-07 14:08:02.224 | INFO     | preprocessing:encoders:110 - Column ncor1_mut will now start being processed using OrdinalEncoder
2024-03-07 14:08:02.240 | INFO     | preprocessing:encoders:110 - Column stab2_mut will now start being processed using OrdinalEncoder
2024-03-07 14:08:02.255 | INFO     | preprocessing:encoders:110 - Column myh9_mut will now start being processed using OrdinalEncoder
2024-03-07 14:08:02.272 | INFO     | preprocessing:encoders:110 - Column runx1_mut will now start being processed using OrdinalEncoder
2024-03-07 14:08:02.287 | INFO     | preprocessing:encoders:110 - Column nf1_mut will now start being processed using OrdinalEncoder
2024-03-07 14:08:02.313 | INFO     | preprocessing:encoders:110 - Column map2k4_mut will now start being processed using OrdinalEncoder
2024-03-07 14:08:02.326 | INFO     | preprocessing:encoders:110 - Column ros1_mut will now start being processed using OrdinalEncoder
2024-03-07 14:08:02.352 | INFO     | preprocessing:encoders:110 - Column lamb3_mut will now start being processed using OrdinalEncoder
2024-03-07 14:08:02.371 | INFO     | preprocessing:encoders:110 - Column arid1b_mut will now start being processed using OrdinalEncoder
2024-03-07 14:08:02.390 | INFO     | preprocessing:encoders:110 - Column erbb2_mut will now start being processed using OrdinalEncoder
2024-03-07 14:08:02.406 | INFO     | preprocessing:encoders:110 - Column sf3b1_mut will now start being processed using OrdinalEncoder
2024-03-07 14:08:02.422 | INFO     | preprocessing:encoders:110 - Column shank2_mut will now start being processed using OrdinalEncoder
2024-03-07 14:08:02.438 | INFO     | preprocessing:encoders:110 - Column ep300_mut will now start being processed using OrdinalEncoder
2024-03-07 14:08:02.453 | INFO     | preprocessing:encoders:110 - Column ptprd_mut will now start being processed using OrdinalEncoder
2024-03-07 14:08:02.468 | INFO     | preprocessing:encoders:110 - Column usp9x_mut will now start being processed using OrdinalEncoder
2024-03-07 14:08:02.486 | INFO     | preprocessing:encoders:110 - Column setd2_mut will now start being processed using OrdinalEncoder
2024-03-07 14:08:02.503 | INFO     | preprocessing:encoders:110 - Column setd1a_mut will now start being processed using OrdinalEncoder
2024-03-07 14:08:02.525 | INFO     | preprocessing:encoders:110 - Column thsd7a_mut will now start being processed using OrdinalEncoder
2024-03-07 14:08:02.538 | INFO     | preprocessing:encoders:110 - Column afdn_mut will now start being processed using OrdinalEncoder
2024-03-07 14:08:02.559 | INFO     | preprocessing:encoders:110 - Column erbb3_mut will now start being processed using OrdinalEncoder
2024-03-07 14:08:02.575 | INFO     | preprocessing:encoders:110 - Column rb1_mut will now start being processed using OrdinalEncoder
2024-03-07 14:08:02.590 | INFO     | preprocessing:encoders:110 - Column myo1a_mut will now start being processed using OrdinalEncoder
2024-03-07 14:08:02.613 | INFO     | preprocessing:encoders:110 - Column alk_mut will now start being processed using OrdinalEncoder
2024-03-07 14:08:02.623 | INFO     | preprocessing:encoders:110 - Column fanca_mut will now start being processed using OrdinalEncoder
2024-03-07 14:08:02.638 | INFO     | preprocessing:encoders:110 - Column adgra2_mut will now start being processed using OrdinalEncoder
2024-03-07 14:08:02.655 | INFO     | preprocessing:encoders:110 - Column ubr5_mut will now start being processed using OrdinalEncoder
2024-03-07 14:08:02.672 | INFO     | preprocessing:encoders:110 - Column pik3r1_mut will now start being processed using OrdinalEncoder
2024-03-07 14:08:02.690 | INFO     | preprocessing:encoders:110 - Column myo3a_mut will now start being processed using OrdinalEncoder
2024-03-07 14:08:02.718 | INFO     | preprocessing:encoders:110 - Column asxl2_mut will now start being processed using OrdinalEncoder
2024-03-07 14:08:02.736 | INFO     | preprocessing:encoders:110 - Column apc_mut will now start being processed using OrdinalEncoder
2024-03-07 14:08:02.753 | INFO     | preprocessing:encoders:110 - Column ctcf_mut will now start being processed using OrdinalEncoder
2024-03-07 14:08:02.771 | INFO     | preprocessing:encoders:110 - Column asxl1_mut will now start being processed using OrdinalEncoder
2024-03-07 14:08:02.790 | INFO     | preprocessing:encoders:110 - Column fancd2_mut will now start being processed using OrdinalEncoder
2024-03-07 14:08:02.808 | INFO     | preprocessing:encoders:110 - Column taf1_mut will now start being processed using OrdinalEncoder
2024-03-07 14:08:02.825 | INFO     | preprocessing:encoders:110 - Column kdm6a_mut will now start being processed using OrdinalEncoder
2024-03-07 14:08:02.842 | INFO     | preprocessing:encoders:110 - Column ctnna3_mut will now start being processed using OrdinalEncoder
2024-03-07 14:08:02.857 | INFO     | preprocessing:encoders:110 - Column brca1_mut will now start being processed using OrdinalEncoder
2024-03-07 14:08:02.877 | INFO     | preprocessing:encoders:110 - Column ptprm_mut will now start being processed using OrdinalEncoder
2024-03-07 14:08:02.885 | INFO     | preprocessing:encoders:110 - Column foxo3_mut will now start being processed using OrdinalEncoder
2024-03-07 14:08:02.918 | INFO     | preprocessing:encoders:110 - Column usp28_mut will now start being processed using OrdinalEncoder
2024-03-07 14:08:02.936 | INFO     | preprocessing:encoders:110 - Column gldc_mut will now start being processed using OrdinalEncoder
2024-03-07 14:08:02.954 | INFO     | preprocessing:encoders:110 - Column brca2_mut will now start being processed using OrdinalEncoder
2024-03-07 14:08:02.973 | INFO     | preprocessing:encoders:110 - Column cacna2d3_mut will now start being processed using OrdinalEncoder
2024-03-07 14:08:02.991 | INFO     | preprocessing:encoders:110 - Column arid2_mut will now start being processed using OrdinalEncoder
2024-03-07 14:08:03.008 | INFO     | preprocessing:encoders:110 - Column aff2_mut will now start being processed using OrdinalEncoder
2024-03-07 14:08:03.024 | INFO     | preprocessing:encoders:110 - Column lifr_mut will now start being processed using OrdinalEncoder
2024-03-07 14:08:03.052 | INFO     | preprocessing:encoders:110 - Column sbno1_mut will now start being processed using OrdinalEncoder
2024-03-07 14:08:03.075 | INFO     | preprocessing:encoders:110 - Column kdm3a_mut will now start being processed using OrdinalEncoder
2024-03-07 14:08:03.092 | INFO     | preprocessing:encoders:110 - Column ncoa3_mut will now start being processed using OrdinalEncoder
2024-03-07 14:08:03.115 | INFO     | preprocessing:encoders:110 - Column bap1_mut will now start being processed using OrdinalEncoder
2024-03-07 14:08:03.135 | INFO     | preprocessing:encoders:110 - Column l1cam_mut will now start being processed using OrdinalEncoder
2024-03-07 14:08:03.154 | INFO     | preprocessing:encoders:110 - Column pbrm1_mut will now start being processed using OrdinalEncoder
2024-03-07 14:08:03.173 | INFO     | preprocessing:encoders:110 - Column chd1_mut will now start being processed using OrdinalEncoder
2024-03-07 14:08:03.190 | INFO     | preprocessing:encoders:110 - Column jak1_mut will now start being processed using OrdinalEncoder
2024-03-07 14:08:03.208 | INFO     | preprocessing:encoders:110 - Column setdb1_mut will now start being processed using OrdinalEncoder
2024-03-07 14:08:03.218 | INFO     | preprocessing:encoders:110 - Column fam20c_mut will now start being processed using OrdinalEncoder
2024-03-07 14:08:03.238 | INFO     | preprocessing:encoders:110 - Column arid5b_mut will now start being processed using OrdinalEncoder
2024-03-07 14:08:03.270 | INFO     | preprocessing:encoders:110 - Column egfr_mut will now start being processed using OrdinalEncoder
2024-03-07 14:08:03.288 | INFO     | preprocessing:encoders:110 - Column map3k10_mut will now start being processed using OrdinalEncoder
2024-03-07 14:08:03.387 | INFO     | preprocessing:encoders:110 - Column smarcc2_mut will now start being processed using OrdinalEncoder
2024-03-07 14:08:03.416 | INFO     | preprocessing:encoders:110 - Column erbb4_mut will now start being processed using OrdinalEncoder
2024-03-07 14:08:03.435 | INFO     | preprocessing:encoders:110 - Column npnt_mut will now start being processed using OrdinalEncoder
2024-03-07 14:08:03.453 | INFO     | preprocessing:encoders:110 - Column nek1_mut will now start being processed using OrdinalEncoder
2024-03-07 14:08:03.472 | INFO     | preprocessing:encoders:110 - Column agmo_mut will now start being processed using OrdinalEncoder
2024-03-07 14:08:03.491 | INFO     | preprocessing:encoders:110 - Column zfp36l1_mut will now start being processed using OrdinalEncoder
2024-03-07 14:08:03.507 | INFO     | preprocessing:encoders:110 - Column smad4_mut will now start being processed using OrdinalEncoder
2024-03-07 14:08:03.519 | INFO     | preprocessing:encoders:110 - Column sik1_mut will now start being processed using OrdinalEncoder
2024-03-07 14:08:03.541 | INFO     | preprocessing:encoders:110 - Column casp8_mut will now start being processed using OrdinalEncoder
2024-03-07 14:08:03.554 | INFO     | preprocessing:encoders:110 - Column prkcq_mut will now start being processed using OrdinalEncoder
2024-03-07 14:08:03.585 | INFO     | preprocessing:encoders:110 - Column smarcc1_mut will now start being processed using OrdinalEncoder
2024-03-07 14:08:03.605 | INFO     | preprocessing:encoders:110 - Column palld_mut will now start being processed using OrdinalEncoder
2024-03-07 14:08:03.623 | INFO     | preprocessing:encoders:110 - Column dcaf4l2_mut will now start being processed using OrdinalEncoder
2024-03-07 14:08:03.642 | INFO     | preprocessing:encoders:110 - Column bcas3_mut will now start being processed using OrdinalEncoder
2024-03-07 14:08:03.652 | INFO     | preprocessing:encoders:110 - Column cdkn1b_mut will now start being processed using OrdinalEncoder
2024-03-07 14:08:03.670 | INFO     | preprocessing:encoders:110 - Column gps2_mut will now start being processed using OrdinalEncoder
2024-03-07 14:08:03.703 | INFO     | preprocessing:encoders:110 - Column men1_mut will now start being processed using OrdinalEncoder
2024-03-07 14:08:03.722 | INFO     | preprocessing:encoders:110 - Column stk11_mut will now start being processed using OrdinalEncoder
2024-03-07 14:08:03.741 | INFO     | preprocessing:encoders:110 - Column sik2_mut will now start being processed using OrdinalEncoder
2024-03-07 14:08:03.759 | INFO     | preprocessing:encoders:110 - Column ptpn22_mut will now start being processed using OrdinalEncoder
2024-03-07 14:08:03.784 | INFO     | preprocessing:encoders:110 - Column brip1_mut will now start being processed using OrdinalEncoder
2024-03-07 14:08:03.807 | INFO     | preprocessing:encoders:110 - Column flt3_mut will now start being processed using OrdinalEncoder
2024-03-07 14:08:03.823 | INFO     | preprocessing:encoders:110 - Column nrg3_mut will now start being processed using OrdinalEncoder
2024-03-07 14:08:03.851 | INFO     | preprocessing:encoders:110 - Column fbxw7_mut will now start being processed using OrdinalEncoder
2024-03-07 14:08:03.872 | INFO     | preprocessing:encoders:110 - Column ttyh1_mut will now start being processed using OrdinalEncoder
2024-03-07 14:08:03.890 | INFO     | preprocessing:encoders:110 - Column taf4b_mut will now start being processed using OrdinalEncoder
2024-03-07 14:08:03.907 | INFO     | preprocessing:encoders:110 - Column or6a2_mut will now start being processed using OrdinalEncoder
2024-03-07 14:08:03.935 | INFO     | preprocessing:encoders:110 - Column map3k13_mut will now start being processed using OrdinalEncoder
2024-03-07 14:08:03.957 | INFO     | preprocessing:encoders:110 - Column hdac9_mut will now start being processed using OrdinalEncoder
2024-03-07 14:08:03.973 | INFO     | preprocessing:encoders:110 - Column prkacg_mut will now start being processed using OrdinalEncoder
2024-03-07 14:08:03.992 | INFO     | preprocessing:encoders:110 - Column rpgr_mut will now start being processed using OrdinalEncoder
2024-03-07 14:08:04.019 | INFO     | preprocessing:encoders:110 - Column large1_mut will now start being processed using OrdinalEncoder
2024-03-07 14:08:04.040 | INFO     | preprocessing:encoders:110 - Column foxp1_mut will now start being processed using OrdinalEncoder
2024-03-07 14:08:04.058 | INFO     | preprocessing:encoders:110 - Column clk3_mut will now start being processed using OrdinalEncoder
2024-03-07 14:08:04.074 | INFO     | preprocessing:encoders:110 - Column prkcz_mut will now start being processed using OrdinalEncoder
2024-03-07 14:08:04.103 | INFO     | preprocessing:encoders:110 - Column lipi_mut will now start being processed using OrdinalEncoder
2024-03-07 14:08:04.125 | INFO     | preprocessing:encoders:110 - Column ppp2r2a_mut will now start being processed using OrdinalEncoder
2024-03-07 14:08:04.140 | INFO     | preprocessing:encoders:110 - Column prkce_mut will now start being processed using OrdinalEncoder
2024-03-07 14:08:04.168 | INFO     | preprocessing:encoders:110 - Column gh1_mut will now start being processed using OrdinalEncoder
2024-03-07 14:08:04.189 | INFO     | preprocessing:encoders:110 - Column gpr32_mut will now start being processed using OrdinalEncoder
2024-03-07 14:08:04.206 | INFO     | preprocessing:encoders:110 - Column kras_mut will now start being processed using OrdinalEncoder
2024-03-07 14:08:04.232 | INFO     | preprocessing:encoders:110 - Column nf2_mut will now start being processed using OrdinalEncoder
2024-03-07 14:08:04.255 | INFO     | preprocessing:encoders:110 - Column chek2_mut will now start being processed using OrdinalEncoder
2024-03-07 14:08:04.274 | INFO     | preprocessing:encoders:110 - Column ldlrap1_mut will now start being processed using OrdinalEncoder
2024-03-07 14:08:04.285 | INFO     | preprocessing:encoders:110 - Column clrn2_mut will now start being processed using OrdinalEncoder
2024-03-07 14:08:04.322 | INFO     | preprocessing:encoders:110 - Column acvrl1_mut will now start being processed using OrdinalEncoder
2024-03-07 14:08:04.343 | INFO     | preprocessing:encoders:110 - Column agtr2_mut will now start being processed using OrdinalEncoder
2024-03-07 14:08:04.359 | INFO     | preprocessing:encoders:110 - Column cdkn2a_mut will now start being processed using OrdinalEncoder
2024-03-07 14:08:04.388 | INFO     | preprocessing:encoders:110 - Column ctnna1_mut will now start being processed using OrdinalEncoder
2024-03-07 14:08:04.406 | INFO     | preprocessing:encoders:110 - Column magea8_mut will now start being processed using OrdinalEncoder
2024-03-07 14:08:04.433 | INFO     | preprocessing:encoders:110 - Column prr16_mut will now start being processed using OrdinalEncoder
2024-03-07 14:08:04.455 | INFO     | preprocessing:encoders:110 - Column dtwd2_mut will now start being processed using OrdinalEncoder
2024-03-07 14:08:04.474 | INFO     | preprocessing:encoders:110 - Column akt2_mut will now start being processed using OrdinalEncoder
2024-03-07 14:08:04.490 | INFO     | preprocessing:encoders:110 - Column braf_mut will now start being processed using OrdinalEncoder
2024-03-07 14:08:04.524 | INFO     | preprocessing:encoders:110 - Column foxo1_mut will now start being processed using OrdinalEncoder
2024-03-07 14:08:04.552 | INFO     | preprocessing:encoders:110 - Column nt5e_mut will now start being processed using OrdinalEncoder
2024-03-07 14:08:04.585 | INFO     | preprocessing:encoders:110 - Column ccnd3_mut will now start being processed using OrdinalEncoder
2024-03-07 14:08:04.605 | INFO     | preprocessing:encoders:110 - Column nr3c1_mut will now start being processed using OrdinalEncoder
2024-03-07 14:08:04.622 | INFO     | preprocessing:encoders:110 - Column prkg1_mut will now start being processed using OrdinalEncoder
2024-03-07 14:08:04.650 | INFO     | preprocessing:encoders:110 - Column tbl1xr1_mut will now start being processed using OrdinalEncoder
2024-03-07 14:08:04.672 | INFO     | preprocessing:encoders:110 - Column frmd3_mut will now start being processed using OrdinalEncoder
2024-03-07 14:08:04.690 | INFO     | preprocessing:encoders:110 - Column smad2_mut will now start being processed using OrdinalEncoder
2024-03-07 14:08:04.716 | INFO     | preprocessing:encoders:110 - Column sgcd_mut will now start being processed using OrdinalEncoder
2024-03-07 14:08:04.739 | INFO     | preprocessing:encoders:110 - Column spaca1_mut will now start being processed using OrdinalEncoder
2024-03-07 14:08:04.756 | INFO     | preprocessing:encoders:110 - Column rasgef1b_mut will now start being processed using OrdinalEncoder
2024-03-07 14:08:04.784 | INFO     | preprocessing:encoders:110 - Column hist1h2bc_mut will now start being processed using OrdinalEncoder
2024-03-07 14:08:04.806 | INFO     | preprocessing:encoders:110 - Column nr2f1_mut will now start being processed using OrdinalEncoder
2024-03-07 14:08:04.834 | INFO     | preprocessing:encoders:110 - Column klrg1_mut will now start being processed using OrdinalEncoder
2024-03-07 14:08:04.857 | INFO     | preprocessing:encoders:110 - Column mbl2_mut will now start being processed using OrdinalEncoder
2024-03-07 14:08:04.873 | INFO     | preprocessing:encoders:110 - Column mtap_mut will now start being processed using OrdinalEncoder
2024-03-07 14:08:04.904 | INFO     | preprocessing:encoders:110 - Column ppp2cb_mut will now start being processed using OrdinalEncoder
2024-03-07 14:08:04.923 | INFO     | preprocessing:encoders:110 - Column smarcd1_mut will now start being processed using OrdinalEncoder
2024-03-07 14:08:04.940 | INFO     | preprocessing:encoders:110 - Column nras_mut will now start being processed using OrdinalEncoder
2024-03-07 14:08:04.971 | INFO     | preprocessing:encoders:110 - Column ndfip1_mut will now start being processed using OrdinalEncoder
2024-03-07 14:08:04.990 | INFO     | preprocessing:encoders:110 - Column hras_mut will now start being processed using OrdinalEncoder
2024-03-07 14:08:05.017 | INFO     | preprocessing:encoders:110 - Column prps2_mut will now start being processed using OrdinalEncoder
2024-03-07 14:08:05.039 | INFO     | preprocessing:encoders:110 - Column smarcb1_mut will now start being processed using OrdinalEncoder
2024-03-07 14:08:05.056 | INFO     | preprocessing:encoders:110 - Column stmn2_mut will now start being processed using OrdinalEncoder
2024-03-07 14:08:05.089 | INFO     | preprocessing:encoders:110 - Column siah1_mut will now start being processed using OrdinalEncoder
2024-03-07 14:08:05.136 | INFO     | train_model:tabular_data_split:93 - Creating data splits for model training.
2024-03-07 14:08:05.136 | INFO     | train_model:tabular_data_split:94 - Data shape: (1904, 687)
2024-03-07 14:08:05.136 | INFO     | train_model:tabular_data_split:95 - Label distribution:
overall_survival
0                   1103
1                    801
dtype: int64
2024-03-07 14:08:05.148 | WARNING  | train_model:tabular_data_split:108 - Shuffle is currently set to True. If you're using time-series data, this is not advisable.
2024-03-07 14:08:05.154 | INFO     | train_model:tabular_data_split:161 - 
Shape of training data: (1523, 687). 
Shape of test data: (381, 687)
Using a split with a validation size of 0.3 out of 0.7 training split - 0.21 is the real hold-out/validation set size.
The actual test size is 0.2 (1 -  training split).
2024-03-07 14:08:05.161 | INFO     | train_model:train_and_optimize_clf:176 - Finding best baseline classifier.
2024-03-07 14:08:05.167 | INFO     | train_model:train_and_optimize_clf:198 - DummyClassifier with most_frequent was used to compute the baseline score for baseline model search. The DummyClassifier score is: 0.5791201575837164. NOTE: The score for the dummy classifier is 'accuracy'.
2024-03-07 14:08:05.167 | INFO     | utils:_return_cross_validation:26 - 

Loading cross-validation strategy 'StratifiedKFold' with the following parameters:
{'n_splits': 10, 'shuffle': True, 'random_state': 0}. 
2024-03-07 14:08:05.167 | INFO     | train_model:train_and_optimize_clf:232 - Running LGBMClassifier. 
2024-03-07 14:08:05.167 | INFO     | train_model:train_and_optimize_clf:294 - Optimizing baseline model using 'optuna'. 
 Baseline model is LGBMClassifier and it will be optimized with the following parameters: 
{'n_estimators': [10, 50, 100, 200, 300], 'max_depth': [3, 5, 7, 9, 12], 'learning_rate': [0.01, 0.05, 0.1, 0.2, 0.3], 'num_leaves': [15, 31, 63, 127, 255]}
2024-03-07 14:11:13.822 | INFO     | train_model:predict_clf:542 - Calculating classification report on the unseen test dataset with the best optimized model: LGBMClassifier.
2024-03-07 14:11:14.106 | INFO     | train_model:train_and_optimize_clf:407 - 

- Score being used to attain the best model is 'accuracy'.

- The scores for the optimized version with 'optuna' of the 'LGBMClassifier' model are:

- Validation score:
0.707  0.024.

- Training score:
1.000  0.000. 

- Test score:
0.714
2024-03-07 14:11:14.106 | INFO     | train_model:train_and_optimize_clf:429 - Best model is: LGBMClassifier and it has the following optimized parameters:

 <bound method LGBMModel.get_params of LGBMClassifier(learning_rate=0.2, max_depth=9, n_estimators=200)>

... with a test 'accuracy' of 0.714
2024-03-07 14:11:14.545 | INFO     | train_model:save_best_model:583 - Saving the best model:

LGBMClassifier(learning_rate=0.2, max_depth=9, n_estimators=200)
